ARM GAS  C:\Users\GLENNL~1\AppData\Local\Temp\ccbSBNdu.s 			page 1


   1              		.cpu cortex-m0
   2              		.fpu softvfp
   3              		.eabi_attribute 20, 1
   4              		.eabi_attribute 21, 1
   5              		.eabi_attribute 23, 3
   6              		.eabi_attribute 24, 1
   7              		.eabi_attribute 25, 1
   8              		.eabi_attribute 26, 1
   9              		.eabi_attribute 30, 6
  10              		.eabi_attribute 34, 0
  11              		.eabi_attribute 18, 4
  12              		.code	16
  13              		.file	"cyfitter_cfg.c"
  14              		.text
  15              	.Ltext0:
  16              		.cfi_sections	.debug_frame
  17              		.section	.text.CYMEMZERO,"ax",%progbits
  18              		.align	2
  19              		.code	16
  20              		.thumb_func
  21              		.type	CYMEMZERO, %function
  22              	CYMEMZERO:
  23              	.LFB2:
  24              		.file 1 ".\\Generated_Source\\PSoC4\\cyfitter_cfg.c"
   1:.\Generated_Source\PSoC4/cyfitter_cfg.c **** /*******************************************************************************
   2:.\Generated_Source\PSoC4/cyfitter_cfg.c **** * FILENAME: cyfitter_cfg.c
   3:.\Generated_Source\PSoC4/cyfitter_cfg.c **** * PSoC Creator  3.1
   4:.\Generated_Source\PSoC4/cyfitter_cfg.c **** *
   5:.\Generated_Source\PSoC4/cyfitter_cfg.c **** * Description:
   6:.\Generated_Source\PSoC4/cyfitter_cfg.c **** * This file is automatically generated by PSoC Creator with device 
   7:.\Generated_Source\PSoC4/cyfitter_cfg.c **** * initialization code.  Except for the user defined sections in
   8:.\Generated_Source\PSoC4/cyfitter_cfg.c **** * CyClockStartupError(), this file should not be modified.
   9:.\Generated_Source\PSoC4/cyfitter_cfg.c **** *
  10:.\Generated_Source\PSoC4/cyfitter_cfg.c **** ********************************************************************************
  11:.\Generated_Source\PSoC4/cyfitter_cfg.c **** * Copyright 2013, Cypress Semiconductor Corporation.  All rights reserved.
  12:.\Generated_Source\PSoC4/cyfitter_cfg.c **** * You may use this file only in accordance with the license, terms, conditions, 
  13:.\Generated_Source\PSoC4/cyfitter_cfg.c **** * disclaimers, and limitations in the end user license agreement accompanying 
  14:.\Generated_Source\PSoC4/cyfitter_cfg.c **** * the software package with which this file was provided.
  15:.\Generated_Source\PSoC4/cyfitter_cfg.c **** ********************************************************************************/
  16:.\Generated_Source\PSoC4/cyfitter_cfg.c **** 
  17:.\Generated_Source\PSoC4/cyfitter_cfg.c **** #include <string.h>
  18:.\Generated_Source\PSoC4/cyfitter_cfg.c **** #include <cytypes.h>
  19:.\Generated_Source\PSoC4/cyfitter_cfg.c **** #include <cydevice_trm.h>
  20:.\Generated_Source\PSoC4/cyfitter_cfg.c **** #include <cyfitter.h>
  21:.\Generated_Source\PSoC4/cyfitter_cfg.c **** #include <CyLib.h>
  22:.\Generated_Source\PSoC4/cyfitter_cfg.c **** #include <cyfitter_cfg.h>
  23:.\Generated_Source\PSoC4/cyfitter_cfg.c **** 
  24:.\Generated_Source\PSoC4/cyfitter_cfg.c **** 
  25:.\Generated_Source\PSoC4/cyfitter_cfg.c **** #if defined(__GNUC__) || defined(__ARMCC_VERSION)
  26:.\Generated_Source\PSoC4/cyfitter_cfg.c ****     #define CYPACKED 
  27:.\Generated_Source\PSoC4/cyfitter_cfg.c ****     #define CYPACKED_ATTR __attribute__ ((packed))
  28:.\Generated_Source\PSoC4/cyfitter_cfg.c ****     #define CYALIGNED __attribute__ ((aligned))
  29:.\Generated_Source\PSoC4/cyfitter_cfg.c ****     #define CY_CFG_UNUSED __attribute__ ((unused))
  30:.\Generated_Source\PSoC4/cyfitter_cfg.c ****     #define CY_CFG_SECTION __attribute__ ((section(".psocinit")))
  31:.\Generated_Source\PSoC4/cyfitter_cfg.c ****     
  32:.\Generated_Source\PSoC4/cyfitter_cfg.c ****     #if defined(__ARMCC_VERSION)
  33:.\Generated_Source\PSoC4/cyfitter_cfg.c ****         #define CY_CFG_MEMORY_BARRIER() __memory_changed()
ARM GAS  C:\Users\GLENNL~1\AppData\Local\Temp\ccbSBNdu.s 			page 2


  34:.\Generated_Source\PSoC4/cyfitter_cfg.c ****     #else
  35:.\Generated_Source\PSoC4/cyfitter_cfg.c ****         #define CY_CFG_MEMORY_BARRIER() __sync_synchronize()
  36:.\Generated_Source\PSoC4/cyfitter_cfg.c ****     #endif
  37:.\Generated_Source\PSoC4/cyfitter_cfg.c ****     
  38:.\Generated_Source\PSoC4/cyfitter_cfg.c **** #elif defined(__ICCARM__)
  39:.\Generated_Source\PSoC4/cyfitter_cfg.c ****     #include <intrinsics.h>
  40:.\Generated_Source\PSoC4/cyfitter_cfg.c **** 
  41:.\Generated_Source\PSoC4/cyfitter_cfg.c ****     #define CYPACKED __packed
  42:.\Generated_Source\PSoC4/cyfitter_cfg.c ****     #define CYPACKED_ATTR 
  43:.\Generated_Source\PSoC4/cyfitter_cfg.c ****     #define CYALIGNED _Pragma("data_alignment=4")
  44:.\Generated_Source\PSoC4/cyfitter_cfg.c ****     #define CY_CFG_UNUSED _Pragma("diag_suppress=Pe177")
  45:.\Generated_Source\PSoC4/cyfitter_cfg.c ****     #define CY_CFG_SECTION _Pragma("location=\".psocinit\"")
  46:.\Generated_Source\PSoC4/cyfitter_cfg.c ****     
  47:.\Generated_Source\PSoC4/cyfitter_cfg.c ****     #define CY_CFG_MEMORY_BARRIER() __DMB()
  48:.\Generated_Source\PSoC4/cyfitter_cfg.c ****     
  49:.\Generated_Source\PSoC4/cyfitter_cfg.c **** #else
  50:.\Generated_Source\PSoC4/cyfitter_cfg.c ****     #error Unsupported toolchain
  51:.\Generated_Source\PSoC4/cyfitter_cfg.c **** #endif
  52:.\Generated_Source\PSoC4/cyfitter_cfg.c **** 
  53:.\Generated_Source\PSoC4/cyfitter_cfg.c **** 
  54:.\Generated_Source\PSoC4/cyfitter_cfg.c **** CY_CFG_UNUSED
  55:.\Generated_Source\PSoC4/cyfitter_cfg.c **** static void CYMEMZERO(void *s, size_t n);
  56:.\Generated_Source\PSoC4/cyfitter_cfg.c **** CY_CFG_UNUSED
  57:.\Generated_Source\PSoC4/cyfitter_cfg.c **** static void CYMEMZERO(void *s, size_t n)
  58:.\Generated_Source\PSoC4/cyfitter_cfg.c **** {
  25              		.loc 1 58 0
  26              		.cfi_startproc
  27 0000 80B5     		push	{r7, lr}
  28              		.cfi_def_cfa_offset 8
  29              		.cfi_offset 7, -8
  30              		.cfi_offset 14, -4
  31 0002 82B0     		sub	sp, sp, #8
  32              		.cfi_def_cfa_offset 16
  33 0004 00AF     		add	r7, sp, #0
  34              		.cfi_def_cfa_register 7
  35 0006 7860     		str	r0, [r7, #4]
  36 0008 3960     		str	r1, [r7]
  59:.\Generated_Source\PSoC4/cyfitter_cfg.c **** 	(void)memset(s, 0, n);
  37              		.loc 1 59 0
  38 000a 7A68     		ldr	r2, [r7, #4]
  39 000c 3B68     		ldr	r3, [r7]
  40 000e 101C     		mov	r0, r2
  41 0010 0021     		mov	r1, #0
  42 0012 1A1C     		mov	r2, r3
  43 0014 FFF7FEFF 		bl	memset
  60:.\Generated_Source\PSoC4/cyfitter_cfg.c **** }
  44              		.loc 1 60 0
  45 0018 BD46     		mov	sp, r7
  46 001a 02B0     		add	sp, sp, #8
  47              		@ sp needed
  48 001c 80BD     		pop	{r7, pc}
  49              		.cfi_endproc
  50              	.LFE2:
  51              		.size	CYMEMZERO, .-CYMEMZERO
  52 001e C046     		.section	.text.CYCONFIGCPY,"ax",%progbits
  53              		.align	2
  54              		.code	16
ARM GAS  C:\Users\GLENNL~1\AppData\Local\Temp\ccbSBNdu.s 			page 3


  55              		.thumb_func
  56              		.type	CYCONFIGCPY, %function
  57              	CYCONFIGCPY:
  58              	.LFB3:
  61:.\Generated_Source\PSoC4/cyfitter_cfg.c **** CY_CFG_UNUSED
  62:.\Generated_Source\PSoC4/cyfitter_cfg.c **** static void CYCONFIGCPY(void *dest, const void *src, size_t n);
  63:.\Generated_Source\PSoC4/cyfitter_cfg.c **** CY_CFG_UNUSED
  64:.\Generated_Source\PSoC4/cyfitter_cfg.c **** static void CYCONFIGCPY(void *dest, const void *src, size_t n)
  65:.\Generated_Source\PSoC4/cyfitter_cfg.c **** {
  59              		.loc 1 65 0
  60              		.cfi_startproc
  61 0000 80B5     		push	{r7, lr}
  62              		.cfi_def_cfa_offset 8
  63              		.cfi_offset 7, -8
  64              		.cfi_offset 14, -4
  65 0002 84B0     		sub	sp, sp, #16
  66              		.cfi_def_cfa_offset 24
  67 0004 00AF     		add	r7, sp, #0
  68              		.cfi_def_cfa_register 7
  69 0006 F860     		str	r0, [r7, #12]
  70 0008 B960     		str	r1, [r7, #8]
  71 000a 7A60     		str	r2, [r7, #4]
  66:.\Generated_Source\PSoC4/cyfitter_cfg.c **** 	(void)memcpy(dest, src, n);
  72              		.loc 1 66 0
  73 000c F968     		ldr	r1, [r7, #12]
  74 000e BA68     		ldr	r2, [r7, #8]
  75 0010 7B68     		ldr	r3, [r7, #4]
  76 0012 081C     		mov	r0, r1
  77 0014 111C     		mov	r1, r2
  78 0016 1A1C     		mov	r2, r3
  79 0018 FFF7FEFF 		bl	memcpy
  67:.\Generated_Source\PSoC4/cyfitter_cfg.c **** }
  80              		.loc 1 67 0
  81 001c BD46     		mov	sp, r7
  82 001e 04B0     		add	sp, sp, #16
  83              		@ sp needed
  84 0020 80BD     		pop	{r7, pc}
  85              		.cfi_endproc
  86              	.LFE3:
  87              		.size	CYCONFIGCPY, .-CYCONFIGCPY
  88 0022 C046     		.section	.text.CYCONFIGCPYCODE,"ax",%progbits
  89              		.align	2
  90              		.code	16
  91              		.thumb_func
  92              		.type	CYCONFIGCPYCODE, %function
  93              	CYCONFIGCPYCODE:
  94              	.LFB4:
  68:.\Generated_Source\PSoC4/cyfitter_cfg.c **** CY_CFG_UNUSED
  69:.\Generated_Source\PSoC4/cyfitter_cfg.c **** static void CYCONFIGCPYCODE(void *dest, const void *src, size_t n);
  70:.\Generated_Source\PSoC4/cyfitter_cfg.c **** CY_CFG_UNUSED
  71:.\Generated_Source\PSoC4/cyfitter_cfg.c **** static void CYCONFIGCPYCODE(void *dest, const void *src, size_t n)
  72:.\Generated_Source\PSoC4/cyfitter_cfg.c **** {
  95              		.loc 1 72 0
  96              		.cfi_startproc
  97 0000 80B5     		push	{r7, lr}
  98              		.cfi_def_cfa_offset 8
  99              		.cfi_offset 7, -8
ARM GAS  C:\Users\GLENNL~1\AppData\Local\Temp\ccbSBNdu.s 			page 4


 100              		.cfi_offset 14, -4
 101 0002 84B0     		sub	sp, sp, #16
 102              		.cfi_def_cfa_offset 24
 103 0004 00AF     		add	r7, sp, #0
 104              		.cfi_def_cfa_register 7
 105 0006 F860     		str	r0, [r7, #12]
 106 0008 B960     		str	r1, [r7, #8]
 107 000a 7A60     		str	r2, [r7, #4]
  73:.\Generated_Source\PSoC4/cyfitter_cfg.c **** 	(void)memcpy(dest, src, n);
 108              		.loc 1 73 0
 109 000c F968     		ldr	r1, [r7, #12]
 110 000e BA68     		ldr	r2, [r7, #8]
 111 0010 7B68     		ldr	r3, [r7, #4]
 112 0012 081C     		mov	r0, r1
 113 0014 111C     		mov	r1, r2
 114 0016 1A1C     		mov	r2, r3
 115 0018 FFF7FEFF 		bl	memcpy
  74:.\Generated_Source\PSoC4/cyfitter_cfg.c **** }
 116              		.loc 1 74 0
 117 001c BD46     		mov	sp, r7
 118 001e 04B0     		add	sp, sp, #16
 119              		@ sp needed
 120 0020 80BD     		pop	{r7, pc}
 121              		.cfi_endproc
 122              	.LFE4:
 123              		.size	CYCONFIGCPYCODE, .-CYCONFIGCPYCODE
 124 0022 C046     		.section	.psocinit,"ax",%progbits
 125              		.align	2
 126              		.code	16
 127              		.thumb_func
 128              		.type	SetIMOBGTrims, %function
 129              	SetIMOBGTrims:
 130              	.LFB5:
  75:.\Generated_Source\PSoC4/cyfitter_cfg.c **** 
  76:.\Generated_Source\PSoC4/cyfitter_cfg.c **** 
  77:.\Generated_Source\PSoC4/cyfitter_cfg.c **** 
  78:.\Generated_Source\PSoC4/cyfitter_cfg.c **** /* Clock startup error codes                                                   */
  79:.\Generated_Source\PSoC4/cyfitter_cfg.c **** #define CYCLOCKSTART_NO_ERROR    0u
  80:.\Generated_Source\PSoC4/cyfitter_cfg.c **** #define CYCLOCKSTART_XTAL_ERROR  1u
  81:.\Generated_Source\PSoC4/cyfitter_cfg.c **** #define CYCLOCKSTART_32KHZ_ERROR 2u
  82:.\Generated_Source\PSoC4/cyfitter_cfg.c **** #define CYCLOCKSTART_PLL_ERROR   3u
  83:.\Generated_Source\PSoC4/cyfitter_cfg.c **** 
  84:.\Generated_Source\PSoC4/cyfitter_cfg.c **** #ifdef CY_NEED_CYCLOCKSTARTUPERROR
  85:.\Generated_Source\PSoC4/cyfitter_cfg.c **** /*******************************************************************************
  86:.\Generated_Source\PSoC4/cyfitter_cfg.c **** * Function Name: CyClockStartupError
  87:.\Generated_Source\PSoC4/cyfitter_cfg.c **** ********************************************************************************
  88:.\Generated_Source\PSoC4/cyfitter_cfg.c **** * Summary:
  89:.\Generated_Source\PSoC4/cyfitter_cfg.c **** *  If an error is encountered during clock configuration (crystal startup error,
  90:.\Generated_Source\PSoC4/cyfitter_cfg.c **** *  PLL lock error, etc.), the system will end up here.  Unless reimplemented by
  91:.\Generated_Source\PSoC4/cyfitter_cfg.c **** *  the customer, this function will stop in an infinite loop.
  92:.\Generated_Source\PSoC4/cyfitter_cfg.c **** *
  93:.\Generated_Source\PSoC4/cyfitter_cfg.c **** * Parameters:
  94:.\Generated_Source\PSoC4/cyfitter_cfg.c **** *   void
  95:.\Generated_Source\PSoC4/cyfitter_cfg.c **** *
  96:.\Generated_Source\PSoC4/cyfitter_cfg.c **** * Return:
  97:.\Generated_Source\PSoC4/cyfitter_cfg.c **** *   void
  98:.\Generated_Source\PSoC4/cyfitter_cfg.c **** *
ARM GAS  C:\Users\GLENNL~1\AppData\Local\Temp\ccbSBNdu.s 			page 5


  99:.\Generated_Source\PSoC4/cyfitter_cfg.c **** *******************************************************************************/
 100:.\Generated_Source\PSoC4/cyfitter_cfg.c **** CY_CFG_UNUSED
 101:.\Generated_Source\PSoC4/cyfitter_cfg.c **** static void CyClockStartupError(uint8 errorCode);
 102:.\Generated_Source\PSoC4/cyfitter_cfg.c **** CY_CFG_UNUSED
 103:.\Generated_Source\PSoC4/cyfitter_cfg.c **** static void CyClockStartupError(uint8 errorCode)
 104:.\Generated_Source\PSoC4/cyfitter_cfg.c **** {
 105:.\Generated_Source\PSoC4/cyfitter_cfg.c ****     /* To remove the compiler warning if errorCode not used.                */
 106:.\Generated_Source\PSoC4/cyfitter_cfg.c ****     errorCode = errorCode;
 107:.\Generated_Source\PSoC4/cyfitter_cfg.c **** 
 108:.\Generated_Source\PSoC4/cyfitter_cfg.c ****     /* `#START CyClockStartupError` */
 109:.\Generated_Source\PSoC4/cyfitter_cfg.c **** 
 110:.\Generated_Source\PSoC4/cyfitter_cfg.c ****     /* If we have a clock startup error (bad MHz crystal, PLL lock, etc.),  */
 111:.\Generated_Source\PSoC4/cyfitter_cfg.c ****     /* we will end up here to allow the customer to implement something to  */
 112:.\Generated_Source\PSoC4/cyfitter_cfg.c ****     /* deal with the clock condition.                                       */
 113:.\Generated_Source\PSoC4/cyfitter_cfg.c **** 
 114:.\Generated_Source\PSoC4/cyfitter_cfg.c ****     /* `#END` */
 115:.\Generated_Source\PSoC4/cyfitter_cfg.c **** 
 116:.\Generated_Source\PSoC4/cyfitter_cfg.c ****     /* If nothing else, stop here since the clocks have not started         */
 117:.\Generated_Source\PSoC4/cyfitter_cfg.c ****     /* correctly.                                                           */
 118:.\Generated_Source\PSoC4/cyfitter_cfg.c ****     while(1) {}
 119:.\Generated_Source\PSoC4/cyfitter_cfg.c **** }
 120:.\Generated_Source\PSoC4/cyfitter_cfg.c **** #endif
 121:.\Generated_Source\PSoC4/cyfitter_cfg.c **** 
 122:.\Generated_Source\PSoC4/cyfitter_cfg.c **** 
 123:.\Generated_Source\PSoC4/cyfitter_cfg.c **** /*******************************************************************************
 124:.\Generated_Source\PSoC4/cyfitter_cfg.c **** * Function Name: SetIMOBGTrims
 125:.\Generated_Source\PSoC4/cyfitter_cfg.c **** ********************************************************************************
 126:.\Generated_Source\PSoC4/cyfitter_cfg.c **** *
 127:.\Generated_Source\PSoC4/cyfitter_cfg.c **** * Summary:
 128:.\Generated_Source\PSoC4/cyfitter_cfg.c **** *   Performs the configuration of the bandgap trim for the IMO based on the given
 129:.\Generated_Source\PSoC4/cyfitter_cfg.c **** *   expected frequency of the IMO. 
 130:.\Generated_Source\PSoC4/cyfitter_cfg.c **** *
 131:.\Generated_Source\PSoC4/cyfitter_cfg.c **** * Parameters:
 132:.\Generated_Source\PSoC4/cyfitter_cfg.c **** *   imoFreq: Frequency for operation of the IMO.
 133:.\Generated_Source\PSoC4/cyfitter_cfg.c **** *
 134:.\Generated_Source\PSoC4/cyfitter_cfg.c **** * Return:
 135:.\Generated_Source\PSoC4/cyfitter_cfg.c **** *   void
 136:.\Generated_Source\PSoC4/cyfitter_cfg.c **** *
 137:.\Generated_Source\PSoC4/cyfitter_cfg.c **** *******************************************************************************/
 138:.\Generated_Source\PSoC4/cyfitter_cfg.c **** static void SetIMOBGTrims(uint8 imoFreq);
 139:.\Generated_Source\PSoC4/cyfitter_cfg.c **** CY_CFG_SECTION
 140:.\Generated_Source\PSoC4/cyfitter_cfg.c **** static void SetIMOBGTrims(uint8 imoFreq)
 141:.\Generated_Source\PSoC4/cyfitter_cfg.c **** {
 131              		.loc 1 141 0
 132              		.cfi_startproc
 133 0000 80B5     		push	{r7, lr}
 134              		.cfi_def_cfa_offset 8
 135              		.cfi_offset 7, -8
 136              		.cfi_offset 14, -4
 137 0002 84B0     		sub	sp, sp, #16
 138              		.cfi_def_cfa_offset 24
 139 0004 00AF     		add	r7, sp, #0
 140              		.cfi_def_cfa_register 7
 141 0006 021C     		mov	r2, r0
 142 0008 FB1D     		add	r3, r7, #7
 143 000a 1A70     		strb	r2, [r3]
 142:.\Generated_Source\PSoC4/cyfitter_cfg.c **** 	CYPACKED typedef struct {
ARM GAS  C:\Users\GLENNL~1\AppData\Local\Temp\ccbSBNdu.s 			page 6


 143:.\Generated_Source\PSoC4/cyfitter_cfg.c **** 		uint8 freq;
 144:.\Generated_Source\PSoC4/cyfitter_cfg.c **** 		uint8 absolute;
 145:.\Generated_Source\PSoC4/cyfitter_cfg.c **** 		uint8 tmpco;
 146:.\Generated_Source\PSoC4/cyfitter_cfg.c **** 	} CYPACKED_ATTR imo_trim_entry_t;
 147:.\Generated_Source\PSoC4/cyfitter_cfg.c **** 
 148:.\Generated_Source\PSoC4/cyfitter_cfg.c **** 	CYPACKED typedef struct {
 149:.\Generated_Source\PSoC4/cyfitter_cfg.c **** 		imo_trim_entry_t entries[4];
 150:.\Generated_Source\PSoC4/cyfitter_cfg.c **** 	} CYPACKED_ATTR imo_trim_table_t;
 151:.\Generated_Source\PSoC4/cyfitter_cfg.c **** 
 152:.\Generated_Source\PSoC4/cyfitter_cfg.c **** 	static const imo_trim_table_t *imo_trim_table = (const imo_trim_table_t *)CYREG_SFLASH_IMO_MAXF0;
 153:.\Generated_Source\PSoC4/cyfitter_cfg.c **** 	static const uint32 IMO_TRIM_FREQ_TABLE_ENTRIES = sizeof(imo_trim_table->entries)/sizeof(imo_trim_
 154:.\Generated_Source\PSoC4/cyfitter_cfg.c **** 
 155:.\Generated_Source\PSoC4/cyfitter_cfg.c **** 	int32 imoTrimIndex;
 156:.\Generated_Source\PSoC4/cyfitter_cfg.c **** 	uint8 setAbs;
 157:.\Generated_Source\PSoC4/cyfitter_cfg.c **** 	uint8 setTmpCo;
 158:.\Generated_Source\PSoC4/cyfitter_cfg.c **** 
 159:.\Generated_Source\PSoC4/cyfitter_cfg.c **** 	/* Traverse the SFLASH IMO frequency-dependent bandgap trim table to
 160:.\Generated_Source\PSoC4/cyfitter_cfg.c **** 	 * locate the appropriate value to trim the IMO bandgap based on freq. */
 161:.\Generated_Source\PSoC4/cyfitter_cfg.c **** 	setAbs = CY_GET_REG8((const void *)CYREG_SFLASH_IMO_ABS4);
 144              		.loc 1 161 0
 145 000c 204A     		ldr	r2, .L8
 146 000e 3B1C     		mov	r3, r7
 147 0010 0B33     		add	r3, r3, #11
 148 0012 1278     		ldrb	r2, [r2]
 149 0014 1A70     		strb	r2, [r3]
 162:.\Generated_Source\PSoC4/cyfitter_cfg.c **** 	setTmpCo = CY_GET_REG8((const void *)CYREG_SFLASH_IMO_TMPCO4);
 150              		.loc 1 162 0
 151 0016 1F4A     		ldr	r2, .L8+4
 152 0018 3B1C     		mov	r3, r7
 153 001a 0A33     		add	r3, r3, #10
 154 001c 1278     		ldrb	r2, [r2]
 155 001e 1A70     		strb	r2, [r3]
 163:.\Generated_Source\PSoC4/cyfitter_cfg.c **** 	for (imoTrimIndex = ((int32)IMO_TRIM_FREQ_TABLE_ENTRIES)-1;
 156              		.loc 1 163 0
 157 0020 0423     		mov	r3, #4
 158 0022 013B     		sub	r3, r3, #1
 159 0024 FB60     		str	r3, [r7, #12]
 160 0026 18E0     		b	.L5
 161              	.L7:
 164:.\Generated_Source\PSoC4/cyfitter_cfg.c **** 	     (imoTrimIndex >= 0) && (imoFreq <= imo_trim_table->entries[imoTrimIndex].freq);
 165:.\Generated_Source\PSoC4/cyfitter_cfg.c **** 	     imoTrimIndex--)
 166:.\Generated_Source\PSoC4/cyfitter_cfg.c **** 	{
 167:.\Generated_Source\PSoC4/cyfitter_cfg.c **** 		setAbs = imo_trim_table->entries[imoTrimIndex].absolute;
 162              		.loc 1 167 0
 163 0028 1B4B     		ldr	r3, .L8+8
 164 002a 1868     		ldr	r0, [r3]
 165 002c 391C     		mov	r1, r7
 166 002e 0B31     		add	r1, r1, #11
 167 0030 FA68     		ldr	r2, [r7, #12]
 168 0032 131C     		mov	r3, r2
 169 0034 5B00     		lsl	r3, r3, #1
 170 0036 9B18     		add	r3, r3, r2
 171 0038 C318     		add	r3, r0, r3
 172 003a 5B78     		ldrb	r3, [r3, #1]
 173 003c 0B70     		strb	r3, [r1]
 168:.\Generated_Source\PSoC4/cyfitter_cfg.c **** 		setTmpCo = imo_trim_table->entries[imoTrimIndex].tmpco;
 174              		.loc 1 168 0
ARM GAS  C:\Users\GLENNL~1\AppData\Local\Temp\ccbSBNdu.s 			page 7


 175 003e 164B     		ldr	r3, .L8+8
 176 0040 1868     		ldr	r0, [r3]
 177 0042 391C     		mov	r1, r7
 178 0044 0A31     		add	r1, r1, #10
 179 0046 FA68     		ldr	r2, [r7, #12]
 180 0048 131C     		mov	r3, r2
 181 004a 5B00     		lsl	r3, r3, #1
 182 004c 9B18     		add	r3, r3, r2
 183 004e C318     		add	r3, r0, r3
 184 0050 9B78     		ldrb	r3, [r3, #2]
 185 0052 0B70     		strb	r3, [r1]
 165:.\Generated_Source\PSoC4/cyfitter_cfg.c **** 	     imoTrimIndex--)
 186              		.loc 1 165 0
 187 0054 FB68     		ldr	r3, [r7, #12]
 188 0056 013B     		sub	r3, r3, #1
 189 0058 FB60     		str	r3, [r7, #12]
 190              	.L5:
 163:.\Generated_Source\PSoC4/cyfitter_cfg.c **** 	for (imoTrimIndex = ((int32)IMO_TRIM_FREQ_TABLE_ENTRIES)-1;
 191              		.loc 1 163 0 discriminator 1
 192 005a FB68     		ldr	r3, [r7, #12]
 193 005c 002B     		cmp	r3, #0
 194 005e 0ADB     		blt	.L6
 164:.\Generated_Source\PSoC4/cyfitter_cfg.c **** 	     (imoTrimIndex >= 0) && (imoFreq <= imo_trim_table->entries[imoTrimIndex].freq);
 195              		.loc 1 164 0
 196 0060 0D4B     		ldr	r3, .L8+8
 197 0062 1968     		ldr	r1, [r3]
 198 0064 FA68     		ldr	r2, [r7, #12]
 199 0066 131C     		mov	r3, r2
 200 0068 5B00     		lsl	r3, r3, #1
 201 006a 9B18     		add	r3, r3, r2
 202 006c 5B5C     		ldrb	r3, [r3, r1]
 203 006e FA1D     		add	r2, r7, #7
 204 0070 1278     		ldrb	r2, [r2]
 205 0072 9A42     		cmp	r2, r3
 206 0074 D8D9     		bls	.L7
 207              	.L6:
 169:.\Generated_Source\PSoC4/cyfitter_cfg.c **** 	}
 170:.\Generated_Source\PSoC4/cyfitter_cfg.c **** 
 171:.\Generated_Source\PSoC4/cyfitter_cfg.c **** 	CY_SET_REG32((void *)CYREG_PWR_BG_TRIM4, setAbs);
 208              		.loc 1 171 0
 209 0076 094B     		ldr	r3, .L8+12
 210 0078 3A1C     		mov	r2, r7
 211 007a 0B32     		add	r2, r2, #11
 212 007c 1278     		ldrb	r2, [r2]
 213 007e 1A60     		str	r2, [r3]
 172:.\Generated_Source\PSoC4/cyfitter_cfg.c **** 	CY_SET_REG32((void *)CYREG_PWR_BG_TRIM5, setTmpCo);
 214              		.loc 1 172 0
 215 0080 074B     		ldr	r3, .L8+16
 216 0082 3A1C     		mov	r2, r7
 217 0084 0A32     		add	r2, r2, #10
 218 0086 1278     		ldrb	r2, [r2]
 219 0088 1A60     		str	r2, [r3]
 173:.\Generated_Source\PSoC4/cyfitter_cfg.c **** }
 220              		.loc 1 173 0
 221 008a BD46     		mov	sp, r7
 222 008c 04B0     		add	sp, sp, #16
 223              		@ sp needed
ARM GAS  C:\Users\GLENNL~1\AppData\Local\Temp\ccbSBNdu.s 			page 8


 224 008e 80BD     		pop	{r7, pc}
 225              	.L9:
 226              		.align	2
 227              	.L8:
 228 0090 CCF1FF0F 		.word	268431820
 229 0094 CDF1FF0F 		.word	268431821
 230 0098 00000000 		.word	imo_trim_table.4717
 231 009c 1CFF0B40 		.word	1074528028
 232 00a0 20FF0B40 		.word	1074528032
 233              		.cfi_endproc
 234              	.LFE5:
 235              		.size	SetIMOBGTrims, .-SetIMOBGTrims
 236              		.align	2
 237              		.code	16
 238              		.thumb_func
 239              		.type	ClockSetup, %function
 240              	ClockSetup:
 241              	.LFB6:
 174:.\Generated_Source\PSoC4/cyfitter_cfg.c **** 
 175:.\Generated_Source\PSoC4/cyfitter_cfg.c **** 
 176:.\Generated_Source\PSoC4/cyfitter_cfg.c **** 
 177:.\Generated_Source\PSoC4/cyfitter_cfg.c **** /*******************************************************************************
 178:.\Generated_Source\PSoC4/cyfitter_cfg.c **** * Function Name: ClockSetup
 179:.\Generated_Source\PSoC4/cyfitter_cfg.c **** ********************************************************************************
 180:.\Generated_Source\PSoC4/cyfitter_cfg.c **** *
 181:.\Generated_Source\PSoC4/cyfitter_cfg.c **** * Summary:
 182:.\Generated_Source\PSoC4/cyfitter_cfg.c **** *   Performs the initialization of all of the clocks in the device based on the
 183:.\Generated_Source\PSoC4/cyfitter_cfg.c **** *   settings in the Clock tab of the DWR.  This includes enabling the requested
 184:.\Generated_Source\PSoC4/cyfitter_cfg.c **** *   clocks and setting the necessary dividers to produce the desired frequency. 
 185:.\Generated_Source\PSoC4/cyfitter_cfg.c **** *
 186:.\Generated_Source\PSoC4/cyfitter_cfg.c **** * Parameters:
 187:.\Generated_Source\PSoC4/cyfitter_cfg.c **** *   void
 188:.\Generated_Source\PSoC4/cyfitter_cfg.c **** *
 189:.\Generated_Source\PSoC4/cyfitter_cfg.c **** * Return:
 190:.\Generated_Source\PSoC4/cyfitter_cfg.c **** *   void
 191:.\Generated_Source\PSoC4/cyfitter_cfg.c **** *
 192:.\Generated_Source\PSoC4/cyfitter_cfg.c **** *******************************************************************************/
 193:.\Generated_Source\PSoC4/cyfitter_cfg.c **** static void ClockSetup(void);
 194:.\Generated_Source\PSoC4/cyfitter_cfg.c **** CY_CFG_SECTION
 195:.\Generated_Source\PSoC4/cyfitter_cfg.c **** static void ClockSetup(void)
 196:.\Generated_Source\PSoC4/cyfitter_cfg.c **** {
 242              		.loc 1 196 0
 243              		.cfi_startproc
 244 00a4 80B5     		push	{r7, lr}
 245              		.cfi_def_cfa_offset 8
 246              		.cfi_offset 7, -8
 247              		.cfi_offset 14, -4
 248 00a6 00AF     		add	r7, sp, #0
 249              		.cfi_def_cfa_register 7
 197:.\Generated_Source\PSoC4/cyfitter_cfg.c **** 
 198:.\Generated_Source\PSoC4/cyfitter_cfg.c **** 	/* Set Flash Cycles based on max possible frequency in case a glitch occurs during ClockSetup(). *
 199:.\Generated_Source\PSoC4/cyfitter_cfg.c **** 	CY_SET_REG32((void CYXDATA *)(CYREG_CPUSS_FLASH_CTL), (0x0011u));
 250              		.loc 1 199 0
 251 00a8 1E4B     		ldr	r3, .L11
 252 00aa 1122     		mov	r2, #17
 253 00ac 1A60     		str	r2, [r3]
 200:.\Generated_Source\PSoC4/cyfitter_cfg.c **** 	/* Trim IMO BG based on desired frequency. */
ARM GAS  C:\Users\GLENNL~1\AppData\Local\Temp\ccbSBNdu.s 			page 9


 201:.\Generated_Source\PSoC4/cyfitter_cfg.c **** 	SetIMOBGTrims(24u);
 254              		.loc 1 201 0
 255 00ae 1820     		mov	r0, #24
 256 00b0 FFF7A6FF 		bl	SetIMOBGTrims
 202:.\Generated_Source\PSoC4/cyfitter_cfg.c **** 
 203:.\Generated_Source\PSoC4/cyfitter_cfg.c **** 	/* Going less than or equal to 24MHz, so update the clock speed then adjust trim value. */
 204:.\Generated_Source\PSoC4/cyfitter_cfg.c **** 	CY_SET_REG32((void CYXDATA *)(CYREG_CLK_IMO_TRIM2), (25u));
 257              		.loc 1 204 0
 258 00b4 1C4B     		ldr	r3, .L11+4
 259 00b6 1922     		mov	r2, #25
 260 00b8 1A60     		str	r2, [r3]
 205:.\Generated_Source\PSoC4/cyfitter_cfg.c **** 	CyDelayCycles(5u);
 261              		.loc 1 205 0
 262 00ba 0520     		mov	r0, #5
 263 00bc FFF7FEFF 		bl	CyDelayCycles
 206:.\Generated_Source\PSoC4/cyfitter_cfg.c **** 	CY_SET_REG32((void CYXDATA *)(CYREG_CLK_IMO_TRIM1), (CY_GET_REG8((void *)CYREG_SFLASH_IMO_TRIM21))
 264              		.loc 1 206 0
 265 00c0 1A4B     		ldr	r3, .L11+8
 266 00c2 1B4A     		ldr	r2, .L11+12
 267 00c4 1278     		ldrb	r2, [r2]
 268 00c6 D2B2     		uxtb	r2, r2
 269 00c8 1A60     		str	r2, [r3]
 207:.\Generated_Source\PSoC4/cyfitter_cfg.c **** 	CyDelayUs(5u);
 270              		.loc 1 207 0
 271 00ca 0520     		mov	r0, #5
 272 00cc FFF7FEFF 		bl	CyDelayUs
 208:.\Generated_Source\PSoC4/cyfitter_cfg.c **** 
 209:.\Generated_Source\PSoC4/cyfitter_cfg.c **** 	/* Start the WCO */
 210:.\Generated_Source\PSoC4/cyfitter_cfg.c **** 	CySysClkWcoStart();
 273              		.loc 1 210 0
 274 00d0 FFF7FEFF 		bl	CySysClkWcoStart
 211:.\Generated_Source\PSoC4/cyfitter_cfg.c **** 	(void)CySysClkWcoSetPowerMode(CY_SYS_CLK_WCO_LPM);    /* Switch to the low power mode */
 275              		.loc 1 211 0
 276 00d4 0120     		mov	r0, #1
 277 00d6 FFF7FEFF 		bl	CySysClkWcoSetPowerMode
 212:.\Generated_Source\PSoC4/cyfitter_cfg.c **** 	/* CYDEV_CLK_ILO_CONFIG Starting address: CYDEV_CLK_ILO_CONFIG */
 213:.\Generated_Source\PSoC4/cyfitter_cfg.c **** 	CY_SET_XTND_REG32((void CYFAR *)(CYREG_CLK_ILO_CONFIG), 0x80000006u);
 278              		.loc 1 213 0
 279 00da 164B     		ldr	r3, .L11+16
 280 00dc 164A     		ldr	r2, .L11+20
 281 00de 1A60     		str	r2, [r3]
 214:.\Generated_Source\PSoC4/cyfitter_cfg.c **** 
 215:.\Generated_Source\PSoC4/cyfitter_cfg.c **** 
 216:.\Generated_Source\PSoC4/cyfitter_cfg.c **** 	CY_SET_XTND_REG32((void CYFAR *)(CYREG_BLE_BLERD_BB_XO_CAPTRIM), 0x00003E2Du);
 282              		.loc 1 216 0
 283 00e0 164B     		ldr	r3, .L11+24
 284 00e2 174A     		ldr	r2, .L11+28
 285 00e4 1A60     		str	r2, [r3]
 217:.\Generated_Source\PSoC4/cyfitter_cfg.c **** 	/* Disable Crystal Stable Interrupt before enabling ECO */
 218:.\Generated_Source\PSoC4/cyfitter_cfg.c **** 	CY_SET_REG32((void*)CYREG_BLE_BLESS_LL_DSM_CTRL, CY_GET_REG32((void*)CYREG_BLE_BLESS_LL_DSM_CTRL) 
 286              		.loc 1 218 0
 287 00e6 174B     		ldr	r3, .L11+32
 288 00e8 164A     		ldr	r2, .L11+32
 289 00ea 1268     		ldr	r2, [r2]
 290 00ec 0821     		mov	r1, #8
 291 00ee 8A43     		bic	r2, r1
 292 00f0 1A60     		str	r2, [r3]
ARM GAS  C:\Users\GLENNL~1\AppData\Local\Temp\ccbSBNdu.s 			page 10


 219:.\Generated_Source\PSoC4/cyfitter_cfg.c **** 	/* Start the ECO and do not check status since it is not needed for HFCLK */
 220:.\Generated_Source\PSoC4/cyfitter_cfg.c **** 	(void)CySysClkEcoStart(2000u);
 293              		.loc 1 220 0
 294 00f2 FA23     		mov	r3, #250
 295 00f4 DB00     		lsl	r3, r3, #3
 296 00f6 181C     		mov	r0, r3
 297 00f8 FFF7FEFF 		bl	CySysClkEcoStart
 221:.\Generated_Source\PSoC4/cyfitter_cfg.c **** 	CyDelayUs(1500u); /* Wait to stabalize */
 298              		.loc 1 221 0
 299 00fc 124B     		ldr	r3, .L11+36
 300 00fe 181C     		mov	r0, r3
 301 0100 FFF7FEFF 		bl	CyDelayUs
 222:.\Generated_Source\PSoC4/cyfitter_cfg.c **** 
 223:.\Generated_Source\PSoC4/cyfitter_cfg.c **** 	/* Setup phase aligned clocks */
 224:.\Generated_Source\PSoC4/cyfitter_cfg.c **** 	CY_SET_REG32((void *)CYREG_PERI_DIV_16_CTL00, 0x0000CF00u);
 302              		.loc 1 224 0
 303 0104 114B     		ldr	r3, .L11+40
 304 0106 CF22     		mov	r2, #207
 305 0108 1202     		lsl	r2, r2, #8
 306 010a 1A60     		str	r2, [r3]
 225:.\Generated_Source\PSoC4/cyfitter_cfg.c **** 	CY_SET_REG32((void *)CYREG_PERI_DIV_CMD, 0x8000FF40u);
 307              		.loc 1 225 0
 308 010c 104B     		ldr	r3, .L11+44
 309 010e 114A     		ldr	r2, .L11+48
 310 0110 1A60     		str	r2, [r3]
 226:.\Generated_Source\PSoC4/cyfitter_cfg.c **** 
 227:.\Generated_Source\PSoC4/cyfitter_cfg.c **** 	/* CYDEV_CLK_IMO_CONFIG Starting address: CYDEV_CLK_IMO_CONFIG */
 228:.\Generated_Source\PSoC4/cyfitter_cfg.c **** 	CY_SET_XTND_REG32((void CYFAR *)(CYREG_CLK_IMO_CONFIG), 0x80000000u);
 311              		.loc 1 228 0
 312 0112 114B     		ldr	r3, .L11+52
 313 0114 8022     		mov	r2, #128
 314 0116 1206     		lsl	r2, r2, #24
 315 0118 1A60     		str	r2, [r3]
 229:.\Generated_Source\PSoC4/cyfitter_cfg.c **** 
 230:.\Generated_Source\PSoC4/cyfitter_cfg.c **** 	/* CYDEV_PERI_PCLK_CTL02 Starting address: CYDEV_PERI_PCLK_CTL02 */
 231:.\Generated_Source\PSoC4/cyfitter_cfg.c **** 	CY_SET_XTND_REG32((void CYFAR *)(CYREG_PERI_PCLK_CTL02), 0x00000040u);
 316              		.loc 1 231 0
 317 011a 104B     		ldr	r3, .L11+56
 318 011c 4022     		mov	r2, #64
 319 011e 1A60     		str	r2, [r3]
 232:.\Generated_Source\PSoC4/cyfitter_cfg.c **** 
 233:.\Generated_Source\PSoC4/cyfitter_cfg.c **** }
 320              		.loc 1 233 0
 321 0120 BD46     		mov	sp, r7
 322              		@ sp needed
 323 0122 80BD     		pop	{r7, pc}
 324              	.L12:
 325              		.align	2
 326              	.L11:
 327 0124 30001040 		.word	1074790448
 328 0128 2CFF0B40 		.word	1074528044
 329 012c 28FF0B40 		.word	1074528040
 330 0130 E5F1FF0F 		.word	268431845
 331 0134 04010B40 		.word	1074462980
 332 0138 06000080 		.word	-2147483642
 333 013c 7C002E40 		.word	1076756604
 334 0140 2D3E0000 		.word	15917
ARM GAS  C:\Users\GLENNL~1\AppData\Local\Temp\ccbSBNdu.s 			page 11


 335 0144 6CF02E40 		.word	1076818028
 336 0148 DC050000 		.word	1500
 337 014c 00030140 		.word	1073808128
 338 0150 00000140 		.word	1073807360
 339 0154 40FF0080 		.word	-2147418304
 340 0158 08010B40 		.word	1074462984
 341 015c 08010140 		.word	1073807624
 342              		.cfi_endproc
 343              	.LFE6:
 344              		.size	ClockSetup, .-ClockSetup
 345              		.section	.text.AnalogSetDefault,"ax",%progbits
 346              		.align	2
 347              		.code	16
 348              		.thumb_func
 349              		.type	AnalogSetDefault, %function
 350              	AnalogSetDefault:
 351              	.LFB7:
 234:.\Generated_Source\PSoC4/cyfitter_cfg.c **** 
 235:.\Generated_Source\PSoC4/cyfitter_cfg.c **** 
 236:.\Generated_Source\PSoC4/cyfitter_cfg.c **** /* Analog API Functions */
 237:.\Generated_Source\PSoC4/cyfitter_cfg.c **** 
 238:.\Generated_Source\PSoC4/cyfitter_cfg.c **** 
 239:.\Generated_Source\PSoC4/cyfitter_cfg.c **** /*******************************************************************************
 240:.\Generated_Source\PSoC4/cyfitter_cfg.c **** * Function Name: AnalogSetDefault
 241:.\Generated_Source\PSoC4/cyfitter_cfg.c **** ********************************************************************************
 242:.\Generated_Source\PSoC4/cyfitter_cfg.c **** *
 243:.\Generated_Source\PSoC4/cyfitter_cfg.c **** * Summary:
 244:.\Generated_Source\PSoC4/cyfitter_cfg.c **** *  Sets up the analog portions of the chip to default values based on chip
 245:.\Generated_Source\PSoC4/cyfitter_cfg.c **** *  configuration options from the project.
 246:.\Generated_Source\PSoC4/cyfitter_cfg.c **** *
 247:.\Generated_Source\PSoC4/cyfitter_cfg.c **** * Parameters:
 248:.\Generated_Source\PSoC4/cyfitter_cfg.c **** *  void
 249:.\Generated_Source\PSoC4/cyfitter_cfg.c **** *
 250:.\Generated_Source\PSoC4/cyfitter_cfg.c **** * Return:
 251:.\Generated_Source\PSoC4/cyfitter_cfg.c **** *  void
 252:.\Generated_Source\PSoC4/cyfitter_cfg.c **** *
 253:.\Generated_Source\PSoC4/cyfitter_cfg.c **** *******************************************************************************/
 254:.\Generated_Source\PSoC4/cyfitter_cfg.c **** static void AnalogSetDefault(void);
 255:.\Generated_Source\PSoC4/cyfitter_cfg.c **** static void AnalogSetDefault(void)
 256:.\Generated_Source\PSoC4/cyfitter_cfg.c **** {
 352              		.loc 1 256 0
 353              		.cfi_startproc
 354 0000 80B5     		push	{r7, lr}
 355              		.cfi_def_cfa_offset 8
 356              		.cfi_offset 7, -8
 357              		.cfi_offset 14, -4
 358 0002 00AF     		add	r7, sp, #0
 359              		.cfi_def_cfa_register 7
 257:.\Generated_Source\PSoC4/cyfitter_cfg.c **** 	CY_SET_XTND_REG32((void CYFAR *)CYREG_CTBM0_DFT_CTRL, 0x00000003u);
 360              		.loc 1 257 0
 361 0004 054B     		ldr	r3, .L14
 362 0006 0322     		mov	r2, #3
 363 0008 1A60     		str	r2, [r3]
 258:.\Generated_Source\PSoC4/cyfitter_cfg.c **** 	CY_SET_XTND_REG32((void CYFAR *)CYREG_CTBM1_DFT_CTRL, 0x00000003u);
 364              		.loc 1 258 0
 365 000a 054B     		ldr	r3, .L14+4
 366 000c 0322     		mov	r2, #3
ARM GAS  C:\Users\GLENNL~1\AppData\Local\Temp\ccbSBNdu.s 			page 12


 367 000e 1A60     		str	r2, [r3]
 259:.\Generated_Source\PSoC4/cyfitter_cfg.c **** 	CY_SET_XTND_REG32((void CYFAR *)CYREG_PASS_DSAB_DSAB_CTRL, 0x00000000u);
 368              		.loc 1 259 0
 369 0010 044B     		ldr	r3, .L14+8
 370 0012 0022     		mov	r2, #0
 371 0014 1A60     		str	r2, [r3]
 260:.\Generated_Source\PSoC4/cyfitter_cfg.c **** }
 372              		.loc 1 260 0
 373 0016 BD46     		mov	sp, r7
 374              		@ sp needed
 375 0018 80BD     		pop	{r7, pc}
 376              	.L15:
 377 001a C046     		.align	2
 378              	.L14:
 379 001c 30003040 		.word	1076887600
 380 0020 30003140 		.word	1076953136
 381 0024 000E3F40 		.word	1077874176
 382              		.cfi_endproc
 383              	.LFE7:
 384              		.size	AnalogSetDefault, .-AnalogSetDefault
 385              		.section	.psocinit
 386              		.align	2
 387              		.global	cyfitter_cfg
 388              		.code	16
 389              		.thumb_func
 390              		.type	cyfitter_cfg, %function
 391              	cyfitter_cfg:
 392              	.LFB8:
 261:.\Generated_Source\PSoC4/cyfitter_cfg.c **** 
 262:.\Generated_Source\PSoC4/cyfitter_cfg.c **** #define CY_AMUX_UNUSED CYREG_CM0_ROM_DWT
 263:.\Generated_Source\PSoC4/cyfitter_cfg.c **** 
 264:.\Generated_Source\PSoC4/cyfitter_cfg.c **** 
 265:.\Generated_Source\PSoC4/cyfitter_cfg.c **** /*******************************************************************************
 266:.\Generated_Source\PSoC4/cyfitter_cfg.c **** * Function Name: cyfitter_cfg
 267:.\Generated_Source\PSoC4/cyfitter_cfg.c **** ********************************************************************************
 268:.\Generated_Source\PSoC4/cyfitter_cfg.c **** * Summary:
 269:.\Generated_Source\PSoC4/cyfitter_cfg.c **** *  This function is called by the start-up code for the selected device. It
 270:.\Generated_Source\PSoC4/cyfitter_cfg.c **** *  performs all of the necessary device configuration based on the design
 271:.\Generated_Source\PSoC4/cyfitter_cfg.c **** *  settings.  This includes settings from the Design Wide Resources (DWR) such
 272:.\Generated_Source\PSoC4/cyfitter_cfg.c **** *  as Clocks and Pins as well as any component configuration that is necessary.
 273:.\Generated_Source\PSoC4/cyfitter_cfg.c **** *
 274:.\Generated_Source\PSoC4/cyfitter_cfg.c **** * Parameters:  
 275:.\Generated_Source\PSoC4/cyfitter_cfg.c **** *   void
 276:.\Generated_Source\PSoC4/cyfitter_cfg.c **** *
 277:.\Generated_Source\PSoC4/cyfitter_cfg.c **** * Return:
 278:.\Generated_Source\PSoC4/cyfitter_cfg.c **** *   void
 279:.\Generated_Source\PSoC4/cyfitter_cfg.c **** *
 280:.\Generated_Source\PSoC4/cyfitter_cfg.c **** *******************************************************************************/
 281:.\Generated_Source\PSoC4/cyfitter_cfg.c **** CY_CFG_SECTION
 282:.\Generated_Source\PSoC4/cyfitter_cfg.c **** void cyfitter_cfg(void)
 283:.\Generated_Source\PSoC4/cyfitter_cfg.c **** {
 393              		.loc 1 283 0
 394              		.cfi_startproc
 395 0160 80B5     		push	{r7, lr}
 396              		.cfi_def_cfa_offset 8
 397              		.cfi_offset 7, -8
 398              		.cfi_offset 14, -4
ARM GAS  C:\Users\GLENNL~1\AppData\Local\Temp\ccbSBNdu.s 			page 13


 399 0162 82B0     		sub	sp, sp, #8
 400              		.cfi_def_cfa_offset 16
 401 0164 00AF     		add	r7, sp, #0
 402              		.cfi_def_cfa_register 7
 284:.\Generated_Source\PSoC4/cyfitter_cfg.c **** 	/* Disable interrupts by default. Let user enable if/when they want. */
 285:.\Generated_Source\PSoC4/cyfitter_cfg.c **** 	CyGlobalIntDisable;
 403              		.loc 1 285 0
 404              	@ 285 ".\Generated_Source\PSoC4\cyfitter_cfg.c" 1
 405 0166 72B6     		CPSID   i
 406              	@ 0 "" 2
 286:.\Generated_Source\PSoC4/cyfitter_cfg.c **** 
 287:.\Generated_Source\PSoC4/cyfitter_cfg.c **** 	CY_SET_XTND_REG32((void CYFAR *)(CYREG_BLE_BLESS_LL_DSM_CTRL), 0x00000000u);
 407              		.loc 1 287 0
 408              		.code	16
 409 0168 374B     		ldr	r3, .L19
 410 016a 0022     		mov	r2, #0
 411 016c 1A60     		str	r2, [r3]
 412              	.LBB2:
 288:.\Generated_Source\PSoC4/cyfitter_cfg.c **** 
 289:.\Generated_Source\PSoC4/cyfitter_cfg.c **** 	{
 290:.\Generated_Source\PSoC4/cyfitter_cfg.c **** 
 291:.\Generated_Source\PSoC4/cyfitter_cfg.c **** 		CYPACKED typedef struct {
 292:.\Generated_Source\PSoC4/cyfitter_cfg.c **** 			void CYFAR *address;
 293:.\Generated_Source\PSoC4/cyfitter_cfg.c **** 			uint16 size;
 294:.\Generated_Source\PSoC4/cyfitter_cfg.c **** 		} CYPACKED_ATTR cfg_memset_t;
 295:.\Generated_Source\PSoC4/cyfitter_cfg.c **** 
 296:.\Generated_Source\PSoC4/cyfitter_cfg.c **** 		static const cfg_memset_t CYCODE cfg_memset_list [] = {
 297:.\Generated_Source\PSoC4/cyfitter_cfg.c **** 			/* address, size */
 298:.\Generated_Source\PSoC4/cyfitter_cfg.c **** 			{(void CYFAR *)(CYDEV_UDB_P0_U0_BASE), 1024u},
 299:.\Generated_Source\PSoC4/cyfitter_cfg.c **** 			{(void CYFAR *)(CYDEV_UDB_DSI0_BASE), 1024u},
 300:.\Generated_Source\PSoC4/cyfitter_cfg.c **** 		};
 301:.\Generated_Source\PSoC4/cyfitter_cfg.c **** 
 302:.\Generated_Source\PSoC4/cyfitter_cfg.c **** 		uint8 CYDATA i;
 303:.\Generated_Source\PSoC4/cyfitter_cfg.c **** 
 304:.\Generated_Source\PSoC4/cyfitter_cfg.c **** 		/* Zero out critical memory blocks before beginning configuration */
 305:.\Generated_Source\PSoC4/cyfitter_cfg.c **** 		for (i = 0u; i < (sizeof(cfg_memset_list)/sizeof(cfg_memset_list[0])); i++)
 413              		.loc 1 305 0
 414 016e FB1D     		add	r3, r7, #7
 415 0170 0022     		mov	r2, #0
 416 0172 1A70     		strb	r2, [r3]
 417 0174 23E0     		b	.L17
 418              	.L18:
 419              	.LBB3:
 306:.\Generated_Source\PSoC4/cyfitter_cfg.c **** 		{
 307:.\Generated_Source\PSoC4/cyfitter_cfg.c **** 			const cfg_memset_t CYCODE * CYDATA ms = &cfg_memset_list[i];
 420              		.loc 1 307 0 discriminator 2
 421 0176 FB1D     		add	r3, r7, #7
 422 0178 1A78     		ldrb	r2, [r3]
 423 017a 131C     		mov	r3, r2
 424 017c 5B00     		lsl	r3, r3, #1
 425 017e 9B18     		add	r3, r3, r2
 426 0180 5B00     		lsl	r3, r3, #1
 427 0182 324A     		ldr	r2, .L19+4
 428 0184 9B18     		add	r3, r3, r2
 429 0186 3B60     		str	r3, [r7]
 308:.\Generated_Source\PSoC4/cyfitter_cfg.c **** 			CYMEMZERO(ms->address, (size_t)(uint32)(ms->size));
 430              		.loc 1 308 0 discriminator 2
ARM GAS  C:\Users\GLENNL~1\AppData\Local\Temp\ccbSBNdu.s 			page 14


 431 0188 3B68     		ldr	r3, [r7]
 432 018a 1A78     		ldrb	r2, [r3]
 433 018c 5978     		ldrb	r1, [r3, #1]
 434 018e 0902     		lsl	r1, r1, #8
 435 0190 0A43     		orr	r2, r1
 436 0192 9978     		ldrb	r1, [r3, #2]
 437 0194 0904     		lsl	r1, r1, #16
 438 0196 0A43     		orr	r2, r1
 439 0198 DB78     		ldrb	r3, [r3, #3]
 440 019a 1B06     		lsl	r3, r3, #24
 441 019c 1343     		orr	r3, r2
 442 019e 1A1C     		mov	r2, r3
 443 01a0 3B68     		ldr	r3, [r7]
 444 01a2 1979     		ldrb	r1, [r3, #4]
 445 01a4 5B79     		ldrb	r3, [r3, #5]
 446 01a6 1B02     		lsl	r3, r3, #8
 447 01a8 0B43     		orr	r3, r1
 448 01aa 9BB2     		uxth	r3, r3
 449 01ac 101C     		mov	r0, r2
 450 01ae 191C     		mov	r1, r3
 451 01b0 FFF7FEFF 		bl	CYMEMZERO
 452              	.LBE3:
 305:.\Generated_Source\PSoC4/cyfitter_cfg.c **** 		for (i = 0u; i < (sizeof(cfg_memset_list)/sizeof(cfg_memset_list[0])); i++)
 453              		.loc 1 305 0 discriminator 2
 454 01b4 FB1D     		add	r3, r7, #7
 455 01b6 1A78     		ldrb	r2, [r3]
 456 01b8 FB1D     		add	r3, r7, #7
 457 01ba 0132     		add	r2, r2, #1
 458 01bc 1A70     		strb	r2, [r3]
 459              	.L17:
 305:.\Generated_Source\PSoC4/cyfitter_cfg.c **** 		for (i = 0u; i < (sizeof(cfg_memset_list)/sizeof(cfg_memset_list[0])); i++)
 460              		.loc 1 305 0 is_stmt 0 discriminator 1
 461 01be FB1D     		add	r3, r7, #7
 462 01c0 1B78     		ldrb	r3, [r3]
 463 01c2 012B     		cmp	r3, #1
 464 01c4 D7D9     		bls	.L18
 309:.\Generated_Source\PSoC4/cyfitter_cfg.c **** 		}
 310:.\Generated_Source\PSoC4/cyfitter_cfg.c **** 
 311:.\Generated_Source\PSoC4/cyfitter_cfg.c **** 		/* HSIOM Starting address: CYDEV_HSIOM_BASE */
 312:.\Generated_Source\PSoC4/cyfitter_cfg.c **** 		CY_SET_XTND_REG32((void CYFAR *)(CYDEV_HSIOM_BASE), 0xEE000000u);
 465              		.loc 1 312 0 is_stmt 1
 466 01c6 224B     		ldr	r3, .L19+8
 467 01c8 EE22     		mov	r2, #238
 468 01ca 1206     		lsl	r2, r2, #24
 469 01cc 1A60     		str	r2, [r3]
 313:.\Generated_Source\PSoC4/cyfitter_cfg.c **** 		CY_SET_XTND_REG32((void CYFAR *)(CYREG_HSIOM_PORT_SEL3), 0x00990000u);
 470              		.loc 1 313 0
 471 01ce 214B     		ldr	r3, .L19+12
 472 01d0 9922     		mov	r2, #153
 473 01d2 1204     		lsl	r2, r2, #16
 474 01d4 1A60     		str	r2, [r3]
 314:.\Generated_Source\PSoC4/cyfitter_cfg.c **** 
 315:.\Generated_Source\PSoC4/cyfitter_cfg.c **** 		/* IOPINS0_0 Starting address: CYDEV_GPIO_PRT0_DR */
 316:.\Generated_Source\PSoC4/cyfitter_cfg.c **** 		CY_SET_XTND_REG32((void CYFAR *)(CYREG_GPIO_PRT0_PC), 0x00D80000u);
 475              		.loc 1 316 0
 476 01d6 204B     		ldr	r3, .L19+16
 477 01d8 D822     		mov	r2, #216
ARM GAS  C:\Users\GLENNL~1\AppData\Local\Temp\ccbSBNdu.s 			page 15


 478 01da 1204     		lsl	r2, r2, #16
 479 01dc 1A60     		str	r2, [r3]
 317:.\Generated_Source\PSoC4/cyfitter_cfg.c **** 
 318:.\Generated_Source\PSoC4/cyfitter_cfg.c **** 		/* IOPINS0_3 Starting address: CYDEV_GPIO_PRT3_DR */
 319:.\Generated_Source\PSoC4/cyfitter_cfg.c **** 		CY_SET_XTND_REG32((void CYFAR *)(CYREG_GPIO_PRT3_DR), 0x00000020u);
 480              		.loc 1 319 0
 481 01de 1F4B     		ldr	r3, .L19+20
 482 01e0 2022     		mov	r2, #32
 483 01e2 1A60     		str	r2, [r3]
 320:.\Generated_Source\PSoC4/cyfitter_cfg.c **** 		CY_SET_XTND_REG32((void CYFAR *)(CYREG_GPIO_PRT3_PC), 0x00031000u);
 484              		.loc 1 320 0
 485 01e4 1E4B     		ldr	r3, .L19+24
 486 01e6 C422     		mov	r2, #196
 487 01e8 9202     		lsl	r2, r2, #10
 488 01ea 1A60     		str	r2, [r3]
 321:.\Generated_Source\PSoC4/cyfitter_cfg.c **** 		CY_SET_XTND_REG32((void CYFAR *)(CYREG_GPIO_PRT3_PC2), 0x00000020u);
 489              		.loc 1 321 0
 490 01ec 1D4B     		ldr	r3, .L19+28
 491 01ee 2022     		mov	r2, #32
 492 01f0 1A60     		str	r2, [r3]
 322:.\Generated_Source\PSoC4/cyfitter_cfg.c **** 
 323:.\Generated_Source\PSoC4/cyfitter_cfg.c **** 		/* UDB_PA_0 Starting address: CYDEV_UDB_PA0_BASE */
 324:.\Generated_Source\PSoC4/cyfitter_cfg.c **** 		CY_SET_XTND_REG32((void CYFAR *)(CYDEV_UDB_PA0_BASE), 0x00990000u);
 493              		.loc 1 324 0
 494 01f2 1D4B     		ldr	r3, .L19+32
 495 01f4 9922     		mov	r2, #153
 496 01f6 1204     		lsl	r2, r2, #16
 497 01f8 1A60     		str	r2, [r3]
 325:.\Generated_Source\PSoC4/cyfitter_cfg.c **** 
 326:.\Generated_Source\PSoC4/cyfitter_cfg.c **** 		/* UDB_PA_3 Starting address: CYDEV_UDB_PA3_BASE */
 327:.\Generated_Source\PSoC4/cyfitter_cfg.c **** 		CY_SET_XTND_REG32((void CYFAR *)(CYDEV_UDB_PA3_BASE), 0x00990000u);
 498              		.loc 1 327 0
 499 01fa 1C4B     		ldr	r3, .L19+36
 500 01fc 9922     		mov	r2, #153
 501 01fe 1204     		lsl	r2, r2, #16
 502 0200 1A60     		str	r2, [r3]
 328:.\Generated_Source\PSoC4/cyfitter_cfg.c **** 
 329:.\Generated_Source\PSoC4/cyfitter_cfg.c **** 		/* Enable digital routing */
 330:.\Generated_Source\PSoC4/cyfitter_cfg.c **** 		CY_SET_XTND_REG8((void *)CYREG_UDB_UDBIF_BANK_CTL, CY_GET_XTND_REG8((void *)CYREG_UDB_UDBIF_BANK_
 503              		.loc 1 330 0
 504 0202 1B4B     		ldr	r3, .L19+40
 505 0204 1A4A     		ldr	r2, .L19+40
 506 0206 1278     		ldrb	r2, [r2]
 507 0208 D2B2     		uxtb	r2, r2
 508 020a 0221     		mov	r1, #2
 509 020c 0A43     		orr	r2, r1
 510 020e D2B2     		uxtb	r2, r2
 511 0210 1A70     		strb	r2, [r3]
 331:.\Generated_Source\PSoC4/cyfitter_cfg.c **** 
 332:.\Generated_Source\PSoC4/cyfitter_cfg.c **** 		/* Enable UDB array */
 333:.\Generated_Source\PSoC4/cyfitter_cfg.c **** 		CY_SET_XTND_REG8((void *)CYREG_UDB_UDBIF_WAIT_CFG, (CY_GET_XTND_REG8((void *)CYREG_UDB_UDBIF_WAIT
 512              		.loc 1 333 0
 513 0212 184B     		ldr	r3, .L19+44
 514 0214 174A     		ldr	r2, .L19+44
 515 0216 1278     		ldrb	r2, [r2]
 516 0218 D2B2     		uxtb	r2, r2
 517 021a 0C21     		mov	r1, #12
ARM GAS  C:\Users\GLENNL~1\AppData\Local\Temp\ccbSBNdu.s 			page 16


 518 021c 8A43     		bic	r2, r1
 519 021e D2B2     		uxtb	r2, r2
 520 0220 0421     		mov	r1, #4
 521 0222 0A43     		orr	r2, r1
 522 0224 D2B2     		uxtb	r2, r2
 523 0226 1A70     		strb	r2, [r3]
 334:.\Generated_Source\PSoC4/cyfitter_cfg.c **** 		CY_SET_XTND_REG8((void *)CYREG_UDB_UDBIF_BANK_CTL, CY_GET_XTND_REG8((void *)CYREG_UDB_UDBIF_BANK_
 524              		.loc 1 334 0
 525 0228 114B     		ldr	r3, .L19+40
 526 022a 114A     		ldr	r2, .L19+40
 527 022c 1278     		ldrb	r2, [r2]
 528 022e D2B2     		uxtb	r2, r2
 529 0230 1621     		mov	r1, #22
 530 0232 0A43     		orr	r2, r1
 531 0234 D2B2     		uxtb	r2, r2
 532 0236 1A70     		strb	r2, [r3]
 533              	.LBE2:
 335:.\Generated_Source\PSoC4/cyfitter_cfg.c **** 	}
 336:.\Generated_Source\PSoC4/cyfitter_cfg.c **** 
 337:.\Generated_Source\PSoC4/cyfitter_cfg.c **** 	/* Setup clocks based on selections from Clock DWR */
 338:.\Generated_Source\PSoC4/cyfitter_cfg.c **** 	ClockSetup();
 534              		.loc 1 338 0
 535 0238 FFF734FF 		bl	ClockSetup
 339:.\Generated_Source\PSoC4/cyfitter_cfg.c **** 
 340:.\Generated_Source\PSoC4/cyfitter_cfg.c **** 	/* Perform basic analog initialization to defaults */
 341:.\Generated_Source\PSoC4/cyfitter_cfg.c **** 	AnalogSetDefault();
 536              		.loc 1 341 0
 537 023c FFF7FEFF 		bl	AnalogSetDefault
 342:.\Generated_Source\PSoC4/cyfitter_cfg.c **** 
 343:.\Generated_Source\PSoC4/cyfitter_cfg.c **** }
 538              		.loc 1 343 0
 539 0240 BD46     		mov	sp, r7
 540 0242 02B0     		add	sp, sp, #8
 541              		@ sp needed
 542 0244 80BD     		pop	{r7, pc}
 543              	.L20:
 544 0246 C046     		.align	2
 545              	.L19:
 546 0248 6CF02E40 		.word	1076818028
 547 024c 04000000 		.word	cfg_memset_list.4742
 548 0250 00000240 		.word	1073872896
 549 0254 00030240 		.word	1073873664
 550 0258 08000440 		.word	1074003976
 551 025c 00030440 		.word	1074004736
 552 0260 08030440 		.word	1074004744
 553 0264 18030440 		.word	1074004760
 554 0268 00500F40 		.word	1074745344
 555 026c 30500F40 		.word	1074745392
 556 0270 00700F40 		.word	1074753536
 557 0274 01700F40 		.word	1074753537
 558              		.cfi_endproc
 559              	.LFE8:
 560              		.size	cyfitter_cfg, .-cyfitter_cfg
 561              		.data
 562              		.align	2
 563              		.type	imo_trim_table.4717, %object
 564              		.size	imo_trim_table.4717, 4
ARM GAS  C:\Users\GLENNL~1\AppData\Local\Temp\ccbSBNdu.s 			page 17


 565              	imo_trim_table.4717:
 566 0000 C0F1FF0F 		.word	268431808
 567              		.section	.rodata
 568              		.align	2
 569              		.type	IMO_TRIM_FREQ_TABLE_ENTRIES.4718, %object
 570              		.size	IMO_TRIM_FREQ_TABLE_ENTRIES.4718, 4
 571              	IMO_TRIM_FREQ_TABLE_ENTRIES.4718:
 572 0000 04000000 		.word	4
 573              		.align	2
 574              		.type	cfg_memset_list.4742, %object
 575              		.size	cfg_memset_list.4742, 12
 576              	cfg_memset_list.4742:
 577 0004 00300F40 		.word	1074737152
 578 0008 0004     		.short	1024
 579 000a 00400F40 		.4byte	1074741248
 580 000e 0004     		.short	1024
 581              		.text
 582              	.Letext0:
 583              		.file 2 "c:\\program files\\cypress\\psoc creator\\3.1\\psoc creator\\import\\gnu_cs\\arm\\4.8.4\\
 584              		.file 3 ".\\Generated_Source\\PSoC4/cytypes.h"
 585              		.section	.debug_info,"",%progbits
 586              	.Ldebug_info0:
 587 0000 3E030000 		.4byte	0x33e
 588 0004 0400     		.2byte	0x4
 589 0006 00000000 		.4byte	.Ldebug_abbrev0
 590 000a 04       		.byte	0x4
 591 000b 01       		.uleb128 0x1
 592 000c 50020000 		.4byte	.LASF43
 593 0010 01       		.byte	0x1
 594 0011 AC010000 		.4byte	.LASF44
 595 0015 4B010000 		.4byte	.LASF45
 596 0019 00000000 		.4byte	.Ldebug_ranges0+0
 597 001d 00000000 		.4byte	0
 598 0021 00000000 		.4byte	.Ldebug_line0
 599 0025 02       		.uleb128 0x2
 600 0026 04       		.byte	0x4
 601 0027 05       		.byte	0x5
 602 0028 696E7400 		.ascii	"int\000"
 603 002c 03       		.uleb128 0x3
 604 002d 06000000 		.4byte	.LASF11
 605 0031 02       		.byte	0x2
 606 0032 D4       		.byte	0xd4
 607 0033 37000000 		.4byte	0x37
 608 0037 04       		.uleb128 0x4
 609 0038 04       		.byte	0x4
 610 0039 07       		.byte	0x7
 611 003a 12010000 		.4byte	.LASF0
 612 003e 04       		.uleb128 0x4
 613 003f 01       		.byte	0x1
 614 0040 06       		.byte	0x6
 615 0041 34020000 		.4byte	.LASF1
 616 0045 04       		.uleb128 0x4
 617 0046 01       		.byte	0x1
 618 0047 08       		.byte	0x8
 619 0048 BF000000 		.4byte	.LASF2
 620 004c 04       		.uleb128 0x4
 621 004d 02       		.byte	0x2
ARM GAS  C:\Users\GLENNL~1\AppData\Local\Temp\ccbSBNdu.s 			page 18


 622 004e 05       		.byte	0x5
 623 004f 63000000 		.4byte	.LASF3
 624 0053 04       		.uleb128 0x4
 625 0054 02       		.byte	0x2
 626 0055 07       		.byte	0x7
 627 0056 50000000 		.4byte	.LASF4
 628 005a 04       		.uleb128 0x4
 629 005b 04       		.byte	0x4
 630 005c 05       		.byte	0x5
 631 005d 1C020000 		.4byte	.LASF5
 632 0061 04       		.uleb128 0x4
 633 0062 04       		.byte	0x4
 634 0063 07       		.byte	0x7
 635 0064 9D000000 		.4byte	.LASF6
 636 0068 04       		.uleb128 0x4
 637 0069 08       		.byte	0x8
 638 006a 05       		.byte	0x5
 639 006b E6010000 		.4byte	.LASF7
 640 006f 04       		.uleb128 0x4
 641 0070 08       		.byte	0x8
 642 0071 07       		.byte	0x7
 643 0072 34010000 		.4byte	.LASF8
 644 0076 04       		.uleb128 0x4
 645 0077 04       		.byte	0x4
 646 0078 07       		.byte	0x7
 647 0079 D4010000 		.4byte	.LASF9
 648 007d 05       		.uleb128 0x5
 649 007e 04       		.byte	0x4
 650 007f 04       		.uleb128 0x4
 651 0080 01       		.byte	0x1
 652 0081 08       		.byte	0x8
 653 0082 F4010000 		.4byte	.LASF10
 654 0086 03       		.uleb128 0x3
 655 0087 07020000 		.4byte	.LASF12
 656 008b 03       		.byte	0x3
 657 008c A1       		.byte	0xa1
 658 008d 45000000 		.4byte	0x45
 659 0091 03       		.uleb128 0x3
 660 0092 04010000 		.4byte	.LASF13
 661 0096 03       		.byte	0x3
 662 0097 A2       		.byte	0xa2
 663 0098 53000000 		.4byte	0x53
 664 009c 03       		.uleb128 0x3
 665 009d 0B010000 		.4byte	.LASF14
 666 00a1 03       		.byte	0x3
 667 00a2 A3       		.byte	0xa3
 668 00a3 61000000 		.4byte	0x61
 669 00a7 03       		.uleb128 0x3
 670 00a8 AF000000 		.4byte	.LASF15
 671 00ac 03       		.byte	0x3
 672 00ad A6       		.byte	0xa6
 673 00ae 5A000000 		.4byte	0x5a
 674 00b2 04       		.uleb128 0x4
 675 00b3 04       		.byte	0x4
 676 00b4 04       		.byte	0x4
 677 00b5 7B000000 		.4byte	.LASF16
 678 00b9 04       		.uleb128 0x4
ARM GAS  C:\Users\GLENNL~1\AppData\Local\Temp\ccbSBNdu.s 			page 19


 679 00ba 08       		.byte	0x8
 680 00bb 04       		.byte	0x4
 681 00bc CD000000 		.4byte	.LASF17
 682 00c0 06       		.uleb128 0x6
 683 00c1 98000000 		.4byte	.LASF18
 684 00c5 03       		.byte	0x3
 685 00c6 4B01     		.2byte	0x14b
 686 00c8 CC000000 		.4byte	0xcc
 687 00cc 07       		.uleb128 0x7
 688 00cd 86000000 		.4byte	0x86
 689 00d1 06       		.uleb128 0x6
 690 00d2 00000000 		.4byte	.LASF19
 691 00d6 03       		.byte	0x3
 692 00d7 4D01     		.2byte	0x14d
 693 00d9 DD000000 		.4byte	0xdd
 694 00dd 07       		.uleb128 0x7
 695 00de 9C000000 		.4byte	0x9c
 696 00e2 08       		.uleb128 0x8
 697 00e3 B5000000 		.4byte	.LASF20
 698 00e7 01       		.byte	0x1
 699 00e8 39       		.byte	0x39
 700 00e9 00000000 		.4byte	.LFB2
 701 00ed 1E000000 		.4byte	.LFE2-.LFB2
 702 00f1 01       		.uleb128 0x1
 703 00f2 9C       		.byte	0x9c
 704 00f3 10010000 		.4byte	0x110
 705 00f7 09       		.uleb128 0x9
 706 00f8 7300     		.ascii	"s\000"
 707 00fa 01       		.byte	0x1
 708 00fb 39       		.byte	0x39
 709 00fc 7D000000 		.4byte	0x7d
 710 0100 02       		.uleb128 0x2
 711 0101 91       		.byte	0x91
 712 0102 74       		.sleb128 -12
 713 0103 09       		.uleb128 0x9
 714 0104 6E00     		.ascii	"n\000"
 715 0106 01       		.byte	0x1
 716 0107 39       		.byte	0x39
 717 0108 2C000000 		.4byte	0x2c
 718 010c 02       		.uleb128 0x2
 719 010d 91       		.byte	0x91
 720 010e 70       		.sleb128 -16
 721 010f 00       		.byte	0
 722 0110 08       		.uleb128 0x8
 723 0111 DC000000 		.4byte	.LASF21
 724 0115 01       		.byte	0x1
 725 0116 40       		.byte	0x40
 726 0117 00000000 		.4byte	.LFB3
 727 011b 22000000 		.4byte	.LFE3-.LFB3
 728 011f 01       		.uleb128 0x1
 729 0120 9C       		.byte	0x9c
 730 0121 4E010000 		.4byte	0x14e
 731 0125 0A       		.uleb128 0xa
 732 0126 8E000000 		.4byte	.LASF22
 733 012a 01       		.byte	0x1
 734 012b 40       		.byte	0x40
 735 012c 7D000000 		.4byte	0x7d
ARM GAS  C:\Users\GLENNL~1\AppData\Local\Temp\ccbSBNdu.s 			page 20


 736 0130 02       		.uleb128 0x2
 737 0131 91       		.byte	0x91
 738 0132 74       		.sleb128 -12
 739 0133 09       		.uleb128 0x9
 740 0134 73726300 		.ascii	"src\000"
 741 0138 01       		.byte	0x1
 742 0139 40       		.byte	0x40
 743 013a 4E010000 		.4byte	0x14e
 744 013e 02       		.uleb128 0x2
 745 013f 91       		.byte	0x91
 746 0140 70       		.sleb128 -16
 747 0141 09       		.uleb128 0x9
 748 0142 6E00     		.ascii	"n\000"
 749 0144 01       		.byte	0x1
 750 0145 40       		.byte	0x40
 751 0146 2C000000 		.4byte	0x2c
 752 014a 02       		.uleb128 0x2
 753 014b 91       		.byte	0x91
 754 014c 6C       		.sleb128 -20
 755 014d 00       		.byte	0
 756 014e 0B       		.uleb128 0xb
 757 014f 04       		.byte	0x4
 758 0150 54010000 		.4byte	0x154
 759 0154 0C       		.uleb128 0xc
 760 0155 08       		.uleb128 0x8
 761 0156 40020000 		.4byte	.LASF23
 762 015a 01       		.byte	0x1
 763 015b 47       		.byte	0x47
 764 015c 00000000 		.4byte	.LFB4
 765 0160 22000000 		.4byte	.LFE4-.LFB4
 766 0164 01       		.uleb128 0x1
 767 0165 9C       		.byte	0x9c
 768 0166 93010000 		.4byte	0x193
 769 016a 0A       		.uleb128 0xa
 770 016b 8E000000 		.4byte	.LASF22
 771 016f 01       		.byte	0x1
 772 0170 47       		.byte	0x47
 773 0171 7D000000 		.4byte	0x7d
 774 0175 02       		.uleb128 0x2
 775 0176 91       		.byte	0x91
 776 0177 74       		.sleb128 -12
 777 0178 09       		.uleb128 0x9
 778 0179 73726300 		.ascii	"src\000"
 779 017d 01       		.byte	0x1
 780 017e 47       		.byte	0x47
 781 017f 4E010000 		.4byte	0x14e
 782 0183 02       		.uleb128 0x2
 783 0184 91       		.byte	0x91
 784 0185 70       		.sleb128 -16
 785 0186 09       		.uleb128 0x9
 786 0187 6E00     		.ascii	"n\000"
 787 0189 01       		.byte	0x1
 788 018a 47       		.byte	0x47
 789 018b 2C000000 		.4byte	0x2c
 790 018f 02       		.uleb128 0x2
 791 0190 91       		.byte	0x91
 792 0191 6C       		.sleb128 -20
ARM GAS  C:\Users\GLENNL~1\AppData\Local\Temp\ccbSBNdu.s 			page 21


 793 0192 00       		.byte	0
 794 0193 0D       		.uleb128 0xd
 795 0194 6D000000 		.4byte	.LASF24
 796 0198 01       		.byte	0x1
 797 0199 8C       		.byte	0x8c
 798 019a 00000000 		.4byte	.LFB5
 799 019e A4000000 		.4byte	.LFE5-.LFB5
 800 01a2 01       		.uleb128 0x1
 801 01a3 9C       		.byte	0x9c
 802 01a4 76020000 		.4byte	0x276
 803 01a8 0A       		.uleb128 0xa
 804 01a9 D4000000 		.4byte	.LASF25
 805 01ad 01       		.byte	0x1
 806 01ae 8C       		.byte	0x8c
 807 01af 86000000 		.4byte	0x86
 808 01b3 02       		.uleb128 0x2
 809 01b4 91       		.byte	0x91
 810 01b5 6F       		.sleb128 -17
 811 01b6 0E       		.uleb128 0xe
 812 01b7 03       		.byte	0x3
 813 01b8 01       		.byte	0x1
 814 01b9 8E       		.byte	0x8e
 815 01ba E3010000 		.4byte	0x1e3
 816 01be 0F       		.uleb128 0xf
 817 01bf 02020000 		.4byte	.LASF26
 818 01c3 01       		.byte	0x1
 819 01c4 8F       		.byte	0x8f
 820 01c5 86000000 		.4byte	0x86
 821 01c9 00       		.byte	0
 822 01ca 0F       		.uleb128 0xf
 823 01cb F9010000 		.4byte	.LASF27
 824 01cf 01       		.byte	0x1
 825 01d0 90       		.byte	0x90
 826 01d1 86000000 		.4byte	0x86
 827 01d5 01       		.byte	0x1
 828 01d6 0F       		.uleb128 0xf
 829 01d7 4A000000 		.4byte	.LASF28
 830 01db 01       		.byte	0x1
 831 01dc 91       		.byte	0x91
 832 01dd 86000000 		.4byte	0x86
 833 01e1 02       		.byte	0x2
 834 01e2 00       		.byte	0
 835 01e3 03       		.uleb128 0x3
 836 01e4 1E000000 		.4byte	.LASF29
 837 01e8 01       		.byte	0x1
 838 01e9 92       		.byte	0x92
 839 01ea B6010000 		.4byte	0x1b6
 840 01ee 0E       		.uleb128 0xe
 841 01ef 0C       		.byte	0xc
 842 01f0 01       		.byte	0x1
 843 01f1 94       		.byte	0x94
 844 01f2 13020000 		.4byte	0x213
 845 01f6 10       		.uleb128 0x10
 846 01f7 E3010000 		.4byte	0x1e3
 847 01fb 06020000 		.4byte	0x206
 848 01ff 11       		.uleb128 0x11
 849 0200 76000000 		.4byte	0x76
ARM GAS  C:\Users\GLENNL~1\AppData\Local\Temp\ccbSBNdu.s 			page 22


 850 0204 03       		.byte	0x3
 851 0205 00       		.byte	0
 852 0206 0F       		.uleb128 0xf
 853 0207 25020000 		.4byte	.LASF30
 854 020b 01       		.byte	0x1
 855 020c 95       		.byte	0x95
 856 020d F6010000 		.4byte	0x1f6
 857 0211 00       		.byte	0
 858 0212 00       		.byte	0
 859 0213 03       		.uleb128 0x3
 860 0214 8E010000 		.4byte	.LASF31
 861 0218 01       		.byte	0x1
 862 0219 96       		.byte	0x96
 863 021a EE010000 		.4byte	0x1ee
 864 021e 12       		.uleb128 0x12
 865 021f 0D020000 		.4byte	.LASF32
 866 0223 01       		.byte	0x1
 867 0224 98       		.byte	0x98
 868 0225 2F020000 		.4byte	0x22f
 869 0229 05       		.uleb128 0x5
 870 022a 03       		.byte	0x3
 871 022b 00000000 		.4byte	imo_trim_table.4717
 872 022f 0B       		.uleb128 0xb
 873 0230 04       		.byte	0x4
 874 0231 35020000 		.4byte	0x235
 875 0235 13       		.uleb128 0x13
 876 0236 13020000 		.4byte	0x213
 877 023a 12       		.uleb128 0x12
 878 023b E8000000 		.4byte	.LASF33
 879 023f 01       		.byte	0x1
 880 0240 99       		.byte	0x99
 881 0241 76020000 		.4byte	0x276
 882 0245 05       		.uleb128 0x5
 883 0246 03       		.byte	0x3
 884 0247 00000000 		.4byte	IMO_TRIM_FREQ_TABLE_ENTRIES.4718
 885 024b 12       		.uleb128 0x12
 886 024c 81000000 		.4byte	.LASF34
 887 0250 01       		.byte	0x1
 888 0251 9B       		.byte	0x9b
 889 0252 A7000000 		.4byte	0xa7
 890 0256 02       		.uleb128 0x2
 891 0257 91       		.byte	0x91
 892 0258 74       		.sleb128 -12
 893 0259 12       		.uleb128 0x12
 894 025a 2D020000 		.4byte	.LASF35
 895 025e 01       		.byte	0x1
 896 025f 9C       		.byte	0x9c
 897 0260 86000000 		.4byte	0x86
 898 0264 02       		.uleb128 0x2
 899 0265 91       		.byte	0x91
 900 0266 73       		.sleb128 -13
 901 0267 12       		.uleb128 0x12
 902 0268 DD010000 		.4byte	.LASF36
 903 026c 01       		.byte	0x1
 904 026d 9D       		.byte	0x9d
 905 026e 86000000 		.4byte	0x86
 906 0272 02       		.uleb128 0x2
ARM GAS  C:\Users\GLENNL~1\AppData\Local\Temp\ccbSBNdu.s 			page 23


 907 0273 91       		.byte	0x91
 908 0274 72       		.sleb128 -14
 909 0275 00       		.byte	0
 910 0276 13       		.uleb128 0x13
 911 0277 9C000000 		.4byte	0x9c
 912 027b 14       		.uleb128 0x14
 913 027c 3F000000 		.4byte	.LASF37
 914 0280 01       		.byte	0x1
 915 0281 C3       		.byte	0xc3
 916 0282 A4000000 		.4byte	.LFB6
 917 0286 BC000000 		.4byte	.LFE6-.LFB6
 918 028a 01       		.uleb128 0x1
 919 028b 9C       		.byte	0x9c
 920 028c 15       		.uleb128 0x15
 921 028d 0D000000 		.4byte	.LASF38
 922 0291 01       		.byte	0x1
 923 0292 FF       		.byte	0xff
 924 0293 00000000 		.4byte	.LFB7
 925 0297 28000000 		.4byte	.LFE7-.LFB7
 926 029b 01       		.uleb128 0x1
 927 029c 9C       		.byte	0x9c
 928 029d 16       		.uleb128 0x16
 929 029e 1F010000 		.4byte	.LASF46
 930 02a2 01       		.byte	0x1
 931 02a3 1A01     		.2byte	0x11a
 932 02a5 60010000 		.4byte	.LFB8
 933 02a9 18010000 		.4byte	.LFE8-.LFB8
 934 02ad 01       		.uleb128 0x1
 935 02ae 9C       		.byte	0x9c
 936 02af 17       		.uleb128 0x17
 937 02b0 6E010000 		.4byte	.LBB2
 938 02b4 CA000000 		.4byte	.LBE2-.LBB2
 939 02b8 18       		.uleb128 0x18
 940 02b9 06       		.byte	0x6
 941 02ba 01       		.byte	0x1
 942 02bb 2301     		.2byte	0x123
 943 02bd DC020000 		.4byte	0x2dc
 944 02c1 19       		.uleb128 0x19
 945 02c2 2C010000 		.4byte	.LASF39
 946 02c6 01       		.byte	0x1
 947 02c7 2401     		.2byte	0x124
 948 02c9 7D000000 		.4byte	0x7d
 949 02cd 00       		.byte	0
 950 02ce 19       		.uleb128 0x19
 951 02cf 93000000 		.4byte	.LASF40
 952 02d3 01       		.byte	0x1
 953 02d4 2501     		.2byte	0x125
 954 02d6 91000000 		.4byte	0x91
 955 02da 04       		.byte	0x4
 956 02db 00       		.byte	0
 957 02dc 06       		.uleb128 0x6
 958 02dd 9F010000 		.4byte	.LASF41
 959 02e1 01       		.byte	0x1
 960 02e2 2601     		.2byte	0x126
 961 02e4 B8020000 		.4byte	0x2b8
 962 02e8 10       		.uleb128 0x10
 963 02e9 DC020000 		.4byte	0x2dc
ARM GAS  C:\Users\GLENNL~1\AppData\Local\Temp\ccbSBNdu.s 			page 24


 964 02ed F8020000 		.4byte	0x2f8
 965 02f1 11       		.uleb128 0x11
 966 02f2 76000000 		.4byte	0x76
 967 02f6 01       		.byte	0x1
 968 02f7 00       		.byte	0
 969 02f8 1A       		.uleb128 0x1a
 970 02f9 2F000000 		.4byte	.LASF42
 971 02fd 01       		.byte	0x1
 972 02fe 2801     		.2byte	0x128
 973 0300 0A030000 		.4byte	0x30a
 974 0304 05       		.uleb128 0x5
 975 0305 03       		.byte	0x3
 976 0306 04000000 		.4byte	cfg_memset_list.4742
 977 030a 13       		.uleb128 0x13
 978 030b E8020000 		.4byte	0x2e8
 979 030f 1B       		.uleb128 0x1b
 980 0310 6900     		.ascii	"i\000"
 981 0312 01       		.byte	0x1
 982 0313 2E01     		.2byte	0x12e
 983 0315 86000000 		.4byte	0x86
 984 0319 02       		.uleb128 0x2
 985 031a 91       		.byte	0x91
 986 031b 77       		.sleb128 -9
 987 031c 17       		.uleb128 0x17
 988 031d 76010000 		.4byte	.LBB3
 989 0321 3E000000 		.4byte	.LBE3-.LBB3
 990 0325 1B       		.uleb128 0x1b
 991 0326 6D7300   		.ascii	"ms\000"
 992 0329 01       		.byte	0x1
 993 032a 3301     		.2byte	0x133
 994 032c 33030000 		.4byte	0x333
 995 0330 02       		.uleb128 0x2
 996 0331 91       		.byte	0x91
 997 0332 70       		.sleb128 -16
 998 0333 0B       		.uleb128 0xb
 999 0334 04       		.byte	0x4
 1000 0335 39030000 		.4byte	0x339
 1001 0339 13       		.uleb128 0x13
 1002 033a DC020000 		.4byte	0x2dc
 1003 033e 00       		.byte	0
 1004 033f 00       		.byte	0
 1005 0340 00       		.byte	0
 1006 0341 00       		.byte	0
 1007              		.section	.debug_abbrev,"",%progbits
 1008              	.Ldebug_abbrev0:
 1009 0000 01       		.uleb128 0x1
 1010 0001 11       		.uleb128 0x11
 1011 0002 01       		.byte	0x1
 1012 0003 25       		.uleb128 0x25
 1013 0004 0E       		.uleb128 0xe
 1014 0005 13       		.uleb128 0x13
 1015 0006 0B       		.uleb128 0xb
 1016 0007 03       		.uleb128 0x3
 1017 0008 0E       		.uleb128 0xe
 1018 0009 1B       		.uleb128 0x1b
 1019 000a 0E       		.uleb128 0xe
 1020 000b 55       		.uleb128 0x55
ARM GAS  C:\Users\GLENNL~1\AppData\Local\Temp\ccbSBNdu.s 			page 25


 1021 000c 17       		.uleb128 0x17
 1022 000d 11       		.uleb128 0x11
 1023 000e 01       		.uleb128 0x1
 1024 000f 10       		.uleb128 0x10
 1025 0010 17       		.uleb128 0x17
 1026 0011 00       		.byte	0
 1027 0012 00       		.byte	0
 1028 0013 02       		.uleb128 0x2
 1029 0014 24       		.uleb128 0x24
 1030 0015 00       		.byte	0
 1031 0016 0B       		.uleb128 0xb
 1032 0017 0B       		.uleb128 0xb
 1033 0018 3E       		.uleb128 0x3e
 1034 0019 0B       		.uleb128 0xb
 1035 001a 03       		.uleb128 0x3
 1036 001b 08       		.uleb128 0x8
 1037 001c 00       		.byte	0
 1038 001d 00       		.byte	0
 1039 001e 03       		.uleb128 0x3
 1040 001f 16       		.uleb128 0x16
 1041 0020 00       		.byte	0
 1042 0021 03       		.uleb128 0x3
 1043 0022 0E       		.uleb128 0xe
 1044 0023 3A       		.uleb128 0x3a
 1045 0024 0B       		.uleb128 0xb
 1046 0025 3B       		.uleb128 0x3b
 1047 0026 0B       		.uleb128 0xb
 1048 0027 49       		.uleb128 0x49
 1049 0028 13       		.uleb128 0x13
 1050 0029 00       		.byte	0
 1051 002a 00       		.byte	0
 1052 002b 04       		.uleb128 0x4
 1053 002c 24       		.uleb128 0x24
 1054 002d 00       		.byte	0
 1055 002e 0B       		.uleb128 0xb
 1056 002f 0B       		.uleb128 0xb
 1057 0030 3E       		.uleb128 0x3e
 1058 0031 0B       		.uleb128 0xb
 1059 0032 03       		.uleb128 0x3
 1060 0033 0E       		.uleb128 0xe
 1061 0034 00       		.byte	0
 1062 0035 00       		.byte	0
 1063 0036 05       		.uleb128 0x5
 1064 0037 0F       		.uleb128 0xf
 1065 0038 00       		.byte	0
 1066 0039 0B       		.uleb128 0xb
 1067 003a 0B       		.uleb128 0xb
 1068 003b 00       		.byte	0
 1069 003c 00       		.byte	0
 1070 003d 06       		.uleb128 0x6
 1071 003e 16       		.uleb128 0x16
 1072 003f 00       		.byte	0
 1073 0040 03       		.uleb128 0x3
 1074 0041 0E       		.uleb128 0xe
 1075 0042 3A       		.uleb128 0x3a
 1076 0043 0B       		.uleb128 0xb
 1077 0044 3B       		.uleb128 0x3b
ARM GAS  C:\Users\GLENNL~1\AppData\Local\Temp\ccbSBNdu.s 			page 26


 1078 0045 05       		.uleb128 0x5
 1079 0046 49       		.uleb128 0x49
 1080 0047 13       		.uleb128 0x13
 1081 0048 00       		.byte	0
 1082 0049 00       		.byte	0
 1083 004a 07       		.uleb128 0x7
 1084 004b 35       		.uleb128 0x35
 1085 004c 00       		.byte	0
 1086 004d 49       		.uleb128 0x49
 1087 004e 13       		.uleb128 0x13
 1088 004f 00       		.byte	0
 1089 0050 00       		.byte	0
 1090 0051 08       		.uleb128 0x8
 1091 0052 2E       		.uleb128 0x2e
 1092 0053 01       		.byte	0x1
 1093 0054 03       		.uleb128 0x3
 1094 0055 0E       		.uleb128 0xe
 1095 0056 3A       		.uleb128 0x3a
 1096 0057 0B       		.uleb128 0xb
 1097 0058 3B       		.uleb128 0x3b
 1098 0059 0B       		.uleb128 0xb
 1099 005a 27       		.uleb128 0x27
 1100 005b 19       		.uleb128 0x19
 1101 005c 11       		.uleb128 0x11
 1102 005d 01       		.uleb128 0x1
 1103 005e 12       		.uleb128 0x12
 1104 005f 06       		.uleb128 0x6
 1105 0060 40       		.uleb128 0x40
 1106 0061 18       		.uleb128 0x18
 1107 0062 9642     		.uleb128 0x2116
 1108 0064 19       		.uleb128 0x19
 1109 0065 01       		.uleb128 0x1
 1110 0066 13       		.uleb128 0x13
 1111 0067 00       		.byte	0
 1112 0068 00       		.byte	0
 1113 0069 09       		.uleb128 0x9
 1114 006a 05       		.uleb128 0x5
 1115 006b 00       		.byte	0
 1116 006c 03       		.uleb128 0x3
 1117 006d 08       		.uleb128 0x8
 1118 006e 3A       		.uleb128 0x3a
 1119 006f 0B       		.uleb128 0xb
 1120 0070 3B       		.uleb128 0x3b
 1121 0071 0B       		.uleb128 0xb
 1122 0072 49       		.uleb128 0x49
 1123 0073 13       		.uleb128 0x13
 1124 0074 02       		.uleb128 0x2
 1125 0075 18       		.uleb128 0x18
 1126 0076 00       		.byte	0
 1127 0077 00       		.byte	0
 1128 0078 0A       		.uleb128 0xa
 1129 0079 05       		.uleb128 0x5
 1130 007a 00       		.byte	0
 1131 007b 03       		.uleb128 0x3
 1132 007c 0E       		.uleb128 0xe
 1133 007d 3A       		.uleb128 0x3a
 1134 007e 0B       		.uleb128 0xb
ARM GAS  C:\Users\GLENNL~1\AppData\Local\Temp\ccbSBNdu.s 			page 27


 1135 007f 3B       		.uleb128 0x3b
 1136 0080 0B       		.uleb128 0xb
 1137 0081 49       		.uleb128 0x49
 1138 0082 13       		.uleb128 0x13
 1139 0083 02       		.uleb128 0x2
 1140 0084 18       		.uleb128 0x18
 1141 0085 00       		.byte	0
 1142 0086 00       		.byte	0
 1143 0087 0B       		.uleb128 0xb
 1144 0088 0F       		.uleb128 0xf
 1145 0089 00       		.byte	0
 1146 008a 0B       		.uleb128 0xb
 1147 008b 0B       		.uleb128 0xb
 1148 008c 49       		.uleb128 0x49
 1149 008d 13       		.uleb128 0x13
 1150 008e 00       		.byte	0
 1151 008f 00       		.byte	0
 1152 0090 0C       		.uleb128 0xc
 1153 0091 26       		.uleb128 0x26
 1154 0092 00       		.byte	0
 1155 0093 00       		.byte	0
 1156 0094 00       		.byte	0
 1157 0095 0D       		.uleb128 0xd
 1158 0096 2E       		.uleb128 0x2e
 1159 0097 01       		.byte	0x1
 1160 0098 03       		.uleb128 0x3
 1161 0099 0E       		.uleb128 0xe
 1162 009a 3A       		.uleb128 0x3a
 1163 009b 0B       		.uleb128 0xb
 1164 009c 3B       		.uleb128 0x3b
 1165 009d 0B       		.uleb128 0xb
 1166 009e 27       		.uleb128 0x27
 1167 009f 19       		.uleb128 0x19
 1168 00a0 11       		.uleb128 0x11
 1169 00a1 01       		.uleb128 0x1
 1170 00a2 12       		.uleb128 0x12
 1171 00a3 06       		.uleb128 0x6
 1172 00a4 40       		.uleb128 0x40
 1173 00a5 18       		.uleb128 0x18
 1174 00a6 9742     		.uleb128 0x2117
 1175 00a8 19       		.uleb128 0x19
 1176 00a9 01       		.uleb128 0x1
 1177 00aa 13       		.uleb128 0x13
 1178 00ab 00       		.byte	0
 1179 00ac 00       		.byte	0
 1180 00ad 0E       		.uleb128 0xe
 1181 00ae 13       		.uleb128 0x13
 1182 00af 01       		.byte	0x1
 1183 00b0 0B       		.uleb128 0xb
 1184 00b1 0B       		.uleb128 0xb
 1185 00b2 3A       		.uleb128 0x3a
 1186 00b3 0B       		.uleb128 0xb
 1187 00b4 3B       		.uleb128 0x3b
 1188 00b5 0B       		.uleb128 0xb
 1189 00b6 01       		.uleb128 0x1
 1190 00b7 13       		.uleb128 0x13
 1191 00b8 00       		.byte	0
ARM GAS  C:\Users\GLENNL~1\AppData\Local\Temp\ccbSBNdu.s 			page 28


 1192 00b9 00       		.byte	0
 1193 00ba 0F       		.uleb128 0xf
 1194 00bb 0D       		.uleb128 0xd
 1195 00bc 00       		.byte	0
 1196 00bd 03       		.uleb128 0x3
 1197 00be 0E       		.uleb128 0xe
 1198 00bf 3A       		.uleb128 0x3a
 1199 00c0 0B       		.uleb128 0xb
 1200 00c1 3B       		.uleb128 0x3b
 1201 00c2 0B       		.uleb128 0xb
 1202 00c3 49       		.uleb128 0x49
 1203 00c4 13       		.uleb128 0x13
 1204 00c5 38       		.uleb128 0x38
 1205 00c6 0B       		.uleb128 0xb
 1206 00c7 00       		.byte	0
 1207 00c8 00       		.byte	0
 1208 00c9 10       		.uleb128 0x10
 1209 00ca 01       		.uleb128 0x1
 1210 00cb 01       		.byte	0x1
 1211 00cc 49       		.uleb128 0x49
 1212 00cd 13       		.uleb128 0x13
 1213 00ce 01       		.uleb128 0x1
 1214 00cf 13       		.uleb128 0x13
 1215 00d0 00       		.byte	0
 1216 00d1 00       		.byte	0
 1217 00d2 11       		.uleb128 0x11
 1218 00d3 21       		.uleb128 0x21
 1219 00d4 00       		.byte	0
 1220 00d5 49       		.uleb128 0x49
 1221 00d6 13       		.uleb128 0x13
 1222 00d7 2F       		.uleb128 0x2f
 1223 00d8 0B       		.uleb128 0xb
 1224 00d9 00       		.byte	0
 1225 00da 00       		.byte	0
 1226 00db 12       		.uleb128 0x12
 1227 00dc 34       		.uleb128 0x34
 1228 00dd 00       		.byte	0
 1229 00de 03       		.uleb128 0x3
 1230 00df 0E       		.uleb128 0xe
 1231 00e0 3A       		.uleb128 0x3a
 1232 00e1 0B       		.uleb128 0xb
 1233 00e2 3B       		.uleb128 0x3b
 1234 00e3 0B       		.uleb128 0xb
 1235 00e4 49       		.uleb128 0x49
 1236 00e5 13       		.uleb128 0x13
 1237 00e6 02       		.uleb128 0x2
 1238 00e7 18       		.uleb128 0x18
 1239 00e8 00       		.byte	0
 1240 00e9 00       		.byte	0
 1241 00ea 13       		.uleb128 0x13
 1242 00eb 26       		.uleb128 0x26
 1243 00ec 00       		.byte	0
 1244 00ed 49       		.uleb128 0x49
 1245 00ee 13       		.uleb128 0x13
 1246 00ef 00       		.byte	0
 1247 00f0 00       		.byte	0
 1248 00f1 14       		.uleb128 0x14
ARM GAS  C:\Users\GLENNL~1\AppData\Local\Temp\ccbSBNdu.s 			page 29


 1249 00f2 2E       		.uleb128 0x2e
 1250 00f3 00       		.byte	0
 1251 00f4 03       		.uleb128 0x3
 1252 00f5 0E       		.uleb128 0xe
 1253 00f6 3A       		.uleb128 0x3a
 1254 00f7 0B       		.uleb128 0xb
 1255 00f8 3B       		.uleb128 0x3b
 1256 00f9 0B       		.uleb128 0xb
 1257 00fa 27       		.uleb128 0x27
 1258 00fb 19       		.uleb128 0x19
 1259 00fc 11       		.uleb128 0x11
 1260 00fd 01       		.uleb128 0x1
 1261 00fe 12       		.uleb128 0x12
 1262 00ff 06       		.uleb128 0x6
 1263 0100 40       		.uleb128 0x40
 1264 0101 18       		.uleb128 0x18
 1265 0102 9642     		.uleb128 0x2116
 1266 0104 19       		.uleb128 0x19
 1267 0105 00       		.byte	0
 1268 0106 00       		.byte	0
 1269 0107 15       		.uleb128 0x15
 1270 0108 2E       		.uleb128 0x2e
 1271 0109 00       		.byte	0
 1272 010a 03       		.uleb128 0x3
 1273 010b 0E       		.uleb128 0xe
 1274 010c 3A       		.uleb128 0x3a
 1275 010d 0B       		.uleb128 0xb
 1276 010e 3B       		.uleb128 0x3b
 1277 010f 0B       		.uleb128 0xb
 1278 0110 27       		.uleb128 0x27
 1279 0111 19       		.uleb128 0x19
 1280 0112 11       		.uleb128 0x11
 1281 0113 01       		.uleb128 0x1
 1282 0114 12       		.uleb128 0x12
 1283 0115 06       		.uleb128 0x6
 1284 0116 40       		.uleb128 0x40
 1285 0117 18       		.uleb128 0x18
 1286 0118 9742     		.uleb128 0x2117
 1287 011a 19       		.uleb128 0x19
 1288 011b 00       		.byte	0
 1289 011c 00       		.byte	0
 1290 011d 16       		.uleb128 0x16
 1291 011e 2E       		.uleb128 0x2e
 1292 011f 01       		.byte	0x1
 1293 0120 3F       		.uleb128 0x3f
 1294 0121 19       		.uleb128 0x19
 1295 0122 03       		.uleb128 0x3
 1296 0123 0E       		.uleb128 0xe
 1297 0124 3A       		.uleb128 0x3a
 1298 0125 0B       		.uleb128 0xb
 1299 0126 3B       		.uleb128 0x3b
 1300 0127 05       		.uleb128 0x5
 1301 0128 27       		.uleb128 0x27
 1302 0129 19       		.uleb128 0x19
 1303 012a 11       		.uleb128 0x11
 1304 012b 01       		.uleb128 0x1
 1305 012c 12       		.uleb128 0x12
ARM GAS  C:\Users\GLENNL~1\AppData\Local\Temp\ccbSBNdu.s 			page 30


 1306 012d 06       		.uleb128 0x6
 1307 012e 40       		.uleb128 0x40
 1308 012f 18       		.uleb128 0x18
 1309 0130 9642     		.uleb128 0x2116
 1310 0132 19       		.uleb128 0x19
 1311 0133 00       		.byte	0
 1312 0134 00       		.byte	0
 1313 0135 17       		.uleb128 0x17
 1314 0136 0B       		.uleb128 0xb
 1315 0137 01       		.byte	0x1
 1316 0138 11       		.uleb128 0x11
 1317 0139 01       		.uleb128 0x1
 1318 013a 12       		.uleb128 0x12
 1319 013b 06       		.uleb128 0x6
 1320 013c 00       		.byte	0
 1321 013d 00       		.byte	0
 1322 013e 18       		.uleb128 0x18
 1323 013f 13       		.uleb128 0x13
 1324 0140 01       		.byte	0x1
 1325 0141 0B       		.uleb128 0xb
 1326 0142 0B       		.uleb128 0xb
 1327 0143 3A       		.uleb128 0x3a
 1328 0144 0B       		.uleb128 0xb
 1329 0145 3B       		.uleb128 0x3b
 1330 0146 05       		.uleb128 0x5
 1331 0147 01       		.uleb128 0x1
 1332 0148 13       		.uleb128 0x13
 1333 0149 00       		.byte	0
 1334 014a 00       		.byte	0
 1335 014b 19       		.uleb128 0x19
 1336 014c 0D       		.uleb128 0xd
 1337 014d 00       		.byte	0
 1338 014e 03       		.uleb128 0x3
 1339 014f 0E       		.uleb128 0xe
 1340 0150 3A       		.uleb128 0x3a
 1341 0151 0B       		.uleb128 0xb
 1342 0152 3B       		.uleb128 0x3b
 1343 0153 05       		.uleb128 0x5
 1344 0154 49       		.uleb128 0x49
 1345 0155 13       		.uleb128 0x13
 1346 0156 38       		.uleb128 0x38
 1347 0157 0B       		.uleb128 0xb
 1348 0158 00       		.byte	0
 1349 0159 00       		.byte	0
 1350 015a 1A       		.uleb128 0x1a
 1351 015b 34       		.uleb128 0x34
 1352 015c 00       		.byte	0
 1353 015d 03       		.uleb128 0x3
 1354 015e 0E       		.uleb128 0xe
 1355 015f 3A       		.uleb128 0x3a
 1356 0160 0B       		.uleb128 0xb
 1357 0161 3B       		.uleb128 0x3b
 1358 0162 05       		.uleb128 0x5
 1359 0163 49       		.uleb128 0x49
 1360 0164 13       		.uleb128 0x13
 1361 0165 02       		.uleb128 0x2
 1362 0166 18       		.uleb128 0x18
ARM GAS  C:\Users\GLENNL~1\AppData\Local\Temp\ccbSBNdu.s 			page 31


 1363 0167 00       		.byte	0
 1364 0168 00       		.byte	0
 1365 0169 1B       		.uleb128 0x1b
 1366 016a 34       		.uleb128 0x34
 1367 016b 00       		.byte	0
 1368 016c 03       		.uleb128 0x3
 1369 016d 08       		.uleb128 0x8
 1370 016e 3A       		.uleb128 0x3a
 1371 016f 0B       		.uleb128 0xb
 1372 0170 3B       		.uleb128 0x3b
 1373 0171 05       		.uleb128 0x5
 1374 0172 49       		.uleb128 0x49
 1375 0173 13       		.uleb128 0x13
 1376 0174 02       		.uleb128 0x2
 1377 0175 18       		.uleb128 0x18
 1378 0176 00       		.byte	0
 1379 0177 00       		.byte	0
 1380 0178 00       		.byte	0
 1381              		.section	.debug_aranges,"",%progbits
 1382 0000 4C000000 		.4byte	0x4c
 1383 0004 0200     		.2byte	0x2
 1384 0006 00000000 		.4byte	.Ldebug_info0
 1385 000a 04       		.byte	0x4
 1386 000b 00       		.byte	0
 1387 000c 0000     		.2byte	0
 1388 000e 0000     		.2byte	0
 1389 0010 00000000 		.4byte	.LFB2
 1390 0014 1E000000 		.4byte	.LFE2-.LFB2
 1391 0018 00000000 		.4byte	.LFB3
 1392 001c 22000000 		.4byte	.LFE3-.LFB3
 1393 0020 00000000 		.4byte	.LFB4
 1394 0024 22000000 		.4byte	.LFE4-.LFB4
 1395 0028 00000000 		.4byte	.LFB5
 1396 002c A4000000 		.4byte	.LFE5-.LFB5
 1397 0030 A4000000 		.4byte	.LFB6
 1398 0034 BC000000 		.4byte	.LFE6-.LFB6
 1399 0038 00000000 		.4byte	.LFB7
 1400 003c 28000000 		.4byte	.LFE7-.LFB7
 1401 0040 60010000 		.4byte	.LFB8
 1402 0044 18010000 		.4byte	.LFE8-.LFB8
 1403 0048 00000000 		.4byte	0
 1404 004c 00000000 		.4byte	0
 1405              		.section	.debug_ranges,"",%progbits
 1406              	.Ldebug_ranges0:
 1407 0000 00000000 		.4byte	.LFB2
 1408 0004 1E000000 		.4byte	.LFE2
 1409 0008 00000000 		.4byte	.LFB3
 1410 000c 22000000 		.4byte	.LFE3
 1411 0010 00000000 		.4byte	.LFB4
 1412 0014 22000000 		.4byte	.LFE4
 1413 0018 00000000 		.4byte	.LFB5
 1414 001c A4000000 		.4byte	.LFE5
 1415 0020 A4000000 		.4byte	.LFB6
 1416 0024 60010000 		.4byte	.LFE6
 1417 0028 00000000 		.4byte	.LFB7
 1418 002c 28000000 		.4byte	.LFE7
 1419 0030 60010000 		.4byte	.LFB8
ARM GAS  C:\Users\GLENNL~1\AppData\Local\Temp\ccbSBNdu.s 			page 32


 1420 0034 78020000 		.4byte	.LFE8
 1421 0038 00000000 		.4byte	0
 1422 003c 00000000 		.4byte	0
 1423              		.section	.debug_line,"",%progbits
 1424              	.Ldebug_line0:
 1425 0000 7D010000 		.section	.debug_str,"MS",%progbits,1
 1425      0200CA00 
 1425      00000201 
 1425      FB0E0D00 
 1425      01010101 
 1426              	.LASF19:
 1427 0000 72656733 		.ascii	"reg32\000"
 1427      3200
 1428              	.LASF11:
 1429 0006 73697A65 		.ascii	"size_t\000"
 1429      5F7400
 1430              	.LASF38:
 1431 000d 416E616C 		.ascii	"AnalogSetDefault\000"
 1431      6F675365 
 1431      74446566 
 1431      61756C74 
 1431      00
 1432              	.LASF29:
 1433 001e 696D6F5F 		.ascii	"imo_trim_entry_t\000"
 1433      7472696D 
 1433      5F656E74 
 1433      72795F74 
 1433      00
 1434              	.LASF42:
 1435 002f 6366675F 		.ascii	"cfg_memset_list\000"
 1435      6D656D73 
 1435      65745F6C 
 1435      69737400 
 1436              	.LASF37:
 1437 003f 436C6F63 		.ascii	"ClockSetup\000"
 1437      6B536574 
 1437      757000
 1438              	.LASF28:
 1439 004a 746D7063 		.ascii	"tmpco\000"
 1439      6F00
 1440              	.LASF4:
 1441 0050 73686F72 		.ascii	"short unsigned int\000"
 1441      7420756E 
 1441      7369676E 
 1441      65642069 
 1441      6E7400
 1442              	.LASF3:
 1443 0063 73686F72 		.ascii	"short int\000"
 1443      7420696E 
 1443      7400
 1444              	.LASF24:
 1445 006d 53657449 		.ascii	"SetIMOBGTrims\000"
 1445      4D4F4247 
 1445      5472696D 
 1445      7300
 1446              	.LASF16:
 1447 007b 666C6F61 		.ascii	"float\000"
ARM GAS  C:\Users\GLENNL~1\AppData\Local\Temp\ccbSBNdu.s 			page 33


 1447      7400
 1448              	.LASF34:
 1449 0081 696D6F54 		.ascii	"imoTrimIndex\000"
 1449      72696D49 
 1449      6E646578 
 1449      00
 1450              	.LASF22:
 1451 008e 64657374 		.ascii	"dest\000"
 1451      00
 1452              	.LASF40:
 1453 0093 73697A65 		.ascii	"size\000"
 1453      00
 1454              	.LASF18:
 1455 0098 72656738 		.ascii	"reg8\000"
 1455      00
 1456              	.LASF6:
 1457 009d 6C6F6E67 		.ascii	"long unsigned int\000"
 1457      20756E73 
 1457      69676E65 
 1457      6420696E 
 1457      7400
 1458              	.LASF15:
 1459 00af 696E7433 		.ascii	"int32\000"
 1459      3200
 1460              	.LASF20:
 1461 00b5 43594D45 		.ascii	"CYMEMZERO\000"
 1461      4D5A4552 
 1461      4F00
 1462              	.LASF2:
 1463 00bf 756E7369 		.ascii	"unsigned char\000"
 1463      676E6564 
 1463      20636861 
 1463      7200
 1464              	.LASF17:
 1465 00cd 646F7562 		.ascii	"double\000"
 1465      6C6500
 1466              	.LASF25:
 1467 00d4 696D6F46 		.ascii	"imoFreq\000"
 1467      72657100 
 1468              	.LASF21:
 1469 00dc 4359434F 		.ascii	"CYCONFIGCPY\000"
 1469      4E464947 
 1469      43505900 
 1470              	.LASF33:
 1471 00e8 494D4F5F 		.ascii	"IMO_TRIM_FREQ_TABLE_ENTRIES\000"
 1471      5452494D 
 1471      5F465245 
 1471      515F5441 
 1471      424C455F 
 1472              	.LASF13:
 1473 0104 75696E74 		.ascii	"uint16\000"
 1473      313600
 1474              	.LASF14:
 1475 010b 75696E74 		.ascii	"uint32\000"
 1475      333200
 1476              	.LASF0:
 1477 0112 756E7369 		.ascii	"unsigned int\000"
ARM GAS  C:\Users\GLENNL~1\AppData\Local\Temp\ccbSBNdu.s 			page 34


 1477      676E6564 
 1477      20696E74 
 1477      00
 1478              	.LASF46:
 1479 011f 63796669 		.ascii	"cyfitter_cfg\000"
 1479      74746572 
 1479      5F636667 
 1479      00
 1480              	.LASF39:
 1481 012c 61646472 		.ascii	"address\000"
 1481      65737300 
 1482              	.LASF8:
 1483 0134 6C6F6E67 		.ascii	"long long unsigned int\000"
 1483      206C6F6E 
 1483      6720756E 
 1483      7369676E 
 1483      65642069 
 1484              	.LASF45:
 1485 014b 5A3A5C44 		.ascii	"Z:\\Documents\\Github Clones\\PSoC.Playground\\PROJ"
 1485      6F63756D 
 1485      656E7473 
 1485      5C476974 
 1485      68756220 
 1486 017a 45435453 		.ascii	"ECTS\\USB-UART.cydsn\000"
 1486      5C555342 
 1486      2D554152 
 1486      542E6379 
 1486      64736E00 
 1487              	.LASF31:
 1488 018e 696D6F5F 		.ascii	"imo_trim_table_t\000"
 1488      7472696D 
 1488      5F746162 
 1488      6C655F74 
 1488      00
 1489              	.LASF41:
 1490 019f 6366675F 		.ascii	"cfg_memset_t\000"
 1490      6D656D73 
 1490      65745F74 
 1490      00
 1491              	.LASF44:
 1492 01ac 2E5C4765 		.ascii	".\\Generated_Source\\PSoC4\\cyfitter_cfg.c\000"
 1492      6E657261 
 1492      7465645F 
 1492      536F7572 
 1492      63655C50 
 1493              	.LASF9:
 1494 01d4 73697A65 		.ascii	"sizetype\000"
 1494      74797065 
 1494      00
 1495              	.LASF36:
 1496 01dd 73657454 		.ascii	"setTmpCo\000"
 1496      6D70436F 
 1496      00
 1497              	.LASF7:
 1498 01e6 6C6F6E67 		.ascii	"long long int\000"
 1498      206C6F6E 
 1498      6720696E 
ARM GAS  C:\Users\GLENNL~1\AppData\Local\Temp\ccbSBNdu.s 			page 35


 1498      7400
 1499              	.LASF10:
 1500 01f4 63686172 		.ascii	"char\000"
 1500      00
 1501              	.LASF27:
 1502 01f9 6162736F 		.ascii	"absolute\000"
 1502      6C757465 
 1502      00
 1503              	.LASF26:
 1504 0202 66726571 		.ascii	"freq\000"
 1504      00
 1505              	.LASF12:
 1506 0207 75696E74 		.ascii	"uint8\000"
 1506      3800
 1507              	.LASF32:
 1508 020d 696D6F5F 		.ascii	"imo_trim_table\000"
 1508      7472696D 
 1508      5F746162 
 1508      6C6500
 1509              	.LASF5:
 1510 021c 6C6F6E67 		.ascii	"long int\000"
 1510      20696E74 
 1510      00
 1511              	.LASF30:
 1512 0225 656E7472 		.ascii	"entries\000"
 1512      69657300 
 1513              	.LASF35:
 1514 022d 73657441 		.ascii	"setAbs\000"
 1514      627300
 1515              	.LASF1:
 1516 0234 7369676E 		.ascii	"signed char\000"
 1516      65642063 
 1516      68617200 
 1517              	.LASF23:
 1518 0240 4359434F 		.ascii	"CYCONFIGCPYCODE\000"
 1518      4E464947 
 1518      43505943 
 1518      4F444500 
 1519              	.LASF43:
 1520 0250 474E5520 		.ascii	"GNU C 4.8.4 20140526 (release) [ARM/embedded-4_8-br"
 1520      4320342E 
 1520      382E3420 
 1520      32303134 
 1520      30353236 
 1521 0283 616E6368 		.ascii	"anch revision 211358] -mcpu=cortex-m0 -mthumb -g -O"
 1521      20726576 
 1521      6973696F 
 1521      6E203231 
 1521      31333538 
 1522 02b6 30202D66 		.ascii	"0 -ffunction-sections\000"
 1522      66756E63 
 1522      74696F6E 
 1522      2D736563 
 1522      74696F6E 
 1523              		.ident	"GCC: (GNU Tools for ARM Embedded Processors) 4.8.4 20140526 (release) [ARM/embedded-4_8-br
