Loading plugins phase: Elapsed time ==> 1s.229ms
Initializing data phase: Elapsed time ==> 0s.000ms
<CYPRESSTAG name="CyDsfit arguments...">
cydsfit arguments: -.fdsnotice -.fdswarpdepfile=warp_dependencies.txt -.fdselabdepfile=elab_dependencies.txt -.fdsbldfile=generated_files.txt -p \\vmware-host\Shared Folders\Documents\Github Clones\PSoC.Playground\PROJECTS\Lab3_PWM\Lab3_PWM.cydsn\Lab3_PWM.cyprj -d CY8C4247LQI-BL483 -s \\vmware-host\Shared Folders\Documents\Github Clones\PSoC.Playground\PROJECTS\Lab3_PWM\Lab3_PWM.cydsn\Generated_Source\PSoC4 -- -yv2 -q10 -ygs -o2 -v3 -.fftcfgtype=LE</CYPRESSTAG>
<CYPRESSTAG name="Design elaboration results...">
</CYPRESSTAG>
Elaboration phase: Elapsed time ==> 8s.049ms
<CYPRESSTAG name="HDL generation results...">
</CYPRESSTAG>
HDL generation phase: Elapsed time ==> 0s.230ms
<CYPRESSTAG name="Synthesis results...">

     | | | | | | |
   _________________
  -|               |-
  -|               |-
  -|               |-
  -|    CYPRESS    |-
  -|               |-
  -|               |-   Warp Verilog Synthesis Compiler: Version 6.3 IR 41
  -|               |-   Copyright (C) 1991-2001 Cypress Semiconductor
   |_______________|
     | | | | | | |

======================================================================
Compiling:  Lab3_PWM.v
Program  :   C:\Program Files\Cypress\PSoC Creator\3.1\PSoC Creator\warp\bin/warp.exe
Options  :    -yv2 -q10 -ygs -o2 -v3 -.fftcfgtype=LE -ya -.fftprj=\\vmware-host\Shared Folders\Documents\Github Clones\PSoC.Playground\PROJECTS\Lab3_PWM\Lab3_PWM.cydsn\Lab3_PWM.cyprj -dcpsoc3 Lab3_PWM.v -verilog
======================================================================

======================================================================
Compiling:  Lab3_PWM.v
Program  :   C:\Program Files\Cypress\PSoC Creator\3.1\PSoC Creator\warp\bin/warp.exe
Options  :    -yv2 -q10 -ygs -o2 -v3 -.fftcfgtype=LE -ya -.fftprj=\\vmware-host\Shared Folders\Documents\Github Clones\PSoC.Playground\PROJECTS\Lab3_PWM\Lab3_PWM.cydsn\Lab3_PWM.cyprj -dcpsoc3 Lab3_PWM.v -verilog
======================================================================

======================================================================
Compiling:  Lab3_PWM.v
Program  :   vlogfe
Options  :    -yv2 -q10 -ygs -o2 -v3 -.fftcfgtype=LE -ya -.fftprj=\\vmware-host\Shared Folders\Documents\Github Clones\PSoC.Playground\PROJECTS\Lab3_PWM\Lab3_PWM.cydsn\Lab3_PWM.cyprj -dcpsoc3 -verilog Lab3_PWM.v
======================================================================

vlogfe V6.3 IR 41:  Verilog parser
Thu Jan 01 03:21:03 2015


======================================================================
Compiling:  Lab3_PWM.v
Program  :   vpp
Options  :    -yv2 -q10 Lab3_PWM.v
======================================================================

vpp V6.3 IR 41:  Verilog Pre-Processor
Thu Jan 01 03:21:04 2015

Flattening file 'C:\Program Files\Cypress\PSoC Creator\3.1\PSoC Creator\warp\..\psoc\content\cycomponentlibrary\CyComponentLibrary.cylib\B_PWM_v3_10\B_PWM_v3_10.v'
Flattening file 'C:\Program Files\Cypress\PSoC Creator\3.1\PSoC Creator\warp\lib\common\cypress.v'
Flattening file 'C:\Program Files\Cypress\PSoC Creator\3.1\PSoC Creator\warp\lib\common\cy_psoc3_inc.v'
Flattening file 'C:\Program Files\Cypress\PSoC Creator\3.1\PSoC Creator\warp\..\psoc\content\cyprimitives\CyPrimitives.cylib\cy_virtualmux_v1_0\cy_virtualmux_v1_0.v'
Flattening file 'C:\Program Files\Cypress\PSoC Creator\3.1\PSoC Creator\warp\..\psoc\content\cyprimitives\CyPrimitives.cylib\or_v1_0\or_v1_0.v'
Flattening file 'C:\Program Files\Cypress\PSoC Creator\3.1\PSoC Creator\warp\..\psoc\content\cyprimitives\CyPrimitives.cylib\ZeroTerminal\ZeroTerminal.v'
Flattening file 'C:\Program Files\Cypress\PSoC Creator\3.1\PSoC Creator\warp\..\psoc\content\cyprimitives\CyPrimitives.cylib\cy_constant_v1_0\cy_constant_v1_0.v'
Flattening file 'C:\Program Files\Cypress\PSoC Creator\3.1\PSoC Creator\warp\..\psoc\content\cyprimitives\CyPrimitives.cylib\cy_tff_v1_0\cy_tff_v1_0.v'
Flattening file 'C:\Program Files\Cypress\PSoC Creator\3.1\PSoC Creator\warp\..\psoc\content\cyprimitives\CyPrimitives.cylib\not_v1_0\not_v1_0.v'

vpp:  No errors.

Library 'work' => directory 'lcpsoc3'
General_symbol_table
General_symbol_table
Linking 'C:\Program Files\Cypress\PSoC Creator\3.1\PSoC Creator\warp\lib\common\std.vhd'.
Linking 'C:\Program Files\Cypress\PSoC Creator\3.1\PSoC Creator\warp\lib\common\cypress.vhd'.
Linking 'C:\Program Files\Cypress\PSoC Creator\3.1\PSoC Creator\warp\lib\common\work\cypress.vif'.
Linking 'C:\Program Files\Cypress\PSoC Creator\3.1\PSoC Creator\warp\lib\ieee\work\stdlogic.vif'.
Linking 'C:\Program Files\Cypress\PSoC Creator\3.1\PSoC Creator\warp\lib\common\stdlogic\lpmpkg.vif'.
Linking 'C:\Program Files\Cypress\PSoC Creator\3.1\PSoC Creator\warp\lib\common\stdlogic\rtlpkg.vif'.
Linking 'C:\Program Files\Cypress\PSoC Creator\3.1\PSoC Creator\warp\lib\common\stdlogic\mod_cnst.vif'.
Linking 'C:\Program Files\Cypress\PSoC Creator\3.1\PSoC Creator\warp\lib\common\stdlogic\mod_mthv.vif'.
Linking 'C:\Program Files\Cypress\PSoC Creator\3.1\PSoC Creator\warp\lib\common\stdlogic\mod_genv.vif'.
Using control file 'Lab3_PWM.ctl'.
C:\Program Files\Cypress\PSoC Creator\3.1\PSoC Creator\warp\..\psoc\content\cycomponentlibrary\CyComponentLibrary.cylib\B_PWM_v3_10\B_PWM_v3_10.v (line 947, col 46):  Note: Substituting module 'sub_vi_vv' for '-'.
C:\Program Files\Cypress\PSoC Creator\3.1\PSoC Creator\warp\..\psoc\content\cycomponentlibrary\CyComponentLibrary.cylib\B_PWM_v3_10\B_PWM_v3_10.v (line 977, col 46):  Note: Substituting module 'add_vi_vv' for '+'.
Linking 'C:\Program Files\Cypress\PSoC Creator\3.1\PSoC Creator\warp\lib\common\stdlogic\cy_psoc3pkg.vif'.
Linking 'C:\Program Files\Cypress\PSoC Creator\3.1\PSoC Creator\warp\lib\common\stdlogic\cy_psoc3.vif'.

vlogfe:  No errors.


======================================================================
Compiling:  Lab3_PWM.v
Program  :   tovif
Options  :    -yv2 -q10 -ygs -o2 -v3 -.fftcfgtype=LE -ya -.fftprj=\\vmware-host\Shared Folders\Documents\Github Clones\PSoC.Playground\PROJECTS\Lab3_PWM\Lab3_PWM.cydsn\Lab3_PWM.cyprj -dcpsoc3 -verilog Lab3_PWM.v
======================================================================

tovif V6.3 IR 41:  High-level synthesis
Thu Jan 01 03:21:05 2015

Linking 'C:\Program Files\Cypress\PSoC Creator\3.1\PSoC Creator\warp\lib\common\std.vhd'.
Linking 'C:\Program Files\Cypress\PSoC Creator\3.1\PSoC Creator\warp\lib\common\cypress.vhd'.
Linking 'C:\Program Files\Cypress\PSoC Creator\3.1\PSoC Creator\warp\lib\common\work\cypress.vif'.
Linking 'C:\Program Files\Cypress\PSoC Creator\3.1\PSoC Creator\warp\lib\ieee\work\stdlogic.vif'.
Linking 'C:\Program Files\Cypress\PSoC Creator\3.1\PSoC Creator\warp\lib\common\stdlogic\lpmpkg.vif'.
Linking 'C:\Program Files\Cypress\PSoC Creator\3.1\PSoC Creator\warp\lib\common\stdlogic\rtlpkg.vif'.
Linking 'C:\Program Files\Cypress\PSoC Creator\3.1\PSoC Creator\warp\lib\common\stdlogic\mod_cnst.vif'.
Linking 'C:\Program Files\Cypress\PSoC Creator\3.1\PSoC Creator\warp\lib\common\stdlogic\mod_mthv.vif'.
Linking 'C:\Program Files\Cypress\PSoC Creator\3.1\PSoC Creator\warp\lib\common\stdlogic\mod_genv.vif'.
Linking '\\vmware-host\Shared Folders\Documents\Github Clones\PSoC.Playground\PROJECTS\Lab3_PWM\Lab3_PWM.cydsn\codegentemp\Lab3_PWM.ctl'.
Linking 'C:\Program Files\Cypress\PSoC Creator\3.1\PSoC Creator\psoc\content\cycomponentlibrary\CyComponentLibrary.cylib\B_PWM_v3_10\B_PWM_v3_10.v'.
Linking 'C:\Program Files\Cypress\PSoC Creator\3.1\PSoC Creator\warp\lib\common\cypress.v'.
Linking 'C:\Program Files\Cypress\PSoC Creator\3.1\PSoC Creator\warp\lib\common\cy_psoc3_inc.v'.
Linking '\\vmware-host\Shared Folders\Documents\Github Clones\PSoC.Playground\PROJECTS\Lab3_PWM\Lab3_PWM.cydsn\codegentemp\Lab3_PWM.v'.
Linking 'C:\Program Files\Cypress\PSoC Creator\3.1\PSoC Creator\psoc\content\cyprimitives\CyPrimitives.cylib\cy_virtualmux_v1_0\cy_virtualmux_v1_0.v'.
Linking 'C:\Program Files\Cypress\PSoC Creator\3.1\PSoC Creator\psoc\content\cyprimitives\CyPrimitives.cylib\or_v1_0\or_v1_0.v'.
Linking 'C:\Program Files\Cypress\PSoC Creator\3.1\PSoC Creator\psoc\content\cyprimitives\CyPrimitives.cylib\ZeroTerminal\ZeroTerminal.v'.
Linking 'C:\Program Files\Cypress\PSoC Creator\3.1\PSoC Creator\psoc\content\cyprimitives\CyPrimitives.cylib\cy_constant_v1_0\cy_constant_v1_0.v'.
Linking 'C:\Program Files\Cypress\PSoC Creator\3.1\PSoC Creator\psoc\content\cyprimitives\CyPrimitives.cylib\cy_tff_v1_0\cy_tff_v1_0.v'.
Linking 'C:\Program Files\Cypress\PSoC Creator\3.1\PSoC Creator\psoc\content\cyprimitives\CyPrimitives.cylib\not_v1_0\not_v1_0.v'.
Linking 'C:\Program Files\Cypress\PSoC Creator\3.1\PSoC Creator\warp\lib\common\stdlogic\cy_psoc3pkg.vif'.
Linking 'C:\Program Files\Cypress\PSoC Creator\3.1\PSoC Creator\warp\lib\common\stdlogic\cy_psoc3.vif'.
Linking 'C:\Program Files\Cypress\PSoC Creator\3.1\PSoC Creator\warp\lib\lcpsoc3\stdlogic\mod_cnst.vif'.

tovif:  No errors.


======================================================================
Compiling:  Lab3_PWM.v
Program  :   topld
Options  :    -yv2 -q10 -ygs -o2 -v3 -.fftcfgtype=LE -ya -.fftprj=\\vmware-host\Shared Folders\Documents\Github Clones\PSoC.Playground\PROJECTS\Lab3_PWM\Lab3_PWM.cydsn\Lab3_PWM.cyprj -dcpsoc3 -verilog Lab3_PWM.v
======================================================================

topld V6.3 IR 41:  Synthesis and optimization
Thu Jan 01 03:21:09 2015

Linking 'C:\Program Files\Cypress\PSoC Creator\3.1\PSoC Creator\warp\lib\common\std.vhd'.
Linking 'C:\Program Files\Cypress\PSoC Creator\3.1\PSoC Creator\warp\lib\common\cypress.vhd'.
Linking 'C:\Program Files\Cypress\PSoC Creator\3.1\PSoC Creator\warp\lib\common\work\cypress.vif'.
Linking 'C:\Program Files\Cypress\PSoC Creator\3.1\PSoC Creator\warp\lib\ieee\work\stdlogic.vif'.
Linking 'C:\Program Files\Cypress\PSoC Creator\3.1\PSoC Creator\warp\lib\common\stdlogic\lpmpkg.vif'.
Linking 'C:\Program Files\Cypress\PSoC Creator\3.1\PSoC Creator\warp\lib\common\stdlogic\rtlpkg.vif'.
Linking 'C:\Program Files\Cypress\PSoC Creator\3.1\PSoC Creator\warp\lib\common\stdlogic\mod_cnst.vif'.
Linking 'C:\Program Files\Cypress\PSoC Creator\3.1\PSoC Creator\warp\lib\common\stdlogic\mod_mthv.vif'.
Linking 'C:\Program Files\Cypress\PSoC Creator\3.1\PSoC Creator\warp\lib\common\stdlogic\mod_genv.vif'.
Linking '\\vmware-host\Shared Folders\Documents\Github Clones\PSoC.Playground\PROJECTS\Lab3_PWM\Lab3_PWM.cydsn\codegentemp\Lab3_PWM.ctl'.
Linking 'C:\Program Files\Cypress\PSoC Creator\3.1\PSoC Creator\psoc\content\cycomponentlibrary\CyComponentLibrary.cylib\B_PWM_v3_10\B_PWM_v3_10.v'.
Linking 'C:\Program Files\Cypress\PSoC Creator\3.1\PSoC Creator\warp\lib\common\cypress.v'.
Linking 'C:\Program Files\Cypress\PSoC Creator\3.1\PSoC Creator\warp\lib\common\cy_psoc3_inc.v'.
Linking '\\vmware-host\Shared Folders\Documents\Github Clones\PSoC.Playground\PROJECTS\Lab3_PWM\Lab3_PWM.cydsn\codegentemp\Lab3_PWM.v'.
Linking 'C:\Program Files\Cypress\PSoC Creator\3.1\PSoC Creator\psoc\content\cyprimitives\CyPrimitives.cylib\cy_virtualmux_v1_0\cy_virtualmux_v1_0.v'.
Linking 'C:\Program Files\Cypress\PSoC Creator\3.1\PSoC Creator\psoc\content\cyprimitives\CyPrimitives.cylib\or_v1_0\or_v1_0.v'.
Linking 'C:\Program Files\Cypress\PSoC Creator\3.1\PSoC Creator\psoc\content\cyprimitives\CyPrimitives.cylib\ZeroTerminal\ZeroTerminal.v'.
Linking 'C:\Program Files\Cypress\PSoC Creator\3.1\PSoC Creator\psoc\content\cyprimitives\CyPrimitives.cylib\cy_constant_v1_0\cy_constant_v1_0.v'.
Linking 'C:\Program Files\Cypress\PSoC Creator\3.1\PSoC Creator\psoc\content\cyprimitives\CyPrimitives.cylib\cy_tff_v1_0\cy_tff_v1_0.v'.
Linking 'C:\Program Files\Cypress\PSoC Creator\3.1\PSoC Creator\psoc\content\cyprimitives\CyPrimitives.cylib\not_v1_0\not_v1_0.v'.
Linking 'C:\Program Files\Cypress\PSoC Creator\3.1\PSoC Creator\warp\lib\common\stdlogic\cy_psoc3pkg.vif'.
Linking 'C:\Program Files\Cypress\PSoC Creator\3.1\PSoC Creator\warp\lib\common\stdlogic\cy_psoc3.vif'.
Linking 'C:\Program Files\Cypress\PSoC Creator\3.1\PSoC Creator\warp\lib\lcpsoc3\stdlogic\mod_cnst.vif'.
Linking 'C:\Program Files\Cypress\PSoC Creator\3.1\PSoC Creator\warp\lib\lcpsoc3\stdlogic\cpsoc3.vif'.

----------------------------------------------------------
Detecting unused logic.
----------------------------------------------------------
    User names
	\PWM:PWMUDB:km_run\
	\PWM:PWMUDB:ctrl_cmpmode2_2\
	\PWM:PWMUDB:ctrl_cmpmode2_1\
	\PWM:PWMUDB:ctrl_cmpmode2_0\
	\PWM:PWMUDB:ctrl_cmpmode1_2\
	\PWM:PWMUDB:ctrl_cmpmode1_1\
	\PWM:PWMUDB:ctrl_cmpmode1_0\
	\PWM:PWMUDB:capt_rising\
	\PWM:PWMUDB:capt_falling\
	\PWM:PWMUDB:trig_rise\
	\PWM:PWMUDB:trig_fall\
	\PWM:PWMUDB:sc_kill\
	\PWM:PWMUDB:min_kill\
	\PWM:PWMUDB:db_tc\
	\PWM:PWMUDB:dith_sel\
	\PWM:PWMUDB:compare2\
	Net_69
	Net_70
	Net_71
	\PWM:PWMUDB:MODULE_1:b_31\
	\PWM:PWMUDB:MODULE_1:b_30\
	\PWM:PWMUDB:MODULE_1:b_29\
	\PWM:PWMUDB:MODULE_1:b_28\
	\PWM:PWMUDB:MODULE_1:b_27\
	\PWM:PWMUDB:MODULE_1:b_26\
	\PWM:PWMUDB:MODULE_1:b_25\
	\PWM:PWMUDB:MODULE_1:b_24\
	\PWM:PWMUDB:MODULE_1:b_23\
	\PWM:PWMUDB:MODULE_1:b_22\
	\PWM:PWMUDB:MODULE_1:b_21\
	\PWM:PWMUDB:MODULE_1:b_20\
	\PWM:PWMUDB:MODULE_1:b_19\
	\PWM:PWMUDB:MODULE_1:b_18\
	\PWM:PWMUDB:MODULE_1:b_17\
	\PWM:PWMUDB:MODULE_1:b_16\
	\PWM:PWMUDB:MODULE_1:b_15\
	\PWM:PWMUDB:MODULE_1:b_14\
	\PWM:PWMUDB:MODULE_1:b_13\
	\PWM:PWMUDB:MODULE_1:b_12\
	\PWM:PWMUDB:MODULE_1:b_11\
	\PWM:PWMUDB:MODULE_1:b_10\
	\PWM:PWMUDB:MODULE_1:b_9\
	\PWM:PWMUDB:MODULE_1:b_8\
	\PWM:PWMUDB:MODULE_1:b_7\
	\PWM:PWMUDB:MODULE_1:b_6\
	\PWM:PWMUDB:MODULE_1:b_5\
	\PWM:PWMUDB:MODULE_1:b_4\
	\PWM:PWMUDB:MODULE_1:b_3\
	\PWM:PWMUDB:MODULE_1:b_2\
	\PWM:PWMUDB:MODULE_1:b_1\
	\PWM:PWMUDB:MODULE_1:b_0\
	\PWM:PWMUDB:MODULE_1:g2:a0:a_31\
	\PWM:PWMUDB:MODULE_1:g2:a0:a_30\
	\PWM:PWMUDB:MODULE_1:g2:a0:a_29\
	\PWM:PWMUDB:MODULE_1:g2:a0:a_28\
	\PWM:PWMUDB:MODULE_1:g2:a0:a_27\
	\PWM:PWMUDB:MODULE_1:g2:a0:a_26\
	\PWM:PWMUDB:MODULE_1:g2:a0:a_25\
	\PWM:PWMUDB:MODULE_1:g2:a0:a_24\
	\PWM:PWMUDB:MODULE_1:g2:a0:b_31\
	\PWM:PWMUDB:MODULE_1:g2:a0:b_30\
	\PWM:PWMUDB:MODULE_1:g2:a0:b_29\
	\PWM:PWMUDB:MODULE_1:g2:a0:b_28\
	\PWM:PWMUDB:MODULE_1:g2:a0:b_27\
	\PWM:PWMUDB:MODULE_1:g2:a0:b_26\
	\PWM:PWMUDB:MODULE_1:g2:a0:b_25\
	\PWM:PWMUDB:MODULE_1:g2:a0:b_24\
	\PWM:PWMUDB:MODULE_1:g2:a0:b_23\
	\PWM:PWMUDB:MODULE_1:g2:a0:b_22\
	\PWM:PWMUDB:MODULE_1:g2:a0:b_21\
	\PWM:PWMUDB:MODULE_1:g2:a0:b_20\
	\PWM:PWMUDB:MODULE_1:g2:a0:b_19\
	\PWM:PWMUDB:MODULE_1:g2:a0:b_18\
	\PWM:PWMUDB:MODULE_1:g2:a0:b_17\
	\PWM:PWMUDB:MODULE_1:g2:a0:b_16\
	\PWM:PWMUDB:MODULE_1:g2:a0:b_15\
	\PWM:PWMUDB:MODULE_1:g2:a0:b_14\
	\PWM:PWMUDB:MODULE_1:g2:a0:b_13\
	\PWM:PWMUDB:MODULE_1:g2:a0:b_12\
	\PWM:PWMUDB:MODULE_1:g2:a0:b_11\
	\PWM:PWMUDB:MODULE_1:g2:a0:b_10\
	\PWM:PWMUDB:MODULE_1:g2:a0:b_9\
	\PWM:PWMUDB:MODULE_1:g2:a0:b_8\
	\PWM:PWMUDB:MODULE_1:g2:a0:b_7\
	\PWM:PWMUDB:MODULE_1:g2:a0:b_6\
	\PWM:PWMUDB:MODULE_1:g2:a0:b_5\
	\PWM:PWMUDB:MODULE_1:g2:a0:b_4\
	\PWM:PWMUDB:MODULE_1:g2:a0:b_3\
	\PWM:PWMUDB:MODULE_1:g2:a0:b_2\
	\PWM:PWMUDB:MODULE_1:g2:a0:b_1\
	\PWM:PWMUDB:MODULE_1:g2:a0:b_0\
	\PWM:PWMUDB:MODULE_1:g2:a0:s_31\
	\PWM:PWMUDB:MODULE_1:g2:a0:s_30\
	\PWM:PWMUDB:MODULE_1:g2:a0:s_29\
	\PWM:PWMUDB:MODULE_1:g2:a0:s_28\
	\PWM:PWMUDB:MODULE_1:g2:a0:s_27\
	\PWM:PWMUDB:MODULE_1:g2:a0:s_26\
	\PWM:PWMUDB:MODULE_1:g2:a0:s_25\
	\PWM:PWMUDB:MODULE_1:g2:a0:s_24\
	\PWM:PWMUDB:MODULE_1:g2:a0:s_23\
	\PWM:PWMUDB:MODULE_1:g2:a0:s_22\
	\PWM:PWMUDB:MODULE_1:g2:a0:s_21\
	\PWM:PWMUDB:MODULE_1:g2:a0:s_20\
	\PWM:PWMUDB:MODULE_1:g2:a0:s_19\
	\PWM:PWMUDB:MODULE_1:g2:a0:s_18\
	\PWM:PWMUDB:MODULE_1:g2:a0:s_17\
	\PWM:PWMUDB:MODULE_1:g2:a0:s_16\
	\PWM:PWMUDB:MODULE_1:g2:a0:s_15\
	\PWM:PWMUDB:MODULE_1:g2:a0:s_14\
	\PWM:PWMUDB:MODULE_1:g2:a0:s_13\
	\PWM:PWMUDB:MODULE_1:g2:a0:s_12\
	\PWM:PWMUDB:MODULE_1:g2:a0:s_11\
	\PWM:PWMUDB:MODULE_1:g2:a0:s_10\
	\PWM:PWMUDB:MODULE_1:g2:a0:s_9\
	\PWM:PWMUDB:MODULE_1:g2:a0:s_8\
	\PWM:PWMUDB:MODULE_1:g2:a0:s_7\
	\PWM:PWMUDB:MODULE_1:g2:a0:s_6\
	\PWM:PWMUDB:MODULE_1:g2:a0:s_5\
	\PWM:PWMUDB:MODULE_1:g2:a0:s_4\
	\PWM:PWMUDB:MODULE_1:g2:a0:s_3\
	\PWM:PWMUDB:MODULE_1:g2:a0:s_2\
	\PWM:PWMUDB:MODULE_1:g2:a0:g1:z1:s0:g1:u0:c_31\
	\PWM:PWMUDB:MODULE_1:g2:a0:g1:z1:s0:g1:u0:c_30\
	\PWM:PWMUDB:MODULE_1:g2:a0:g1:z1:s0:g1:u0:c_29\
	\PWM:PWMUDB:MODULE_1:g2:a0:g1:z1:s0:g1:u0:c_28\
	\PWM:PWMUDB:MODULE_1:g2:a0:g1:z1:s0:g1:u0:c_27\
	\PWM:PWMUDB:MODULE_1:g2:a0:g1:z1:s0:g1:u0:c_26\
	\PWM:PWMUDB:MODULE_1:g2:a0:g1:z1:s0:g1:u0:c_25\
	\PWM:Net_139\
	\PWM:Net_138\
	\PWM:Net_183\
	\PWM:Net_181\
	\PWM2:PWMUDB:km_run\
	\PWM2:PWMUDB:ctrl_cmpmode2_2\
	\PWM2:PWMUDB:ctrl_cmpmode2_1\
	\PWM2:PWMUDB:ctrl_cmpmode2_0\
	\PWM2:PWMUDB:ctrl_cmpmode1_2\
	\PWM2:PWMUDB:ctrl_cmpmode1_1\
	\PWM2:PWMUDB:ctrl_cmpmode1_0\
	\PWM2:PWMUDB:capt_rising\
	\PWM2:PWMUDB:capt_falling\
	\PWM2:PWMUDB:trig_rise\
	\PWM2:PWMUDB:trig_fall\
	\PWM2:PWMUDB:sc_kill\
	\PWM2:PWMUDB:min_kill\
	\PWM2:PWMUDB:db_tc\
	\PWM2:PWMUDB:dith_sel\
	\PWM2:PWMUDB:compare2\
	Net_313
	Net_314
	Net_315
	\PWM2:PWMUDB:MODULE_2:b_31\
	\PWM2:PWMUDB:MODULE_2:b_30\
	\PWM2:PWMUDB:MODULE_2:b_29\
	\PWM2:PWMUDB:MODULE_2:b_28\
	\PWM2:PWMUDB:MODULE_2:b_27\
	\PWM2:PWMUDB:MODULE_2:b_26\
	\PWM2:PWMUDB:MODULE_2:b_25\
	\PWM2:PWMUDB:MODULE_2:b_24\
	\PWM2:PWMUDB:MODULE_2:b_23\
	\PWM2:PWMUDB:MODULE_2:b_22\
	\PWM2:PWMUDB:MODULE_2:b_21\
	\PWM2:PWMUDB:MODULE_2:b_20\
	\PWM2:PWMUDB:MODULE_2:b_19\
	\PWM2:PWMUDB:MODULE_2:b_18\
	\PWM2:PWMUDB:MODULE_2:b_17\
	\PWM2:PWMUDB:MODULE_2:b_16\
	\PWM2:PWMUDB:MODULE_2:b_15\
	\PWM2:PWMUDB:MODULE_2:b_14\
	\PWM2:PWMUDB:MODULE_2:b_13\
	\PWM2:PWMUDB:MODULE_2:b_12\
	\PWM2:PWMUDB:MODULE_2:b_11\
	\PWM2:PWMUDB:MODULE_2:b_10\
	\PWM2:PWMUDB:MODULE_2:b_9\
	\PWM2:PWMUDB:MODULE_2:b_8\
	\PWM2:PWMUDB:MODULE_2:b_7\
	\PWM2:PWMUDB:MODULE_2:b_6\
	\PWM2:PWMUDB:MODULE_2:b_5\
	\PWM2:PWMUDB:MODULE_2:b_4\
	\PWM2:PWMUDB:MODULE_2:b_3\
	\PWM2:PWMUDB:MODULE_2:b_2\
	\PWM2:PWMUDB:MODULE_2:b_1\
	\PWM2:PWMUDB:MODULE_2:b_0\
	\PWM2:PWMUDB:MODULE_2:g2:a0:a_31\
	\PWM2:PWMUDB:MODULE_2:g2:a0:a_30\
	\PWM2:PWMUDB:MODULE_2:g2:a0:a_29\
	\PWM2:PWMUDB:MODULE_2:g2:a0:a_28\
	\PWM2:PWMUDB:MODULE_2:g2:a0:a_27\
	\PWM2:PWMUDB:MODULE_2:g2:a0:a_26\
	\PWM2:PWMUDB:MODULE_2:g2:a0:a_25\
	\PWM2:PWMUDB:MODULE_2:g2:a0:a_24\
	\PWM2:PWMUDB:MODULE_2:g2:a0:b_31\
	\PWM2:PWMUDB:MODULE_2:g2:a0:b_30\
	\PWM2:PWMUDB:MODULE_2:g2:a0:b_29\
	\PWM2:PWMUDB:MODULE_2:g2:a0:b_28\
	\PWM2:PWMUDB:MODULE_2:g2:a0:b_27\
	\PWM2:PWMUDB:MODULE_2:g2:a0:b_26\
	\PWM2:PWMUDB:MODULE_2:g2:a0:b_25\
	\PWM2:PWMUDB:MODULE_2:g2:a0:b_24\
	\PWM2:PWMUDB:MODULE_2:g2:a0:b_23\
	\PWM2:PWMUDB:MODULE_2:g2:a0:b_22\
	\PWM2:PWMUDB:MODULE_2:g2:a0:b_21\
	\PWM2:PWMUDB:MODULE_2:g2:a0:b_20\
	\PWM2:PWMUDB:MODULE_2:g2:a0:b_19\
	\PWM2:PWMUDB:MODULE_2:g2:a0:b_18\
	\PWM2:PWMUDB:MODULE_2:g2:a0:b_17\
	\PWM2:PWMUDB:MODULE_2:g2:a0:b_16\
	\PWM2:PWMUDB:MODULE_2:g2:a0:b_15\
	\PWM2:PWMUDB:MODULE_2:g2:a0:b_14\
	\PWM2:PWMUDB:MODULE_2:g2:a0:b_13\
	\PWM2:PWMUDB:MODULE_2:g2:a0:b_12\
	\PWM2:PWMUDB:MODULE_2:g2:a0:b_11\
	\PWM2:PWMUDB:MODULE_2:g2:a0:b_10\
	\PWM2:PWMUDB:MODULE_2:g2:a0:b_9\
	\PWM2:PWMUDB:MODULE_2:g2:a0:b_8\
	\PWM2:PWMUDB:MODULE_2:g2:a0:b_7\
	\PWM2:PWMUDB:MODULE_2:g2:a0:b_6\
	\PWM2:PWMUDB:MODULE_2:g2:a0:b_5\
	\PWM2:PWMUDB:MODULE_2:g2:a0:b_4\
	\PWM2:PWMUDB:MODULE_2:g2:a0:b_3\
	\PWM2:PWMUDB:MODULE_2:g2:a0:b_2\
	\PWM2:PWMUDB:MODULE_2:g2:a0:b_1\
	\PWM2:PWMUDB:MODULE_2:g2:a0:b_0\
	\PWM2:PWMUDB:MODULE_2:g2:a0:s_31\
	\PWM2:PWMUDB:MODULE_2:g2:a0:s_30\
	\PWM2:PWMUDB:MODULE_2:g2:a0:s_29\
	\PWM2:PWMUDB:MODULE_2:g2:a0:s_28\
	\PWM2:PWMUDB:MODULE_2:g2:a0:s_27\
	\PWM2:PWMUDB:MODULE_2:g2:a0:s_26\
	\PWM2:PWMUDB:MODULE_2:g2:a0:s_25\
	\PWM2:PWMUDB:MODULE_2:g2:a0:s_24\
	\PWM2:PWMUDB:MODULE_2:g2:a0:s_23\
	\PWM2:PWMUDB:MODULE_2:g2:a0:s_22\
	\PWM2:PWMUDB:MODULE_2:g2:a0:s_21\
	\PWM2:PWMUDB:MODULE_2:g2:a0:s_20\
	\PWM2:PWMUDB:MODULE_2:g2:a0:s_19\
	\PWM2:PWMUDB:MODULE_2:g2:a0:s_18\
	\PWM2:PWMUDB:MODULE_2:g2:a0:s_17\
	\PWM2:PWMUDB:MODULE_2:g2:a0:s_16\
	\PWM2:PWMUDB:MODULE_2:g2:a0:s_15\
	\PWM2:PWMUDB:MODULE_2:g2:a0:s_14\
	\PWM2:PWMUDB:MODULE_2:g2:a0:s_13\
	\PWM2:PWMUDB:MODULE_2:g2:a0:s_12\
	\PWM2:PWMUDB:MODULE_2:g2:a0:s_11\
	\PWM2:PWMUDB:MODULE_2:g2:a0:s_10\
	\PWM2:PWMUDB:MODULE_2:g2:a0:s_9\
	\PWM2:PWMUDB:MODULE_2:g2:a0:s_8\
	\PWM2:PWMUDB:MODULE_2:g2:a0:s_7\
	\PWM2:PWMUDB:MODULE_2:g2:a0:s_6\
	\PWM2:PWMUDB:MODULE_2:g2:a0:s_5\
	\PWM2:PWMUDB:MODULE_2:g2:a0:s_4\
	\PWM2:PWMUDB:MODULE_2:g2:a0:s_3\
	\PWM2:PWMUDB:MODULE_2:g2:a0:s_2\
	\PWM2:PWMUDB:MODULE_2:g2:a0:g1:z1:s0:g1:u0:c_31\
	\PWM2:PWMUDB:MODULE_2:g2:a0:g1:z1:s0:g1:u0:c_30\
	\PWM2:PWMUDB:MODULE_2:g2:a0:g1:z1:s0:g1:u0:c_29\
	\PWM2:PWMUDB:MODULE_2:g2:a0:g1:z1:s0:g1:u0:c_28\
	\PWM2:PWMUDB:MODULE_2:g2:a0:g1:z1:s0:g1:u0:c_27\
	\PWM2:PWMUDB:MODULE_2:g2:a0:g1:z1:s0:g1:u0:c_26\
	\PWM2:PWMUDB:MODULE_2:g2:a0:g1:z1:s0:g1:u0:c_25\
	\PWM2:Net_139\
	\PWM2:Net_138\
	\PWM2:Net_183\
	\PWM2:Net_181\

    Synthesized names
	\PWM:PWMUDB:add_vi_vv_MODGEN_1_31\
	\PWM:PWMUDB:add_vi_vv_MODGEN_1_30\
	\PWM:PWMUDB:add_vi_vv_MODGEN_1_29\
	\PWM:PWMUDB:add_vi_vv_MODGEN_1_28\
	\PWM:PWMUDB:add_vi_vv_MODGEN_1_27\
	\PWM:PWMUDB:add_vi_vv_MODGEN_1_26\
	\PWM:PWMUDB:add_vi_vv_MODGEN_1_25\
	\PWM:PWMUDB:add_vi_vv_MODGEN_1_24\
	\PWM:PWMUDB:add_vi_vv_MODGEN_1_23\
	\PWM:PWMUDB:add_vi_vv_MODGEN_1_22\
	\PWM:PWMUDB:add_vi_vv_MODGEN_1_21\
	\PWM:PWMUDB:add_vi_vv_MODGEN_1_20\
	\PWM:PWMUDB:add_vi_vv_MODGEN_1_19\
	\PWM:PWMUDB:add_vi_vv_MODGEN_1_18\
	\PWM:PWMUDB:add_vi_vv_MODGEN_1_17\
	\PWM:PWMUDB:add_vi_vv_MODGEN_1_16\
	\PWM:PWMUDB:add_vi_vv_MODGEN_1_15\
	\PWM:PWMUDB:add_vi_vv_MODGEN_1_14\
	\PWM:PWMUDB:add_vi_vv_MODGEN_1_13\
	\PWM:PWMUDB:add_vi_vv_MODGEN_1_12\
	\PWM:PWMUDB:add_vi_vv_MODGEN_1_11\
	\PWM:PWMUDB:add_vi_vv_MODGEN_1_10\
	\PWM:PWMUDB:add_vi_vv_MODGEN_1_9\
	\PWM:PWMUDB:add_vi_vv_MODGEN_1_8\
	\PWM:PWMUDB:add_vi_vv_MODGEN_1_7\
	\PWM:PWMUDB:add_vi_vv_MODGEN_1_6\
	\PWM:PWMUDB:add_vi_vv_MODGEN_1_5\
	\PWM:PWMUDB:add_vi_vv_MODGEN_1_4\
	\PWM:PWMUDB:add_vi_vv_MODGEN_1_3\
	\PWM:PWMUDB:add_vi_vv_MODGEN_1_2\
	\PWM2:PWMUDB:add_vi_vv_MODGEN_2_31\
	\PWM2:PWMUDB:add_vi_vv_MODGEN_2_30\
	\PWM2:PWMUDB:add_vi_vv_MODGEN_2_29\
	\PWM2:PWMUDB:add_vi_vv_MODGEN_2_28\
	\PWM2:PWMUDB:add_vi_vv_MODGEN_2_27\
	\PWM2:PWMUDB:add_vi_vv_MODGEN_2_26\
	\PWM2:PWMUDB:add_vi_vv_MODGEN_2_25\
	\PWM2:PWMUDB:add_vi_vv_MODGEN_2_24\
	\PWM2:PWMUDB:add_vi_vv_MODGEN_2_23\
	\PWM2:PWMUDB:add_vi_vv_MODGEN_2_22\
	\PWM2:PWMUDB:add_vi_vv_MODGEN_2_21\
	\PWM2:PWMUDB:add_vi_vv_MODGEN_2_20\
	\PWM2:PWMUDB:add_vi_vv_MODGEN_2_19\
	\PWM2:PWMUDB:add_vi_vv_MODGEN_2_18\
	\PWM2:PWMUDB:add_vi_vv_MODGEN_2_17\
	\PWM2:PWMUDB:add_vi_vv_MODGEN_2_16\
	\PWM2:PWMUDB:add_vi_vv_MODGEN_2_15\
	\PWM2:PWMUDB:add_vi_vv_MODGEN_2_14\
	\PWM2:PWMUDB:add_vi_vv_MODGEN_2_13\
	\PWM2:PWMUDB:add_vi_vv_MODGEN_2_12\
	\PWM2:PWMUDB:add_vi_vv_MODGEN_2_11\
	\PWM2:PWMUDB:add_vi_vv_MODGEN_2_10\
	\PWM2:PWMUDB:add_vi_vv_MODGEN_2_9\
	\PWM2:PWMUDB:add_vi_vv_MODGEN_2_8\
	\PWM2:PWMUDB:add_vi_vv_MODGEN_2_7\
	\PWM2:PWMUDB:add_vi_vv_MODGEN_2_6\
	\PWM2:PWMUDB:add_vi_vv_MODGEN_2_5\
	\PWM2:PWMUDB:add_vi_vv_MODGEN_2_4\
	\PWM2:PWMUDB:add_vi_vv_MODGEN_2_3\
	\PWM2:PWMUDB:add_vi_vv_MODGEN_2_2\

Deleted 264 User equations/components.
Deleted 60 Synthesized equations/components.

------------------------------------------------------
Alias Detection
------------------------------------------------------
Aliasing \PWM:Net_180\ to zero
Aliasing \PWM:PWMUDB:hwCapture\ to zero
Aliasing \PWM:Net_178\ to zero
Aliasing \PWM:PWMUDB:trig_out\ to one
Aliasing \PWM:PWMUDB:runmode_enable\\S\ to zero
Aliasing \PWM:Net_179\ to one
Aliasing \PWM:PWMUDB:ltch_kill_reg\\R\ to \PWM:PWMUDB:runmode_enable\\R\
Aliasing \PWM:PWMUDB:ltch_kill_reg\\S\ to zero
Aliasing \PWM:PWMUDB:km_tc\ to zero
Aliasing \PWM:PWMUDB:min_kill_reg\\R\ to \PWM:PWMUDB:runmode_enable\\R\
Aliasing \PWM:PWMUDB:min_kill_reg\\S\ to zero
Aliasing \PWM:PWMUDB:final_kill\ to one
Aliasing \PWM:PWMUDB:dith_count_1\\R\ to \PWM:PWMUDB:runmode_enable\\R\
Aliasing \PWM:PWMUDB:dith_count_1\\S\ to zero
Aliasing \PWM:PWMUDB:dith_count_0\\R\ to \PWM:PWMUDB:runmode_enable\\R\
Aliasing \PWM:PWMUDB:dith_count_0\\S\ to zero
Aliasing \PWM:PWMUDB:status_6\ to zero
Aliasing \PWM:PWMUDB:status_4\ to zero
Aliasing \PWM:PWMUDB:cmp2\ to zero
Aliasing \PWM:PWMUDB:cmp1_status_reg\\R\ to \PWM:PWMUDB:runmode_enable\\R\
Aliasing \PWM:PWMUDB:cmp1_status_reg\\S\ to zero
Aliasing \PWM:PWMUDB:cmp2_status_reg\\R\ to \PWM:PWMUDB:runmode_enable\\R\
Aliasing \PWM:PWMUDB:cmp2_status_reg\\S\ to zero
Aliasing \PWM:PWMUDB:final_kill_reg\\R\ to \PWM:PWMUDB:runmode_enable\\R\
Aliasing \PWM:PWMUDB:final_kill_reg\\S\ to zero
Aliasing \PWM:PWMUDB:cs_addr_0\ to \PWM:PWMUDB:runmode_enable\\R\
Aliasing \PWM:PWMUDB:pwm1_i\ to zero
Aliasing \PWM:PWMUDB:pwm2_i\ to zero
Aliasing \PWM:PWMUDB:MODULE_1:g2:a0:a_23\ to zero
Aliasing \PWM:PWMUDB:MODULE_1:g2:a0:a_22\ to zero
Aliasing \PWM:PWMUDB:MODULE_1:g2:a0:a_21\ to zero
Aliasing \PWM:PWMUDB:MODULE_1:g2:a0:a_20\ to zero
Aliasing \PWM:PWMUDB:MODULE_1:g2:a0:a_19\ to zero
Aliasing \PWM:PWMUDB:MODULE_1:g2:a0:a_18\ to zero
Aliasing \PWM:PWMUDB:MODULE_1:g2:a0:a_17\ to zero
Aliasing \PWM:PWMUDB:MODULE_1:g2:a0:a_16\ to zero
Aliasing \PWM:PWMUDB:MODULE_1:g2:a0:a_15\ to zero
Aliasing \PWM:PWMUDB:MODULE_1:g2:a0:a_14\ to zero
Aliasing \PWM:PWMUDB:MODULE_1:g2:a0:a_13\ to zero
Aliasing \PWM:PWMUDB:MODULE_1:g2:a0:a_12\ to zero
Aliasing \PWM:PWMUDB:MODULE_1:g2:a0:a_11\ to zero
Aliasing \PWM:PWMUDB:MODULE_1:g2:a0:a_10\ to zero
Aliasing \PWM:PWMUDB:MODULE_1:g2:a0:a_9\ to zero
Aliasing \PWM:PWMUDB:MODULE_1:g2:a0:a_8\ to zero
Aliasing \PWM:PWMUDB:MODULE_1:g2:a0:a_7\ to zero
Aliasing \PWM:PWMUDB:MODULE_1:g2:a0:a_6\ to zero
Aliasing \PWM:PWMUDB:MODULE_1:g2:a0:a_5\ to zero
Aliasing \PWM:PWMUDB:MODULE_1:g2:a0:a_4\ to zero
Aliasing \PWM:PWMUDB:MODULE_1:g2:a0:a_3\ to zero
Aliasing \PWM:PWMUDB:MODULE_1:g2:a0:a_2\ to zero
Aliasing \PWM:PWMUDB:MODULE_1:g2:a0:g1:z1:s0:g1:u0:b_0\ to one
Aliasing Net_19 to zero
Aliasing tmpOE__LEDR_net_0 to one
Aliasing tmpOE__SW1_net_0 to one
Aliasing Net_81 to one
Aliasing tmpOE__LEDB_net_0 to one
Aliasing \PWM2:Net_180\ to zero
Aliasing \PWM2:PWMUDB:hwCapture\ to zero
Aliasing \PWM2:Net_178\ to zero
Aliasing \PWM2:PWMUDB:trig_out\ to one
Aliasing \PWM2:Net_186\ to zero
Aliasing \PWM2:PWMUDB:runmode_enable\\S\ to zero
Aliasing \PWM2:Net_179\ to one
Aliasing \PWM2:PWMUDB:ltch_kill_reg\\R\ to \PWM2:PWMUDB:runmode_enable\\R\
Aliasing \PWM2:PWMUDB:ltch_kill_reg\\S\ to zero
Aliasing \PWM2:PWMUDB:km_tc\ to zero
Aliasing \PWM2:PWMUDB:min_kill_reg\\R\ to \PWM2:PWMUDB:runmode_enable\\R\
Aliasing \PWM2:PWMUDB:min_kill_reg\\S\ to zero
Aliasing \PWM2:PWMUDB:final_kill\ to one
Aliasing \PWM2:PWMUDB:dith_count_1\\R\ to \PWM2:PWMUDB:runmode_enable\\R\
Aliasing \PWM2:PWMUDB:dith_count_1\\S\ to zero
Aliasing \PWM2:PWMUDB:dith_count_0\\R\ to \PWM2:PWMUDB:runmode_enable\\R\
Aliasing \PWM2:PWMUDB:dith_count_0\\S\ to zero
Aliasing \PWM2:PWMUDB:status_6\ to zero
Aliasing \PWM2:PWMUDB:status_4\ to zero
Aliasing \PWM2:PWMUDB:cmp2\ to zero
Aliasing \PWM2:PWMUDB:cmp1_status_reg\\R\ to \PWM2:PWMUDB:runmode_enable\\R\
Aliasing \PWM2:PWMUDB:cmp1_status_reg\\S\ to zero
Aliasing \PWM2:PWMUDB:cmp2_status_reg\\R\ to \PWM2:PWMUDB:runmode_enable\\R\
Aliasing \PWM2:PWMUDB:cmp2_status_reg\\S\ to zero
Aliasing \PWM2:PWMUDB:final_kill_reg\\R\ to \PWM2:PWMUDB:runmode_enable\\R\
Aliasing \PWM2:PWMUDB:final_kill_reg\\S\ to zero
Aliasing \PWM2:PWMUDB:cs_addr_0\ to \PWM2:PWMUDB:runmode_enable\\R\
Aliasing \PWM2:PWMUDB:pwm1_i\ to zero
Aliasing \PWM2:PWMUDB:pwm2_i\ to zero
Aliasing \PWM2:PWMUDB:MODULE_2:g2:a0:a_23\ to zero
Aliasing \PWM2:PWMUDB:MODULE_2:g2:a0:a_22\ to zero
Aliasing \PWM2:PWMUDB:MODULE_2:g2:a0:a_21\ to zero
Aliasing \PWM2:PWMUDB:MODULE_2:g2:a0:a_20\ to zero
Aliasing \PWM2:PWMUDB:MODULE_2:g2:a0:a_19\ to zero
Aliasing \PWM2:PWMUDB:MODULE_2:g2:a0:a_18\ to zero
Aliasing \PWM2:PWMUDB:MODULE_2:g2:a0:a_17\ to zero
Aliasing \PWM2:PWMUDB:MODULE_2:g2:a0:a_16\ to zero
Aliasing \PWM2:PWMUDB:MODULE_2:g2:a0:a_15\ to zero
Aliasing \PWM2:PWMUDB:MODULE_2:g2:a0:a_14\ to zero
Aliasing \PWM2:PWMUDB:MODULE_2:g2:a0:a_13\ to zero
Aliasing \PWM2:PWMUDB:MODULE_2:g2:a0:a_12\ to zero
Aliasing \PWM2:PWMUDB:MODULE_2:g2:a0:a_11\ to zero
Aliasing \PWM2:PWMUDB:MODULE_2:g2:a0:a_10\ to zero
Aliasing \PWM2:PWMUDB:MODULE_2:g2:a0:a_9\ to zero
Aliasing \PWM2:PWMUDB:MODULE_2:g2:a0:a_8\ to zero
Aliasing \PWM2:PWMUDB:MODULE_2:g2:a0:a_7\ to zero
Aliasing \PWM2:PWMUDB:MODULE_2:g2:a0:a_6\ to zero
Aliasing \PWM2:PWMUDB:MODULE_2:g2:a0:a_5\ to zero
Aliasing \PWM2:PWMUDB:MODULE_2:g2:a0:a_4\ to zero
Aliasing \PWM2:PWMUDB:MODULE_2:g2:a0:a_3\ to zero
Aliasing \PWM2:PWMUDB:MODULE_2:g2:a0:a_2\ to zero
Aliasing \PWM2:PWMUDB:MODULE_2:g2:a0:g1:z1:s0:g1:u0:b_0\ to one
Aliasing \PWM:PWMUDB:prevCompare1\\D\ to \PWM:PWMUDB:pwm_temp\
Aliasing \PWM:PWMUDB:tc_i_reg\\D\ to \PWM:PWMUDB:status_2\
Aliasing \PWM2:PWMUDB:prevCompare1\\D\ to \PWM2:PWMUDB:pwm_temp\
Aliasing \PWM2:PWMUDB:tc_i_reg\\D\ to \PWM2:PWMUDB:status_2\
Removing Lhs of wire \PWM:Net_68\[3] = Net_22[333]
Removing Lhs of wire \PWM:PWMUDB:ctrl_enable\[16] = \PWM:PWMUDB:control_7\[8]
Removing Lhs of wire \PWM:Net_180\[24] = zero[7]
Removing Lhs of wire \PWM:PWMUDB:hwCapture\[27] = zero[7]
Removing Lhs of wire \PWM:PWMUDB:hwEnable\[28] = \PWM:PWMUDB:control_7\[8]
Removing Lhs of wire \PWM:Net_178\[30] = zero[7]
Removing Lhs of wire \PWM:PWMUDB:trig_out\[33] = one[4]
Removing Lhs of wire \PWM:PWMUDB:runmode_enable\\R\[35] = \PWM:Net_186\[36]
Removing Lhs of wire \PWM:Net_186\[36] = zero[7]
Removing Lhs of wire \PWM:PWMUDB:runmode_enable\\S\[37] = zero[7]
Removing Lhs of wire \PWM:PWMUDB:final_enable\[38] = \PWM:PWMUDB:runmode_enable\[34]
Removing Lhs of wire \PWM:Net_179\[41] = one[4]
Removing Lhs of wire \PWM:PWMUDB:ltch_kill_reg\\R\[43] = zero[7]
Removing Lhs of wire \PWM:PWMUDB:ltch_kill_reg\\S\[44] = zero[7]
Removing Lhs of wire \PWM:PWMUDB:km_tc\[45] = zero[7]
Removing Lhs of wire \PWM:PWMUDB:min_kill_reg\\R\[46] = zero[7]
Removing Lhs of wire \PWM:PWMUDB:min_kill_reg\\S\[47] = zero[7]
Removing Lhs of wire \PWM:PWMUDB:final_kill\[50] = one[4]
Removing Lhs of wire \PWM:PWMUDB:add_vi_vv_MODGEN_1_1\[53] = \PWM:PWMUDB:MODULE_1:g2:a0:s_1\[292]
Removing Lhs of wire \PWM:PWMUDB:add_vi_vv_MODGEN_1_0\[55] = \PWM:PWMUDB:MODULE_1:g2:a0:s_0\[293]
Removing Lhs of wire \PWM:PWMUDB:dith_count_1\\R\[56] = zero[7]
Removing Lhs of wire \PWM:PWMUDB:dith_count_1\\S\[57] = zero[7]
Removing Lhs of wire \PWM:PWMUDB:dith_count_0\\R\[58] = zero[7]
Removing Lhs of wire \PWM:PWMUDB:dith_count_0\\S\[59] = zero[7]
Removing Lhs of wire \PWM:PWMUDB:status_6\[62] = zero[7]
Removing Rhs of wire \PWM:PWMUDB:status_5\[63] = \PWM:PWMUDB:final_kill_reg\[77]
Removing Lhs of wire \PWM:PWMUDB:status_4\[64] = zero[7]
Removing Rhs of wire \PWM:PWMUDB:status_3\[65] = \PWM:PWMUDB:fifo_full\[84]
Removing Rhs of wire \PWM:PWMUDB:status_1\[67] = \PWM:PWMUDB:cmp2_status_reg\[76]
Removing Rhs of wire \PWM:PWMUDB:status_0\[68] = \PWM:PWMUDB:cmp1_status_reg\[75]
Removing Lhs of wire \PWM:PWMUDB:cmp2_status\[73] = zero[7]
Removing Lhs of wire \PWM:PWMUDB:cmp2\[74] = zero[7]
Removing Lhs of wire \PWM:PWMUDB:cmp1_status_reg\\R\[78] = zero[7]
Removing Lhs of wire \PWM:PWMUDB:cmp1_status_reg\\S\[79] = zero[7]
Removing Lhs of wire \PWM:PWMUDB:cmp2_status_reg\\R\[80] = zero[7]
Removing Lhs of wire \PWM:PWMUDB:cmp2_status_reg\\S\[81] = zero[7]
Removing Lhs of wire \PWM:PWMUDB:final_kill_reg\\R\[82] = zero[7]
Removing Lhs of wire \PWM:PWMUDB:final_kill_reg\\S\[83] = zero[7]
Removing Lhs of wire \PWM:PWMUDB:cs_addr_2\[85] = \PWM:PWMUDB:tc_i\[40]
Removing Lhs of wire \PWM:PWMUDB:cs_addr_1\[86] = \PWM:PWMUDB:runmode_enable\[34]
Removing Lhs of wire \PWM:PWMUDB:cs_addr_0\[87] = zero[7]
Removing Lhs of wire \PWM:PWMUDB:pwm1_i\[125] = zero[7]
Removing Lhs of wire \PWM:PWMUDB:pwm2_i\[127] = zero[7]
Removing Rhs of wire Net_52[130] = \PWM:PWMUDB:pwm_i_reg\[122]
Removing Lhs of wire \PWM:PWMUDB:pwm_temp\[133] = \PWM:PWMUDB:cmp1\[71]
Removing Lhs of wire \PWM:PWMUDB:MODULE_1:g2:a0:a_23\[174] = zero[7]
Removing Lhs of wire \PWM:PWMUDB:MODULE_1:g2:a0:a_22\[175] = zero[7]
Removing Lhs of wire \PWM:PWMUDB:MODULE_1:g2:a0:a_21\[176] = zero[7]
Removing Lhs of wire \PWM:PWMUDB:MODULE_1:g2:a0:a_20\[177] = zero[7]
Removing Lhs of wire \PWM:PWMUDB:MODULE_1:g2:a0:a_19\[178] = zero[7]
Removing Lhs of wire \PWM:PWMUDB:MODULE_1:g2:a0:a_18\[179] = zero[7]
Removing Lhs of wire \PWM:PWMUDB:MODULE_1:g2:a0:a_17\[180] = zero[7]
Removing Lhs of wire \PWM:PWMUDB:MODULE_1:g2:a0:a_16\[181] = zero[7]
Removing Lhs of wire \PWM:PWMUDB:MODULE_1:g2:a0:a_15\[182] = zero[7]
Removing Lhs of wire \PWM:PWMUDB:MODULE_1:g2:a0:a_14\[183] = zero[7]
Removing Lhs of wire \PWM:PWMUDB:MODULE_1:g2:a0:a_13\[184] = zero[7]
Removing Lhs of wire \PWM:PWMUDB:MODULE_1:g2:a0:a_12\[185] = zero[7]
Removing Lhs of wire \PWM:PWMUDB:MODULE_1:g2:a0:a_11\[186] = zero[7]
Removing Lhs of wire \PWM:PWMUDB:MODULE_1:g2:a0:a_10\[187] = zero[7]
Removing Lhs of wire \PWM:PWMUDB:MODULE_1:g2:a0:a_9\[188] = zero[7]
Removing Lhs of wire \PWM:PWMUDB:MODULE_1:g2:a0:a_8\[189] = zero[7]
Removing Lhs of wire \PWM:PWMUDB:MODULE_1:g2:a0:a_7\[190] = zero[7]
Removing Lhs of wire \PWM:PWMUDB:MODULE_1:g2:a0:a_6\[191] = zero[7]
Removing Lhs of wire \PWM:PWMUDB:MODULE_1:g2:a0:a_5\[192] = zero[7]
Removing Lhs of wire \PWM:PWMUDB:MODULE_1:g2:a0:a_4\[193] = zero[7]
Removing Lhs of wire \PWM:PWMUDB:MODULE_1:g2:a0:a_3\[194] = zero[7]
Removing Lhs of wire \PWM:PWMUDB:MODULE_1:g2:a0:a_2\[195] = zero[7]
Removing Lhs of wire \PWM:PWMUDB:MODULE_1:g2:a0:a_1\[196] = \PWM:PWMUDB:MODIN1_1\[197]
Removing Lhs of wire \PWM:PWMUDB:MODIN1_1\[197] = \PWM:PWMUDB:dith_count_1\[52]
Removing Lhs of wire \PWM:PWMUDB:MODULE_1:g2:a0:a_0\[198] = \PWM:PWMUDB:MODIN1_0\[199]
Removing Lhs of wire \PWM:PWMUDB:MODIN1_0\[199] = \PWM:PWMUDB:dith_count_0\[54]
Removing Lhs of wire \PWM:PWMUDB:MODULE_1:g2:a0:g1:z1:s0:g1:u0:c_0\[331] = one[4]
Removing Lhs of wire \PWM:PWMUDB:MODULE_1:g2:a0:g1:z1:s0:g1:u0:b_0\[332] = one[4]
Removing Lhs of wire Net_19[339] = zero[7]
Removing Lhs of wire tmpOE__LEDR_net_0[342] = one[4]
Removing Lhs of wire tmpOE__SW1_net_0[350] = one[4]
Removing Rhs of wire Net_83[356] = cy_tff_1[357]
Removing Lhs of wire Net_81[358] = one[4]
Removing Lhs of wire tmpOE__LEDB_net_0[360] = one[4]
Removing Rhs of wire Net_324[368] = \PWM2:PWMUDB:pwm_i_reg\[489]
Removing Lhs of wire \PWM2:Net_68\[372] = Net_131[699]
Removing Lhs of wire \PWM2:PWMUDB:ctrl_enable\[383] = \PWM2:PWMUDB:control_7\[375]
Removing Lhs of wire \PWM2:Net_180\[391] = zero[7]
Removing Lhs of wire \PWM2:PWMUDB:hwCapture\[394] = zero[7]
Removing Lhs of wire \PWM2:PWMUDB:hwEnable\[395] = \PWM2:PWMUDB:control_7\[375]
Removing Lhs of wire \PWM2:Net_178\[397] = zero[7]
Removing Lhs of wire \PWM2:PWMUDB:trig_out\[400] = one[4]
Removing Lhs of wire \PWM2:PWMUDB:runmode_enable\\R\[402] = zero[7]
Removing Lhs of wire \PWM2:Net_186\[403] = zero[7]
Removing Lhs of wire \PWM2:PWMUDB:runmode_enable\\S\[404] = zero[7]
Removing Lhs of wire \PWM2:PWMUDB:final_enable\[405] = \PWM2:PWMUDB:runmode_enable\[401]
Removing Lhs of wire \PWM2:Net_179\[408] = one[4]
Removing Lhs of wire \PWM2:PWMUDB:ltch_kill_reg\\R\[410] = zero[7]
Removing Lhs of wire \PWM2:PWMUDB:ltch_kill_reg\\S\[411] = zero[7]
Removing Lhs of wire \PWM2:PWMUDB:km_tc\[412] = zero[7]
Removing Lhs of wire \PWM2:PWMUDB:min_kill_reg\\R\[413] = zero[7]
Removing Lhs of wire \PWM2:PWMUDB:min_kill_reg\\S\[414] = zero[7]
Removing Lhs of wire \PWM2:PWMUDB:final_kill\[417] = one[4]
Removing Lhs of wire \PWM2:PWMUDB:add_vi_vv_MODGEN_2_1\[420] = \PWM2:PWMUDB:MODULE_2:g2:a0:s_1\[658]
Removing Lhs of wire \PWM2:PWMUDB:add_vi_vv_MODGEN_2_0\[422] = \PWM2:PWMUDB:MODULE_2:g2:a0:s_0\[659]
Removing Lhs of wire \PWM2:PWMUDB:dith_count_1\\R\[423] = zero[7]
Removing Lhs of wire \PWM2:PWMUDB:dith_count_1\\S\[424] = zero[7]
Removing Lhs of wire \PWM2:PWMUDB:dith_count_0\\R\[425] = zero[7]
Removing Lhs of wire \PWM2:PWMUDB:dith_count_0\\S\[426] = zero[7]
Removing Lhs of wire \PWM2:PWMUDB:status_6\[429] = zero[7]
Removing Rhs of wire \PWM2:PWMUDB:status_5\[430] = \PWM2:PWMUDB:final_kill_reg\[444]
Removing Lhs of wire \PWM2:PWMUDB:status_4\[431] = zero[7]
Removing Rhs of wire \PWM2:PWMUDB:status_3\[432] = \PWM2:PWMUDB:fifo_full\[451]
Removing Rhs of wire \PWM2:PWMUDB:status_1\[434] = \PWM2:PWMUDB:cmp2_status_reg\[443]
Removing Rhs of wire \PWM2:PWMUDB:status_0\[435] = \PWM2:PWMUDB:cmp1_status_reg\[442]
Removing Lhs of wire \PWM2:PWMUDB:cmp2_status\[440] = zero[7]
Removing Lhs of wire \PWM2:PWMUDB:cmp2\[441] = zero[7]
Removing Lhs of wire \PWM2:PWMUDB:cmp1_status_reg\\R\[445] = zero[7]
Removing Lhs of wire \PWM2:PWMUDB:cmp1_status_reg\\S\[446] = zero[7]
Removing Lhs of wire \PWM2:PWMUDB:cmp2_status_reg\\R\[447] = zero[7]
Removing Lhs of wire \PWM2:PWMUDB:cmp2_status_reg\\S\[448] = zero[7]
Removing Lhs of wire \PWM2:PWMUDB:final_kill_reg\\R\[449] = zero[7]
Removing Lhs of wire \PWM2:PWMUDB:final_kill_reg\\S\[450] = zero[7]
Removing Lhs of wire \PWM2:PWMUDB:cs_addr_2\[452] = \PWM2:PWMUDB:tc_i\[407]
Removing Lhs of wire \PWM2:PWMUDB:cs_addr_1\[453] = \PWM2:PWMUDB:runmode_enable\[401]
Removing Lhs of wire \PWM2:PWMUDB:cs_addr_0\[454] = zero[7]
Removing Lhs of wire \PWM2:PWMUDB:compare1\[487] = \PWM2:PWMUDB:cmp1_less\[458]
Removing Lhs of wire \PWM2:PWMUDB:pwm1_i\[492] = zero[7]
Removing Lhs of wire \PWM2:PWMUDB:pwm2_i\[494] = zero[7]
Removing Lhs of wire \PWM2:PWMUDB:pwm_temp\[499] = \PWM2:PWMUDB:cmp1\[438]
Removing Lhs of wire \PWM2:PWMUDB:MODULE_2:g2:a0:a_23\[540] = zero[7]
Removing Lhs of wire \PWM2:PWMUDB:MODULE_2:g2:a0:a_22\[541] = zero[7]
Removing Lhs of wire \PWM2:PWMUDB:MODULE_2:g2:a0:a_21\[542] = zero[7]
Removing Lhs of wire \PWM2:PWMUDB:MODULE_2:g2:a0:a_20\[543] = zero[7]
Removing Lhs of wire \PWM2:PWMUDB:MODULE_2:g2:a0:a_19\[544] = zero[7]
Removing Lhs of wire \PWM2:PWMUDB:MODULE_2:g2:a0:a_18\[545] = zero[7]
Removing Lhs of wire \PWM2:PWMUDB:MODULE_2:g2:a0:a_17\[546] = zero[7]
Removing Lhs of wire \PWM2:PWMUDB:MODULE_2:g2:a0:a_16\[547] = zero[7]
Removing Lhs of wire \PWM2:PWMUDB:MODULE_2:g2:a0:a_15\[548] = zero[7]
Removing Lhs of wire \PWM2:PWMUDB:MODULE_2:g2:a0:a_14\[549] = zero[7]
Removing Lhs of wire \PWM2:PWMUDB:MODULE_2:g2:a0:a_13\[550] = zero[7]
Removing Lhs of wire \PWM2:PWMUDB:MODULE_2:g2:a0:a_12\[551] = zero[7]
Removing Lhs of wire \PWM2:PWMUDB:MODULE_2:g2:a0:a_11\[552] = zero[7]
Removing Lhs of wire \PWM2:PWMUDB:MODULE_2:g2:a0:a_10\[553] = zero[7]
Removing Lhs of wire \PWM2:PWMUDB:MODULE_2:g2:a0:a_9\[554] = zero[7]
Removing Lhs of wire \PWM2:PWMUDB:MODULE_2:g2:a0:a_8\[555] = zero[7]
Removing Lhs of wire \PWM2:PWMUDB:MODULE_2:g2:a0:a_7\[556] = zero[7]
Removing Lhs of wire \PWM2:PWMUDB:MODULE_2:g2:a0:a_6\[557] = zero[7]
Removing Lhs of wire \PWM2:PWMUDB:MODULE_2:g2:a0:a_5\[558] = zero[7]
Removing Lhs of wire \PWM2:PWMUDB:MODULE_2:g2:a0:a_4\[559] = zero[7]
Removing Lhs of wire \PWM2:PWMUDB:MODULE_2:g2:a0:a_3\[560] = zero[7]
Removing Lhs of wire \PWM2:PWMUDB:MODULE_2:g2:a0:a_2\[561] = zero[7]
Removing Lhs of wire \PWM2:PWMUDB:MODULE_2:g2:a0:a_1\[562] = \PWM2:PWMUDB:MODIN2_1\[563]
Removing Lhs of wire \PWM2:PWMUDB:MODIN2_1\[563] = \PWM2:PWMUDB:dith_count_1\[419]
Removing Lhs of wire \PWM2:PWMUDB:MODULE_2:g2:a0:a_0\[564] = \PWM2:PWMUDB:MODIN2_0\[565]
Removing Lhs of wire \PWM2:PWMUDB:MODIN2_0\[565] = \PWM2:PWMUDB:dith_count_0\[421]
Removing Lhs of wire \PWM2:PWMUDB:MODULE_2:g2:a0:g1:z1:s0:g1:u0:c_0\[697] = one[4]
Removing Lhs of wire \PWM2:PWMUDB:MODULE_2:g2:a0:g1:z1:s0:g1:u0:b_0\[698] = one[4]
Removing Lhs of wire \PWM:PWMUDB:prevCapture\\D\[719] = zero[7]
Removing Lhs of wire \PWM:PWMUDB:trig_last\\D\[720] = zero[7]
Removing Lhs of wire \PWM:PWMUDB:prevCompare1\\D\[726] = \PWM:PWMUDB:cmp1\[71]
Removing Lhs of wire \PWM:PWMUDB:cmp1_status_reg\\D\[727] = \PWM:PWMUDB:cmp1_status\[72]
Removing Lhs of wire \PWM:PWMUDB:cmp2_status_reg\\D\[728] = zero[7]
Removing Lhs of wire \PWM:PWMUDB:pwm_i_reg\\D\[730] = \PWM:PWMUDB:pwm_i\[123]
Removing Lhs of wire \PWM:PWMUDB:pwm1_i_reg\\D\[731] = zero[7]
Removing Lhs of wire \PWM:PWMUDB:pwm2_i_reg\\D\[732] = zero[7]
Removing Lhs of wire \PWM:PWMUDB:tc_i_reg\\D\[733] = \PWM:PWMUDB:status_2\[66]
Removing Lhs of wire \PWM2:PWMUDB:prevCapture\\D\[736] = zero[7]
Removing Lhs of wire \PWM2:PWMUDB:trig_last\\D\[737] = zero[7]
Removing Lhs of wire \PWM2:PWMUDB:prevCompare1\\D\[743] = \PWM2:PWMUDB:cmp1\[438]
Removing Lhs of wire \PWM2:PWMUDB:cmp1_status_reg\\D\[744] = \PWM2:PWMUDB:cmp1_status\[439]
Removing Lhs of wire \PWM2:PWMUDB:cmp2_status_reg\\D\[745] = zero[7]
Removing Lhs of wire \PWM2:PWMUDB:pwm_i_reg\\D\[747] = \PWM2:PWMUDB:pwm_i\[490]
Removing Lhs of wire \PWM2:PWMUDB:pwm1_i_reg\\D\[748] = zero[7]
Removing Lhs of wire \PWM2:PWMUDB:pwm2_i_reg\\D\[749] = zero[7]
Removing Lhs of wire \PWM2:PWMUDB:tc_i_reg\\D\[750] = \PWM2:PWMUDB:status_2\[433]

------------------------------------------------------
Aliased 0 equations, 171 wires.
------------------------------------------------------

----------------------------------------------------------
Circuit simplification
----------------------------------------------------------

Substituting virtuals - pass 1:

Note:  Expanding virtual equation for 'zero' (cost = 0):
zero <=  ('0') ;

Note:  Expanding virtual equation for 'one' (cost = 0):
one <=  ('1') ;

Note:  Expanding virtual equation for '\PWM:PWMUDB:compare1\' (cost = 2):
\PWM:PWMUDB:compare1\ <= (\PWM:PWMUDB:cmp1_less\
	OR \PWM:PWMUDB:cmp1_eq\);

Note:  Expanding virtual equation for '\PWM:PWMUDB:MODULE_1:g2:a0:g1:z1:s0:g1:u0:c_1\' (cost = 0):
\PWM:PWMUDB:MODULE_1:g2:a0:g1:z1:s0:g1:u0:c_1\ <= (\PWM:PWMUDB:dith_count_0\);

Note:  Expanding virtual equation for '\PWM:PWMUDB:MODULE_1:g2:a0:s_0\' (cost = 0):
\PWM:PWMUDB:MODULE_1:g2:a0:s_0\ <= (not \PWM:PWMUDB:dith_count_0\);

Note:  Expanding virtual equation for '\PWM:PWMUDB:MODULE_1:g2:a0:g1:z1:s0:g1:u0:c_17\' (cost = 0):
\PWM:PWMUDB:MODULE_1:g2:a0:g1:z1:s0:g1:u0:c_17\ <=  ('0') ;

Note:  Expanding virtual equation for '\PWM:PWMUDB:MODULE_1:g2:a0:g1:z1:s0:g1:u0:c_9\' (cost = 0):
\PWM:PWMUDB:MODULE_1:g2:a0:g1:z1:s0:g1:u0:c_9\ <=  ('0') ;

Note:  Expanding virtual equation for '\PWM:PWMUDB:MODULE_1:g2:a0:g1:z1:s0:g1:u0:c_2\' (cost = 0):
\PWM:PWMUDB:MODULE_1:g2:a0:g1:z1:s0:g1:u0:c_2\ <= ((\PWM:PWMUDB:dith_count_1\ and \PWM:PWMUDB:dith_count_0\));

Note:  Expanding virtual equation for 'Net_100' (cost = 0):
Net_100 <= (not Net_83);

Note:  Expanding virtual equation for '\PWM2:PWMUDB:cmp1\' (cost = 0):
\PWM2:PWMUDB:cmp1\ <= (\PWM2:PWMUDB:cmp1_less\);

Note:  Expanding virtual equation for '\PWM2:PWMUDB:MODULE_2:g2:a0:g1:z1:s0:g1:u0:c_1\' (cost = 0):
\PWM2:PWMUDB:MODULE_2:g2:a0:g1:z1:s0:g1:u0:c_1\ <= (\PWM2:PWMUDB:dith_count_0\);

Note:  Expanding virtual equation for '\PWM2:PWMUDB:MODULE_2:g2:a0:s_0\' (cost = 0):
\PWM2:PWMUDB:MODULE_2:g2:a0:s_0\ <= (not \PWM2:PWMUDB:dith_count_0\);

Note:  Expanding virtual equation for '\PWM2:PWMUDB:MODULE_2:g2:a0:g1:z1:s0:g1:u0:c_17\' (cost = 0):
\PWM2:PWMUDB:MODULE_2:g2:a0:g1:z1:s0:g1:u0:c_17\ <=  ('0') ;

Note:  Expanding virtual equation for '\PWM2:PWMUDB:MODULE_2:g2:a0:g1:z1:s0:g1:u0:c_9\' (cost = 0):
\PWM2:PWMUDB:MODULE_2:g2:a0:g1:z1:s0:g1:u0:c_9\ <=  ('0') ;

Note:  Expanding virtual equation for '\PWM2:PWMUDB:MODULE_2:g2:a0:g1:z1:s0:g1:u0:c_2\' (cost = 0):
\PWM2:PWMUDB:MODULE_2:g2:a0:g1:z1:s0:g1:u0:c_2\ <= ((\PWM2:PWMUDB:dith_count_1\ and \PWM2:PWMUDB:dith_count_0\));


Substituting virtuals - pass 2:

Note:  Expanding virtual equation for '\PWM:PWMUDB:cmp1\' (cost = 4):
\PWM:PWMUDB:cmp1\ <= (\PWM:PWMUDB:cmp1_less\
	OR \PWM:PWMUDB:cmp1_eq\);

Note:  Expanding virtual equation for '\PWM:PWMUDB:MODULE_1:g2:a0:s_1\' (cost = 2):
\PWM:PWMUDB:MODULE_1:g2:a0:s_1\ <= ((not \PWM:PWMUDB:dith_count_0\ and \PWM:PWMUDB:dith_count_1\)
	OR (not \PWM:PWMUDB:dith_count_1\ and \PWM:PWMUDB:dith_count_0\));

Note:  Expanding virtual equation for '\PWM:PWMUDB:MODULE_1:g2:a0:g1:z1:s0:g1:u0:c_18\' (cost = 0):
\PWM:PWMUDB:MODULE_1:g2:a0:g1:z1:s0:g1:u0:c_18\ <=  ('0') ;

Note:  Expanding virtual equation for '\PWM:PWMUDB:MODULE_1:g2:a0:g1:z1:s0:g1:u0:c_10\' (cost = 0):
\PWM:PWMUDB:MODULE_1:g2:a0:g1:z1:s0:g1:u0:c_10\ <=  ('0') ;

Note:  Expanding virtual equation for '\PWM:PWMUDB:MODULE_1:g2:a0:g1:z1:s0:g1:u0:c_3\' (cost = 0):
\PWM:PWMUDB:MODULE_1:g2:a0:g1:z1:s0:g1:u0:c_3\ <=  ('0') ;

Note:  Expanding virtual equation for '\PWM2:PWMUDB:MODULE_2:g2:a0:s_1\' (cost = 2):
\PWM2:PWMUDB:MODULE_2:g2:a0:s_1\ <= ((not \PWM2:PWMUDB:dith_count_0\ and \PWM2:PWMUDB:dith_count_1\)
	OR (not \PWM2:PWMUDB:dith_count_1\ and \PWM2:PWMUDB:dith_count_0\));

Note:  Expanding virtual equation for '\PWM2:PWMUDB:MODULE_2:g2:a0:g1:z1:s0:g1:u0:c_18\' (cost = 0):
\PWM2:PWMUDB:MODULE_2:g2:a0:g1:z1:s0:g1:u0:c_18\ <=  ('0') ;

Note:  Expanding virtual equation for '\PWM2:PWMUDB:MODULE_2:g2:a0:g1:z1:s0:g1:u0:c_10\' (cost = 0):
\PWM2:PWMUDB:MODULE_2:g2:a0:g1:z1:s0:g1:u0:c_10\ <=  ('0') ;

Note:  Expanding virtual equation for '\PWM2:PWMUDB:MODULE_2:g2:a0:g1:z1:s0:g1:u0:c_3\' (cost = 0):
\PWM2:PWMUDB:MODULE_2:g2:a0:g1:z1:s0:g1:u0:c_3\ <=  ('0') ;


Substituting virtuals - pass 3:

Note:  Expanding virtual equation for '\PWM:PWMUDB:MODULE_1:g2:a0:g1:z1:s0:g1:u0:c_19\' (cost = 0):
\PWM:PWMUDB:MODULE_1:g2:a0:g1:z1:s0:g1:u0:c_19\ <=  ('0') ;

Note:  Expanding virtual equation for '\PWM:PWMUDB:MODULE_1:g2:a0:g1:z1:s0:g1:u0:c_11\' (cost = 0):
\PWM:PWMUDB:MODULE_1:g2:a0:g1:z1:s0:g1:u0:c_11\ <=  ('0') ;

Note:  Expanding virtual equation for '\PWM:PWMUDB:MODULE_1:g2:a0:g1:z1:s0:g1:u0:c_4\' (cost = 0):
\PWM:PWMUDB:MODULE_1:g2:a0:g1:z1:s0:g1:u0:c_4\ <=  ('0') ;

Note:  Expanding virtual equation for '\PWM2:PWMUDB:MODULE_2:g2:a0:g1:z1:s0:g1:u0:c_19\' (cost = 0):
\PWM2:PWMUDB:MODULE_2:g2:a0:g1:z1:s0:g1:u0:c_19\ <=  ('0') ;

Note:  Expanding virtual equation for '\PWM2:PWMUDB:MODULE_2:g2:a0:g1:z1:s0:g1:u0:c_11\' (cost = 0):
\PWM2:PWMUDB:MODULE_2:g2:a0:g1:z1:s0:g1:u0:c_11\ <=  ('0') ;

Note:  Expanding virtual equation for '\PWM2:PWMUDB:MODULE_2:g2:a0:g1:z1:s0:g1:u0:c_4\' (cost = 0):
\PWM2:PWMUDB:MODULE_2:g2:a0:g1:z1:s0:g1:u0:c_4\ <=  ('0') ;


Substituting virtuals - pass 4:

Note:  Expanding virtual equation for '\PWM:PWMUDB:MODULE_1:g2:a0:g1:z1:s0:g1:u0:c_20\' (cost = 0):
\PWM:PWMUDB:MODULE_1:g2:a0:g1:z1:s0:g1:u0:c_20\ <=  ('0') ;

Note:  Expanding virtual equation for '\PWM:PWMUDB:MODULE_1:g2:a0:g1:z1:s0:g1:u0:c_12\' (cost = 0):
\PWM:PWMUDB:MODULE_1:g2:a0:g1:z1:s0:g1:u0:c_12\ <=  ('0') ;

Note:  Expanding virtual equation for '\PWM:PWMUDB:MODULE_1:g2:a0:g1:z1:s0:g1:u0:c_5\' (cost = 0):
\PWM:PWMUDB:MODULE_1:g2:a0:g1:z1:s0:g1:u0:c_5\ <=  ('0') ;

Note:  Expanding virtual equation for '\PWM2:PWMUDB:MODULE_2:g2:a0:g1:z1:s0:g1:u0:c_20\' (cost = 0):
\PWM2:PWMUDB:MODULE_2:g2:a0:g1:z1:s0:g1:u0:c_20\ <=  ('0') ;

Note:  Expanding virtual equation for '\PWM2:PWMUDB:MODULE_2:g2:a0:g1:z1:s0:g1:u0:c_12\' (cost = 0):
\PWM2:PWMUDB:MODULE_2:g2:a0:g1:z1:s0:g1:u0:c_12\ <=  ('0') ;

Note:  Expanding virtual equation for '\PWM2:PWMUDB:MODULE_2:g2:a0:g1:z1:s0:g1:u0:c_5\' (cost = 0):
\PWM2:PWMUDB:MODULE_2:g2:a0:g1:z1:s0:g1:u0:c_5\ <=  ('0') ;


Substituting virtuals - pass 5:

Note:  Expanding virtual equation for '\PWM:PWMUDB:MODULE_1:g2:a0:g1:z1:s0:g1:u0:c_21\' (cost = 0):
\PWM:PWMUDB:MODULE_1:g2:a0:g1:z1:s0:g1:u0:c_21\ <=  ('0') ;

Note:  Expanding virtual equation for '\PWM:PWMUDB:MODULE_1:g2:a0:g1:z1:s0:g1:u0:c_13\' (cost = 0):
\PWM:PWMUDB:MODULE_1:g2:a0:g1:z1:s0:g1:u0:c_13\ <=  ('0') ;

Note:  Expanding virtual equation for '\PWM:PWMUDB:MODULE_1:g2:a0:g1:z1:s0:g1:u0:c_6\' (cost = 0):
\PWM:PWMUDB:MODULE_1:g2:a0:g1:z1:s0:g1:u0:c_6\ <=  ('0') ;

Note:  Expanding virtual equation for '\PWM2:PWMUDB:MODULE_2:g2:a0:g1:z1:s0:g1:u0:c_21\' (cost = 0):
\PWM2:PWMUDB:MODULE_2:g2:a0:g1:z1:s0:g1:u0:c_21\ <=  ('0') ;

Note:  Expanding virtual equation for '\PWM2:PWMUDB:MODULE_2:g2:a0:g1:z1:s0:g1:u0:c_13\' (cost = 0):
\PWM2:PWMUDB:MODULE_2:g2:a0:g1:z1:s0:g1:u0:c_13\ <=  ('0') ;

Note:  Expanding virtual equation for '\PWM2:PWMUDB:MODULE_2:g2:a0:g1:z1:s0:g1:u0:c_6\' (cost = 0):
\PWM2:PWMUDB:MODULE_2:g2:a0:g1:z1:s0:g1:u0:c_6\ <=  ('0') ;


Substituting virtuals - pass 6:

Note:  Expanding virtual equation for '\PWM:PWMUDB:MODULE_1:g2:a0:g1:z1:s0:g1:u0:c_22\' (cost = 0):
\PWM:PWMUDB:MODULE_1:g2:a0:g1:z1:s0:g1:u0:c_22\ <=  ('0') ;

Note:  Expanding virtual equation for '\PWM:PWMUDB:MODULE_1:g2:a0:g1:z1:s0:g1:u0:c_14\' (cost = 0):
\PWM:PWMUDB:MODULE_1:g2:a0:g1:z1:s0:g1:u0:c_14\ <=  ('0') ;

Note:  Expanding virtual equation for '\PWM:PWMUDB:MODULE_1:g2:a0:g1:z1:s0:g1:u0:c_7\' (cost = 0):
\PWM:PWMUDB:MODULE_1:g2:a0:g1:z1:s0:g1:u0:c_7\ <=  ('0') ;

Note:  Expanding virtual equation for '\PWM2:PWMUDB:MODULE_2:g2:a0:g1:z1:s0:g1:u0:c_22\' (cost = 0):
\PWM2:PWMUDB:MODULE_2:g2:a0:g1:z1:s0:g1:u0:c_22\ <=  ('0') ;

Note:  Expanding virtual equation for '\PWM2:PWMUDB:MODULE_2:g2:a0:g1:z1:s0:g1:u0:c_14\' (cost = 0):
\PWM2:PWMUDB:MODULE_2:g2:a0:g1:z1:s0:g1:u0:c_14\ <=  ('0') ;

Note:  Expanding virtual equation for '\PWM2:PWMUDB:MODULE_2:g2:a0:g1:z1:s0:g1:u0:c_7\' (cost = 0):
\PWM2:PWMUDB:MODULE_2:g2:a0:g1:z1:s0:g1:u0:c_7\ <=  ('0') ;


Substituting virtuals - pass 7:

Note:  Expanding virtual equation for '\PWM:PWMUDB:MODULE_1:g2:a0:g1:z1:s0:g1:u0:c_23\' (cost = 0):
\PWM:PWMUDB:MODULE_1:g2:a0:g1:z1:s0:g1:u0:c_23\ <=  ('0') ;

Note:  Expanding virtual equation for '\PWM:PWMUDB:MODULE_1:g2:a0:g1:z1:s0:g1:u0:c_15\' (cost = 0):
\PWM:PWMUDB:MODULE_1:g2:a0:g1:z1:s0:g1:u0:c_15\ <=  ('0') ;

Note:  Expanding virtual equation for '\PWM2:PWMUDB:MODULE_2:g2:a0:g1:z1:s0:g1:u0:c_23\' (cost = 0):
\PWM2:PWMUDB:MODULE_2:g2:a0:g1:z1:s0:g1:u0:c_23\ <=  ('0') ;

Note:  Expanding virtual equation for '\PWM2:PWMUDB:MODULE_2:g2:a0:g1:z1:s0:g1:u0:c_15\' (cost = 0):
\PWM2:PWMUDB:MODULE_2:g2:a0:g1:z1:s0:g1:u0:c_15\ <=  ('0') ;


Substituting virtuals - pass 8:


----------------------------------------------------------
Circuit simplification results:

	Expanded 52 signals.
	Turned 0 signals into soft nodes.
	Maximum default expansion cost was set at 3.
----------------------------------------------------------

------------------------------------------------------
Alias Detection
------------------------------------------------------
Aliasing \PWM:PWMUDB:final_capture\ to zero
Aliasing \PWM:PWMUDB:MODULE_1:g2:a0:g1:z1:s0:g1:u0:b_24\ to zero
Aliasing \PWM:PWMUDB:MODULE_1:g2:a0:g1:z1:s0:g1:u0:b_16\ to zero
Aliasing \PWM:PWMUDB:MODULE_1:g2:a0:g1:z1:s0:g1:u0:b_8\ to zero
Aliasing \PWM2:PWMUDB:final_capture\ to zero
Aliasing \PWM2:PWMUDB:MODULE_2:g2:a0:g1:z1:s0:g1:u0:b_24\ to zero
Aliasing \PWM2:PWMUDB:MODULE_2:g2:a0:g1:z1:s0:g1:u0:b_16\ to zero
Aliasing \PWM2:PWMUDB:MODULE_2:g2:a0:g1:z1:s0:g1:u0:b_8\ to zero
Aliasing \PWM:PWMUDB:min_kill_reg\\D\ to one
Aliasing \PWM:PWMUDB:ltch_kill_reg\\D\ to one
Aliasing \PWM:PWMUDB:final_kill_reg\\D\ to zero
Aliasing \PWM2:PWMUDB:min_kill_reg\\D\ to one
Aliasing \PWM2:PWMUDB:ltch_kill_reg\\D\ to one
Aliasing \PWM2:PWMUDB:final_kill_reg\\D\ to zero
Removing Lhs of wire \PWM:PWMUDB:final_capture\[89] = zero[7]
Removing Lhs of wire \PWM:PWMUDB:MODULE_1:g2:a0:g1:z1:s0:g1:u0:b_24\[302] = zero[7]
Removing Lhs of wire \PWM:PWMUDB:MODULE_1:g2:a0:g1:z1:s0:g1:u0:b_16\[312] = zero[7]
Removing Lhs of wire \PWM:PWMUDB:MODULE_1:g2:a0:g1:z1:s0:g1:u0:b_8\[322] = zero[7]
Removing Lhs of wire \PWM2:PWMUDB:final_capture\[456] = zero[7]
Removing Lhs of wire \PWM2:PWMUDB:MODULE_2:g2:a0:g1:z1:s0:g1:u0:b_24\[668] = zero[7]
Removing Lhs of wire \PWM2:PWMUDB:MODULE_2:g2:a0:g1:z1:s0:g1:u0:b_16\[678] = zero[7]
Removing Lhs of wire \PWM2:PWMUDB:MODULE_2:g2:a0:g1:z1:s0:g1:u0:b_8\[688] = zero[7]
Removing Lhs of wire \PWM:PWMUDB:min_kill_reg\\D\[718] = one[4]
Removing Lhs of wire \PWM:PWMUDB:runmode_enable\\D\[721] = \PWM:PWMUDB:control_7\[8]
Removing Lhs of wire \PWM:PWMUDB:ltch_kill_reg\\D\[723] = one[4]
Removing Lhs of wire \PWM:PWMUDB:final_kill_reg\\D\[729] = zero[7]
Removing Lhs of wire \PWM2:PWMUDB:min_kill_reg\\D\[735] = one[4]
Removing Lhs of wire \PWM2:PWMUDB:runmode_enable\\D\[738] = \PWM2:PWMUDB:control_7\[375]
Removing Lhs of wire \PWM2:PWMUDB:ltch_kill_reg\\D\[740] = one[4]
Removing Lhs of wire \PWM2:PWMUDB:final_kill_reg\\D\[746] = zero[7]

------------------------------------------------------
Aliased 0 equations, 16 wires.
------------------------------------------------------

----------------------------------------------------------
Circuit simplification
----------------------------------------------------------

Eliminating unused logic - pass 1:


Eliminating unused logic - pass 2:


Substituting virtuals - pass 1:


----------------------------------------------------------
Circuit simplification results:

	Expanded 0 signals.
	Turned 0 signals into soft nodes.
	Maximum default expansion cost was set at 3.
----------------------------------------------------------

topld:  No errors.

CYPRESS_DIR    : C:\Program Files\Cypress\PSoC Creator\3.1\PSoC Creator\warp
Warp Program   : C:\Program Files\Cypress\PSoC Creator\3.1\PSoC Creator\warp\bin/warp.exe
Warp Arguments : -yv2 -q10 -ygs -o2 -v3 -.fftcfgtype=LE -ya "-.fftprj=\\vmware-host\Shared Folders\Documents\Github Clones\PSoC.Playground\PROJECTS\Lab3_PWM\Lab3_PWM.cydsn\Lab3_PWM.cyprj" -dcpsoc3 Lab3_PWM.v -verilog
</CYPRESSTAG>
Warp synthesis phase: Elapsed time ==> 7s.599ms
<CYPRESSTAG name="Fitter results...">
<CYPRESSTAG name="Fitter startup details...">
cyp3fit: V3.1.0.1570, Family: PSoC3, Started at: Thursday, 01 January 2015 03:21:10
Options: -yv2 -q10 -ygs -o2 -v3 -.fftcfgtype=LE -ya -.fftprj=\\vmware-host\Shared Folders\Documents\Github Clones\PSoC.Playground\PROJECTS\Lab3_PWM\Lab3_PWM.cydsn\Lab3_PWM.cyprj -d CY8C4247LQI-BL483 Lab3_PWM.v -verilog
</CYPRESSTAG>
<CYPRESSTAG name="Design parsing">
Design parsing phase: Elapsed time ==> 0s.040ms
</CYPRESSTAG>
<CYPRESSTAG name="Tech mapping">
<CYPRESSTAG name="Initial Mapping" icon="FILE_RPT_TECHM">
    Removed wire end \PWM2:PWMUDB:MODULE_2:g2:a0:g1:z1:s0:g1:u0:c_16\ kept zero
    Removed wire end \PWM2:PWMUDB:MODULE_2:g2:a0:g1:z1:s0:g1:u0:c_24\ kept zero
    Removed wire end \PWM2:PWMUDB:MODULE_2:g2:a0:g1:z1:s0:g1:u0:c_8\ kept zero
    Removed wire end \PWM:PWMUDB:MODULE_1:g2:a0:g1:z1:s0:g1:u0:c_16\ kept zero
    Removed wire end \PWM:PWMUDB:MODULE_1:g2:a0:g1:z1:s0:g1:u0:c_24\ kept zero
    Removed wire end \PWM:PWMUDB:MODULE_1:g2:a0:g1:z1:s0:g1:u0:c_8\ kept zero
    Converted constant MacroCell: \PWM2:PWMUDB:status_1\ from registered to combinatorial
    Converted constant MacroCell: \PWM2:PWMUDB:status_5\ from registered to combinatorial
    Converted constant MacroCell: \PWM2:PWMUDB:prevCapture\ from registered to combinatorial
    Converted constant MacroCell: \PWM2:PWMUDB:pwm1_i_reg\ from registered to combinatorial
    Converted constant MacroCell: \PWM2:PWMUDB:pwm2_i_reg\ from registered to combinatorial
    Converted constant MacroCell: \PWM2:PWMUDB:trig_last\ from registered to combinatorial
    Converted constant MacroCell: \PWM:PWMUDB:status_1\ from registered to combinatorial
    Converted constant MacroCell: \PWM:PWMUDB:status_5\ from registered to combinatorial
    Converted constant MacroCell: \PWM:PWMUDB:prevCapture\ from registered to combinatorial
    Converted constant MacroCell: \PWM:PWMUDB:pwm1_i_reg\ from registered to combinatorial
    Converted constant MacroCell: \PWM:PWMUDB:pwm2_i_reg\ from registered to combinatorial
    Converted constant MacroCell: \PWM:PWMUDB:trig_last\ from registered to combinatorial

Removing unused cells resulting from optimization
Done removing unused cells.
<CYPRESSTAG name="Global Clock Selection" icon="FILE_RPT_TECHM">
    Digital Clock 0: Automatic-assigning  clock 'clk'. Fanout=1, Signal=Net_22_digital
    Digital Clock 1: Automatic-assigning  clock 'clk2'. Fanout=1, Signal=Net_131_digital
<CYPRESSTAG name="UDB Clock/Enable Remapping Results">
    UDB Clk/Enable \PWM2:PWMUDB:clock_enable_block\: with output requested to be synchronous
        ClockIn: ClockGenBlock:m0s8clockgenblockcell.gen_clk_out_1 was determined to be a global clock that is synchronous to HFCLK
        EnableIn: Constant 1 was determined to be synchronous to ClockIn
        ClockOut: ClockGenBlock:m0s8clockgenblockcell.gen_clk_out_1, EnableOut: Constant 1
    UDB Clk/Enable \PWM:PWMUDB:clock_enable_block\: with output requested to be synchronous
        ClockIn: ClockGenBlock:m0s8clockgenblockcell.gen_clk_out_0 was determined to be a global clock that is synchronous to HFCLK
        EnableIn: Constant 1 was determined to be synchronous to ClockIn
        ClockOut: ClockGenBlock:m0s8clockgenblockcell.gen_clk_out_0, EnableOut: Constant 1
</CYPRESSTAG>
<CYPRESSTAG name="UDB Routed Clock Assignment">
    Routed Clock: SW1(0):iocell.fb
        Effective Clock: HFCLK
        Enable Signal: SW1(0):iocell.fb
</CYPRESSTAG>
</CYPRESSTAG>

Removing unused cells resulting from optimization
Done removing unused cells.
<CYPRESSTAG name="Duplicate Macrocell detection">
</CYPRESSTAG>
</CYPRESSTAG>
<CYPRESSTAG name="Duplicate Macrocell detection">

Removing unused cells resulting from optimization
Done removing unused cells.
</CYPRESSTAG>
<CYPRESSTAG name="Design Equations" icon="FILE_RPT_EQUATION">

------------------------------------------------------------
Design Equations
------------------------------------------------------------
    <CYPRESSTAG name="Pin listing">

    ------------------------------------------------------------
    Pin listing
    ------------------------------------------------------------

    Pin : Name = LEDB(0)
        Attributes:
            In Group/Port: True
            In Sync Option: AUTO
            Out Sync Option: NOSYNC
            Interrupt generated: False
            Interrupt mode: NONE
            Drive mode: CMOS_OUT
            VTrip: EITHER
            Slew: FAST
            Input Sync needed: False
            Output Sync needed: False
            SC shield enabled: False
            POR State: ANY
            LCD Mode: COMMON
            Register Mode: RegComb
            CaSense Mode: NEITHER
            Treat as pin: True
            Is OE Registered: False
            Uses Analog: False
            Can contain Digital: True
            Is SIO: False
            SIO Output Buf: NONREGULATED
            SIO Input Buf: SINGLE_ENDED
            SIO HiFreq: LOW
            SIO Hyst: DISABLED
            SIO Vtrip: MULTIPLIER_0_5
            SIO RefSel: VCC_IO
            Required Capabilitites: DIGITAL, ROUTABLE
            Initial Value: 1
            IO Voltage: 0
        PORT MAP (
            pa_out => LEDB(0)__PA ,
            input => Net_104 ,
            annotation => Net_340 ,
            pad => LEDB(0)_PAD );
        Properties:
        {
        }

    Pin : Name = LEDR(0)
        Attributes:
            In Group/Port: True
            In Sync Option: AUTO
            Out Sync Option: NOSYNC
            Interrupt generated: False
            Interrupt mode: NONE
            Drive mode: CMOS_OUT
            VTrip: EITHER
            Slew: FAST
            Input Sync needed: False
            Output Sync needed: False
            SC shield enabled: False
            POR State: ANY
            LCD Mode: COMMON
            Register Mode: RegComb
            CaSense Mode: NEITHER
            Treat as pin: True
            Is OE Registered: False
            Uses Analog: False
            Can contain Digital: True
            Is SIO: False
            SIO Output Buf: NONREGULATED
            SIO Input Buf: SINGLE_ENDED
            SIO HiFreq: LOW
            SIO Hyst: DISABLED
            SIO Vtrip: MULTIPLIER_0_5
            SIO RefSel: VCC_IO
            Required Capabilitites: DIGITAL, ROUTABLE
            Initial Value: 1
            IO Voltage: 0
        PORT MAP (
            pa_out => LEDR(0)__PA ,
            input => Net_54 ,
            annotation => Net_166 ,
            pad => LEDR(0)_PAD );
        Properties:
        {
        }

    Pin : Name = SW1(0)
        Attributes:
            In Group/Port: True
            In Sync Option: SYNC
            Out Sync Option: AUTO
            Interrupt generated: False
            Interrupt mode: NONE
            Drive mode: RES_PULL_UP
            VTrip: CMOS
            Slew: FAST
            Input Sync needed: True
            Output Sync needed: False
            SC shield enabled: False
            POR State: ANY
            LCD Mode: COMMON
            Register Mode: RegComb
            CaSense Mode: NEITHER
            Treat as pin: True
            Is OE Registered: False
            Uses Analog: False
            Can contain Digital: True
            Is SIO: False
            SIO Output Buf: NONREGULATED
            SIO Input Buf: SINGLE_ENDED
            SIO HiFreq: LOW
            SIO Hyst: DISABLED
            SIO Vtrip: MULTIPLIER_0_5
            SIO RefSel: VCC_IO
            Required Capabilitites: DIGITAL, ROUTABLE
            Initial Value: 1
            IO Voltage: 0
        PORT MAP (
            pa_out => SW1(0)__PA ,
            fb => Net_82 ,
            annotation => Net_167 ,
            pad => SW1(0)_PAD );
        Properties:
        {
        }
    </CYPRESSTAG>
    <CYPRESSTAG name="Macrocell listing" icon="FILE_RPT_EQUATION">

    ------------------------------------------------------------
    Macrocell listing
    ------------------------------------------------------------

    MacroCell: Name=Net_104, Mode=(Combinatorial)
        Total # of inputs        : 2
        Total # of product terms : 1
            Clock Enable: True
        Main Equation            : 1 pterm
        !(
              Net_83 * !Net_324
        );
        Output = Net_104 (fanout=1)

    MacroCell: Name=Net_324, Mode=(D-Register)
        Total # of inputs        : 2
        Total # of product terms : 1
        List of special equations: 
            Clock  = (Net_131_digital) => Global
            Clock Enable: True
        Main Equation            : 1 pterm
        (
              \PWM2:PWMUDB:control_7\ * \PWM2:PWMUDB:cmp1_less\
        );
        Output = Net_324 (fanout=1)

    MacroCell: Name=Net_52, Mode=(D-Register)
        Total # of inputs        : 3
        Total # of product terms : 2
        List of special equations: 
            Clock  = (Net_22_digital) => Global
            Clock Enable: True
        Main Equation            : 2 pterms
        (
              \PWM:PWMUDB:control_7\ * \PWM:PWMUDB:cmp1_eq\
            + \PWM:PWMUDB:control_7\ * \PWM:PWMUDB:cmp1_less\
        );
        Output = Net_52 (fanout=1)

    MacroCell: Name=Net_54, Mode=(Combinatorial)
        Total # of inputs        : 2
        Total # of product terms : 1
            Clock Enable: True
        Main Equation            : 1 pterm
        !(
              !Net_52 * !Net_83
        );
        Output = Net_54 (fanout=1)

    MacroCell: Name=Net_83, Mode=(T-Register)
        Total # of inputs        : 0
        Total # of product terms : 0
        List of special equations: 
            Clock  = (ClockBlock_HFCLK) => Global
            Clock Enable: PosEdge(Net_82)
        Main Equation            : 0 pterms
        !(
            0
        );
        Output = Net_83 (fanout=2)

    MacroCell: Name=\PWM2:PWMUDB:prevCompare1\, Mode=(D-Register)
        Total # of inputs        : 1
        Total # of product terms : 1
        List of special equations: 
            Clock  = (Net_131_digital) => Global
            Clock Enable: True
        Main Equation            : 1 pterm
        (
              \PWM2:PWMUDB:cmp1_less\
        );
        Output = \PWM2:PWMUDB:prevCompare1\ (fanout=1)

    MacroCell: Name=\PWM2:PWMUDB:runmode_enable\, Mode=(D-Register)
        Total # of inputs        : 1
        Total # of product terms : 1
        List of special equations: 
            Clock  = (Net_131_digital) => Global
            Clock Enable: True
        Main Equation            : 1 pterm
        (
              \PWM2:PWMUDB:control_7\
        );
        Output = \PWM2:PWMUDB:runmode_enable\ (fanout=2)

    MacroCell: Name=\PWM2:PWMUDB:status_0\, Mode=(D-Register)
        Total # of inputs        : 2
        Total # of product terms : 1
        List of special equations: 
            Clock  = (Net_131_digital) => Global
            Clock Enable: True
        Main Equation            : 1 pterm
        (
              !\PWM2:PWMUDB:prevCompare1\ * \PWM2:PWMUDB:cmp1_less\
        );
        Output = \PWM2:PWMUDB:status_0\ (fanout=1)

    MacroCell: Name=\PWM2:PWMUDB:status_2\, Mode=(Combinatorial)
        Total # of inputs        : 2
        Total # of product terms : 1
            Clock Enable: True
        Main Equation            : 1 pterm
        (
              \PWM2:PWMUDB:runmode_enable\ * \PWM2:PWMUDB:tc_i\
        );
        Output = \PWM2:PWMUDB:status_2\ (fanout=1)

    MacroCell: Name=\PWM:PWMUDB:prevCompare1\, Mode=(D-Register)
        Total # of inputs        : 2
        Total # of product terms : 1
        List of special equations: 
            Clock  = (Net_22_digital) => Global
            Clock Enable: True
        Main Equation            : 1 pterm
        !(
              !\PWM:PWMUDB:cmp1_eq\ * !\PWM:PWMUDB:cmp1_less\
        );
        Output = \PWM:PWMUDB:prevCompare1\ (fanout=1)

    MacroCell: Name=\PWM:PWMUDB:runmode_enable\, Mode=(D-Register)
        Total # of inputs        : 1
        Total # of product terms : 1
        List of special equations: 
            Clock  = (Net_22_digital) => Global
            Clock Enable: True
        Main Equation            : 1 pterm
        (
              \PWM:PWMUDB:control_7\
        );
        Output = \PWM:PWMUDB:runmode_enable\ (fanout=2)

    MacroCell: Name=\PWM:PWMUDB:status_0\, Mode=(D-Register)
        Total # of inputs        : 3
        Total # of product terms : 2
        List of special equations: 
            Clock  = (Net_22_digital) => Global
            Clock Enable: True
        Main Equation            : 2 pterms
        (
              !\PWM:PWMUDB:prevCompare1\ * \PWM:PWMUDB:cmp1_eq\
            + !\PWM:PWMUDB:prevCompare1\ * \PWM:PWMUDB:cmp1_less\
        );
        Output = \PWM:PWMUDB:status_0\ (fanout=1)

    MacroCell: Name=\PWM:PWMUDB:status_2\, Mode=(Combinatorial)
        Total # of inputs        : 2
        Total # of product terms : 1
            Clock Enable: True
        Main Equation            : 1 pterm
        (
              \PWM:PWMUDB:runmode_enable\ * \PWM:PWMUDB:tc_i\
        );
        Output = \PWM:PWMUDB:status_2\ (fanout=1)
    </CYPRESSTAG>
    <CYPRESSTAG name="Datapath listing">

    ------------------------------------------------------------
    Datapath listing
    ------------------------------------------------------------

    datapathcell: Name =\PWM2:PWMUDB:sP8:pwmdp:u0\
        PORT MAP (
            clock => Net_131_digital ,
            cs_addr_2 => \PWM2:PWMUDB:tc_i\ ,
            cs_addr_1 => \PWM2:PWMUDB:runmode_enable\ ,
            cl0_comb => \PWM2:PWMUDB:cmp1_less\ ,
            z0_comb => \PWM2:PWMUDB:tc_i\ ,
            f1_blk_stat_comb => \PWM2:PWMUDB:status_3\ );
        Properties:
        {
            a0_init = "00000000"
            a1_init = "00000000"
            ce0_sync = 1
            ce1_sync = 1
            cl0_sync = 1
            cl1_sync = 1
            cmsb_sync = 1
            co_msb_sync = 1
            cy_dpconfig = "0000000001000000000000001100000001000000010000000000000011000000000000001100000000000000110000000000000011000000000000001100000011111111000000001111111111111111101000000000000000000100000000000000000000011000"
            d0_init = "00000000"
            d1_init = "00000000"
            f0_blk_sync = 1
            f0_bus_sync = 1
            f1_blk_sync = 1
            f1_bus_sync = 1
            ff0_sync = 1
            ff1_sync = 1
            ov_msb_sync = 1
            so_sync = 1
            z0_sync = 1
            z1_sync = 1
        }
        Clock Polarity: Active High
        Clock Enable: True

    datapathcell: Name =\PWM:PWMUDB:sP8:pwmdp:u0\
        PORT MAP (
            clock => Net_22_digital ,
            cs_addr_2 => \PWM:PWMUDB:tc_i\ ,
            cs_addr_1 => \PWM:PWMUDB:runmode_enable\ ,
            ce0_comb => \PWM:PWMUDB:cmp1_eq\ ,
            cl0_comb => \PWM:PWMUDB:cmp1_less\ ,
            z0_comb => \PWM:PWMUDB:tc_i\ ,
            f1_blk_stat_comb => \PWM:PWMUDB:status_3\ );
        Properties:
        {
            a0_init = "00000000"
            a1_init = "00000000"
            ce0_sync = 1
            ce1_sync = 1
            cl0_sync = 1
            cl1_sync = 1
            cmsb_sync = 1
            co_msb_sync = 1
            cy_dpconfig = "0000000001000000000000001100000001000000010000000000000011000000000000001100000000000000110000000000000011000000000000001100000011111111000000001111111111111111101000000000000000000100000000000000000000011000"
            d0_init = "00000000"
            d1_init = "00000000"
            f0_blk_sync = 1
            f0_bus_sync = 1
            f1_blk_sync = 1
            f1_bus_sync = 1
            ff0_sync = 1
            ff1_sync = 1
            ov_msb_sync = 1
            so_sync = 1
            z0_sync = 1
            z1_sync = 1
        }
        Clock Polarity: Active High
        Clock Enable: True
    </CYPRESSTAG>
    <CYPRESSTAG name="Status register listing">
    </CYPRESSTAG>
    <CYPRESSTAG name="StatusI register listing">

    ------------------------------------------------------------
    StatusI register listing
    ------------------------------------------------------------

    statusicell: Name =\PWM2:PWMUDB:genblk8:stsreg\
        PORT MAP (
            clock => Net_131_digital ,
            status_3 => \PWM2:PWMUDB:status_3\ ,
            status_2 => \PWM2:PWMUDB:status_2\ ,
            status_0 => \PWM2:PWMUDB:status_0\ );
        Properties:
        {
            cy_force_order = 1
            cy_int_mask = "1111111"
            cy_md_select = "0100111"
        }
        Clock Polarity: Active High
        Clock Enable: True

    statusicell: Name =\PWM:PWMUDB:genblk8:stsreg\
        PORT MAP (
            clock => Net_22_digital ,
            status_3 => \PWM:PWMUDB:status_3\ ,
            status_2 => \PWM:PWMUDB:status_2\ ,
            status_0 => \PWM:PWMUDB:status_0\ );
        Properties:
        {
            cy_force_order = 1
            cy_int_mask = "1111111"
            cy_md_select = "0100111"
        }
        Clock Polarity: Active High
        Clock Enable: True
    </CYPRESSTAG>
    <CYPRESSTAG name="Sync listing">
    </CYPRESSTAG>
    <CYPRESSTAG name="Control register listing">

    ------------------------------------------------------------
    Control register listing
    ------------------------------------------------------------

    controlcell: Name =\PWM2:PWMUDB:genblk1:ctrlreg\
        PORT MAP (
            clock => Net_131_digital ,
            control_7 => \PWM2:PWMUDB:control_7\ ,
            control_6 => \PWM2:PWMUDB:control_6\ ,
            control_5 => \PWM2:PWMUDB:control_5\ ,
            control_4 => \PWM2:PWMUDB:control_4\ ,
            control_3 => \PWM2:PWMUDB:control_3\ ,
            control_2 => \PWM2:PWMUDB:control_2\ ,
            control_1 => \PWM2:PWMUDB:control_1\ ,
            control_0 => \PWM2:PWMUDB:control_0\ );
        Properties:
        {
            cy_ctrl_mode_0 = "11111111"
            cy_ctrl_mode_1 = "00000000"
            cy_ext_reset = 0
            cy_force_order = 1
            cy_init_value = "00000000"
        }
        Clock Polarity: Active High
        Clock Enable: True

    controlcell: Name =\PWM:PWMUDB:genblk1:ctrlreg\
        PORT MAP (
            clock => Net_22_digital ,
            control_7 => \PWM:PWMUDB:control_7\ ,
            control_6 => \PWM:PWMUDB:control_6\ ,
            control_5 => \PWM:PWMUDB:control_5\ ,
            control_4 => \PWM:PWMUDB:control_4\ ,
            control_3 => \PWM:PWMUDB:control_3\ ,
            control_2 => \PWM:PWMUDB:control_2\ ,
            control_1 => \PWM:PWMUDB:control_1\ ,
            control_0 => \PWM:PWMUDB:control_0\ );
        Properties:
        {
            cy_ctrl_mode_0 = "11111111"
            cy_ctrl_mode_1 = "00000000"
            cy_ext_reset = 0
            cy_force_order = 1
            cy_init_value = "00000000"
        }
        Clock Polarity: Active High
        Clock Enable: True
    </CYPRESSTAG>
    <CYPRESSTAG name="Count7 listing">
    </CYPRESSTAG>
    <CYPRESSTAG name="DRQ listing">
    </CYPRESSTAG>
    <CYPRESSTAG name="Interrupt listing">
    </CYPRESSTAG>
</CYPRESSTAG>
<CYPRESSTAG name="Technology mapping summary" expanded>

------------------------------------------------------------
Technology mapping summary
------------------------------------------------------------

Resource Type                 : Used : Free :  Max :  % Used
============================================================
Digital clock dividers        :    2 :    2 :    4 :  50.00%
Pins                          :    7 :   31 :   38 :  18.42%
UDB Macrocells                :   13 :   19 :   32 :  40.63%
UDB Unique Pterms             :   14 :   50 :   64 :  21.88%
UDB Total Pterms              :   14 :      :      : 
UDB Datapath Cells            :    2 :    2 :    4 :  50.00%
UDB Status Cells              :    2 :    2 :    4 :  50.00%
            StatusI Registers :    2 
UDB Control Cells             :    2 :    2 :    4 :  50.00%
            Control Registers :    2 
Interrupts                    :    0 :   32 :   32 :   0.00%
Comparator/Opamp Fixed Blocks :    0 :    4 :    4 :   0.00%
SAR Fixed Blocks              :    0 :    1 :    1 :   0.00%
CSD Fixed Blocks              :    0 :    1 :    1 :   0.00%
CapSense Blocks               :    0 :    1 :    1 :   0.00%
8-bit CapSense IDACs          :    0 :    1 :    1 :   0.00%
7-bit CapSense IDACs          :    0 :    1 :    1 :   0.00%
Temperature Sensors           :    0 :    1 :    1 :   0.00%
Low Power Comparators         :    0 :    2 :    2 :   0.00%
TCPWM Blocks                  :    0 :    4 :    4 :   0.00%
Serial Communication Blocks   :    0 :    2 :    2 :   0.00%
Segment LCD Blocks            :    0 :    1 :    1 :   0.00%
Bluetooth Low Energy Blocks   :    0 :    1 :    1 :   0.00%
</CYPRESSTAG>
Technology Mapping: Elapsed time ==> 1s.190ms
Tech mapping phase: Elapsed time ==> 1s.320ms
</CYPRESSTAG>
<CYPRESSTAG name="Analog Placement">
<CYPRESSTAG name="Analog Placement">
Elapsed time ==> 0.0322328s
</CYPRESSTAG>
Analog Placement phase: Elapsed time ==> 0s.189ms
</CYPRESSTAG>
<CYPRESSTAG name="Analog Routing">
<CYPRESSTAG name="Analog Routing">
Route success=True, Iterations=1 Elapsed=0.0018491 secs
</CYPRESSTAG>
Analog Routing phase: Elapsed time ==> 0s.030ms
</CYPRESSTAG>
<CYPRESSTAG name="Analog Code Generation">
============ Analog Final Answer Routes ============
Dump of CyAnalogRoutingResultsDB
Map of net to items {
}
Map of item to net {
}
Mux Info {
}
Analog Code Generation phase: Elapsed time ==> 0s.279ms
</CYPRESSTAG>
<CYPRESSTAG name="Digital Placement">
<CYPRESSTAG name="Detailed placement messages">
I2076: Total run-time: 1.0 sec.

</CYPRESSTAG>
<CYPRESSTAG name="PLD Packing">
<CYPRESSTAG name="PLD Packing Summary" expanded>

------------------------------------------------------------
PLD Packing Summary
------------------------------------------------------------
            Resource Type : Used : Free :  Max :  % Used
    ====================================================
                     PLDs :    4 :    4 :    8 :  50.00%

<CYPRESSTAG name="PLD Statistics">

        PLD Resource Type :     Average/LAB
    =======================================
                   Inputs :            4.00
                   Pterms :            3.50
               Macrocells :            3.25
</CYPRESSTAG>
<CYPRESSTAG name="Packed PLD Contents">
Packed PLD Contents not displayed at this verbose level.</CYPRESSTAG>
</CYPRESSTAG>
PLD Packing: Elapsed time ==> 0s.019ms
</CYPRESSTAG>
<CYPRESSTAG name="Partitioning">
<CYPRESSTAG name="Initial Partitioning Summary">
Initial Partitioning Summary not displayed at this verbose level.</CYPRESSTAG>
<CYPRESSTAG name="Final Partitioning Summary">
Final Partitioning Summary not displayed at this verbose level.</CYPRESSTAG>
Partitioning: Elapsed time ==> 0s.070ms
</CYPRESSTAG>
<CYPRESSTAG name="Simulated Annealing">
Annealing: Elapsed time ==> 0s.000ms
<CYPRESSTAG name="Simulated Annealing Results">
The seed used for moves was 114161200.
Inital cost was 33, final cost is 33 (0.00% improvement).</CYPRESSTAG>
</CYPRESSTAG>
<CYPRESSTAG name="Final Placement Summary">

------------------------------------------------------------
Final Placement Summary
------------------------------------------------------------

       Resource Type :      Count : Avg Inputs : Avg Outputs
    ========================================================
                 UDB :          2 :       8.00 :       6.50
<CYPRESSTAG name="Final Placement Details">
<CYPRESSTAG name="Component Details">

------------------------------------------------------------
Component Placement Details
------------------------------------------------------------
UDB [UDB=(0,0)] contents:
LAB@[UDB=(0,0)][LB=0] #macrocells=4, #inputs=3, #pterms=4
{
    [McSlotId=0]:     MacroCell: Name=\PWM2:PWMUDB:status_0\, Mode=(D-Register) @ [UDB=(0,0)][LB=0][MC=0]
        Total # of inputs        : 2
        Total # of product terms : 1
        List of special equations: 
            Clock  = (Net_131_digital) => Global
            Clock Enable: True
        Main Equation            : 1 pterm
        (
              !\PWM2:PWMUDB:prevCompare1\ * \PWM2:PWMUDB:cmp1_less\
        );
        Output = \PWM2:PWMUDB:status_0\ (fanout=1)
        Properties               : 
        {
        }

    [McSlotId=1]:     MacroCell: Name=\PWM2:PWMUDB:prevCompare1\, Mode=(D-Register) @ [UDB=(0,0)][LB=0][MC=1]
        Total # of inputs        : 1
        Total # of product terms : 1
        List of special equations: 
            Clock  = (Net_131_digital) => Global
            Clock Enable: True
        Main Equation            : 1 pterm
        (
              \PWM2:PWMUDB:cmp1_less\
        );
        Output = \PWM2:PWMUDB:prevCompare1\ (fanout=1)
        Properties               : 
        {
        }

    [McSlotId=2]:     MacroCell: Name=Net_324, Mode=(D-Register) @ [UDB=(0,0)][LB=0][MC=2]
        Total # of inputs        : 2
        Total # of product terms : 1
        List of special equations: 
            Clock  = (Net_131_digital) => Global
            Clock Enable: True
        Main Equation            : 1 pterm
        (
              \PWM2:PWMUDB:control_7\ * \PWM2:PWMUDB:cmp1_less\
        );
        Output = Net_324 (fanout=1)
        Properties               : 
        {
        }

    [McSlotId=3]:     MacroCell: Name=\PWM2:PWMUDB:runmode_enable\, Mode=(D-Register) @ [UDB=(0,0)][LB=0][MC=3]
        Total # of inputs        : 1
        Total # of product terms : 1
        List of special equations: 
            Clock  = (Net_131_digital) => Global
            Clock Enable: True
        Main Equation            : 1 pterm
        (
              \PWM2:PWMUDB:control_7\
        );
        Output = \PWM2:PWMUDB:runmode_enable\ (fanout=2)
        Properties               : 
        {
        }
}

LAB@[UDB=(0,0)][LB=1] #macrocells=2, #inputs=4, #pterms=2
{
    [McSlotId=0]:     MacroCell: Name=\PWM2:PWMUDB:status_2\, Mode=(Combinatorial) @ [UDB=(0,0)][LB=1][MC=0]
        Total # of inputs        : 2
        Total # of product terms : 1
            Clock Enable: True
        Main Equation            : 1 pterm
        (
              \PWM2:PWMUDB:runmode_enable\ * \PWM2:PWMUDB:tc_i\
        );
        Output = \PWM2:PWMUDB:status_2\ (fanout=1)
        Properties               : 
        {
        }

    [McSlotId=1]:     MacroCell: Name=\PWM:PWMUDB:prevCompare1\, Mode=(D-Register) @ [UDB=(0,0)][LB=1][MC=1]
        Total # of inputs        : 2
        Total # of product terms : 1
        List of special equations: 
            Clock  = (Net_22_digital) => Global
            Clock Enable: True
        Main Equation            : 1 pterm
        !(
              !\PWM:PWMUDB:cmp1_eq\ * !\PWM:PWMUDB:cmp1_less\
        );
        Output = \PWM:PWMUDB:prevCompare1\ (fanout=1)
        Properties               : 
        {
        }

    [McSlotId=2]: (empty)
    [McSlotId=3]: (empty)
}

datapathcell: Name =\PWM2:PWMUDB:sP8:pwmdp:u0\
    PORT MAP (
        clock => Net_131_digital ,
        cs_addr_2 => \PWM2:PWMUDB:tc_i\ ,
        cs_addr_1 => \PWM2:PWMUDB:runmode_enable\ ,
        cl0_comb => \PWM2:PWMUDB:cmp1_less\ ,
        z0_comb => \PWM2:PWMUDB:tc_i\ ,
        f1_blk_stat_comb => \PWM2:PWMUDB:status_3\ );
    Properties:
    {
        a0_init = "00000000"
        a1_init = "00000000"
        ce0_sync = 1
        ce1_sync = 1
        cl0_sync = 1
        cl1_sync = 1
        cmsb_sync = 1
        co_msb_sync = 1
        cy_dpconfig = "0000000001000000000000001100000001000000010000000000000011000000000000001100000000000000110000000000000011000000000000001100000011111111000000001111111111111111101000000000000000000100000000000000000000011000"
        d0_init = "00000000"
        d1_init = "00000000"
        f0_blk_sync = 1
        f0_bus_sync = 1
        f1_blk_sync = 1
        f1_bus_sync = 1
        ff0_sync = 1
        ff1_sync = 1
        ov_msb_sync = 1
        so_sync = 1
        z0_sync = 1
        z1_sync = 1
    }
    Clock Polarity: Active High
    Clock Enable: True

statusicell: Name =\PWM2:PWMUDB:genblk8:stsreg\
    PORT MAP (
        clock => Net_131_digital ,
        status_3 => \PWM2:PWMUDB:status_3\ ,
        status_2 => \PWM2:PWMUDB:status_2\ ,
        status_0 => \PWM2:PWMUDB:status_0\ );
    Properties:
    {
        cy_force_order = 1
        cy_int_mask = "1111111"
        cy_md_select = "0100111"
    }
    Clock Polarity: Active High
    Clock Enable: True

controlcell: Name =\PWM2:PWMUDB:genblk1:ctrlreg\
    PORT MAP (
        clock => Net_131_digital ,
        control_7 => \PWM2:PWMUDB:control_7\ ,
        control_6 => \PWM2:PWMUDB:control_6\ ,
        control_5 => \PWM2:PWMUDB:control_5\ ,
        control_4 => \PWM2:PWMUDB:control_4\ ,
        control_3 => \PWM2:PWMUDB:control_3\ ,
        control_2 => \PWM2:PWMUDB:control_2\ ,
        control_1 => \PWM2:PWMUDB:control_1\ ,
        control_0 => \PWM2:PWMUDB:control_0\ );
    Properties:
    {
        cy_ctrl_mode_0 = "11111111"
        cy_ctrl_mode_1 = "00000000"
        cy_ext_reset = 0
        cy_force_order = 1
        cy_init_value = "00000000"
    }
    Clock Polarity: Active High
    Clock Enable: True

UDB [UDB=(0,1)] is empty.
UDB [UDB=(1,0)] contents:
LAB@[UDB=(1,0)][LB=0] #macrocells=3, #inputs=4, #pterms=5
{
    [McSlotId=0]:     MacroCell: Name=\PWM:PWMUDB:status_0\, Mode=(D-Register) @ [UDB=(1,0)][LB=0][MC=0]
        Total # of inputs        : 3
        Total # of product terms : 2
        List of special equations: 
            Clock  = (Net_22_digital) => Global
            Clock Enable: True
        Main Equation            : 2 pterms
        (
              !\PWM:PWMUDB:prevCompare1\ * \PWM:PWMUDB:cmp1_eq\
            + !\PWM:PWMUDB:prevCompare1\ * \PWM:PWMUDB:cmp1_less\
        );
        Output = \PWM:PWMUDB:status_0\ (fanout=1)
        Properties               : 
        {
        }

    [McSlotId=1]: (empty)
    [McSlotId=2]:     MacroCell: Name=Net_52, Mode=(D-Register) @ [UDB=(1,0)][LB=0][MC=2]
        Total # of inputs        : 3
        Total # of product terms : 2
        List of special equations: 
            Clock  = (Net_22_digital) => Global
            Clock Enable: True
        Main Equation            : 2 pterms
        (
              \PWM:PWMUDB:control_7\ * \PWM:PWMUDB:cmp1_eq\
            + \PWM:PWMUDB:control_7\ * \PWM:PWMUDB:cmp1_less\
        );
        Output = Net_52 (fanout=1)
        Properties               : 
        {
        }

    [McSlotId=3]:     MacroCell: Name=\PWM:PWMUDB:runmode_enable\, Mode=(D-Register) @ [UDB=(1,0)][LB=0][MC=3]
        Total # of inputs        : 1
        Total # of product terms : 1
        List of special equations: 
            Clock  = (Net_22_digital) => Global
            Clock Enable: True
        Main Equation            : 1 pterm
        (
              \PWM:PWMUDB:control_7\
        );
        Output = \PWM:PWMUDB:runmode_enable\ (fanout=2)
        Properties               : 
        {
        }
}

LAB@[UDB=(1,0)][LB=1] #macrocells=4, #inputs=5, #pterms=3
{
    [McSlotId=0]:     MacroCell: Name=\PWM:PWMUDB:status_2\, Mode=(Combinatorial) @ [UDB=(1,0)][LB=1][MC=0]
        Total # of inputs        : 2
        Total # of product terms : 1
            Clock Enable: True
        Main Equation            : 1 pterm
        (
              \PWM:PWMUDB:runmode_enable\ * \PWM:PWMUDB:tc_i\
        );
        Output = \PWM:PWMUDB:status_2\ (fanout=1)
        Properties               : 
        {
        }

    [McSlotId=1]:     MacroCell: Name=Net_54, Mode=(Combinatorial) @ [UDB=(1,0)][LB=1][MC=1]
        Total # of inputs        : 2
        Total # of product terms : 1
            Clock Enable: True
        Main Equation            : 1 pterm
        !(
              !Net_52 * !Net_83
        );
        Output = Net_54 (fanout=1)
        Properties               : 
        {
        }

    [McSlotId=2]:     MacroCell: Name=Net_83, Mode=(T-Register) @ [UDB=(1,0)][LB=1][MC=2]
        Total # of inputs        : 0
        Total # of product terms : 0
        List of special equations: 
            Clock  = (ClockBlock_HFCLK) => Global
            Clock Enable: PosEdge(Net_82)
        Main Equation            : 0 pterms
        !(
            0
        );
        Output = Net_83 (fanout=2)
        Properties               : 
        {
        }

    [McSlotId=3]:     MacroCell: Name=Net_104, Mode=(Combinatorial) @ [UDB=(1,0)][LB=1][MC=3]
        Total # of inputs        : 2
        Total # of product terms : 1
            Clock Enable: True
        Main Equation            : 1 pterm
        !(
              Net_83 * !Net_324
        );
        Output = Net_104 (fanout=1)
        Properties               : 
        {
        }
}

datapathcell: Name =\PWM:PWMUDB:sP8:pwmdp:u0\
    PORT MAP (
        clock => Net_22_digital ,
        cs_addr_2 => \PWM:PWMUDB:tc_i\ ,
        cs_addr_1 => \PWM:PWMUDB:runmode_enable\ ,
        ce0_comb => \PWM:PWMUDB:cmp1_eq\ ,
        cl0_comb => \PWM:PWMUDB:cmp1_less\ ,
        z0_comb => \PWM:PWMUDB:tc_i\ ,
        f1_blk_stat_comb => \PWM:PWMUDB:status_3\ );
    Properties:
    {
        a0_init = "00000000"
        a1_init = "00000000"
        ce0_sync = 1
        ce1_sync = 1
        cl0_sync = 1
        cl1_sync = 1
        cmsb_sync = 1
        co_msb_sync = 1
        cy_dpconfig = "0000000001000000000000001100000001000000010000000000000011000000000000001100000000000000110000000000000011000000000000001100000011111111000000001111111111111111101000000000000000000100000000000000000000011000"
        d0_init = "00000000"
        d1_init = "00000000"
        f0_blk_sync = 1
        f0_bus_sync = 1
        f1_blk_sync = 1
        f1_bus_sync = 1
        ff0_sync = 1
        ff1_sync = 1
        ov_msb_sync = 1
        so_sync = 1
        z0_sync = 1
        z1_sync = 1
    }
    Clock Polarity: Active High
    Clock Enable: True

statusicell: Name =\PWM:PWMUDB:genblk8:stsreg\
    PORT MAP (
        clock => Net_22_digital ,
        status_3 => \PWM:PWMUDB:status_3\ ,
        status_2 => \PWM:PWMUDB:status_2\ ,
        status_0 => \PWM:PWMUDB:status_0\ );
    Properties:
    {
        cy_force_order = 1
        cy_int_mask = "1111111"
        cy_md_select = "0100111"
    }
    Clock Polarity: Active High
    Clock Enable: True

controlcell: Name =\PWM:PWMUDB:genblk1:ctrlreg\
    PORT MAP (
        clock => Net_22_digital ,
        control_7 => \PWM:PWMUDB:control_7\ ,
        control_6 => \PWM:PWMUDB:control_6\ ,
        control_5 => \PWM:PWMUDB:control_5\ ,
        control_4 => \PWM:PWMUDB:control_4\ ,
        control_3 => \PWM:PWMUDB:control_3\ ,
        control_2 => \PWM:PWMUDB:control_2\ ,
        control_1 => \PWM:PWMUDB:control_1\ ,
        control_0 => \PWM:PWMUDB:control_0\ );
    Properties:
    {
        cy_ctrl_mode_0 = "11111111"
        cy_ctrl_mode_1 = "00000000"
        cy_ext_reset = 0
        cy_force_order = 1
        cy_init_value = "00000000"
    }
    Clock Polarity: Active High
    Clock Enable: True

UDB [UDB=(1,1)] is empty.
Intr hod @ [IntrHod=(0)]: empty
Port 0 is empty
Port 1 is empty
Port 2 contains the following IO cells:
[IoId=6]: 
Pin : Name = LEDR(0)
    Attributes:
        In Group/Port: True
        In Sync Option: AUTO
        Out Sync Option: NOSYNC
        Interrupt generated: False
        Interrupt mode: NONE
        Drive mode: CMOS_OUT
        VTrip: EITHER
        Slew: FAST
        Input Sync needed: False
        Output Sync needed: False
        SC shield enabled: False
        POR State: ANY
        LCD Mode: COMMON
        Register Mode: RegComb
        CaSense Mode: NEITHER
        Treat as pin: True
        Is OE Registered: False
        Uses Analog: False
        Can contain Digital: True
        Is SIO: False
        SIO Output Buf: NONREGULATED
        SIO Input Buf: SINGLE_ENDED
        SIO HiFreq: LOW
        SIO Hyst: DISABLED
        SIO Vtrip: MULTIPLIER_0_5
        SIO RefSel: VCC_IO
        Required Capabilitites: DIGITAL, ROUTABLE
        Initial Value: 1
        IO Voltage: 0
    PORT MAP (
        pa_out => LEDR(0)__PA ,
        input => Net_54 ,
        annotation => Net_166 ,
        pad => LEDR(0)_PAD );
    Properties:
    {
    }

[IoId=7]: 
Pin : Name = SW1(0)
    Attributes:
        In Group/Port: True
        In Sync Option: SYNC
        Out Sync Option: AUTO
        Interrupt generated: False
        Interrupt mode: NONE
        Drive mode: RES_PULL_UP
        VTrip: CMOS
        Slew: FAST
        Input Sync needed: True
        Output Sync needed: False
        SC shield enabled: False
        POR State: ANY
        LCD Mode: COMMON
        Register Mode: RegComb
        CaSense Mode: NEITHER
        Treat as pin: True
        Is OE Registered: False
        Uses Analog: False
        Can contain Digital: True
        Is SIO: False
        SIO Output Buf: NONREGULATED
        SIO Input Buf: SINGLE_ENDED
        SIO HiFreq: LOW
        SIO Hyst: DISABLED
        SIO Vtrip: MULTIPLIER_0_5
        SIO RefSel: VCC_IO
        Required Capabilitites: DIGITAL, ROUTABLE
        Initial Value: 1
        IO Voltage: 0
    PORT MAP (
        pa_out => SW1(0)__PA ,
        fb => Net_82 ,
        annotation => Net_167 ,
        pad => SW1(0)_PAD );
    Properties:
    {
    }

Port 3 contains the following IO cells:
[IoId=7]: 
Pin : Name = LEDB(0)
    Attributes:
        In Group/Port: True
        In Sync Option: AUTO
        Out Sync Option: NOSYNC
        Interrupt generated: False
        Interrupt mode: NONE
        Drive mode: CMOS_OUT
        VTrip: EITHER
        Slew: FAST
        Input Sync needed: False
        Output Sync needed: False
        SC shield enabled: False
        POR State: ANY
        LCD Mode: COMMON
        Register Mode: RegComb
        CaSense Mode: NEITHER
        Treat as pin: True
        Is OE Registered: False
        Uses Analog: False
        Can contain Digital: True
        Is SIO: False
        SIO Output Buf: NONREGULATED
        SIO Input Buf: SINGLE_ENDED
        SIO HiFreq: LOW
        SIO Hyst: DISABLED
        SIO Vtrip: MULTIPLIER_0_5
        SIO RefSel: VCC_IO
        Required Capabilitites: DIGITAL, ROUTABLE
        Initial Value: 1
        IO Voltage: 0
    PORT MAP (
        pa_out => LEDB(0)__PA ,
        input => Net_104 ,
        annotation => Net_340 ,
        pad => LEDB(0)_PAD );
    Properties:
    {
    }

Port 4 is empty
Port 5 is empty
Port 6 is empty
Clock group 0: 
    M0S8 Clock Block @ [FFB(Clock,0)]: 
    m0s8clockblockcell: Name =ClockBlock
        PORT MAP (
            dsi_in_0 => ClockBlock_Routed1 ,
            eco => ClockBlock_ECO ,
            wco => ClockBlock_WCO ,
            lfclk => ClockBlock_LFCLK ,
            ilo => ClockBlock_ILO ,
            sysclk => ClockBlock_SYSCLK ,
            ext => ClockBlock_EXTCLK ,
            imo => ClockBlock_IMO ,
            hfclk => ClockBlock_HFCLK ,
            udb_div_0 => dclk_to_genclk ,
            udb_div_1 => dclk_to_genclk_1 );
        Properties:
        {
        }
PM group 0: empty
SPC group 0: empty
WDT group 0: empty
FSS group 0: empty
Low Power Comparator group 0: empty
Serial Communication Block group 0: empty
CSD Fixed Block group 0: empty
8-bit CapSense IDAC group 0: empty
7-bit CapSense IDAC group 0: empty
TCPWM Block group 0: empty
Comparator/Opamp Fixed Block group 0: empty
Temperature Sensor group 0: empty
SAR Fixed Block group 0: empty
Segment LCD Block group 0: empty
CLK_GEN group 0: 
    M0S8 Clock Gen Block @ [FFB(CLK_GEN,0)]: 
    m0s8clockgenblockcell: Name =ClockGenBlock
        PORT MAP (
            gen_clk_out_0 => Net_22_digital ,
            gen_clk_in_0 => dclk_to_genclk ,
            gen_clk_out_1 => Net_131_digital ,
            gen_clk_in_1 => dclk_to_genclk_1 );
        Properties:
        {
        }
LPCOMPBLOCK group 0: empty
CTBMBLOCK group 0: empty
ANAPUMP group 0: empty
Bluetooth Low Energy Block group 0: empty
GANGED_PICU group 0: empty
</CYPRESSTAG>
<CYPRESSTAG name="Port Configuration Details">

------------------------------------------------------------
Port Configuration report
------------------------------------------------------------
     |     |       | Interrupt |                  |         | 
Port | Pin | Fixed |      Type |       Drive Mode |    Name | Connections
-----+-----+-------+-----------+------------------+---------+------------
   2 |   6 |     * |      NONE |         CMOS_OUT | LEDR(0) | In(Net_54)
     |   7 |     * |      NONE |      RES_PULL_UP |  SW1(0) | FB(Net_82)
-----+-----+-------+-----------+------------------+---------+------------
   3 |   7 |     * |      NONE |         CMOS_OUT | LEDB(0) | In(Net_104)
-------------------------------------------------------------------------
</CYPRESSTAG>
</CYPRESSTAG>
</CYPRESSTAG>
Digital component placer commit/Report: Elapsed time ==> 0s.010ms
Digital Placement phase: Elapsed time ==> 2s.360ms
</CYPRESSTAG>
<CYPRESSTAG name="Digital Routing">
Routing successful.
Digital Routing phase: Elapsed time ==> 2s.179ms
</CYPRESSTAG>
<CYPRESSTAG name="Bitstream and API generation">
Bitstream and API generation phase: Elapsed time ==> 0s.400ms
</CYPRESSTAG>
<CYPRESSTAG name="Bitstream verification">
Bitstream verification phase: Elapsed time ==> 0s.089ms
</CYPRESSTAG>
<CYPRESSTAG name="Static timing analysis">
Timing report is in Lab3_PWM_timing.html.
Static timing analysis phase: Elapsed time ==> 1s.219ms
</CYPRESSTAG>
<CYPRESSTAG name="Data reporting">
Data reporting phase: Elapsed time ==> 0s.000ms
</CYPRESSTAG>
<CYPRESSTAG name="Database update...">
Design database save phase: Elapsed time ==> 0s.789ms
</CYPRESSTAG>
cydsfit: Elapsed time ==> 8s.959ms
</CYPRESSTAG>
Fitter phase: Elapsed time ==> 9s.059ms
API generation phase: Elapsed time ==> 2s.860ms
Dependency generation phase: Elapsed time ==> 0s.099ms
Cleanup phase: Elapsed time ==> 0s.020ms
