Loading plugins phase: Elapsed time ==> 0s.887ms
Initializing data phase: Elapsed time ==> 4s.401ms
<CYPRESSTAG name="CyDsfit arguments...">
cydsfit arguments: -.fdsnotice -.fdswarpdepfile=warp_dependencies.txt -.fdselabdepfile=elab_dependencies.txt -.fdsbldfile=generated_files.txt -p C:\Users\maxk\Desktop\PSoC 4A\FAE Workshop\Lab Projects\Lab Templates\Lab 4 ADC.cydsn\Lab 4 ADC.cyprj -d CY8C4245AXI-483 -s C:\Users\maxk\Desktop\PSoC 4A\FAE Workshop\Lab Projects\Lab Templates\Lab 4 ADC.cydsn\Generated_Source\PSoC4 -- -yv2 -v3 -ygs -q10 -o2 -.fftcfgtype=LE</CYPRESSTAG>
<CYPRESSTAG name="Design elaboration results...">
</CYPRESSTAG>
Elaboration phase: Elapsed time ==> 2s.453ms
<CYPRESSTAG name="HDL generation results...">
</CYPRESSTAG>
HDL generation phase: Elapsed time ==> 0s.182ms
<CYPRESSTAG name="Synthesis results...">

     | | | | | | |
   _________________
  -|               |-
  -|               |-
  -|               |-
  -|    CYPRESS    |-
  -|               |-
  -|               |-   Warp Verilog Synthesis Compiler: Version 6.3 IR 41
  -|               |-   Copyright (C) 1991-2001 Cypress Semiconductor
   |_______________|
     | | | | | | |

======================================================================
Compiling:  Lab 4 ADC.v
Program  :   C:\Program Files (x86)\Cypress\PSoC Creator\2.2\PSoC Creator\warp\bin/warp.exe
Options  :    -yv2 -v3 -ygs -q10 -o2 -.fftcfgtype=LE -ya -.fftprj=C:\Users\maxk\Desktop\PSoC 4A\FAE Workshop\Lab Projects\Lab Templates\Lab 4 ADC.cydsn\Lab 4 ADC.cyprj -dcpsoc3 Lab 4 ADC.v -verilog
======================================================================

======================================================================
Compiling:  Lab 4 ADC.v
Program  :   C:\Program Files (x86)\Cypress\PSoC Creator\2.2\PSoC Creator\warp\bin/warp.exe
Options  :    -yv2 -v3 -ygs -q10 -o2 -.fftcfgtype=LE -ya -.fftprj=C:\Users\maxk\Desktop\PSoC 4A\FAE Workshop\Lab Projects\Lab Templates\Lab 4 ADC.cydsn\Lab 4 ADC.cyprj -dcpsoc3 Lab 4 ADC.v -verilog
======================================================================

======================================================================
Compiling:  Lab 4 ADC.v
Program  :   vlogfe
Options  :    -yv2 -v3 -ygs -q10 -o2 -.fftcfgtype=LE -ya -.fftprj=C:\Users\maxk\Desktop\PSoC 4A\FAE Workshop\Lab Projects\Lab Templates\Lab 4 ADC.cydsn\Lab 4 ADC.cyprj -dcpsoc3 -verilog Lab 4 ADC.v
======================================================================

vlogfe V6.3 IR 41:  Verilog parser
Fri May 03 09:29:42 2013


======================================================================
Compiling:  Lab 4 ADC.v
Program  :   vpp
Options  :    -yv2 -q10 Lab 4 ADC.v
======================================================================

vpp V6.3 IR 41:  Verilog Pre-Processor
Fri May 03 09:29:42 2013


vpp:  No errors.

Library 'work' => directory 'lcpsoc3'
General_symbol_table
General_symbol_table
Linking 'C:\Program Files (x86)\Cypress\PSoC Creator\2.2\PSoC Creator\warp\lib\common\std.vhd'.
Linking 'C:\Program Files (x86)\Cypress\PSoC Creator\2.2\PSoC Creator\warp\lib\common\cypress.vhd'.
Linking 'C:\Program Files (x86)\Cypress\PSoC Creator\2.2\PSoC Creator\warp\lib\common\work\cypress.vif'.
Linking 'C:\Program Files (x86)\Cypress\PSoC Creator\2.2\PSoC Creator\warp\lib\ieee\work\stdlogic.vif'.
Linking 'C:\Program Files (x86)\Cypress\PSoC Creator\2.2\PSoC Creator\warp\lib\common\stdlogic\lpmpkg.vif'.
Linking 'C:\Program Files (x86)\Cypress\PSoC Creator\2.2\PSoC Creator\warp\lib\common\stdlogic\rtlpkg.vif'.
Linking 'C:\Program Files (x86)\Cypress\PSoC Creator\2.2\PSoC Creator\warp\lib\common\stdlogic\mod_cnst.vif'.
Linking 'C:\Program Files (x86)\Cypress\PSoC Creator\2.2\PSoC Creator\warp\lib\common\stdlogic\mod_mthv.vif'.
Linking 'C:\Program Files (x86)\Cypress\PSoC Creator\2.2\PSoC Creator\warp\lib\common\stdlogic\mod_genv.vif'.
Using control file 'Lab 4 ADC.ctl'.

vlogfe:  No errors.


======================================================================
Compiling:  Lab 4 ADC.v
Program  :   tovif
Options  :    -yv2 -v3 -ygs -q10 -o2 -.fftcfgtype=LE -ya -.fftprj=C:\Users\maxk\Desktop\PSoC 4A\FAE Workshop\Lab Projects\Lab Templates\Lab 4 ADC.cydsn\Lab 4 ADC.cyprj -dcpsoc3 -verilog Lab 4 ADC.v
======================================================================

tovif V6.3 IR 41:  High-level synthesis
Fri May 03 09:29:42 2013

Linking 'C:\Program Files (x86)\Cypress\PSoC Creator\2.2\PSoC Creator\warp\lib\common\std.vhd'.
Linking 'C:\Program Files (x86)\Cypress\PSoC Creator\2.2\PSoC Creator\warp\lib\common\cypress.vhd'.
Linking 'C:\Program Files (x86)\Cypress\PSoC Creator\2.2\PSoC Creator\warp\lib\common\work\cypress.vif'.
Linking 'C:\Program Files (x86)\Cypress\PSoC Creator\2.2\PSoC Creator\warp\lib\ieee\work\stdlogic.vif'.
Linking 'C:\Program Files (x86)\Cypress\PSoC Creator\2.2\PSoC Creator\warp\lib\common\stdlogic\lpmpkg.vif'.
Linking 'C:\Program Files (x86)\Cypress\PSoC Creator\2.2\PSoC Creator\warp\lib\common\stdlogic\rtlpkg.vif'.
Linking 'C:\Program Files (x86)\Cypress\PSoC Creator\2.2\PSoC Creator\warp\lib\common\stdlogic\mod_cnst.vif'.
Linking 'C:\Program Files (x86)\Cypress\PSoC Creator\2.2\PSoC Creator\warp\lib\common\stdlogic\mod_mthv.vif'.
Linking 'C:\Program Files (x86)\Cypress\PSoC Creator\2.2\PSoC Creator\warp\lib\common\stdlogic\mod_genv.vif'.
Linking 'C:\Users\maxk\Desktop\PSoC 4A\FAE Workshop\Lab Projects\Lab Templates\Lab 4 ADC.cydsn\codegentemp\Lab 4 ADC.ctl'.
Linking 'C:\Users\maxk\Desktop\PSoC 4A\FAE Workshop\Lab Projects\Lab Templates\Lab 4 ADC.cydsn\codegentemp\Lab 4 ADC.v'.

tovif:  No errors.


======================================================================
Compiling:  Lab 4 ADC.v
Program  :   topld
Options  :    -yv2 -v3 -ygs -q10 -o2 -.fftcfgtype=LE -ya -.fftprj=C:\Users\maxk\Desktop\PSoC 4A\FAE Workshop\Lab Projects\Lab Templates\Lab 4 ADC.cydsn\Lab 4 ADC.cyprj -dcpsoc3 -verilog Lab 4 ADC.v
======================================================================

topld V6.3 IR 41:  Synthesis and optimization
Fri May 03 09:29:43 2013

Linking 'C:\Program Files (x86)\Cypress\PSoC Creator\2.2\PSoC Creator\warp\lib\common\std.vhd'.
Linking 'C:\Program Files (x86)\Cypress\PSoC Creator\2.2\PSoC Creator\warp\lib\common\cypress.vhd'.
Linking 'C:\Program Files (x86)\Cypress\PSoC Creator\2.2\PSoC Creator\warp\lib\common\work\cypress.vif'.
Linking 'C:\Program Files (x86)\Cypress\PSoC Creator\2.2\PSoC Creator\warp\lib\ieee\work\stdlogic.vif'.
Linking 'C:\Program Files (x86)\Cypress\PSoC Creator\2.2\PSoC Creator\warp\lib\common\stdlogic\lpmpkg.vif'.
Linking 'C:\Program Files (x86)\Cypress\PSoC Creator\2.2\PSoC Creator\warp\lib\common\stdlogic\rtlpkg.vif'.
Linking 'C:\Program Files (x86)\Cypress\PSoC Creator\2.2\PSoC Creator\warp\lib\common\stdlogic\mod_cnst.vif'.
Linking 'C:\Program Files (x86)\Cypress\PSoC Creator\2.2\PSoC Creator\warp\lib\common\stdlogic\mod_mthv.vif'.
Linking 'C:\Program Files (x86)\Cypress\PSoC Creator\2.2\PSoC Creator\warp\lib\common\stdlogic\mod_genv.vif'.
Linking 'C:\Users\maxk\Desktop\PSoC 4A\FAE Workshop\Lab Projects\Lab Templates\Lab 4 ADC.cydsn\codegentemp\Lab 4 ADC.ctl'.
Linking 'C:\Users\maxk\Desktop\PSoC 4A\FAE Workshop\Lab Projects\Lab Templates\Lab 4 ADC.cydsn\codegentemp\Lab 4 ADC.v'.
Linking 'C:\Program Files (x86)\Cypress\PSoC Creator\2.2\PSoC Creator\warp\lib\lcpsoc3\stdlogic\cpsoc3.vif'.

----------------------------------------------------------
Detecting unused logic.
----------------------------------------------------------



------------------------------------------------------
Alias Detection
------------------------------------------------------
Aliasing one to tmpOE__Pin_RedLED_net_0
Aliasing tmpOE__Pin_GreenLED_net_0 to tmpOE__Pin_RedLED_net_0
Aliasing tmpOE__Pin_BlueLED_net_0 to tmpOE__Pin_RedLED_net_0
Removing Lhs of wire one[13] = tmpOE__Pin_RedLED_net_0[6]
Removing Lhs of wire tmpOE__Pin_GreenLED_net_0[17] = tmpOE__Pin_RedLED_net_0[6]
Removing Lhs of wire tmpOE__Pin_BlueLED_net_0[25] = tmpOE__Pin_RedLED_net_0[6]

------------------------------------------------------
Aliased 0 equations, 3 wires.
------------------------------------------------------

----------------------------------------------------------
Circuit simplification
----------------------------------------------------------

Substituting virtuals - pass 1:


----------------------------------------------------------
Circuit simplification results:

	Expanded 0 signals.
	Turned 0 signals into soft nodes.
	Maximum default expansion cost was set at 3.
----------------------------------------------------------

topld:  No errors.

CYPRESS_DIR    : C:\Program Files (x86)\Cypress\PSoC Creator\2.2\PSoC Creator\warp
Warp Program   : C:\Program Files (x86)\Cypress\PSoC Creator\2.2\PSoC Creator\warp\bin/warp.exe
Warp Arguments : -yv2 -v3 -ygs -q10 -o2 -.fftcfgtype=LE -ya "-.fftprj=C:\Users\maxk\Desktop\PSoC 4A\FAE Workshop\Lab Projects\Lab Templates\Lab 4 ADC.cydsn\Lab 4 ADC.cyprj" -dcpsoc3 "Lab 4 ADC.v" -verilog
</CYPRESSTAG>
Warp synthesis phase: Elapsed time ==> 0s.760ms
<CYPRESSTAG name="Fitter results...">
<CYPRESSTAG name="Fitter startup details...">
cyp3fit: V2.2.0.572, Family: PSoC3, Started at: Friday, 03 May 2013 09:29:43
Options: -yv2 -v3 -ygs -q10 -o2 -.fftcfgtype=LE -ya -.fftprj=C:\Users\maxk\Desktop\PSoC 4A\FAE Workshop\Lab Projects\Lab Templates\Lab 4 ADC.cydsn\Lab 4 ADC.cyprj -d CY8C4245AXI-483 Lab 4 ADC.v -verilog
</CYPRESSTAG>
<CYPRESSTAG name="Design parsing">
Design parsing phase: Elapsed time ==> 0s.118ms
</CYPRESSTAG>
<CYPRESSTAG name="Tech mapping">
<CYPRESSTAG name="Initial Mapping" icon="FILE_RPT_TECHM">
<CYPRESSTAG name="Global Clock Selection" icon="FILE_RPT_TECHM">
    Fixed Function Clock 8: Automatic-assigning  clock 'Clock_PWM'. Signal=Net_187_ff8
    Fixed Function Clock 9: Automatic-assigning  clock 'Clock_PWM'. Signal=Net_187_ff9
    Fixed Function Clock 10: Automatic-assigning  clock 'Clock_PWM'. Signal=Net_187_ff10
<CYPRESSTAG name="UDB Clock/Enable Remapping Results">
</CYPRESSTAG>
</CYPRESSTAG>
<CYPRESSTAG name="Duplicate Macrocell detection">
</CYPRESSTAG>
</CYPRESSTAG>
<CYPRESSTAG name="Duplicate Macrocell detection">
</CYPRESSTAG>
<CYPRESSTAG name="Design Equations" icon="FILE_RPT_EQUATION">

------------------------------------------------------------
Design Equations
------------------------------------------------------------
    <CYPRESSTAG name="Pin listing">

    ------------------------------------------------------------
    Pin listing
    ------------------------------------------------------------

    Pin : Name = Pin_BlueLED(0)
        Attributes:
            In Group/Port: True
            In Sync Option: AUTO
            Out Sync Option: NOSYNC
            Interrupt generated: False
            Interrupt mode: NONE
            Drive mode: CMOS_OUT
            VTrip: EITHER
            Slew: FAST
            Input Sync needed: False
            Output Sync needed: False
            SC shield enabled: False
            POR State: ANY
            LCD Mode: COMMON
            Register Mode: RegComb
            CaSense Mode: NEITHER
            Treat as pin: True
            Is OE Registered: False
            Uses Analog: False
            Can contain Digital: True
            Is SIO: False
            SIO Output Buf: NONREGULATED
            SIO Input Buf: SINGLE_ENDED
            SIO HiFreq: LOW
            SIO Hyst: DISABLED
            SIO Vtrip: MULTIPLIER_0_5
            SIO RefSel: VCC_IO
            Required Capabilitites: DIGITAL, TCPWM_P
            Initial Value: 1
            IO Voltage: 0
        PORT MAP (
            pa_out => Pin_BlueLED(0)__PA ,
            input => Net_209 ,
            annotation => Net_13 ,
            pad => Pin_BlueLED(0)_PAD );
        Properties:
        {
        }

    Pin : Name = Pin_GreenLED(0)
        Attributes:
            In Group/Port: True
            In Sync Option: AUTO
            Out Sync Option: NOSYNC
            Interrupt generated: False
            Interrupt mode: NONE
            Drive mode: CMOS_OUT
            VTrip: EITHER
            Slew: FAST
            Input Sync needed: False
            Output Sync needed: False
            SC shield enabled: False
            POR State: ANY
            LCD Mode: COMMON
            Register Mode: RegComb
            CaSense Mode: NEITHER
            Treat as pin: True
            Is OE Registered: False
            Uses Analog: False
            Can contain Digital: True
            Is SIO: False
            SIO Output Buf: NONREGULATED
            SIO Input Buf: SINGLE_ENDED
            SIO HiFreq: LOW
            SIO Hyst: DISABLED
            SIO Vtrip: MULTIPLIER_0_5
            SIO RefSel: VCC_IO
            Required Capabilitites: DIGITAL, TCPWM_P
            Initial Value: 1
            IO Voltage: 0
        PORT MAP (
            pa_out => Pin_GreenLED(0)__PA ,
            input => Net_197 ,
            annotation => Net_46 ,
            pad => Pin_GreenLED(0)_PAD );
        Properties:
        {
        }

    Pin : Name = Pin_RedLED(0)
        Attributes:
            In Group/Port: True
            In Sync Option: AUTO
            Out Sync Option: NOSYNC
            Interrupt generated: False
            Interrupt mode: NONE
            Drive mode: CMOS_OUT
            VTrip: EITHER
            Slew: FAST
            Input Sync needed: False
            Output Sync needed: False
            SC shield enabled: False
            POR State: ANY
            LCD Mode: COMMON
            Register Mode: RegComb
            CaSense Mode: NEITHER
            Treat as pin: True
            Is OE Registered: False
            Uses Analog: False
            Can contain Digital: True
            Is SIO: False
            SIO Output Buf: NONREGULATED
            SIO Input Buf: SINGLE_ENDED
            SIO HiFreq: LOW
            SIO Hyst: DISABLED
            SIO Vtrip: MULTIPLIER_0_5
            SIO RefSel: VCC_IO
            Required Capabilitites: DIGITAL, TCPWM_P
            Initial Value: 1
            IO Voltage: 0
        PORT MAP (
            pa_out => Pin_RedLED(0)__PA ,
            input => Net_185 ,
            annotation => Net_56 ,
            pad => Pin_RedLED(0)_PAD );
        Properties:
        {
        }
    </CYPRESSTAG>
    <CYPRESSTAG name="Macrocell listing" icon="FILE_RPT_EQUATION">
    </CYPRESSTAG>
    <CYPRESSTAG name="Datapath listing">
    </CYPRESSTAG>
    <CYPRESSTAG name="Status register listing">
    </CYPRESSTAG>
    <CYPRESSTAG name="StatusI register listing">
    </CYPRESSTAG>
    <CYPRESSTAG name="Sync listing">
    </CYPRESSTAG>
    <CYPRESSTAG name="Control register listing">
    </CYPRESSTAG>
    <CYPRESSTAG name="Count7 listing">
    </CYPRESSTAG>
    <CYPRESSTAG name="DRQ listing">
    </CYPRESSTAG>
    <CYPRESSTAG name="Interrupt listing">
    </CYPRESSTAG>
</CYPRESSTAG>
<CYPRESSTAG name="Technology mapping summary" expanded>

------------------------------------------------------------
Technology mapping summary
------------------------------------------------------------

Resource Type                 : Used : Free :  Max :  % Used
============================================================
Digital domain clock dividers :    0 :    8 :    8 :   0.00%
Analog domain clock dividers  :    0 :    4 :    4 :   0.00%
Pins                          :    5 :   31 :   36 :  13.89%
UDB Macrocells                :    0 :   32 :   32 :   0.00%
UDB Unique Pterms             :    0 :   64 :   64 :   0.00%
UDB Datapath Cells            :    0 :    4 :    4 :   0.00%
UDB Status Cells              :    0 :    4 :    4 :   0.00%
UDB Control Cells             :    0 :    4 :    4 :   0.00%
Interrupts                    :    0 :   32 :   32 :   0.00%
Comparator/Opamp Fixed Blocks :    0 :    2 :    2 :   0.00%
SAR Fixed Blocks              :    0 :    1 :    1 :   0.00%
CSD Fixed Blocks              :    0 :    1 :    1 :   0.00%
8-bit CapSense IDACs          :    0 :    1 :    1 :   0.00%
7-bit CapSense IDACs          :    0 :    1 :    1 :   0.00%
Temperature Sensor            :    0 :    1 :    1 :   0.00%
Low Power Comparator          :    0 :    2 :    2 :   0.00%
TCPWM Blocks                  :    3 :    1 :    4 :  75.00%
Serial Communication Blocks   :    0 :    2 :    2 :   0.00%
Segment LCD Blocks            :    0 :    1 :    1 :   0.00%
</CYPRESSTAG>
Technology Mapping: Elapsed time ==> 0s.273ms
Tech mapping phase: Elapsed time ==> 0s.348ms
</CYPRESSTAG>
<CYPRESSTAG name="Analog Placement">
<CYPRESSTAG name="Analog Placement">
Elapsed time ==> 0.5486813s
</CYPRESSTAG>
Analog Placement phase: Elapsed time ==> 0s.564ms
</CYPRESSTAG>
<CYPRESSTAG name="Analog Routing">
<CYPRESSTAG name="Analog Routing">
Route success=True, Iterations=1 Elapsed=0.0028025 secs
</CYPRESSTAG>
Analog Routing phase: Elapsed time ==> 0s.011ms
</CYPRESSTAG>
<CYPRESSTAG name="Analog Code Generation">
============ Analog Final Answer Routes ============
Dump of CyAnalogRoutingResultsDB
Map of net to items {
}
Map of item to net {
}
Mux Info {
}
Analog Code Generation phase: Elapsed time ==> 0s.257ms
</CYPRESSTAG>
<CYPRESSTAG name="Digital Placement">
<CYPRESSTAG name="Detailed placement messages">
I2659: No Constrained paths were found. The placer will run in non-timing driven mode.
I2076: Total run-time: 0.3 sec.

</CYPRESSTAG>
<CYPRESSTAG name="PLD Packing">
<CYPRESSTAG name="PLD Packing Summary">
No PLDs were packed.
</CYPRESSTAG>
PLD Packing: Elapsed time ==> 0s.028ms
</CYPRESSTAG>
<CYPRESSTAG name="Partitioning">
<CYPRESSTAG name="Initial Partitioning Summary">
Initial Partitioning Summary not displayed at this verbose level.</CYPRESSTAG>
<CYPRESSTAG name="Final Partitioning Summary">
Final Partitioning Summary not displayed at this verbose level.</CYPRESSTAG>
Partitioning: Elapsed time ==> 0s.145ms
</CYPRESSTAG>
<CYPRESSTAG name="Simulated Annealing">
Annealing: Elapsed time ==> 0s.048ms
<CYPRESSTAG name="Simulated Annealing Results">
The seed used for moves was 114161200.
Inital cost was 34, final cost is 34 (0.00% improvement).</CYPRESSTAG>
</CYPRESSTAG>
<CYPRESSTAG name="Final Placement Summary">

------------------------------------------------------------
Final Placement Summary
------------------------------------------------------------

       Resource Type :      Count : Avg Inputs : Avg Outputs
    ========================================================
                 UDB :          0 :       0.00 :       0.00
<CYPRESSTAG name="Final Placement Details">
<CYPRESSTAG name="Component Details">

------------------------------------------------------------
Component Placement Details
------------------------------------------------------------
UDB [UDB=(0,0)] is empty.
UDB [UDB=(0,1)] is empty.
UDB [UDB=(1,0)] is empty.
UDB [UDB=(1,1)] is empty.
Intr hod @ [IntrHod=(0)]: empty
Port 0 contains the following IO cells:
[IoId=2]: 
Pin : Name = Pin_GreenLED(0)
    Attributes:
        In Group/Port: True
        In Sync Option: AUTO
        Out Sync Option: NOSYNC
        Interrupt generated: False
        Interrupt mode: NONE
        Drive mode: CMOS_OUT
        VTrip: EITHER
        Slew: FAST
        Input Sync needed: False
        Output Sync needed: False
        SC shield enabled: False
        POR State: ANY
        LCD Mode: COMMON
        Register Mode: RegComb
        CaSense Mode: NEITHER
        Treat as pin: True
        Is OE Registered: False
        Uses Analog: False
        Can contain Digital: True
        Is SIO: False
        SIO Output Buf: NONREGULATED
        SIO Input Buf: SINGLE_ENDED
        SIO HiFreq: LOW
        SIO Hyst: DISABLED
        SIO Vtrip: MULTIPLIER_0_5
        SIO RefSel: VCC_IO
        Required Capabilitites: DIGITAL, TCPWM_P
        Initial Value: 1
        IO Voltage: 0
    PORT MAP (
        pa_out => Pin_GreenLED(0)__PA ,
        input => Net_197 ,
        annotation => Net_46 ,
        pad => Pin_GreenLED(0)_PAD );
    Properties:
    {
    }

[IoId=3]: 
Pin : Name = Pin_BlueLED(0)
    Attributes:
        In Group/Port: True
        In Sync Option: AUTO
        Out Sync Option: NOSYNC
        Interrupt generated: False
        Interrupt mode: NONE
        Drive mode: CMOS_OUT
        VTrip: EITHER
        Slew: FAST
        Input Sync needed: False
        Output Sync needed: False
        SC shield enabled: False
        POR State: ANY
        LCD Mode: COMMON
        Register Mode: RegComb
        CaSense Mode: NEITHER
        Treat as pin: True
        Is OE Registered: False
        Uses Analog: False
        Can contain Digital: True
        Is SIO: False
        SIO Output Buf: NONREGULATED
        SIO Input Buf: SINGLE_ENDED
        SIO HiFreq: LOW
        SIO Hyst: DISABLED
        SIO Vtrip: MULTIPLIER_0_5
        SIO RefSel: VCC_IO
        Required Capabilitites: DIGITAL, TCPWM_P
        Initial Value: 1
        IO Voltage: 0
    PORT MAP (
        pa_out => Pin_BlueLED(0)__PA ,
        input => Net_209 ,
        annotation => Net_13 ,
        pad => Pin_BlueLED(0)_PAD );
    Properties:
    {
    }

Port 1 contains the following IO cells:
[IoId=6]: 
Pin : Name = Pin_RedLED(0)
    Attributes:
        In Group/Port: True
        In Sync Option: AUTO
        Out Sync Option: NOSYNC
        Interrupt generated: False
        Interrupt mode: NONE
        Drive mode: CMOS_OUT
        VTrip: EITHER
        Slew: FAST
        Input Sync needed: False
        Output Sync needed: False
        SC shield enabled: False
        POR State: ANY
        LCD Mode: COMMON
        Register Mode: RegComb
        CaSense Mode: NEITHER
        Treat as pin: True
        Is OE Registered: False
        Uses Analog: False
        Can contain Digital: True
        Is SIO: False
        SIO Output Buf: NONREGULATED
        SIO Input Buf: SINGLE_ENDED
        SIO HiFreq: LOW
        SIO Hyst: DISABLED
        SIO Vtrip: MULTIPLIER_0_5
        SIO RefSel: VCC_IO
        Required Capabilitites: DIGITAL, TCPWM_P
        Initial Value: 1
        IO Voltage: 0
    PORT MAP (
        pa_out => Pin_RedLED(0)__PA ,
        input => Net_185 ,
        annotation => Net_56 ,
        pad => Pin_RedLED(0)_PAD );
    Properties:
    {
    }

Port 2 is empty
Port 3 is empty
Port 4 is empty
Fixed Function block hod @ [FFB(Clock,0)]: 
    M0S8 Clock Block @ [FFB(Clock,0)]: 
    m0s8clockblockcell: Name =ClockBlock
        PORT MAP (
            lfclk => ClockBlock_LFCLK ,
            ilo => ClockBlock_ILO ,
            sysclk => ClockBlock_SYSCLK ,
            ext => ClockBlock_EXTCLK ,
            imo => ClockBlock_IMO ,
            hfclk => ClockBlock_HFCLK ,
            ff_div_8 => Net_187_ff8 ,
            ff_div_9 => Net_187_ff9 ,
            ff_div_10 => Net_187_ff10 );
        Properties:
        {
        }
Fixed Function block hod @ [FFB(PM,0)]: empty
Fixed Function block hod @ [FFB(SPC,0)]: empty
Fixed Function block hod @ [FFB(WDT,0)]: empty
Fixed Function block hod @ [FFB(FSS,0)]: empty
Fixed Function block hod @ [FFB(LPCOMP,0)]: empty
Fixed Function block hod @ [FFB(SCB,0)]: empty
Fixed Function block hod @ [FFB(CSD,0)]: empty
Fixed Function block hod @ [FFB(CSIDAC8,0)]: empty
Fixed Function block hod @ [FFB(CSIDAC7,0)]: empty
Fixed Function block hod @ [FFB(TCPWM,0)]: 
    Tcpwm Block @ [FFB(TCPWM,0)]: 
    m0s8tcpwmcell: Name =\PWM_B:cy_m0s8_tcpwm_1\
        PORT MAP (
            clock => Net_187_ff8 ,
            capture => zero ,
            count => tmpOE__Pin_RedLED_net_0 ,
            reload => zero ,
            stop => zero ,
            start => zero ,
            tr_underflow => Net_50 ,
            tr_overflow => Net_48 ,
            tr_compare_match => Net_51 ,
            line_out => Net_209 ,
            line_out_compl => Net_53 ,
            interrupt => Net_47 );
        Properties:
        {
            cy_registers = ""
        }
    Tcpwm Block @ [FFB(TCPWM,1)]: 
    m0s8tcpwmcell: Name =\PWM_G:cy_m0s8_tcpwm_1\
        PORT MAP (
            clock => Net_187_ff9 ,
            capture => zero ,
            count => tmpOE__Pin_RedLED_net_0 ,
            reload => zero ,
            stop => zero ,
            start => zero ,
            tr_underflow => Net_38 ,
            tr_overflow => Net_37 ,
            tr_compare_match => Net_39 ,
            line_out => Net_197 ,
            line_out_compl => Net_40 ,
            interrupt => Net_36 );
        Properties:
        {
            cy_registers = ""
        }
    Tcpwm Block @ [FFB(TCPWM,2)]: 
    m0s8tcpwmcell: Name =\PWM_R:cy_m0s8_tcpwm_1\
        PORT MAP (
            clock => Net_187_ff10 ,
            capture => zero ,
            count => tmpOE__Pin_RedLED_net_0 ,
            reload => zero ,
            stop => zero ,
            start => zero ,
            tr_underflow => Net_28 ,
            tr_overflow => Net_27 ,
            tr_compare_match => Net_29 ,
            line_out => Net_185 ,
            line_out_compl => Net_30 ,
            interrupt => Net_26 );
        Properties:
        {
            cy_registers = ""
        }
Fixed Function block hod @ [FFB(OA,0)]: empty
Fixed Function block hod @ [FFB(TEMP,0)]: empty
Fixed Function block hod @ [FFB(SARADC,0)]: empty
Fixed Function block hod @ [FFB(M0S8LCD,0)]: empty
Fixed Function block hod @ [FFB(CLK_GEN,0)]: 
    M0S8 Clock Gen Block @ [FFB(CLK_GEN,0)]: 
    m0s8clockgenblockcell: Name =ClockGenBlock
        PORT MAP (
             );
        Properties:
        {
        }
Fixed Function block hod @ [FFB(LPCOMPBLOCK,0)]: empty
Fixed Function block hod @ [FFB(CTBMBLOCK,0)]: empty
Fixed Function block hod @ [FFB(ANAPUMP,0)]: empty
</CYPRESSTAG>
<CYPRESSTAG name="Port Configuration Details">

------------------------------------------------------------
Port Configuration report
------------------------------------------------------------
     |     |       | Interrupt |                  |                 | 
Port | Pin | Fixed |      Type |       Drive Mode |            Name | Connections
-----+-----+-------+-----------+------------------+-----------------+------------
   0 |   2 |     * |      NONE |         CMOS_OUT | Pin_GreenLED(0) | In(Net_197)
     |   3 |     * |      NONE |         CMOS_OUT |  Pin_BlueLED(0) | In(Net_209)
-----+-----+-------+-----------+------------------+-----------------+------------
   1 |   6 |     * |      NONE |         CMOS_OUT |   Pin_RedLED(0) | In(Net_185)
---------------------------------------------------------------------------------
</CYPRESSTAG>
</CYPRESSTAG>
</CYPRESSTAG>
Digital component placer commit/Report: Elapsed time ==> 0s.037ms
Digital Placement phase: Elapsed time ==> 1s.046ms
</CYPRESSTAG>
<CYPRESSTAG name="Digital Routing">
Routing successful.
Digital Routing phase: Elapsed time ==> 0s.812ms
</CYPRESSTAG>
<CYPRESSTAG name="Bitstream and API generation">
Bitstream and API generation phase: Elapsed time ==> 0s.477ms
</CYPRESSTAG>
<CYPRESSTAG name="Bitstream verification">
Bitstream verification phase: Elapsed time ==> 0s.253ms
</CYPRESSTAG>
<CYPRESSTAG name="Static timing analysis">
Timing report is in Lab 4 ADC_timing.html.
Static timing analysis phase: Elapsed time ==> 0s.333ms
</CYPRESSTAG>
<CYPRESSTAG name="Data reporting">
Data reporting phase: Elapsed time ==> 1s.179ms
</CYPRESSTAG>
<CYPRESSTAG name="Database update...">
Design database save phase: Elapsed time ==> 0s.380ms
</CYPRESSTAG>
cydsfit: Elapsed time ==> 5s.841ms
</CYPRESSTAG>
Fitter phase: Elapsed time ==> 5s.921ms
API generation phase: Elapsed time ==> 1s.526ms
Dependency generation phase: Elapsed time ==> 0s.032ms
Cleanup phase: Elapsed time ==> 0s.005ms
