TI ARM Assembler PC v16.9.0 Fri Mar 10 00:22:00 2017

Tools Copyright (c) 1996-2015 Texas Instruments Incorporated
GPIO.asm                                                             PAGE    1

       1                    ;******************************************************************************
       2                    ;* TI ARM C/C++ Codegen                                        PC v16.9.0.LTS *
       3                    ;* Date/Time created: Fri Mar 10 00:22:00 2017                                *
       4                    ;******************************************************************************
       5                            .compiler_opts --abi=eabi --arm_vmrs_si_workaround=off --code_state=16 --diag_wrap=off --embed
       6 00000000                   .thumb
       7                    
       8                    $C$DW$CU        .dwtag  DW_TAG_compile_unit
       9                            .dwattr $C$DW$CU, DW_AT_name("../GPIO.c")
      10                            .dwattr $C$DW$CU, DW_AT_producer("TI TI ARM C/C++ Codegen PC v16.9.0.LTS Copyright (c) 1996-20
      11                            .dwattr $C$DW$CU, DW_AT_TI_version(0x01)
      12                            .dwattr $C$DW$CU, DW_AT_comp_dir("D:\Github Clones\EmbeddedSystems.Playground\Texas Instrument
      13                    
      14                    $C$DW$1 .dwtag  DW_TAG_subprogram
      15                            .dwattr $C$DW$1, DW_AT_name("EnableInterrupts")
      16                            .dwattr $C$DW$1, DW_AT_TI_symbol_name("EnableInterrupts")
      17                            .dwattr $C$DW$1, DW_AT_declaration
      18                            .dwattr $C$DW$1, DW_AT_external
      19                            .dwattr $C$DW$1, DW_AT_decl_file("../GPIO.c")
      20                            .dwattr $C$DW$1, DW_AT_decl_line(0x1a)
      21                            .dwattr $C$DW$1, DW_AT_decl_column(0x06)
      22                            .dwendtag $C$DW$1
      23                    
      24                    
      25                    $C$DW$2 .dwtag  DW_TAG_subprogram
      26                            .dwattr $C$DW$2, DW_AT_name("WaitForInterrupt")
      27                            .dwattr $C$DW$2, DW_AT_TI_symbol_name("WaitForInterrupt")
      28                            .dwattr $C$DW$2, DW_AT_declaration
      29                            .dwattr $C$DW$2, DW_AT_external
      30                            .dwattr $C$DW$2, DW_AT_decl_file("../GPIO.c")
      31                            .dwattr $C$DW$2, DW_AT_decl_line(0x1b)
      32                            .dwattr $C$DW$2, DW_AT_decl_column(0x06)
      33                            .dwendtag $C$DW$2
      34                    
      35                    ;       D:\EngineeringSoftware\CCS\ccsv7\tools\compiler\ti-cgt-arm_16.9.0.LTS\bin\armacpia.exe -@C:\\U
      36 00000000                   .sect   ".text"
      37                            .clink
      38                            .thumbfunc SysTick_Handler
      39 00000000                   .thumb
      40                            .global SysTick_Handler
      41                    
      42                    $C$DW$3 .dwtag  DW_TAG_subprogram
      43                            .dwattr $C$DW$3, DW_AT_name("SysTick_Handler")
      44                            .dwattr $C$DW$3, DW_AT_low_pc(SysTick_Handler)
      45                            .dwattr $C$DW$3, DW_AT_high_pc(0x00)
      46                            .dwattr $C$DW$3, DW_AT_TI_symbol_name("SysTick_Handler")
      47                            .dwattr $C$DW$3, DW_AT_external
      48                            .dwattr $C$DW$3, DW_AT_TI_begin_file("../GPIO.c")
      49                            .dwattr $C$DW$3, DW_AT_TI_begin_line(0x20)
      50                            .dwattr $C$DW$3, DW_AT_TI_begin_column(0x06)
      51                            .dwattr $C$DW$3, DW_AT_decl_file("../GPIO.c")
      52                            .dwattr $C$DW$3, DW_AT_decl_line(0x20)
      53                            .dwattr $C$DW$3, DW_AT_decl_column(0x06)
      54                            .dwattr $C$DW$3, DW_AT_TI_max_frame_size(0x00)
      55                            .dwpsn  file "../GPIO.c",line 32,column 27,is_stmt,address SysTick_Handler,isa 1
TI ARM Assembler PC v16.9.0 Fri Mar 10 00:22:00 2017

Tools Copyright (c) 1996-2015 Texas Instruments Incorporated
GPIO.asm                                                             PAGE    2

      56                    
      57                            .dwfde $C$DW$CIE, SysTick_Handler
      58                    ;----------------------------------------------------------------------
      59                    ;  32 | void SysTick_Handler(void){                                            
      60                    ;----------------------------------------------------------------------
      61                    
      62                    ;*****************************************************************************
      63                    ;* FUNCTION NAME: SysTick_Handler                                            *
      64                    ;*                                                                           *
      65                    ;*   Regs Modified     : A1,A2                                               *
      66                    ;*   Regs Used         : A1,A2,LR                                            *
      67                    ;*   Local Frame Size  : 0 Args + 0 Auto + 0 Save = 0 byte                   *
      68                    ;*****************************************************************************
      69 00000000           SysTick_Handler:
      70                    ;* --------------------------------------------------------------------------*
      71                            .dwcfi  cfa_offset, 0
      72                            .dwpsn  file "../GPIO.c",line 33,column 3,is_stmt,isa 1
      73                    ;----------------------------------------------------------------------
      74                    ;  33 | GPIO_PORTF_DATA_R ^= 0x04;                                             
      75                    ;----------------------------------------------------------------------
      76 00000000 4936              LDR       A2, $C$CON1           ; [DPU_3_PIPE] |33|  ; [ORIG 16-BIT INS]
      77 00000002 6808              LDR       A1, [A2, #0]          ; [DPU_3_PIPE] |33|  ; [ORIG 16-BIT INS]
      78 00000004 0004F080          EOR       A1, A1, #4            ; [DPU_3_PIPE] |33|  ; [KEEP 32-BIT INS]
      79 00000008 6008              STR       A1, [A2, #0]          ; [DPU_3_PIPE] |33|  ; [ORIG 16-BIT INS]
      80                            .dwpsn  file "../GPIO.c",line 34,column 1,is_stmt,isa 1
      81                    $C$DW$4 .dwtag  DW_TAG_TI_branch
      82                            .dwattr $C$DW$4, DW_AT_low_pc(0x00)
      83                            .dwattr $C$DW$4, DW_AT_TI_return
      84                    
      85 0000000a 4770              BX        LR                    ; [DPU_3_PIPE]  ; [ORIG 16-BIT INS]
      86                            ; BRANCH OCCURS                  ; [] 
      87                            .dwattr $C$DW$3, DW_AT_TI_end_file("../GPIO.c")
      88                            .dwattr $C$DW$3, DW_AT_TI_end_line(0x22)
      89                            .dwattr $C$DW$3, DW_AT_TI_end_column(0x01)
      90                            .dwendentry
      91                            .dwendtag $C$DW$3
      92                    
      93 0000000c                   .sect   ".text"
      94                            .clink
      95                            .thumbfunc main
      96 0000000c                   .thumb
      97                            .global main
      98                    
      99                    $C$DW$5 .dwtag  DW_TAG_subprogram
     100                            .dwattr $C$DW$5, DW_AT_name("main")
     101                            .dwattr $C$DW$5, DW_AT_low_pc(main)
     102                            .dwattr $C$DW$5, DW_AT_high_pc(0x00)
     103                            .dwattr $C$DW$5, DW_AT_TI_symbol_name("main")
     104                            .dwattr $C$DW$5, DW_AT_external
     105                            .dwattr $C$DW$5, DW_AT_TI_begin_file("../GPIO.c")
     106                            .dwattr $C$DW$5, DW_AT_TI_begin_line(0x28)
     107                            .dwattr $C$DW$5, DW_AT_TI_begin_column(0x06)
     108                            .dwattr $C$DW$5, DW_AT_decl_file("../GPIO.c")
     109                            .dwattr $C$DW$5, DW_AT_decl_line(0x28)
     110                            .dwattr $C$DW$5, DW_AT_decl_column(0x06)
TI ARM Assembler PC v16.9.0 Fri Mar 10 00:22:00 2017

Tools Copyright (c) 1996-2015 Texas Instruments Incorporated
GPIO.asm                                                             PAGE    3

     111                            .dwattr $C$DW$5, DW_AT_TI_max_frame_size(0x08)
     112                            .dwpsn  file "../GPIO.c",line 40,column 17,is_stmt,address main,isa 1
     113                    
     114                            .dwfde $C$DW$CIE, main
     115                    ;----------------------------------------------------------------------
     116                    ;  40 | void main(void) {                                                      
     117                    ;  41 | // Initialization routine                                              
     118                    ;----------------------------------------------------------------------
     119                    
     120                    ;*****************************************************************************
     121                    ;* FUNCTION NAME: main                                                       *
     122                    ;*                                                                           *
     123                    ;*   Regs Modified     : A1,A2,A3,A4,V9,SP,LR,SR,D0,D0_hi,D1,D1_hi,D2,D2_hi, *
     124                    ;*                           D3,D3_hi,D4,D4_hi,D5,D5_hi,D6,D6_hi,D7,D7_hi,   *
     125                    ;*                           FPEXC,FPSCR                                     *
     126                    ;*   Regs Used         : A1,A2,A3,A4,V9,SP,LR,SR,D0,D0_hi,D1,D1_hi,D2,D2_hi, *
     127                    ;*                           D3,D3_hi,D4,D4_hi,D5,D5_hi,D6,D6_hi,D7,D7_hi,   *
     128                    ;*                           FPEXC,FPSCR                                     *
     129                    ;*   Local Frame Size  : 0 Args + 0 Auto + 4 Save = 4 byte                   *
     130                    ;*****************************************************************************
     131 0000000c           main:
     132                    ;* --------------------------------------------------------------------------*
     133                            .dwcfi  cfa_offset, 0
     134 0000000c B508              PUSH      {A4, LR}              ; [DPU_3_PIPE]  ; [ORIG 16-BIT INS]
     135                            .dwcfi  cfa_offset, 8
     136                            .dwcfi  save_reg_to_mem, 14, -4
     137                            .dwcfi  save_reg_to_mem, 3, -8
     138                            .dwpsn  file "../GPIO.c",line 42,column 5,is_stmt,isa 1
     139                    ;----------------------------------------------------------------------
     140                    ;  42 | initPortF();                                                           
     141                    ;----------------------------------------------------------------------
     142                    $C$DW$6 .dwtag  DW_TAG_TI_branch
     143                            .dwattr $C$DW$6, DW_AT_low_pc(0x00)
     144                            .dwattr $C$DW$6, DW_AT_name("initPortF")
     145                            .dwattr $C$DW$6, DW_AT_TI_call
     146                    
     147 0000000e FFFEF7FF!         BL        initPortF             ; [DPU_3_PIPE] |42|  ; [KEEP 32-BIT INS]
     148                            ; CALL OCCURS {initPortF }       ; [] |42| 
     149                            .dwpsn  file "../GPIO.c",line 43,column 5,is_stmt,isa 1
     150                    ;----------------------------------------------------------------------
     151                    ;  43 | SysTick_Pulse(16000);                                                  
     152                    ;----------------------------------------------------------------------
     153 00000012 507AF44F          MOV       A1, #16000            ; [DPU_3_PIPE] |43|  ; [KEEP 32-BIT INS]
     154                    $C$DW$7 .dwtag  DW_TAG_TI_branch
     155                            .dwattr $C$DW$7, DW_AT_low_pc(0x00)
     156                            .dwattr $C$DW$7, DW_AT_name("SysTick_Pulse")
     157                            .dwattr $C$DW$7, DW_AT_TI_call
     158                    
     159 00000016 FFFEF7FF!         BL        SysTick_Pulse         ; [DPU_3_PIPE] |43|  ; [KEEP 32-BIT INS]
     160                            ; CALL OCCURS {SysTick_Pulse }   ; [] |43| 
     161                            .dwpsn  file "../GPIO.c",line 44,column 5,is_stmt,isa 1
     162                    ;----------------------------------------------------------------------
     163                    ;  44 | EnableInterrupts();                                                    
     164                    ;----------------------------------------------------------------------
     165                    $C$DW$8 .dwtag  DW_TAG_TI_branch
TI ARM Assembler PC v16.9.0 Fri Mar 10 00:22:00 2017

Tools Copyright (c) 1996-2015 Texas Instruments Incorporated
GPIO.asm                                                             PAGE    4

     166                            .dwattr $C$DW$8, DW_AT_low_pc(0x00)
     167                            .dwattr $C$DW$8, DW_AT_name("EnableInterrupts")
     168                            .dwattr $C$DW$8, DW_AT_TI_call
     169                    
     170 0000001a FFFEF7FF!         BL        EnableInterrupts      ; [DPU_3_PIPE] |44|  ; [KEEP 32-BIT INS]
     171                            ; CALL OCCURS {EnableInterrupts }  ; [] |44| 
     172                            .dwpsn  file "../GPIO.c",line 46,column 11,is_stmt,isa 1
     173                    ;----------------------------------------------------------------------
     174                    ;  46 | while(1){                                                              
     175                    ;----------------------------------------------------------------------
     176                    ;* --------------------------------------------------------------------------*
     177                    ;*   BEGIN LOOP ||$C$L1||
     178                    ;*
     179                    ;*   Loop source line                : 46
     180                    ;*   Loop closing brace source line  : 48
     181                    ;*   Known Minimum Trip Count        : 1
     182                    ;*   Known Maximum Trip Count        : 4294967295
     183                    ;*   Known Max Trip Count Factor     : 1
     184                    ;* --------------------------------------------------------------------------*
     185 0000001e           ||$C$L1||:    
     186                            .dwpsn  file "../GPIO.c",line 47,column 9,is_stmt,isa 1
     187                    ;----------------------------------------------------------------------
     188                    ;  47 | WaitForInterrupt();                                                    
     189                    ;----------------------------------------------------------------------
     190                    $C$DW$9 .dwtag  DW_TAG_TI_branch
     191                            .dwattr $C$DW$9, DW_AT_low_pc(0x00)
     192                            .dwattr $C$DW$9, DW_AT_name("WaitForInterrupt")
     193                            .dwattr $C$DW$9, DW_AT_TI_call
     194                    
     195 0000001e FFFEF7FF!         BL        WaitForInterrupt      ; [DPU_3_PIPE] |47|  ; [KEEP 32-BIT INS]
     196                            ; CALL OCCURS {WaitForInterrupt }  ; [] |47| 
     197                            .dwpsn  file "../GPIO.c",line 46,column 11,is_stmt,isa 1
     198 00000022 E7FC              B         ||$C$L1||             ; [DPU_3_PIPE] |46|  ; [ORIG 16-BIT INS]
     199                            ; BRANCH OCCURS {||$C$L1||}      ; [] |46| 
     200                    ;* --------------------------------------------------------------------------*
     201                            .dwattr $C$DW$5, DW_AT_TI_end_file("../GPIO.c")
     202                            .dwattr $C$DW$5, DW_AT_TI_end_line(0x32)
     203                            .dwattr $C$DW$5, DW_AT_TI_end_column(0x01)
     204                            .dwendentry
     205                            .dwendtag $C$DW$5
     206                    
     207 00000024                   .sect   ".text"
     208                            .clink
     209                            .thumbfunc SysTick_Pulse
     210 00000024                   .thumb
     211                            .global SysTick_Pulse
     212                    
     213                    $C$DW$10        .dwtag  DW_TAG_subprogram
     214                            .dwattr $C$DW$10, DW_AT_name("SysTick_Pulse")
     215                            .dwattr $C$DW$10, DW_AT_low_pc(SysTick_Pulse)
     216                            .dwattr $C$DW$10, DW_AT_high_pc(0x00)
     217                            .dwattr $C$DW$10, DW_AT_TI_symbol_name("SysTick_Pulse")
     218                            .dwattr $C$DW$10, DW_AT_external
     219                            .dwattr $C$DW$10, DW_AT_TI_begin_file("../GPIO.c")
     220                            .dwattr $C$DW$10, DW_AT_TI_begin_line(0x3a)
TI ARM Assembler PC v16.9.0 Fri Mar 10 00:22:00 2017

Tools Copyright (c) 1996-2015 Texas Instruments Incorporated
GPIO.asm                                                             PAGE    5

     221                            .dwattr $C$DW$10, DW_AT_TI_begin_column(0x06)
     222                            .dwattr $C$DW$10, DW_AT_decl_file("../GPIO.c")
     223                            .dwattr $C$DW$10, DW_AT_decl_line(0x3a)
     224                            .dwattr $C$DW$10, DW_AT_decl_column(0x06)
     225                            .dwattr $C$DW$10, DW_AT_TI_max_frame_size(0x08)
     226                            .dwpsn  file "../GPIO.c",line 58,column 40,is_stmt,address SysTick_Pulse,isa 1
     227                    
     228                            .dwfde $C$DW$CIE, SysTick_Pulse
     229                    $C$DW$11        .dwtag  DW_TAG_formal_parameter
     230                            .dwattr $C$DW$11, DW_AT_name("param")
     231                            .dwattr $C$DW$11, DW_AT_TI_symbol_name("param")
     232                            .dwattr $C$DW$11, DW_AT_type(*$C$DW$T$13)
     233                            .dwattr $C$DW$11, DW_AT_location[DW_OP_reg0]
     234                    
     235                    
     236                    ;*****************************************************************************
     237                    ;* FUNCTION NAME: SysTick_Pulse                                              *
     238                    ;*                                                                           *
     239                    ;*   Regs Modified     : A1,A2,SP,SR                                         *
     240                    ;*   Regs Used         : A1,A2,SP,LR,SR                                      *
     241                    ;*   Local Frame Size  : 0 Args + 4 Auto + 0 Save = 4 byte                   *
     242                    ;*****************************************************************************
     243 00000024           SysTick_Pulse:
     244                    ;* --------------------------------------------------------------------------*
     245                            .dwcfi  cfa_offset, 0
     246 00000024 0D08F1AD          SUB       SP, SP, #8            ; [DPU_3_PIPE]  ; [KEEP 32-BIT INS]
     247                            .dwcfi  cfa_offset, 8
     248                    $C$DW$12        .dwtag  DW_TAG_variable
     249                            .dwattr $C$DW$12, DW_AT_name("param")
     250                            .dwattr $C$DW$12, DW_AT_TI_symbol_name("param")
     251                            .dwattr $C$DW$12, DW_AT_type(*$C$DW$T$13)
     252                            .dwattr $C$DW$12, DW_AT_location[DW_OP_breg13 0]
     253                    
     254                    ;----------------------------------------------------------------------
     255                    ;  58 | void SysTick_Pulse(unsigned long param){                               
     256                    ;----------------------------------------------------------------------
     257 00000028 9000              STR       A1, [SP, #0]          ; [DPU_3_PIPE] |58|  ; [ORIG 16-BIT INS]
     258                            .dwpsn  file "../GPIO.c",line 60,column 5,is_stmt,isa 1
     259                    ;----------------------------------------------------------------------
     260                    ;  60 | NVIC_ST_CTRL_R           =      0;                                     
     261                    ;----------------------------------------------------------------------
     262 0000002a 492D              LDR       A2, $C$CON2           ; [DPU_3_PIPE] |60|  ; [ORIG 16-BIT INS]
     263 0000002c 2000              MOVS      A1, #0                ; [DPU_3_PIPE] |60|  ; [ORIG 16-BIT INS]
     264 0000002e 6008              STR       A1, [A2, #0]          ; [DPU_3_PIPE] |60|  ; [ORIG 16-BIT INS]
     265                            .dwpsn  file "../GPIO.c",line 61,column 5,is_stmt,isa 1
     266                    ;----------------------------------------------------------------------
     267                    ;  61 | NVIC_ST_RELOAD_R         =      param - 1;                             
     268                    ;----------------------------------------------------------------------
     269 00000030 492C              LDR       A2, $C$CON3           ; [DPU_3_PIPE] |61|  ; [ORIG 16-BIT INS]
     270 00000032 9800              LDR       A1, [SP, #0]          ; [DPU_3_PIPE] |61|  ; [ORIG 16-BIT INS]
     271 00000034 1E40              SUBS      A1, A1, #1            ; [DPU_3_PIPE] |61|  ; [ORIG 16-BIT INS]
     272 00000036 6008              STR       A1, [A2, #0]          ; [DPU_3_PIPE] |61|  ; [ORIG 16-BIT INS]
     273                            .dwpsn  file "../GPIO.c",line 62,column 5,is_stmt,isa 1
     274                    ;----------------------------------------------------------------------
     275                    ;  62 | NVIC_ST_CURRENT_R        =      0;                                     
TI ARM Assembler PC v16.9.0 Fri Mar 10 00:22:00 2017

Tools Copyright (c) 1996-2015 Texas Instruments Incorporated
GPIO.asm                                                             PAGE    6

     276                    ;----------------------------------------------------------------------
     277 00000038 492B              LDR       A2, $C$CON4           ; [DPU_3_PIPE] |62|  ; [ORIG 16-BIT INS]
     278 0000003a 2000              MOVS      A1, #0                ; [DPU_3_PIPE] |62|  ; [ORIG 16-BIT INS]
     279 0000003c 6008              STR       A1, [A2, #0]          ; [DPU_3_PIPE] |62|  ; [ORIG 16-BIT INS]
     280                            .dwpsn  file "../GPIO.c",line 63,column 5,is_stmt,isa 1
     281                    ;----------------------------------------------------------------------
     282                    ;  63 | NVIC_SYS_PRI3_R         |=      0x50000000;                            
     283                    ;----------------------------------------------------------------------
     284 0000003e 492B              LDR       A2, $C$CON5           ; [DPU_3_PIPE] |63|  ; [ORIG 16-BIT INS]
     285 00000040 6808              LDR       A1, [A2, #0]          ; [DPU_3_PIPE] |63|  ; [ORIG 16-BIT INS]
     286 00000042 40A0F040          ORR       A1, A1, #1342177280   ; [DPU_3_PIPE] |63|  ; [KEEP 32-BIT INS]
     287 00000046 6008              STR       A1, [A2, #0]          ; [DPU_3_PIPE] |63|  ; [ORIG 16-BIT INS]
     288                            .dwpsn  file "../GPIO.c",line 64,column 5,is_stmt,isa 1
     289                    ;----------------------------------------------------------------------
     290                    ;  64 | NVIC_ST_CTRL_R          |=      0x07;                                  
     291                    ;----------------------------------------------------------------------
     292 00000048 4925              LDR       A2, $C$CON2           ; [DPU_3_PIPE] |64|  ; [ORIG 16-BIT INS]
     293 0000004a 6808              LDR       A1, [A2, #0]          ; [DPU_3_PIPE] |64|  ; [ORIG 16-BIT INS]
     294 0000004c 0007F040          ORR       A1, A1, #7            ; [DPU_3_PIPE] |64|  ; [KEEP 32-BIT INS]
     295 00000050 6008              STR       A1, [A2, #0]          ; [DPU_3_PIPE] |64|  ; [ORIG 16-BIT INS]
     296                            .dwpsn  file "../GPIO.c",line 67,column 1,is_stmt,isa 1
     297 00000052 B002              ADD       SP, SP, #8            ; [DPU_3_PIPE]  ; [ORIG 16-BIT INS]
     298                            .dwcfi  cfa_offset, 0
     299                    $C$DW$13        .dwtag  DW_TAG_TI_branch
     300                            .dwattr $C$DW$13, DW_AT_low_pc(0x00)
     301                            .dwattr $C$DW$13, DW_AT_TI_return
     302                    
     303 00000054 4770              BX        LR                    ; [DPU_3_PIPE]  ; [ORIG 16-BIT INS]
     304                            ; BRANCH OCCURS                  ; [] 
     305                            .dwattr $C$DW$10, DW_AT_TI_end_file("../GPIO.c")
     306                            .dwattr $C$DW$10, DW_AT_TI_end_line(0x43)
     307                            .dwattr $C$DW$10, DW_AT_TI_end_column(0x01)
     308                            .dwendentry
     309                            .dwendtag $C$DW$10
     310                    
     311 00000056                   .sect   ".text"
     312                            .clink
     313                            .thumbfunc initPortF
     314 00000056                   .thumb
     315                            .global initPortF
     316                    
     317                    $C$DW$14        .dwtag  DW_TAG_subprogram
     318                            .dwattr $C$DW$14, DW_AT_name("initPortF")
     319                            .dwattr $C$DW$14, DW_AT_low_pc(initPortF)
     320                            .dwattr $C$DW$14, DW_AT_high_pc(0x00)
     321                            .dwattr $C$DW$14, DW_AT_TI_symbol_name("initPortF")
     322                            .dwattr $C$DW$14, DW_AT_external
     323                            .dwattr $C$DW$14, DW_AT_TI_begin_file("../GPIO.c")
     324                            .dwattr $C$DW$14, DW_AT_TI_begin_line(0x47)
     325                            .dwattr $C$DW$14, DW_AT_TI_begin_column(0x06)
     326                            .dwattr $C$DW$14, DW_AT_decl_file("../GPIO.c")
     327                            .dwattr $C$DW$14, DW_AT_decl_line(0x47)
     328                            .dwattr $C$DW$14, DW_AT_decl_column(0x06)
     329                            .dwattr $C$DW$14, DW_AT_TI_max_frame_size(0x08)
     330                            .dwpsn  file "../GPIO.c",line 71,column 21,is_stmt,address initPortF,isa 1
TI ARM Assembler PC v16.9.0 Fri Mar 10 00:22:00 2017

Tools Copyright (c) 1996-2015 Texas Instruments Incorporated
GPIO.asm                                                             PAGE    7

     331                    
     332                            .dwfde $C$DW$CIE, initPortF
     333                    ;----------------------------------------------------------------------
     334                    ;  71 | void initPortF(void){    unsigned long volatile delay;                 
     335                    ;  73 | // Port Clock Control                                                  
     336                    ;----------------------------------------------------------------------
     337                    
     338                    ;*****************************************************************************
     339                    ;* FUNCTION NAME: initPortF                                                  *
     340                    ;*                                                                           *
     341                    ;*   Regs Modified     : A1,A2,A3,SP,SR                                      *
     342                    ;*   Regs Used         : A1,A2,A3,SP,LR,SR                                   *
     343                    ;*   Local Frame Size  : 0 Args + 4 Auto + 0 Save = 4 byte                   *
     344                    ;*****************************************************************************
     345 00000056           initPortF:
     346                    ;* --------------------------------------------------------------------------*
     347                            .dwcfi  cfa_offset, 0
     348 00000056 0D08F1AD          SUB       SP, SP, #8            ; [DPU_3_PIPE]  ; [KEEP 32-BIT INS]
     349                            .dwcfi  cfa_offset, 8
     350                    $C$DW$15        .dwtag  DW_TAG_variable
     351                            .dwattr $C$DW$15, DW_AT_name("delay")
     352                            .dwattr $C$DW$15, DW_AT_TI_symbol_name("delay")
     353                            .dwattr $C$DW$15, DW_AT_type(*$C$DW$T$24)
     354                            .dwattr $C$DW$15, DW_AT_location[DW_OP_breg13 0]
     355                    
     356                            .dwpsn  file "../GPIO.c",line 74,column 5,is_stmt,isa 1
     357                    ;----------------------------------------------------------------------
     358                    ;  74 | SYSCTL_RCGC2_R          |=      0x00000020;                            
     359                    ;----------------------------------------------------------------------
     360 0000005a 4925              LDR       A2, $C$CON6           ; [DPU_3_PIPE] |74|  ; [ORIG 16-BIT INS]
     361 0000005c 6808              LDR       A1, [A2, #0]          ; [DPU_3_PIPE] |74|  ; [ORIG 16-BIT INS]
     362 0000005e 0020F040          ORR       A1, A1, #32           ; [DPU_3_PIPE] |74|  ; [KEEP 32-BIT INS]
     363 00000062 6008              STR       A1, [A2, #0]          ; [DPU_3_PIPE] |74|  ; [ORIG 16-BIT INS]
     364                            .dwpsn  file "../GPIO.c",line 75,column 5,is_stmt,isa 1
     365                    ;----------------------------------------------------------------------
     366                    ;  75 | delay  /*Wait Ready*/    =      SYSCTL_RCGC2_R;                        
     367                    ;  77 | // GPIO Digital Control                                                
     368                    ;----------------------------------------------------------------------
     369 00000064 4822              LDR       A1, $C$CON6           ; [DPU_3_PIPE] |75|  ; [ORIG 16-BIT INS]
     370 00000066 6800              LDR       A1, [A1, #0]          ; [DPU_3_PIPE] |75|  ; [ORIG 16-BIT INS]
     371 00000068 9000              STR       A1, [SP, #0]          ; [DPU_3_PIPE] |75|  ; [ORIG 16-BIT INS]
     372                            .dwpsn  file "../GPIO.c",line 78,column 5,is_stmt,isa 1
     373                    ;----------------------------------------------------------------------
     374                    ;  78 | GPIO_PORTF_DEN_R        |=      0x0E;                                  
     375                    ;----------------------------------------------------------------------
     376 0000006a 4922              LDR       A2, $C$CON7           ; [DPU_3_PIPE] |78|  ; [ORIG 16-BIT INS]
     377 0000006c 6808              LDR       A1, [A2, #0]          ; [DPU_3_PIPE] |78|  ; [ORIG 16-BIT INS]
     378 0000006e 000EF040          ORR       A1, A1, #14           ; [DPU_3_PIPE] |78|  ; [KEEP 32-BIT INS]
     379 00000072 6008              STR       A1, [A2, #0]          ; [DPU_3_PIPE] |78|  ; [ORIG 16-BIT INS]
     380                            .dwpsn  file "../GPIO.c",line 79,column 5,is_stmt,isa 1
     381                    ;----------------------------------------------------------------------
     382                    ;  79 | GPIO_PORTF_DIR_R        |=      0x0E;                                  
     383                    ;  81 | // GPIO Alternate function control                                     
     384                    ;----------------------------------------------------------------------
     385 00000074 4920              LDR       A2, $C$CON8           ; [DPU_3_PIPE] |79|  ; [ORIG 16-BIT INS]
TI ARM Assembler PC v16.9.0 Fri Mar 10 00:22:00 2017

Tools Copyright (c) 1996-2015 Texas Instruments Incorporated
GPIO.asm                                                             PAGE    8

     386 00000076 6808              LDR       A1, [A2, #0]          ; [DPU_3_PIPE] |79|  ; [ORIG 16-BIT INS]
     387 00000078 000EF040          ORR       A1, A1, #14           ; [DPU_3_PIPE] |79|  ; [KEEP 32-BIT INS]
     388 0000007c 6008              STR       A1, [A2, #0]          ; [DPU_3_PIPE] |79|  ; [ORIG 16-BIT INS]
     389                            .dwpsn  file "../GPIO.c",line 82,column 5,is_stmt,isa 1
     390                    ;----------------------------------------------------------------------
     391                    ;  82 | GPIO_PORTF_AMSEL_R      &=      0;                                     
     392                    ;----------------------------------------------------------------------
     393 0000007e 481F              LDR       A1, $C$CON9           ; [DPU_3_PIPE] |82|  ; [ORIG 16-BIT INS]
     394 00000080 2100              MOVS      A2, #0                ; [DPU_3_PIPE] |82|  ; [ORIG 16-BIT INS]
     395 00000082 6802              LDR       A3, [A1, #0]          ; [DPU_3_PIPE] |82|  ; [ORIG 16-BIT INS]
     396 00000084 6001              STR       A2, [A1, #0]          ; [DPU_3_PIPE] |82|  ; [ORIG 16-BIT INS]
     397                            .dwpsn  file "../GPIO.c",line 83,column 5,is_stmt,isa 1
     398                    ;----------------------------------------------------------------------
     399                    ;  83 | GPIO_PORTF_AFSEL_R      &=      ~0x0E;                                 
     400                    ;----------------------------------------------------------------------
     401 00000086 491E              LDR       A2, $C$CON10          ; [DPU_3_PIPE] |83|  ; [ORIG 16-BIT INS]
     402 00000088 6808              LDR       A1, [A2, #0]          ; [DPU_3_PIPE] |83|  ; [ORIG 16-BIT INS]
     403 0000008a 000EF020          BIC       A1, A1, #14           ; [DPU_3_PIPE] |83|  ; [KEEP 32-BIT INS]
     404 0000008e 6008              STR       A1, [A2, #0]          ; [DPU_3_PIPE] |83|  ; [ORIG 16-BIT INS]
     405                            .dwpsn  file "../GPIO.c",line 84,column 5,is_stmt,isa 1
     406                    ;----------------------------------------------------------------------
     407                    ;  84 | GPIO_PORTF_PCTL_R       &=      ~0x0000FFF0;                           
     408                    ;----------------------------------------------------------------------
     409 00000090 491C              LDR       A2, $C$CON11          ; [DPU_3_PIPE] |84|  ; [ORIG 16-BIT INS]
     410 00000092 6808              LDR       A1, [A2, #0]          ; [DPU_3_PIPE] |84|  ; [ORIG 16-BIT INS]
     411 00000094 100FF36F          BFC       A1, #4, #12           ; [DPU_3_PIPE] |84|  ; [KEEP 32-BIT INS]
     412 00000098 6008              STR       A1, [A2, #0]          ; [DPU_3_PIPE] |84|  ; [ORIG 16-BIT INS]
     413                            .dwpsn  file "../GPIO.c",line 85,column 1,is_stmt,isa 1
     414 0000009a B002              ADD       SP, SP, #8            ; [DPU_3_PIPE]  ; [ORIG 16-BIT INS]
     415                            .dwcfi  cfa_offset, 0
     416                    $C$DW$16        .dwtag  DW_TAG_TI_branch
     417                            .dwattr $C$DW$16, DW_AT_low_pc(0x00)
     418                            .dwattr $C$DW$16, DW_AT_TI_return
     419                    
     420 0000009c 4770              BX        LR                    ; [DPU_3_PIPE]  ; [ORIG 16-BIT INS]
     421                            ; BRANCH OCCURS                  ; [] 
     422                            .dwattr $C$DW$14, DW_AT_TI_end_file("../GPIO.c")
     423                            .dwattr $C$DW$14, DW_AT_TI_end_line(0x55)
     424                            .dwattr $C$DW$14, DW_AT_TI_end_column(0x01)
     425                            .dwendentry
     426                            .dwendtag $C$DW$14
     427                    
     428 0000009e                   .sect   ".text"
     429                            .clink
     430                            .thumbfunc delay
     431 0000009e                   .thumb
     432                            .global delay
     433                    
     434                    $C$DW$17        .dwtag  DW_TAG_subprogram
     435                            .dwattr $C$DW$17, DW_AT_name("delay")
     436                            .dwattr $C$DW$17, DW_AT_low_pc(delay)
     437                            .dwattr $C$DW$17, DW_AT_high_pc(0x00)
     438                            .dwattr $C$DW$17, DW_AT_TI_symbol_name("delay")
     439                            .dwattr $C$DW$17, DW_AT_external
     440                            .dwattr $C$DW$17, DW_AT_TI_begin_file("../GPIO.c")
TI ARM Assembler PC v16.9.0 Fri Mar 10 00:22:00 2017

Tools Copyright (c) 1996-2015 Texas Instruments Incorporated
GPIO.asm                                                             PAGE    9

     441                            .dwattr $C$DW$17, DW_AT_TI_begin_line(0x58)
     442                            .dwattr $C$DW$17, DW_AT_TI_begin_column(0x06)
     443                            .dwattr $C$DW$17, DW_AT_decl_file("../GPIO.c")
     444                            .dwattr $C$DW$17, DW_AT_decl_line(0x58)
     445                            .dwattr $C$DW$17, DW_AT_decl_column(0x06)
     446                            .dwattr $C$DW$17, DW_AT_TI_max_frame_size(0x10)
     447                            .dwpsn  file "../GPIO.c",line 88,column 31,is_stmt,address delay,isa 1
     448                    
     449                            .dwfde $C$DW$CIE, delay
     450                    $C$DW$18        .dwtag  DW_TAG_formal_parameter
     451                            .dwattr $C$DW$18, DW_AT_name("param")
     452                            .dwattr $C$DW$18, DW_AT_TI_symbol_name("param")
     453                            .dwattr $C$DW$18, DW_AT_type(*$C$DW$T$11)
     454                            .dwattr $C$DW$18, DW_AT_location[DW_OP_reg0]
     455                    
     456                    
     457                    ;*****************************************************************************
     458                    ;* FUNCTION NAME: delay                                                      *
     459                    ;*                                                                           *
     460                    ;*   Regs Modified     : A1,A2,SP,SR                                         *
     461                    ;*   Regs Used         : A1,A2,SP,LR,SR                                      *
     462                    ;*   Local Frame Size  : 0 Args + 12 Auto + 0 Save = 12 byte                 *
     463                    ;*****************************************************************************
     464 0000009e           delay:
     465                    ;* --------------------------------------------------------------------------*
     466                            .dwcfi  cfa_offset, 0
     467 0000009e 0D10F1AD          SUB       SP, SP, #16           ; [DPU_3_PIPE]  ; [KEEP 32-BIT INS]
     468                            .dwcfi  cfa_offset, 16
     469                    $C$DW$19        .dwtag  DW_TAG_variable
     470                            .dwattr $C$DW$19, DW_AT_name("param")
     471                            .dwattr $C$DW$19, DW_AT_TI_symbol_name("param")
     472                            .dwattr $C$DW$19, DW_AT_type(*$C$DW$T$11)
     473                            .dwattr $C$DW$19, DW_AT_location[DW_OP_breg13 0]
     474                    
     475                    $C$DW$20        .dwtag  DW_TAG_variable
     476                            .dwattr $C$DW$20, DW_AT_name("i")
     477                            .dwattr $C$DW$20, DW_AT_TI_symbol_name("i")
     478                            .dwattr $C$DW$20, DW_AT_type(*$C$DW$T$11)
     479                            .dwattr $C$DW$20, DW_AT_location[DW_OP_breg13 4]
     480                    
     481                    $C$DW$21        .dwtag  DW_TAG_variable
     482                            .dwattr $C$DW$21, DW_AT_name("j")
     483                            .dwattr $C$DW$21, DW_AT_TI_symbol_name("j")
     484                            .dwattr $C$DW$21, DW_AT_type(*$C$DW$T$11)
     485                            .dwattr $C$DW$21, DW_AT_location[DW_OP_breg13 8]
     486                    
     487                    ;----------------------------------------------------------------------
     488                    ;  88 | void delay(unsigned int param){ unsigned int i, j;                     
     489                    ;----------------------------------------------------------------------
     490 000000a2 9000              STR       A1, [SP, #0]          ; [DPU_3_PIPE] |88|  ; [ORIG 16-BIT INS]
     491                            .dwpsn  file "../GPIO.c",line 90,column 9,is_stmt,isa 1
     492                    ;----------------------------------------------------------------------
     493                    ;  90 | for(j = 0; j < param; j++){                                            
     494                    ;----------------------------------------------------------------------
     495 000000a4 2000              MOVS      A1, #0                ; [DPU_3_PIPE] |90|  ; [ORIG 16-BIT INS]
TI ARM Assembler PC v16.9.0 Fri Mar 10 00:22:00 2017

Tools Copyright (c) 1996-2015 Texas Instruments Incorporated
GPIO.asm                                                             PAGE   10

     496 000000a6 9002              STR       A1, [SP, #8]          ; [DPU_3_PIPE] |90|  ; [ORIG 16-BIT INS]
     497                            .dwpsn  file "../GPIO.c",line 90,column 16,is_stmt,isa 1
     498 000000a8 9902              LDR       A2, [SP, #8]          ; [DPU_3_PIPE] |90|  ; [ORIG 16-BIT INS]
     499 000000aa 9800              LDR       A1, [SP, #0]          ; [DPU_3_PIPE] |90|  ; [ORIG 16-BIT INS]
     500 000000ac 4288              CMP       A1, A2                ; [DPU_3_PIPE] |90|  ; [ORIG 16-BIT INS]
     501 000000ae D913              BLS       ||$C$L5||             ; [DPU_3_PIPE] |90|  ; [ORIG 16-BIT INS]
     502                            ; BRANCHCC OCCURS {||$C$L5||}    ; [] |90| 
     503                    ;* --------------------------------------------------------------------------*
     504                    ;*   BEGIN LOOP ||$C$L2||
     505                    ;*
     506                    ;*   Loop source line                : 90
     507                    ;*   Loop closing brace source line  : 94
     508                    ;*   Known Minimum Trip Count        : 1
     509                    ;*   Known Maximum Trip Count        : 4294967295
     510                    ;*   Known Max Trip Count Factor     : 1
     511                    ;* --------------------------------------------------------------------------*
     512 000000b0           ||$C$L2||:    
     513                            .dwpsn  file "../GPIO.c",line 91,column 13,is_stmt,isa 1
     514                    ;----------------------------------------------------------------------
     515                    ;  91 | for(i = 0; i < 800; i++){                                              
     516                    ;----------------------------------------------------------------------
     517 000000b0 2000              MOVS      A1, #0                ; [DPU_3_PIPE] |91|  ; [ORIG 16-BIT INS]
     518 000000b2 9001              STR       A1, [SP, #4]          ; [DPU_3_PIPE] |91|  ; [ORIG 16-BIT INS]
     519                            .dwpsn  file "../GPIO.c",line 91,column 20,is_stmt,isa 1
     520                    ;----------------------------------------------------------------------
     521                    ;  92 | // do nothing                                                          
     522                    ;----------------------------------------------------------------------
     523 000000b4 9801              LDR       A1, [SP, #4]          ; [DPU_3_PIPE] |91|  ; [ORIG 16-BIT INS]
     524 000000b6 7F48F5B0          CMP       A1, #800              ; [DPU_3_PIPE] |91|  ; [KEEP 32-BIT INS]
     525 000000ba D206              BCS       ||$C$L4||             ; [DPU_3_PIPE] |91|  ; [ORIG 16-BIT INS]
     526                            ; BRANCHCC OCCURS {||$C$L4||}    ; [] |91| 
     527                    ;* --------------------------------------------------------------------------*
     528                    ;*   BEGIN LOOP ||$C$L3||
     529                    ;*
     530                    ;*   Loop source line                : 91
     531                    ;*   Loop closing brace source line  : 93
     532                    ;*   Known Minimum Trip Count        : 1
     533                    ;*   Known Maximum Trip Count        : 4294967295
     534                    ;*   Known Max Trip Count Factor     : 1
     535                    ;* --------------------------------------------------------------------------*
     536 000000bc           ||$C$L3||:    
     537                            .dwpsn  file "../GPIO.c",line 91,column 29,is_stmt,isa 1
     538 000000bc 9801              LDR       A1, [SP, #4]          ; [DPU_3_PIPE] |91|  ; [ORIG 16-BIT INS]
     539 000000be 1C40              ADDS      A1, A1, #1            ; [DPU_3_PIPE] |91|  ; [ORIG 16-BIT INS]
     540 000000c0 9001              STR       A1, [SP, #4]          ; [DPU_3_PIPE] |91|  ; [ORIG 16-BIT INS]
     541                            .dwpsn  file "../GPIO.c",line 91,column 20,is_stmt,isa 1
     542 000000c2 9801              LDR       A1, [SP, #4]          ; [DPU_3_PIPE] |91|  ; [ORIG 16-BIT INS]
     543 000000c4 7F48F5B0          CMP       A1, #800              ; [DPU_3_PIPE] |91|  ; [KEEP 32-BIT INS]
     544 000000c8 D3F8              BCC       ||$C$L3||             ; [DPU_3_PIPE] |91|  ; [ORIG 16-BIT INS]
     545                            ; BRANCHCC OCCURS {||$C$L3||}    ; [] |91| 
     546                    ;* --------------------------------------------------------------------------*
     547 000000ca           ||$C$L4||:    
     548                            .dwpsn  file "../GPIO.c",line 90,column 27,is_stmt,isa 1
     549 000000ca 9802              LDR       A1, [SP, #8]          ; [DPU_3_PIPE] |90|  ; [ORIG 16-BIT INS]
     550 000000cc 1C40              ADDS      A1, A1, #1            ; [DPU_3_PIPE] |90|  ; [ORIG 16-BIT INS]
TI ARM Assembler PC v16.9.0 Fri Mar 10 00:22:00 2017

Tools Copyright (c) 1996-2015 Texas Instruments Incorporated
GPIO.asm                                                             PAGE   11

     551 000000ce 9002              STR       A1, [SP, #8]          ; [DPU_3_PIPE] |90|  ; [ORIG 16-BIT INS]
     552                            .dwpsn  file "../GPIO.c",line 90,column 16,is_stmt,isa 1
     553 000000d0 9800              LDR       A1, [SP, #0]          ; [DPU_3_PIPE] |90|  ; [ORIG 16-BIT INS]
     554 000000d2 9902              LDR       A2, [SP, #8]          ; [DPU_3_PIPE] |90|  ; [ORIG 16-BIT INS]
     555 000000d4 4288              CMP       A1, A2                ; [DPU_3_PIPE] |90|  ; [ORIG 16-BIT INS]
     556 000000d6 D8EB              BHI       ||$C$L2||             ; [DPU_3_PIPE] |90|  ; [ORIG 16-BIT INS]
     557                            ; BRANCHCC OCCURS {||$C$L2||}    ; [] |90| 
     558                    ;* --------------------------------------------------------------------------*
     559                            .dwpsn  file "../GPIO.c",line 95,column 1,is_stmt,isa 1
     560                    ;* --------------------------------------------------------------------------*
     561 000000d8           ||$C$L5||:    
     562 000000d8 B004              ADD       SP, SP, #16           ; [DPU_3_PIPE]  ; [ORIG 16-BIT INS]
     563                            .dwcfi  cfa_offset, 0
     564                    $C$DW$22        .dwtag  DW_TAG_TI_branch
     565                            .dwattr $C$DW$22, DW_AT_low_pc(0x00)
     566                            .dwattr $C$DW$22, DW_AT_TI_return
     567                    
     568 000000da 4770              BX        LR                    ; [DPU_3_PIPE]  ; [ORIG 16-BIT INS]
     569                            ; BRANCH OCCURS                  ; [] 
     570                            .dwattr $C$DW$17, DW_AT_TI_end_file("../GPIO.c")
     571                            .dwattr $C$DW$17, DW_AT_TI_end_line(0x5f)
     572                            .dwattr $C$DW$17, DW_AT_TI_end_column(0x01)
     573                            .dwendentry
     574                            .dwendtag $C$DW$17
     575                    
     576                    ;******************************************************************************
     577                    ;* CONSTANT TABLE                                                             *
     578                    ;******************************************************************************
     579 000000dc                   .sect   ".text"
     580                            .align  4
     581 000000dc 400253FC  ||$C$CON1||:    .bits   1073894396,32
     582                            .align  4
     583 000000e0 E000E010  ||$C$CON2||:    .bits   -536813552,32
     584                            .align  4
     585 000000e4 E000E014  ||$C$CON3||:    .bits   -536813548,32
     586                            .align  4
     587 000000e8 E000E018  ||$C$CON4||:    .bits   -536813544,32
     588                            .align  4
     589 000000ec E000ED20  ||$C$CON5||:    .bits   -536810208,32
     590                            .align  4
     591 000000f0 400FE108  ||$C$CON6||:    .bits   1074782472,32
     592                            .align  4
     593 000000f4 4002551C  ||$C$CON7||:    .bits   1073894684,32
     594                            .align  4
     595 000000f8 40025400  ||$C$CON8||:    .bits   1073894400,32
     596                            .align  4
     597 000000fc 40025528  ||$C$CON9||:    .bits   1073894696,32
     598                            .align  4
     599 00000100 40025420  ||$C$CON10||:   .bits   1073894432,32
     600                            .align  4
     601 00000104 4002552C  ||$C$CON11||:   .bits   1073894700,32
     602                    ;*****************************************************************************
     603                    ;* UNDEFINED EXTERNAL REFERENCES                                             *
     604                    ;*****************************************************************************
     605                            .global EnableInterrupts
TI ARM Assembler PC v16.9.0 Fri Mar 10 00:22:00 2017

Tools Copyright (c) 1996-2015 Texas Instruments Incorporated
GPIO.asm                                                             PAGE   12

     606                            .global WaitForInterrupt
     607                    
     608                    ;******************************************************************************
     609                    ;* BUILD ATTRIBUTES                                                           *
     610                    ;******************************************************************************
     611                            .battr "aeabi", Tag_File, 1, Tag_ABI_PCS_wchar_t(2)
     612                            .battr "aeabi", Tag_File, 1, Tag_ABI_FP_rounding(0)
     613                            .battr "aeabi", Tag_File, 1, Tag_ABI_FP_denormal(0)
     614                            .battr "aeabi", Tag_File, 1, Tag_ABI_FP_exceptions(0)
     615                            .battr "aeabi", Tag_File, 1, Tag_ABI_FP_number_model(1)
     616                            .battr "aeabi", Tag_File, 1, Tag_ABI_enum_size(0)
     617                            .battr "aeabi", Tag_File, 1, Tag_ABI_optimization_goals(5)
     618                            .battr "aeabi", Tag_File, 1, Tag_ABI_FP_optimization_goals(0)
     619                            .battr "TI", Tag_File, 1, Tag_Bitfield_layout(2)
     620                            .battr "aeabi", Tag_File, 1, Tag_ABI_VFP_args(3)
     621                            .battr "TI", Tag_File, 1, Tag_FP_interface(1)
     622                    
     623                    ;******************************************************************************
     624                    ;* TYPE INFORMATION                                                           *
     625                    ;******************************************************************************
     626                    $C$DW$T$2       .dwtag  DW_TAG_unspecified_type
     627                            .dwattr $C$DW$T$2, DW_AT_name("void")
     628                    
     629                    $C$DW$T$4       .dwtag  DW_TAG_base_type
     630                            .dwattr $C$DW$T$4, DW_AT_encoding(DW_ATE_boolean)
     631                            .dwattr $C$DW$T$4, DW_AT_name("bool")
     632                            .dwattr $C$DW$T$4, DW_AT_byte_size(0x01)
     633                    
     634                    $C$DW$T$5       .dwtag  DW_TAG_base_type
     635                            .dwattr $C$DW$T$5, DW_AT_encoding(DW_ATE_signed_char)
     636                            .dwattr $C$DW$T$5, DW_AT_name("signed char")
     637                            .dwattr $C$DW$T$5, DW_AT_byte_size(0x01)
     638                    
     639                    $C$DW$T$6       .dwtag  DW_TAG_base_type
     640                            .dwattr $C$DW$T$6, DW_AT_encoding(DW_ATE_unsigned_char)
     641                            .dwattr $C$DW$T$6, DW_AT_name("unsigned char")
     642                            .dwattr $C$DW$T$6, DW_AT_byte_size(0x01)
     643                    
     644                    $C$DW$T$7       .dwtag  DW_TAG_base_type
     645                            .dwattr $C$DW$T$7, DW_AT_encoding(DW_ATE_signed_char)
     646                            .dwattr $C$DW$T$7, DW_AT_name("wchar_t")
     647                            .dwattr $C$DW$T$7, DW_AT_byte_size(0x02)
     648                    
     649                    $C$DW$T$8       .dwtag  DW_TAG_base_type
     650                            .dwattr $C$DW$T$8, DW_AT_encoding(DW_ATE_signed)
     651                            .dwattr $C$DW$T$8, DW_AT_name("short")
     652                            .dwattr $C$DW$T$8, DW_AT_byte_size(0x02)
     653                    
     654                    $C$DW$T$9       .dwtag  DW_TAG_base_type
     655                            .dwattr $C$DW$T$9, DW_AT_encoding(DW_ATE_unsigned)
     656                            .dwattr $C$DW$T$9, DW_AT_name("unsigned short")
     657                            .dwattr $C$DW$T$9, DW_AT_byte_size(0x02)
     658                    
     659                    $C$DW$T$10      .dwtag  DW_TAG_base_type
     660                            .dwattr $C$DW$T$10, DW_AT_encoding(DW_ATE_signed)
TI ARM Assembler PC v16.9.0 Fri Mar 10 00:22:00 2017

Tools Copyright (c) 1996-2015 Texas Instruments Incorporated
GPIO.asm                                                             PAGE   13

     661                            .dwattr $C$DW$T$10, DW_AT_name("int")
     662                            .dwattr $C$DW$T$10, DW_AT_byte_size(0x04)
     663                    
     664                    $C$DW$T$11      .dwtag  DW_TAG_base_type
     665                            .dwattr $C$DW$T$11, DW_AT_encoding(DW_ATE_unsigned)
     666                            .dwattr $C$DW$T$11, DW_AT_name("unsigned int")
     667                            .dwattr $C$DW$T$11, DW_AT_byte_size(0x04)
     668                    
     669                    $C$DW$T$12      .dwtag  DW_TAG_base_type
     670                            .dwattr $C$DW$T$12, DW_AT_encoding(DW_ATE_signed)
     671                            .dwattr $C$DW$T$12, DW_AT_name("long")
     672                            .dwattr $C$DW$T$12, DW_AT_byte_size(0x04)
     673                    
     674                    $C$DW$T$13      .dwtag  DW_TAG_base_type
     675                            .dwattr $C$DW$T$13, DW_AT_encoding(DW_ATE_unsigned)
     676                            .dwattr $C$DW$T$13, DW_AT_name("unsigned long")
     677                            .dwattr $C$DW$T$13, DW_AT_byte_size(0x04)
     678                    
     679                    $C$DW$T$24      .dwtag  DW_TAG_volatile_type
     680                            .dwattr $C$DW$T$24, DW_AT_type(*$C$DW$T$13)
     681                    
     682                    $C$DW$T$14      .dwtag  DW_TAG_base_type
     683                            .dwattr $C$DW$T$14, DW_AT_encoding(DW_ATE_signed)
     684                            .dwattr $C$DW$T$14, DW_AT_name("long long")
     685                            .dwattr $C$DW$T$14, DW_AT_byte_size(0x08)
     686                    
     687                    $C$DW$T$15      .dwtag  DW_TAG_base_type
     688                            .dwattr $C$DW$T$15, DW_AT_encoding(DW_ATE_unsigned)
     689                            .dwattr $C$DW$T$15, DW_AT_name("unsigned long long")
     690                            .dwattr $C$DW$T$15, DW_AT_byte_size(0x08)
     691                    
     692                    $C$DW$T$16      .dwtag  DW_TAG_base_type
     693                            .dwattr $C$DW$T$16, DW_AT_encoding(DW_ATE_float)
     694                            .dwattr $C$DW$T$16, DW_AT_name("float")
     695                            .dwattr $C$DW$T$16, DW_AT_byte_size(0x04)
     696                    
     697                    $C$DW$T$17      .dwtag  DW_TAG_base_type
     698                            .dwattr $C$DW$T$17, DW_AT_encoding(DW_ATE_float)
     699                            .dwattr $C$DW$T$17, DW_AT_name("double")
     700                            .dwattr $C$DW$T$17, DW_AT_byte_size(0x08)
     701                    
     702                    $C$DW$T$18      .dwtag  DW_TAG_base_type
     703                            .dwattr $C$DW$T$18, DW_AT_encoding(DW_ATE_float)
     704                            .dwattr $C$DW$T$18, DW_AT_name("long double")
     705                            .dwattr $C$DW$T$18, DW_AT_byte_size(0x08)
     706                    
     707                            .dwattr $C$DW$CU, DW_AT_language(DW_LANG_C)
     708                    
     709                    ;***************************************************************
     710                    ;* DWARF CIE ENTRIES                                           *
     711                    ;***************************************************************
     712                    
     713                    $C$DW$CIE       .dwcie 14
     714                            .dwcfi  cfa_register, 13
     715                            .dwcfi  cfa_offset, 0
TI ARM Assembler PC v16.9.0 Fri Mar 10 00:22:00 2017

Tools Copyright (c) 1996-2015 Texas Instruments Incorporated
GPIO.asm                                                             PAGE   14

     716                            .dwcfi  same_value, 4
     717                            .dwcfi  same_value, 5
     718                            .dwcfi  same_value, 6
     719                            .dwcfi  same_value, 7
     720                            .dwcfi  same_value, 8
     721                            .dwcfi  same_value, 9
     722                            .dwcfi  same_value, 10
     723                            .dwcfi  same_value, 11
     724                            .dwcfi  same_value, 80
     725                            .dwcfi  same_value, 81
     726                            .dwcfi  same_value, 82
     727                            .dwcfi  same_value, 83
     728                            .dwcfi  same_value, 84
     729                            .dwcfi  same_value, 85
     730                            .dwcfi  same_value, 86
     731                            .dwcfi  same_value, 87
     732                            .dwcfi  same_value, 88
     733                            .dwcfi  same_value, 89
     734                            .dwcfi  same_value, 90
     735                            .dwcfi  same_value, 91
     736                            .dwcfi  same_value, 92
     737                            .dwcfi  same_value, 93
     738                            .dwcfi  same_value, 94
     739                            .dwcfi  same_value, 95
     740                            .dwendentry
     741                            .dwendtag $C$DW$CU
     742                    

--------------------------
Thumb2 Statistics
--------------------------
Number of Thumb2 ins converted to Thumb = 0 (0%)
Number of Thumb ins in input = 85 (82%)
Number of Thumb2 ins encoded as Thumb2 = 18 (100%)
Number of Thumb2 ins converted to 2 OPND Thumb = 51


No Assembly Errors, No Assembly Warnings
