TI ARM Assembler PC v16.9.0 Thu Mar 09 23:32:21 2017

Tools Copyright (c) 1996-2015 Texas Instruments Incorporated
SysTick.asm                                                          PAGE    1

       1                    ;******************************************************************************
       2                    ;* TI ARM C/C++ Codegen                                        PC v16.9.0.LTS *
       3                    ;* Date/Time created: Thu Mar 09 23:32:21 2017                                *
       4                    ;******************************************************************************
       5                            .compiler_opts --abi=eabi --arm_vmrs_si_workaround=off --code_state=16 --diag_wrap=off --embed
       6 00000000                   .thumb
       7                    
       8                    $C$DW$CU        .dwtag  DW_TAG_compile_unit
       9                            .dwattr $C$DW$CU, DW_AT_name("../SysTick.c")
      10                            .dwattr $C$DW$CU, DW_AT_producer("TI TI ARM C/C++ Codegen PC v16.9.0.LTS Copyright (c) 1996-20
      11                            .dwattr $C$DW$CU, DW_AT_TI_version(0x01)
      12                            .dwattr $C$DW$CU, DW_AT_comp_dir("D:\Github Clones\EmbeddedSystems.Playground\Texas Instrument
      13                    ;       D:\EngineeringSoftware\CCS\ccsv7\tools\compiler\ti-cgt-arm_16.9.0.LTS\bin\armacpia.exe -@C:\\U
      14 00000000                   .sect   ".text"
      15                            .clink
      16                            .thumbfunc SysTick_Init
      17 00000000                   .thumb
      18                            .global SysTick_Init
      19                    
      20                    $C$DW$1 .dwtag  DW_TAG_subprogram
      21                            .dwattr $C$DW$1, DW_AT_name("SysTick_Init")
      22                            .dwattr $C$DW$1, DW_AT_low_pc(SysTick_Init)
      23                            .dwattr $C$DW$1, DW_AT_high_pc(0x00)
      24                            .dwattr $C$DW$1, DW_AT_TI_symbol_name("SysTick_Init")
      25                            .dwattr $C$DW$1, DW_AT_external
      26                            .dwattr $C$DW$1, DW_AT_TI_begin_file("../SysTick.c")
      27                            .dwattr $C$DW$1, DW_AT_TI_begin_line(0x2a)
      28                            .dwattr $C$DW$1, DW_AT_TI_begin_column(0x06)
      29                            .dwattr $C$DW$1, DW_AT_decl_file("../SysTick.c")
      30                            .dwattr $C$DW$1, DW_AT_decl_line(0x2a)
      31                            .dwattr $C$DW$1, DW_AT_decl_column(0x06)
      32                            .dwattr $C$DW$1, DW_AT_TI_max_frame_size(0x00)
      33                            .dwpsn  file "../SysTick.c",line 42,column 24,is_stmt,address SysTick_Init,isa 1
      34                    
      35                            .dwfde $C$DW$CIE, SysTick_Init
      36                    ;----------------------------------------------------------------------
      37                    ;  42 | void SysTick_Init(void){                                               
      38                    ;----------------------------------------------------------------------
      39                    
      40                    ;*****************************************************************************
      41                    ;* FUNCTION NAME: SysTick_Init                                               *
      42                    ;*                                                                           *
      43                    ;*   Regs Modified     : A1,A2,SR                                            *
      44                    ;*   Regs Used         : A1,A2,LR,SR                                         *
      45                    ;*   Local Frame Size  : 0 Args + 0 Auto + 0 Save = 0 byte                   *
      46                    ;*****************************************************************************
      47 00000000           SysTick_Init:
      48                    ;* --------------------------------------------------------------------------*
      49                            .dwcfi  cfa_offset, 0
      50                            .dwpsn  file "../SysTick.c",line 43,column 3,is_stmt,isa 1
      51                    ;----------------------------------------------------------------------
      52                    ;  43 | NVIC_ST_CTRL_R = 0;                   // disable SysTick during setup  
      53                    ;----------------------------------------------------------------------
      54 00000000 4919              LDR       A2, $C$CON1           ; [DPU_3_PIPE] |43|  ; [ORIG 16-BIT INS]
      55 00000002 2000              MOVS      A1, #0                ; [DPU_3_PIPE] |43|  ; [ORIG 16-BIT INS]
TI ARM Assembler PC v16.9.0 Thu Mar 09 23:32:21 2017

Tools Copyright (c) 1996-2015 Texas Instruments Incorporated
SysTick.asm                                                          PAGE    2

      56 00000004 6008              STR       A1, [A2, #0]          ; [DPU_3_PIPE] |43|  ; [ORIG 16-BIT INS]
      57                            .dwpsn  file "../SysTick.c",line 44,column 3,is_stmt,isa 1
      58                    ;----------------------------------------------------------------------
      59                    ;  44 | NVIC_ST_RELOAD_R = NVIC_ST_RELOAD_M;  // maximum reload value          
      60                    ;----------------------------------------------------------------------
      61 00000006 4919              LDR       A2, $C$CON2           ; [DPU_3_PIPE] |44|  ; [ORIG 16-BIT INS]
      62 00000008 407FF06F          MVN       A1, #-16777216        ; [DPU_3_PIPE] |44|  ; [KEEP 32-BIT INS]
      63 0000000c 6008              STR       A1, [A2, #0]          ; [DPU_3_PIPE] |44|  ; [ORIG 16-BIT INS]
      64                            .dwpsn  file "../SysTick.c",line 45,column 3,is_stmt,isa 1
      65                    ;----------------------------------------------------------------------
      66                    ;  45 | NVIC_ST_CURRENT_R = 0;                // any write to current clears it
      67                    ;  46 |                                       // enable SysTick with core clock
      68                    ;----------------------------------------------------------------------
      69 0000000e 4918              LDR       A2, $C$CON3           ; [DPU_3_PIPE] |45|  ; [ORIG 16-BIT INS]
      70 00000010 2000              MOVS      A1, #0                ; [DPU_3_PIPE] |45|  ; [ORIG 16-BIT INS]
      71 00000012 6008              STR       A1, [A2, #0]          ; [DPU_3_PIPE] |45|  ; [ORIG 16-BIT INS]
      72                            .dwpsn  file "../SysTick.c",line 47,column 3,is_stmt,isa 1
      73                    ;----------------------------------------------------------------------
      74                    ;  47 | NVIC_ST_CTRL_R = NVIC_ST_CTRL_ENABLE+NVIC_ST_CTRL_CLK_SRC;             
      75                    ;----------------------------------------------------------------------
      76 00000014 4914              LDR       A2, $C$CON1           ; [DPU_3_PIPE] |47|  ; [ORIG 16-BIT INS]
      77 00000016 2005              MOVS      A1, #5                ; [DPU_3_PIPE] |47|  ; [ORIG 16-BIT INS]
      78 00000018 6008              STR       A1, [A2, #0]          ; [DPU_3_PIPE] |47|  ; [ORIG 16-BIT INS]
      79                            .dwpsn  file "../SysTick.c",line 48,column 1,is_stmt,isa 1
      80                    $C$DW$2 .dwtag  DW_TAG_TI_branch
      81                            .dwattr $C$DW$2, DW_AT_low_pc(0x00)
      82                            .dwattr $C$DW$2, DW_AT_TI_return
      83                    
      84 0000001a 4770              BX        LR                    ; [DPU_3_PIPE]  ; [ORIG 16-BIT INS]
      85                            ; BRANCH OCCURS                  ; [] 
      86                            .dwattr $C$DW$1, DW_AT_TI_end_file("../SysTick.c")
      87                            .dwattr $C$DW$1, DW_AT_TI_end_line(0x30)
      88                            .dwattr $C$DW$1, DW_AT_TI_end_column(0x01)
      89                            .dwendentry
      90                            .dwendtag $C$DW$1
      91                    
      92 0000001c                   .sect   ".text"
      93                            .clink
      94                            .thumbfunc SysTick_Wait
      95 0000001c                   .thumb
      96                            .global SysTick_Wait
      97                    
      98                    $C$DW$3 .dwtag  DW_TAG_subprogram
      99                            .dwattr $C$DW$3, DW_AT_name("SysTick_Wait")
     100                            .dwattr $C$DW$3, DW_AT_low_pc(SysTick_Wait)
     101                            .dwattr $C$DW$3, DW_AT_high_pc(0x00)
     102                            .dwattr $C$DW$3, DW_AT_TI_symbol_name("SysTick_Wait")
     103                            .dwattr $C$DW$3, DW_AT_external
     104                            .dwattr $C$DW$3, DW_AT_TI_begin_file("../SysTick.c")
     105                            .dwattr $C$DW$3, DW_AT_TI_begin_line(0x33)
     106                            .dwattr $C$DW$3, DW_AT_TI_begin_column(0x06)
     107                            .dwattr $C$DW$3, DW_AT_decl_file("../SysTick.c")
     108                            .dwattr $C$DW$3, DW_AT_decl_line(0x33)
     109                            .dwattr $C$DW$3, DW_AT_decl_column(0x06)
     110                            .dwattr $C$DW$3, DW_AT_TI_max_frame_size(0x10)
TI ARM Assembler PC v16.9.0 Thu Mar 09 23:32:21 2017

Tools Copyright (c) 1996-2015 Texas Instruments Incorporated
SysTick.asm                                                          PAGE    3

     111                            .dwpsn  file "../SysTick.c",line 51,column 34,is_stmt,address SysTick_Wait,isa 1
     112                    
     113                            .dwfde $C$DW$CIE, SysTick_Wait
     114                    $C$DW$4 .dwtag  DW_TAG_formal_parameter
     115                            .dwattr $C$DW$4, DW_AT_name("delay")
     116                            .dwattr $C$DW$4, DW_AT_TI_symbol_name("delay")
     117                            .dwattr $C$DW$4, DW_AT_type(*$C$DW$T$20)
     118                            .dwattr $C$DW$4, DW_AT_location[DW_OP_reg0]
     119                    
     120                    
     121                    ;*****************************************************************************
     122                    ;* FUNCTION NAME: SysTick_Wait                                               *
     123                    ;*                                                                           *
     124                    ;*   Regs Modified     : A1,A2,SP,SR                                         *
     125                    ;*   Regs Used         : A1,A2,SP,LR,SR                                      *
     126                    ;*   Local Frame Size  : 0 Args + 12 Auto + 0 Save = 12 byte                 *
     127                    ;*****************************************************************************
     128 0000001c           SysTick_Wait:
     129                    ;* --------------------------------------------------------------------------*
     130                            .dwcfi  cfa_offset, 0
     131 0000001c 0D10F1AD          SUB       SP, SP, #16           ; [DPU_3_PIPE]  ; [KEEP 32-BIT INS]
     132                            .dwcfi  cfa_offset, 16
     133                    $C$DW$5 .dwtag  DW_TAG_variable
     134                            .dwattr $C$DW$5, DW_AT_name("delay")
     135                            .dwattr $C$DW$5, DW_AT_TI_symbol_name("delay")
     136                            .dwattr $C$DW$5, DW_AT_type(*$C$DW$T$20)
     137                            .dwattr $C$DW$5, DW_AT_location[DW_OP_breg13 0]
     138                    
     139                    $C$DW$6 .dwtag  DW_TAG_variable
     140                            .dwattr $C$DW$6, DW_AT_name("elapsedTime")
     141                            .dwattr $C$DW$6, DW_AT_TI_symbol_name("elapsedTime")
     142                            .dwattr $C$DW$6, DW_AT_type(*$C$DW$T$37)
     143                            .dwattr $C$DW$6, DW_AT_location[DW_OP_breg13 4]
     144                    
     145                    $C$DW$7 .dwtag  DW_TAG_variable
     146                            .dwattr $C$DW$7, DW_AT_name("startTime")
     147                            .dwattr $C$DW$7, DW_AT_TI_symbol_name("startTime")
     148                            .dwattr $C$DW$7, DW_AT_type(*$C$DW$T$20)
     149                            .dwattr $C$DW$7, DW_AT_location[DW_OP_breg13 8]
     150                    
     151                    ;----------------------------------------------------------------------
     152                    ;  51 | void SysTick_Wait(uint32_t delay){                                     
     153                    ;  52 | volatile uint32_t elapsedTime;                                         
     154                    ;----------------------------------------------------------------------
     155 00000020 9000              STR       A1, [SP, #0]          ; [DPU_3_PIPE] |51|  ; [ORIG 16-BIT INS]
     156                            .dwpsn  file "../SysTick.c",line 53,column 22,is_stmt,isa 1
     157                    ;----------------------------------------------------------------------
     158                    ;  53 | uint32_t startTime = NVIC_ST_CURRENT_R;                                
     159                    ;  54 | do{                                                                    
     160                    ;----------------------------------------------------------------------
     161 00000022 4813              LDR       A1, $C$CON3           ; [DPU_3_PIPE] |53|  ; [ORIG 16-BIT INS]
     162 00000024 6800              LDR       A1, [A1, #0]          ; [DPU_3_PIPE] |53|  ; [ORIG 16-BIT INS]
     163 00000026 9002              STR       A1, [SP, #8]          ; [DPU_3_PIPE] |53|  ; [ORIG 16-BIT INS]
     164                    ;* --------------------------------------------------------------------------*
     165                    ;*   BEGIN LOOP ||$C$L1||
TI ARM Assembler PC v16.9.0 Thu Mar 09 23:32:21 2017

Tools Copyright (c) 1996-2015 Texas Instruments Incorporated
SysTick.asm                                                          PAGE    4

     166                    ;*
     167                    ;*   Loop source line                : 54
     168                    ;*   Loop closing brace source line  : 56
     169                    ;*   Known Minimum Trip Count        : 1
     170                    ;*   Known Maximum Trip Count        : 4294967295
     171                    ;*   Known Max Trip Count Factor     : 1
     172                    ;* --------------------------------------------------------------------------*
     173 00000028           ||$C$L1||:    
     174                            .dwpsn  file "../SysTick.c",line 55,column 5,is_stmt,isa 1
     175                    ;----------------------------------------------------------------------
     176                    ;  55 | elapsedTime = (startTime-NVIC_ST_CURRENT_R)&0x00FFFFFF;                
     177                    ;----------------------------------------------------------------------
     178 00000028 4911              LDR       A2, $C$CON3           ; [DPU_3_PIPE] |55|  ; [ORIG 16-BIT INS]
     179 0000002a 9802              LDR       A1, [SP, #8]          ; [DPU_3_PIPE] |55|  ; [ORIG 16-BIT INS]
     180 0000002c 6809              LDR       A2, [A2, #0]          ; [DPU_3_PIPE] |55|  ; [ORIG 16-BIT INS]
     181 0000002e 1A40              SUBS      A1, A1, A2            ; [DPU_3_PIPE] |55|  ; [ORIG 16-BIT INS]
     182 00000030 407FF020          BIC       A1, A1, #-16777216    ; [DPU_3_PIPE] |55|  ; [KEEP 32-BIT INS]
     183 00000034 9001              STR       A1, [SP, #4]          ; [DPU_3_PIPE] |55|  ; [ORIG 16-BIT INS]
     184                            .dwpsn  file "../SysTick.c",line 57,column 9,is_stmt,isa 1
     185                    ;----------------------------------------------------------------------
     186                    ;  57 | while(elapsedTime <= delay);                                           
     187                    ;----------------------------------------------------------------------
     188 00000036 9800              LDR       A1, [SP, #0]          ; [DPU_3_PIPE] |57|  ; [ORIG 16-BIT INS]
     189 00000038 9901              LDR       A2, [SP, #4]          ; [DPU_3_PIPE] |57|  ; [ORIG 16-BIT INS]
     190 0000003a 4288              CMP       A1, A2                ; [DPU_3_PIPE] |57|  ; [ORIG 16-BIT INS]
     191 0000003c D2F4              BCS       ||$C$L1||             ; [DPU_3_PIPE] |57|  ; [ORIG 16-BIT INS]
     192                            ; BRANCHCC OCCURS {||$C$L1||}    ; [] |57| 
     193                    ;* --------------------------------------------------------------------------*
     194                            .dwpsn  file "../SysTick.c",line 58,column 1,is_stmt,isa 1
     195 0000003e B004              ADD       SP, SP, #16           ; [DPU_3_PIPE]  ; [ORIG 16-BIT INS]
     196                            .dwcfi  cfa_offset, 0
     197                    $C$DW$8 .dwtag  DW_TAG_TI_branch
     198                            .dwattr $C$DW$8, DW_AT_low_pc(0x00)
     199                            .dwattr $C$DW$8, DW_AT_TI_return
     200                    
     201 00000040 4770              BX        LR                    ; [DPU_3_PIPE]  ; [ORIG 16-BIT INS]
     202                            ; BRANCH OCCURS                  ; [] 
     203                            .dwattr $C$DW$3, DW_AT_TI_end_file("../SysTick.c")
     204                            .dwattr $C$DW$3, DW_AT_TI_end_line(0x3a)
     205                            .dwattr $C$DW$3, DW_AT_TI_end_column(0x01)
     206                            .dwendentry
     207                            .dwendtag $C$DW$3
     208                    
     209 00000042                   .sect   ".text"
     210                            .clink
     211                            .thumbfunc SysTick_Wait10ms
     212 00000042                   .thumb
     213                            .global SysTick_Wait10ms
     214                    
     215                    $C$DW$9 .dwtag  DW_TAG_subprogram
     216                            .dwattr $C$DW$9, DW_AT_name("SysTick_Wait10ms")
     217                            .dwattr $C$DW$9, DW_AT_low_pc(SysTick_Wait10ms)
     218                            .dwattr $C$DW$9, DW_AT_high_pc(0x00)
     219                            .dwattr $C$DW$9, DW_AT_TI_symbol_name("SysTick_Wait10ms")
     220                            .dwattr $C$DW$9, DW_AT_external
TI ARM Assembler PC v16.9.0 Thu Mar 09 23:32:21 2017

Tools Copyright (c) 1996-2015 Texas Instruments Incorporated
SysTick.asm                                                          PAGE    5

     221                            .dwattr $C$DW$9, DW_AT_TI_begin_file("../SysTick.c")
     222                            .dwattr $C$DW$9, DW_AT_TI_begin_line(0x3d)
     223                            .dwattr $C$DW$9, DW_AT_TI_begin_column(0x06)
     224                            .dwattr $C$DW$9, DW_AT_decl_file("../SysTick.c")
     225                            .dwattr $C$DW$9, DW_AT_decl_line(0x3d)
     226                            .dwattr $C$DW$9, DW_AT_decl_column(0x06)
     227                            .dwattr $C$DW$9, DW_AT_TI_max_frame_size(0x10)
     228                            .dwpsn  file "../SysTick.c",line 61,column 38,is_stmt,address SysTick_Wait10ms,isa 1
     229                    
     230                            .dwfde $C$DW$CIE, SysTick_Wait10ms
     231                    $C$DW$10        .dwtag  DW_TAG_formal_parameter
     232                            .dwattr $C$DW$10, DW_AT_name("delay")
     233                            .dwattr $C$DW$10, DW_AT_TI_symbol_name("delay")
     234                            .dwattr $C$DW$10, DW_AT_type(*$C$DW$T$20)
     235                            .dwattr $C$DW$10, DW_AT_location[DW_OP_reg0]
     236                    
     237                    
     238                    ;*****************************************************************************
     239                    ;* FUNCTION NAME: SysTick_Wait10ms                                           *
     240                    ;*                                                                           *
     241                    ;*   Regs Modified     : A1,A2,A3,A4,SP,LR,SR,FPEXC,FPSCR                    *
     242                    ;*   Regs Used         : A1,A2,A3,A4,SP,LR,SR,FPEXC,FPSCR                    *
     243                    ;*   Local Frame Size  : 0 Args + 8 Auto + 4 Save = 12 byte                  *
     244                    ;*****************************************************************************
     245 00000042           SysTick_Wait10ms:
     246                    ;* --------------------------------------------------------------------------*
     247                            .dwcfi  cfa_offset, 0
     248 00000042 B50E              PUSH      {A2, A3, A4, LR}      ; [DPU_3_PIPE]  ; [ORIG 16-BIT INS]
     249                            .dwcfi  cfa_offset, 16
     250                            .dwcfi  save_reg_to_mem, 14, -4
     251                            .dwcfi  save_reg_to_mem, 3, -8
     252                            .dwcfi  save_reg_to_mem, 2, -12
     253                            .dwcfi  save_reg_to_mem, 1, -16
     254                    $C$DW$11        .dwtag  DW_TAG_variable
     255                            .dwattr $C$DW$11, DW_AT_name("delay")
     256                            .dwattr $C$DW$11, DW_AT_TI_symbol_name("delay")
     257                            .dwattr $C$DW$11, DW_AT_type(*$C$DW$T$20)
     258                            .dwattr $C$DW$11, DW_AT_location[DW_OP_breg13 0]
     259                    
     260                    $C$DW$12        .dwtag  DW_TAG_variable
     261                            .dwattr $C$DW$12, DW_AT_name("i")
     262                            .dwattr $C$DW$12, DW_AT_TI_symbol_name("i")
     263                            .dwattr $C$DW$12, DW_AT_type(*$C$DW$T$20)
     264                            .dwattr $C$DW$12, DW_AT_location[DW_OP_breg13 4]
     265                    
     266                    ;----------------------------------------------------------------------
     267                    ;  61 | void SysTick_Wait10ms(uint32_t delay){                                 
     268                    ;  62 | uint32_t i;                                                            
     269                    ;----------------------------------------------------------------------
     270 00000044 9000              STR       A1, [SP, #0]          ; [DPU_3_PIPE] |61|  ; [ORIG 16-BIT INS]
     271                            .dwpsn  file "../SysTick.c",line 63,column 7,is_stmt,isa 1
     272                    ;----------------------------------------------------------------------
     273                    ;  63 | for(i=0; i<delay; i++){                                                
     274                    ;----------------------------------------------------------------------
     275 00000046 2000              MOVS      A1, #0                ; [DPU_3_PIPE] |63|  ; [ORIG 16-BIT INS]
TI ARM Assembler PC v16.9.0 Thu Mar 09 23:32:21 2017

Tools Copyright (c) 1996-2015 Texas Instruments Incorporated
SysTick.asm                                                          PAGE    6

     276 00000048 9001              STR       A1, [SP, #4]          ; [DPU_3_PIPE] |63|  ; [ORIG 16-BIT INS]
     277                            .dwpsn  file "../SysTick.c",line 63,column 12,is_stmt,isa 1
     278 0000004a 9901              LDR       A2, [SP, #4]          ; [DPU_3_PIPE] |63|  ; [ORIG 16-BIT INS]
     279 0000004c 9800              LDR       A1, [SP, #0]          ; [DPU_3_PIPE] |63|  ; [ORIG 16-BIT INS]
     280 0000004e 4288              CMP       A1, A2                ; [DPU_3_PIPE] |63|  ; [ORIG 16-BIT INS]
     281 00000050 D909              BLS       ||$C$L3||             ; [DPU_3_PIPE] |63|  ; [ORIG 16-BIT INS]
     282                            ; BRANCHCC OCCURS {||$C$L3||}    ; [] |63| 
     283                    ;* --------------------------------------------------------------------------*
     284                    ;*   BEGIN LOOP ||$C$L2||
     285                    ;*
     286                    ;*   Loop source line                : 63
     287                    ;*   Loop closing brace source line  : 65
     288                    ;*   Known Minimum Trip Count        : 1
     289                    ;*   Known Maximum Trip Count        : 4294967295
     290                    ;*   Known Max Trip Count Factor     : 1
     291                    ;* --------------------------------------------------------------------------*
     292 00000052           ||$C$L2||:    
     293                            .dwpsn  file "../SysTick.c",line 64,column 5,is_stmt,isa 1
     294                    ;----------------------------------------------------------------------
     295                    ;  64 | SysTick_Wait(160000);  // wait 10ms (assumes 16 MHz clock)             
     296                    ;----------------------------------------------------------------------
     297 00000052 4808              LDR       A1, $C$CON4           ; [DPU_3_PIPE] |64|  ; [ORIG 16-BIT INS]
     298                    $C$DW$13        .dwtag  DW_TAG_TI_branch
     299                            .dwattr $C$DW$13, DW_AT_low_pc(0x00)
     300                            .dwattr $C$DW$13, DW_AT_name("SysTick_Wait")
     301                            .dwattr $C$DW$13, DW_AT_TI_call
     302                    
     303 00000054 FFFEF7FF!         BL        SysTick_Wait          ; [DPU_3_PIPE] |64|  ; [KEEP 32-BIT INS]
     304                            ; CALL OCCURS {SysTick_Wait }    ; [] |64| 
     305                            .dwpsn  file "../SysTick.c",line 63,column 21,is_stmt,isa 1
     306 00000058 9801              LDR       A1, [SP, #4]          ; [DPU_3_PIPE] |63|  ; [ORIG 16-BIT INS]
     307 0000005a 1C40              ADDS      A1, A1, #1            ; [DPU_3_PIPE] |63|  ; [ORIG 16-BIT INS]
     308 0000005c 9001              STR       A1, [SP, #4]          ; [DPU_3_PIPE] |63|  ; [ORIG 16-BIT INS]
     309                            .dwpsn  file "../SysTick.c",line 63,column 12,is_stmt,isa 1
     310 0000005e 9800              LDR       A1, [SP, #0]          ; [DPU_3_PIPE] |63|  ; [ORIG 16-BIT INS]
     311 00000060 9901              LDR       A2, [SP, #4]          ; [DPU_3_PIPE] |63|  ; [ORIG 16-BIT INS]
     312 00000062 4288              CMP       A1, A2                ; [DPU_3_PIPE] |63|  ; [ORIG 16-BIT INS]
     313 00000064 D8F5              BHI       ||$C$L2||             ; [DPU_3_PIPE] |63|  ; [ORIG 16-BIT INS]
     314                            ; BRANCHCC OCCURS {||$C$L2||}    ; [] |63| 
     315                    ;* --------------------------------------------------------------------------*
     316                            .dwpsn  file "../SysTick.c",line 66,column 1,is_stmt,isa 1
     317                    ;* --------------------------------------------------------------------------*
     318                    ||$C$L3||:    
     319                    $C$DW$14        .dwtag  DW_TAG_TI_branch
     320                            .dwattr $C$DW$14, DW_AT_low_pc(0x00)
     321                            .dwattr $C$DW$14, DW_AT_TI_return
     322                    
     323 00000066 BD0E              POP       {A2, A3, A4, PC}      ; [DPU_3_PIPE]  ; [ORIG 16-BIT INS]
     324                            .dwcfi  cfa_offset, 0
     325                            ; BRANCH OCCURS                  ; [] 
     326                            .dwattr $C$DW$9, DW_AT_TI_end_file("../SysTick.c")
     327                            .dwattr $C$DW$9, DW_AT_TI_end_line(0x42)
     328                            .dwattr $C$DW$9, DW_AT_TI_end_column(0x01)
     329                            .dwendentry
     330                            .dwendtag $C$DW$9
TI ARM Assembler PC v16.9.0 Thu Mar 09 23:32:21 2017

Tools Copyright (c) 1996-2015 Texas Instruments Incorporated
SysTick.asm                                                          PAGE    7

     331                    
     332                    ;******************************************************************************
     333                    ;* CONSTANT TABLE                                                             *
     334                    ;******************************************************************************
     335 00000068                   .sect   ".text"
     336                            .align  4
     337 00000068 E000E010  ||$C$CON1||:    .bits   -536813552,32
     338                            .align  4
     339 0000006c E000E014  ||$C$CON2||:    .bits   -536813548,32
     340                            .align  4
     341 00000070 E000E018  ||$C$CON3||:    .bits   -536813544,32
     342                            .align  4
     343 00000074 00027100  ||$C$CON4||:    .bits   160000,32
     344                    
     345                    ;******************************************************************************
     346                    ;* BUILD ATTRIBUTES                                                           *
     347                    ;******************************************************************************
     348                            .battr "aeabi", Tag_File, 1, Tag_ABI_PCS_wchar_t(2)
     349                            .battr "aeabi", Tag_File, 1, Tag_ABI_FP_rounding(0)
     350                            .battr "aeabi", Tag_File, 1, Tag_ABI_FP_denormal(0)
     351                            .battr "aeabi", Tag_File, 1, Tag_ABI_FP_exceptions(0)
     352                            .battr "aeabi", Tag_File, 1, Tag_ABI_FP_number_model(1)
     353                            .battr "aeabi", Tag_File, 1, Tag_ABI_enum_size(0)
     354                            .battr "aeabi", Tag_File, 1, Tag_ABI_optimization_goals(5)
     355                            .battr "aeabi", Tag_File, 1, Tag_ABI_FP_optimization_goals(0)
     356                            .battr "TI", Tag_File, 1, Tag_Bitfield_layout(2)
     357                            .battr "aeabi", Tag_File, 1, Tag_ABI_VFP_args(3)
     358                            .battr "TI", Tag_File, 1, Tag_FP_interface(1)
     359                    
     360                    ;******************************************************************************
     361                    ;* TYPE INFORMATION                                                           *
     362                    ;******************************************************************************
     363                    $C$DW$T$2       .dwtag  DW_TAG_unspecified_type
     364                            .dwattr $C$DW$T$2, DW_AT_name("void")
     365                    
     366                    $C$DW$T$4       .dwtag  DW_TAG_base_type
     367                            .dwattr $C$DW$T$4, DW_AT_encoding(DW_ATE_boolean)
     368                            .dwattr $C$DW$T$4, DW_AT_name("bool")
     369                            .dwattr $C$DW$T$4, DW_AT_byte_size(0x01)
     370                    
     371                    $C$DW$T$5       .dwtag  DW_TAG_base_type
     372                            .dwattr $C$DW$T$5, DW_AT_encoding(DW_ATE_signed_char)
     373                            .dwattr $C$DW$T$5, DW_AT_name("signed char")
     374                            .dwattr $C$DW$T$5, DW_AT_byte_size(0x01)
     375                    
     376                    $C$DW$T$23      .dwtag  DW_TAG_typedef
     377                            .dwattr $C$DW$T$23, DW_AT_name("int8_t")
     378                            .dwattr $C$DW$T$23, DW_AT_type(*$C$DW$T$5)
     379                            .dwattr $C$DW$T$23, DW_AT_language(DW_LANG_C)
     380                            .dwattr $C$DW$T$23, DW_AT_decl_file("D:/EngineeringSoftware/CCS/ccsv7/tools/compiler/ti-cgt-ar
     381                            .dwattr $C$DW$T$23, DW_AT_decl_line(0x2a)
     382                            .dwattr $C$DW$T$23, DW_AT_decl_column(0x1d)
     383                    
     384                    $C$DW$T$24      .dwtag  DW_TAG_typedef
     385                            .dwattr $C$DW$T$24, DW_AT_name("int_least8_t")
TI ARM Assembler PC v16.9.0 Thu Mar 09 23:32:21 2017

Tools Copyright (c) 1996-2015 Texas Instruments Incorporated
SysTick.asm                                                          PAGE    8

     386                            .dwattr $C$DW$T$24, DW_AT_type(*$C$DW$T$23)
     387                            .dwattr $C$DW$T$24, DW_AT_language(DW_LANG_C)
     388                            .dwattr $C$DW$T$24, DW_AT_decl_file("D:/EngineeringSoftware/CCS/ccsv7/tools/compiler/ti-cgt-ar
     389                            .dwattr $C$DW$T$24, DW_AT_decl_line(0x37)
     390                            .dwattr $C$DW$T$24, DW_AT_decl_column(0x17)
     391                    
     392                    $C$DW$T$6       .dwtag  DW_TAG_base_type
     393                            .dwattr $C$DW$T$6, DW_AT_encoding(DW_ATE_unsigned_char)
     394                            .dwattr $C$DW$T$6, DW_AT_name("unsigned char")
     395                            .dwattr $C$DW$T$6, DW_AT_byte_size(0x01)
     396                    
     397                    $C$DW$T$25      .dwtag  DW_TAG_typedef
     398                            .dwattr $C$DW$T$25, DW_AT_name("uint8_t")
     399                            .dwattr $C$DW$T$25, DW_AT_type(*$C$DW$T$6)
     400                            .dwattr $C$DW$T$25, DW_AT_language(DW_LANG_C)
     401                            .dwattr $C$DW$T$25, DW_AT_decl_file("D:/EngineeringSoftware/CCS/ccsv7/tools/compiler/ti-cgt-ar
     402                            .dwattr $C$DW$T$25, DW_AT_decl_line(0x2b)
     403                            .dwattr $C$DW$T$25, DW_AT_decl_column(0x1c)
     404                    
     405                    $C$DW$T$26      .dwtag  DW_TAG_typedef
     406                            .dwattr $C$DW$T$26, DW_AT_name("uint_least8_t")
     407                            .dwattr $C$DW$T$26, DW_AT_type(*$C$DW$T$25)
     408                            .dwattr $C$DW$T$26, DW_AT_language(DW_LANG_C)
     409                            .dwattr $C$DW$T$26, DW_AT_decl_file("D:/EngineeringSoftware/CCS/ccsv7/tools/compiler/ti-cgt-ar
     410                            .dwattr $C$DW$T$26, DW_AT_decl_line(0x38)
     411                            .dwattr $C$DW$T$26, DW_AT_decl_column(0x16)
     412                    
     413                    $C$DW$T$7       .dwtag  DW_TAG_base_type
     414                            .dwattr $C$DW$T$7, DW_AT_encoding(DW_ATE_signed_char)
     415                            .dwattr $C$DW$T$7, DW_AT_name("wchar_t")
     416                            .dwattr $C$DW$T$7, DW_AT_byte_size(0x02)
     417                    
     418                    $C$DW$T$8       .dwtag  DW_TAG_base_type
     419                            .dwattr $C$DW$T$8, DW_AT_encoding(DW_ATE_signed)
     420                            .dwattr $C$DW$T$8, DW_AT_name("short")
     421                            .dwattr $C$DW$T$8, DW_AT_byte_size(0x02)
     422                    
     423                    $C$DW$T$27      .dwtag  DW_TAG_typedef
     424                            .dwattr $C$DW$T$27, DW_AT_name("int16_t")
     425                            .dwattr $C$DW$T$27, DW_AT_type(*$C$DW$T$8)
     426                            .dwattr $C$DW$T$27, DW_AT_language(DW_LANG_C)
     427                            .dwattr $C$DW$T$27, DW_AT_decl_file("D:/EngineeringSoftware/CCS/ccsv7/tools/compiler/ti-cgt-ar
     428                            .dwattr $C$DW$T$27, DW_AT_decl_line(0x2c)
     429                            .dwattr $C$DW$T$27, DW_AT_decl_column(0x1d)
     430                    
     431                    $C$DW$T$28      .dwtag  DW_TAG_typedef
     432                            .dwattr $C$DW$T$28, DW_AT_name("int_least16_t")
     433                            .dwattr $C$DW$T$28, DW_AT_type(*$C$DW$T$27)
     434                            .dwattr $C$DW$T$28, DW_AT_language(DW_LANG_C)
     435                            .dwattr $C$DW$T$28, DW_AT_decl_file("D:/EngineeringSoftware/CCS/ccsv7/tools/compiler/ti-cgt-ar
     436                            .dwattr $C$DW$T$28, DW_AT_decl_line(0x3a)
     437                            .dwattr $C$DW$T$28, DW_AT_decl_column(0x17)
     438                    
     439                    $C$DW$T$9       .dwtag  DW_TAG_base_type
     440                            .dwattr $C$DW$T$9, DW_AT_encoding(DW_ATE_unsigned)
TI ARM Assembler PC v16.9.0 Thu Mar 09 23:32:21 2017

Tools Copyright (c) 1996-2015 Texas Instruments Incorporated
SysTick.asm                                                          PAGE    9

     441                            .dwattr $C$DW$T$9, DW_AT_name("unsigned short")
     442                            .dwattr $C$DW$T$9, DW_AT_byte_size(0x02)
     443                    
     444                    $C$DW$T$29      .dwtag  DW_TAG_typedef
     445                            .dwattr $C$DW$T$29, DW_AT_name("uint16_t")
     446                            .dwattr $C$DW$T$29, DW_AT_type(*$C$DW$T$9)
     447                            .dwattr $C$DW$T$29, DW_AT_language(DW_LANG_C)
     448                            .dwattr $C$DW$T$29, DW_AT_decl_file("D:/EngineeringSoftware/CCS/ccsv7/tools/compiler/ti-cgt-ar
     449                            .dwattr $C$DW$T$29, DW_AT_decl_line(0x2d)
     450                            .dwattr $C$DW$T$29, DW_AT_decl_column(0x1c)
     451                    
     452                    $C$DW$T$30      .dwtag  DW_TAG_typedef
     453                            .dwattr $C$DW$T$30, DW_AT_name("uint_least16_t")
     454                            .dwattr $C$DW$T$30, DW_AT_type(*$C$DW$T$29)
     455                            .dwattr $C$DW$T$30, DW_AT_language(DW_LANG_C)
     456                            .dwattr $C$DW$T$30, DW_AT_decl_file("D:/EngineeringSoftware/CCS/ccsv7/tools/compiler/ti-cgt-ar
     457                            .dwattr $C$DW$T$30, DW_AT_decl_line(0x3b)
     458                            .dwattr $C$DW$T$30, DW_AT_decl_column(0x16)
     459                    
     460                    $C$DW$T$10      .dwtag  DW_TAG_base_type
     461                            .dwattr $C$DW$T$10, DW_AT_encoding(DW_ATE_signed)
     462                            .dwattr $C$DW$T$10, DW_AT_name("int")
     463                            .dwattr $C$DW$T$10, DW_AT_byte_size(0x04)
     464                    
     465                    $C$DW$T$31      .dwtag  DW_TAG_typedef
     466                            .dwattr $C$DW$T$31, DW_AT_name("int32_t")
     467                            .dwattr $C$DW$T$31, DW_AT_type(*$C$DW$T$10)
     468                            .dwattr $C$DW$T$31, DW_AT_language(DW_LANG_C)
     469                            .dwattr $C$DW$T$31, DW_AT_decl_file("D:/EngineeringSoftware/CCS/ccsv7/tools/compiler/ti-cgt-ar
     470                            .dwattr $C$DW$T$31, DW_AT_decl_line(0x2e)
     471                            .dwattr $C$DW$T$31, DW_AT_decl_column(0x1d)
     472                    
     473                    $C$DW$T$32      .dwtag  DW_TAG_typedef
     474                            .dwattr $C$DW$T$32, DW_AT_name("int_fast16_t")
     475                            .dwattr $C$DW$T$32, DW_AT_type(*$C$DW$T$31)
     476                            .dwattr $C$DW$T$32, DW_AT_language(DW_LANG_C)
     477                            .dwattr $C$DW$T$32, DW_AT_decl_file("D:/EngineeringSoftware/CCS/ccsv7/tools/compiler/ti-cgt-ar
     478                            .dwattr $C$DW$T$32, DW_AT_decl_line(0x47)
     479                            .dwattr $C$DW$T$32, DW_AT_decl_column(0x17)
     480                    
     481                    $C$DW$T$33      .dwtag  DW_TAG_typedef
     482                            .dwattr $C$DW$T$33, DW_AT_name("int_fast32_t")
     483                            .dwattr $C$DW$T$33, DW_AT_type(*$C$DW$T$31)
     484                            .dwattr $C$DW$T$33, DW_AT_language(DW_LANG_C)
     485                            .dwattr $C$DW$T$33, DW_AT_decl_file("D:/EngineeringSoftware/CCS/ccsv7/tools/compiler/ti-cgt-ar
     486                            .dwattr $C$DW$T$33, DW_AT_decl_line(0x4a)
     487                            .dwattr $C$DW$T$33, DW_AT_decl_column(0x17)
     488                    
     489                    $C$DW$T$34      .dwtag  DW_TAG_typedef
     490                            .dwattr $C$DW$T$34, DW_AT_name("int_fast8_t")
     491                            .dwattr $C$DW$T$34, DW_AT_type(*$C$DW$T$31)
     492                            .dwattr $C$DW$T$34, DW_AT_language(DW_LANG_C)
     493                            .dwattr $C$DW$T$34, DW_AT_decl_file("D:/EngineeringSoftware/CCS/ccsv7/tools/compiler/ti-cgt-ar
     494                            .dwattr $C$DW$T$34, DW_AT_decl_line(0x45)
     495                            .dwattr $C$DW$T$34, DW_AT_decl_column(0x17)
TI ARM Assembler PC v16.9.0 Thu Mar 09 23:32:21 2017

Tools Copyright (c) 1996-2015 Texas Instruments Incorporated
SysTick.asm                                                          PAGE   10

     496                    
     497                    $C$DW$T$35      .dwtag  DW_TAG_typedef
     498                            .dwattr $C$DW$T$35, DW_AT_name("int_least32_t")
     499                            .dwattr $C$DW$T$35, DW_AT_type(*$C$DW$T$31)
     500                            .dwattr $C$DW$T$35, DW_AT_language(DW_LANG_C)
     501                            .dwattr $C$DW$T$35, DW_AT_decl_file("D:/EngineeringSoftware/CCS/ccsv7/tools/compiler/ti-cgt-ar
     502                            .dwattr $C$DW$T$35, DW_AT_decl_line(0x3c)
     503                            .dwattr $C$DW$T$35, DW_AT_decl_column(0x17)
     504                    
     505                    $C$DW$T$36      .dwtag  DW_TAG_typedef
     506                            .dwattr $C$DW$T$36, DW_AT_name("intptr_t")
     507                            .dwattr $C$DW$T$36, DW_AT_type(*$C$DW$T$10)
     508                            .dwattr $C$DW$T$36, DW_AT_language(DW_LANG_C)
     509                            .dwattr $C$DW$T$36, DW_AT_decl_file("D:/EngineeringSoftware/CCS/ccsv7/tools/compiler/ti-cgt-ar
     510                            .dwattr $C$DW$T$36, DW_AT_decl_line(0x52)
     511                            .dwattr $C$DW$T$36, DW_AT_decl_column(0x1a)
     512                    
     513                    $C$DW$T$11      .dwtag  DW_TAG_base_type
     514                            .dwattr $C$DW$T$11, DW_AT_encoding(DW_ATE_unsigned)
     515                            .dwattr $C$DW$T$11, DW_AT_name("unsigned int")
     516                            .dwattr $C$DW$T$11, DW_AT_byte_size(0x04)
     517                    
     518                    $C$DW$T$20      .dwtag  DW_TAG_typedef
     519                            .dwattr $C$DW$T$20, DW_AT_name("uint32_t")
     520                            .dwattr $C$DW$T$20, DW_AT_type(*$C$DW$T$11)
     521                            .dwattr $C$DW$T$20, DW_AT_language(DW_LANG_C)
     522                            .dwattr $C$DW$T$20, DW_AT_decl_file("D:/EngineeringSoftware/CCS/ccsv7/tools/compiler/ti-cgt-ar
     523                            .dwattr $C$DW$T$20, DW_AT_decl_line(0x2f)
     524                            .dwattr $C$DW$T$20, DW_AT_decl_column(0x1c)
     525                    
     526                    $C$DW$T$37      .dwtag  DW_TAG_volatile_type
     527                            .dwattr $C$DW$T$37, DW_AT_type(*$C$DW$T$20)
     528                    
     529                    $C$DW$T$39      .dwtag  DW_TAG_typedef
     530                            .dwattr $C$DW$T$39, DW_AT_name("uint_fast16_t")
     531                            .dwattr $C$DW$T$39, DW_AT_type(*$C$DW$T$20)
     532                            .dwattr $C$DW$T$39, DW_AT_language(DW_LANG_C)
     533                            .dwattr $C$DW$T$39, DW_AT_decl_file("D:/EngineeringSoftware/CCS/ccsv7/tools/compiler/ti-cgt-ar
     534                            .dwattr $C$DW$T$39, DW_AT_decl_line(0x48)
     535                            .dwattr $C$DW$T$39, DW_AT_decl_column(0x16)
     536                    
     537                    $C$DW$T$40      .dwtag  DW_TAG_typedef
     538                            .dwattr $C$DW$T$40, DW_AT_name("uint_fast32_t")
     539                            .dwattr $C$DW$T$40, DW_AT_type(*$C$DW$T$20)
     540                            .dwattr $C$DW$T$40, DW_AT_language(DW_LANG_C)
     541                            .dwattr $C$DW$T$40, DW_AT_decl_file("D:/EngineeringSoftware/CCS/ccsv7/tools/compiler/ti-cgt-ar
     542                            .dwattr $C$DW$T$40, DW_AT_decl_line(0x4b)
     543                            .dwattr $C$DW$T$40, DW_AT_decl_column(0x16)
     544                    
     545                    $C$DW$T$41      .dwtag  DW_TAG_typedef
     546                            .dwattr $C$DW$T$41, DW_AT_name("uint_fast8_t")
     547                            .dwattr $C$DW$T$41, DW_AT_type(*$C$DW$T$20)
     548                            .dwattr $C$DW$T$41, DW_AT_language(DW_LANG_C)
     549                            .dwattr $C$DW$T$41, DW_AT_decl_file("D:/EngineeringSoftware/CCS/ccsv7/tools/compiler/ti-cgt-ar
     550                            .dwattr $C$DW$T$41, DW_AT_decl_line(0x46)
TI ARM Assembler PC v16.9.0 Thu Mar 09 23:32:21 2017

Tools Copyright (c) 1996-2015 Texas Instruments Incorporated
SysTick.asm                                                          PAGE   11

     551                            .dwattr $C$DW$T$41, DW_AT_decl_column(0x16)
     552                    
     553                    $C$DW$T$42      .dwtag  DW_TAG_typedef
     554                            .dwattr $C$DW$T$42, DW_AT_name("uint_least32_t")
     555                            .dwattr $C$DW$T$42, DW_AT_type(*$C$DW$T$20)
     556                            .dwattr $C$DW$T$42, DW_AT_language(DW_LANG_C)
     557                            .dwattr $C$DW$T$42, DW_AT_decl_file("D:/EngineeringSoftware/CCS/ccsv7/tools/compiler/ti-cgt-ar
     558                            .dwattr $C$DW$T$42, DW_AT_decl_line(0x3d)
     559                            .dwattr $C$DW$T$42, DW_AT_decl_column(0x16)
     560                    
     561                    $C$DW$T$43      .dwtag  DW_TAG_typedef
     562                            .dwattr $C$DW$T$43, DW_AT_name("uintptr_t")
     563                            .dwattr $C$DW$T$43, DW_AT_type(*$C$DW$T$11)
     564                            .dwattr $C$DW$T$43, DW_AT_language(DW_LANG_C)
     565                            .dwattr $C$DW$T$43, DW_AT_decl_file("D:/EngineeringSoftware/CCS/ccsv7/tools/compiler/ti-cgt-ar
     566                            .dwattr $C$DW$T$43, DW_AT_decl_line(0x53)
     567                            .dwattr $C$DW$T$43, DW_AT_decl_column(0x1a)
     568                    
     569                    $C$DW$T$12      .dwtag  DW_TAG_base_type
     570                            .dwattr $C$DW$T$12, DW_AT_encoding(DW_ATE_signed)
     571                            .dwattr $C$DW$T$12, DW_AT_name("long")
     572                            .dwattr $C$DW$T$12, DW_AT_byte_size(0x04)
     573                    
     574                    $C$DW$T$13      .dwtag  DW_TAG_base_type
     575                            .dwattr $C$DW$T$13, DW_AT_encoding(DW_ATE_unsigned)
     576                            .dwattr $C$DW$T$13, DW_AT_name("unsigned long")
     577                            .dwattr $C$DW$T$13, DW_AT_byte_size(0x04)
     578                    
     579                    $C$DW$T$14      .dwtag  DW_TAG_base_type
     580                            .dwattr $C$DW$T$14, DW_AT_encoding(DW_ATE_signed)
     581                            .dwattr $C$DW$T$14, DW_AT_name("long long")
     582                            .dwattr $C$DW$T$14, DW_AT_byte_size(0x08)
     583                    
     584                    $C$DW$T$44      .dwtag  DW_TAG_typedef
     585                            .dwattr $C$DW$T$44, DW_AT_name("int64_t")
     586                            .dwattr $C$DW$T$44, DW_AT_type(*$C$DW$T$14)
     587                            .dwattr $C$DW$T$44, DW_AT_language(DW_LANG_C)
     588                            .dwattr $C$DW$T$44, DW_AT_decl_file("D:/EngineeringSoftware/CCS/ccsv7/tools/compiler/ti-cgt-ar
     589                            .dwattr $C$DW$T$44, DW_AT_decl_line(0x32)
     590                            .dwattr $C$DW$T$44, DW_AT_decl_column(0x21)
     591                    
     592                    $C$DW$T$45      .dwtag  DW_TAG_typedef
     593                            .dwattr $C$DW$T$45, DW_AT_name("int_fast64_t")
     594                            .dwattr $C$DW$T$45, DW_AT_type(*$C$DW$T$44)
     595                            .dwattr $C$DW$T$45, DW_AT_language(DW_LANG_C)
     596                            .dwattr $C$DW$T$45, DW_AT_decl_file("D:/EngineeringSoftware/CCS/ccsv7/tools/compiler/ti-cgt-ar
     597                            .dwattr $C$DW$T$45, DW_AT_decl_line(0x4e)
     598                            .dwattr $C$DW$T$45, DW_AT_decl_column(0x17)
     599                    
     600                    $C$DW$T$46      .dwtag  DW_TAG_typedef
     601                            .dwattr $C$DW$T$46, DW_AT_name("int_least64_t")
     602                            .dwattr $C$DW$T$46, DW_AT_type(*$C$DW$T$44)
     603                            .dwattr $C$DW$T$46, DW_AT_language(DW_LANG_C)
     604                            .dwattr $C$DW$T$46, DW_AT_decl_file("D:/EngineeringSoftware/CCS/ccsv7/tools/compiler/ti-cgt-ar
     605                            .dwattr $C$DW$T$46, DW_AT_decl_line(0x40)
TI ARM Assembler PC v16.9.0 Thu Mar 09 23:32:21 2017

Tools Copyright (c) 1996-2015 Texas Instruments Incorporated
SysTick.asm                                                          PAGE   12

     606                            .dwattr $C$DW$T$46, DW_AT_decl_column(0x17)
     607                    
     608                    $C$DW$T$47      .dwtag  DW_TAG_typedef
     609                            .dwattr $C$DW$T$47, DW_AT_name("intmax_t")
     610                            .dwattr $C$DW$T$47, DW_AT_type(*$C$DW$T$14)
     611                            .dwattr $C$DW$T$47, DW_AT_language(DW_LANG_C)
     612                            .dwattr $C$DW$T$47, DW_AT_decl_file("D:/EngineeringSoftware/CCS/ccsv7/tools/compiler/ti-cgt-ar
     613                            .dwattr $C$DW$T$47, DW_AT_decl_line(0x56)
     614                            .dwattr $C$DW$T$47, DW_AT_decl_column(0x20)
     615                    
     616                    $C$DW$T$15      .dwtag  DW_TAG_base_type
     617                            .dwattr $C$DW$T$15, DW_AT_encoding(DW_ATE_unsigned)
     618                            .dwattr $C$DW$T$15, DW_AT_name("unsigned long long")
     619                            .dwattr $C$DW$T$15, DW_AT_byte_size(0x08)
     620                    
     621                    $C$DW$T$48      .dwtag  DW_TAG_typedef
     622                            .dwattr $C$DW$T$48, DW_AT_name("uint64_t")
     623                            .dwattr $C$DW$T$48, DW_AT_type(*$C$DW$T$15)
     624                            .dwattr $C$DW$T$48, DW_AT_language(DW_LANG_C)
     625                            .dwattr $C$DW$T$48, DW_AT_decl_file("D:/EngineeringSoftware/CCS/ccsv7/tools/compiler/ti-cgt-ar
     626                            .dwattr $C$DW$T$48, DW_AT_decl_line(0x33)
     627                            .dwattr $C$DW$T$48, DW_AT_decl_column(0x20)
     628                    
     629                    $C$DW$T$49      .dwtag  DW_TAG_typedef
     630                            .dwattr $C$DW$T$49, DW_AT_name("uint_fast64_t")
     631                            .dwattr $C$DW$T$49, DW_AT_type(*$C$DW$T$48)
     632                            .dwattr $C$DW$T$49, DW_AT_language(DW_LANG_C)
     633                            .dwattr $C$DW$T$49, DW_AT_decl_file("D:/EngineeringSoftware/CCS/ccsv7/tools/compiler/ti-cgt-ar
     634                            .dwattr $C$DW$T$49, DW_AT_decl_line(0x4f)
     635                            .dwattr $C$DW$T$49, DW_AT_decl_column(0x16)
     636                    
     637                    $C$DW$T$50      .dwtag  DW_TAG_typedef
     638                            .dwattr $C$DW$T$50, DW_AT_name("uint_least64_t")
     639                            .dwattr $C$DW$T$50, DW_AT_type(*$C$DW$T$48)
     640                            .dwattr $C$DW$T$50, DW_AT_language(DW_LANG_C)
     641                            .dwattr $C$DW$T$50, DW_AT_decl_file("D:/EngineeringSoftware/CCS/ccsv7/tools/compiler/ti-cgt-ar
     642                            .dwattr $C$DW$T$50, DW_AT_decl_line(0x41)
     643                            .dwattr $C$DW$T$50, DW_AT_decl_column(0x16)
     644                    
     645                    $C$DW$T$51      .dwtag  DW_TAG_typedef
     646                            .dwattr $C$DW$T$51, DW_AT_name("uintmax_t")
     647                            .dwattr $C$DW$T$51, DW_AT_type(*$C$DW$T$15)
     648                            .dwattr $C$DW$T$51, DW_AT_language(DW_LANG_C)
     649                            .dwattr $C$DW$T$51, DW_AT_decl_file("D:/EngineeringSoftware/CCS/ccsv7/tools/compiler/ti-cgt-ar
     650                            .dwattr $C$DW$T$51, DW_AT_decl_line(0x57)
     651                            .dwattr $C$DW$T$51, DW_AT_decl_column(0x20)
     652                    
     653                    $C$DW$T$16      .dwtag  DW_TAG_base_type
     654                            .dwattr $C$DW$T$16, DW_AT_encoding(DW_ATE_float)
     655                            .dwattr $C$DW$T$16, DW_AT_name("float")
     656                            .dwattr $C$DW$T$16, DW_AT_byte_size(0x04)
     657                    
     658                    $C$DW$T$17      .dwtag  DW_TAG_base_type
     659                            .dwattr $C$DW$T$17, DW_AT_encoding(DW_ATE_float)
     660                            .dwattr $C$DW$T$17, DW_AT_name("double")
TI ARM Assembler PC v16.9.0 Thu Mar 09 23:32:21 2017

Tools Copyright (c) 1996-2015 Texas Instruments Incorporated
SysTick.asm                                                          PAGE   13

     661                            .dwattr $C$DW$T$17, DW_AT_byte_size(0x08)
     662                    
     663                    $C$DW$T$18      .dwtag  DW_TAG_base_type
     664                            .dwattr $C$DW$T$18, DW_AT_encoding(DW_ATE_float)
     665                            .dwattr $C$DW$T$18, DW_AT_name("long double")
     666                            .dwattr $C$DW$T$18, DW_AT_byte_size(0x08)
     667                    
     668                            .dwattr $C$DW$CU, DW_AT_language(DW_LANG_C)
     669                    
     670                    ;***************************************************************
     671                    ;* DWARF CIE ENTRIES                                           *
     672                    ;***************************************************************
     673                    
     674                    $C$DW$CIE       .dwcie 14
     675                            .dwcfi  cfa_register, 13
     676                            .dwcfi  cfa_offset, 0
     677                            .dwcfi  same_value, 4
     678                            .dwcfi  same_value, 5
     679                            .dwcfi  same_value, 6
     680                            .dwcfi  same_value, 7
     681                            .dwcfi  same_value, 8
     682                            .dwcfi  same_value, 9
     683                            .dwcfi  same_value, 10
     684                            .dwcfi  same_value, 11
     685                            .dwcfi  same_value, 80
     686                            .dwcfi  same_value, 81
     687                            .dwcfi  same_value, 82
     688                            .dwcfi  same_value, 83
     689                            .dwcfi  same_value, 84
     690                            .dwcfi  same_value, 85
     691                            .dwcfi  same_value, 86
     692                            .dwcfi  same_value, 87
     693                            .dwcfi  same_value, 88
     694                            .dwcfi  same_value, 89
     695                            .dwcfi  same_value, 90
     696                            .dwcfi  same_value, 91
     697                            .dwcfi  same_value, 92
     698                            .dwcfi  same_value, 93
     699                            .dwcfi  same_value, 94
     700                            .dwcfi  same_value, 95
     701                            .dwendentry
     702                            .dwendtag $C$DW$CU
     703                    

--------------------------
Thumb2 Statistics
--------------------------
Number of Thumb2 ins converted to Thumb = 0 (0%)
Number of Thumb ins in input = 47 (92%)
Number of Thumb2 ins encoded as Thumb2 = 4 (100%)
Number of Thumb2 ins converted to 2 OPND Thumb = 30


No Assembly Errors, No Assembly Warnings
