ARM GAS  C:\Users\maxk\AppData\Local\Temp\cc3CwEXA.s 			page 1


   1              		.cpu cortex-m0
   2              		.fpu softvfp
   3              		.eabi_attribute 20, 1
   4              		.eabi_attribute 21, 1
   5              		.eabi_attribute 23, 3
   6              		.eabi_attribute 24, 1
   7              		.eabi_attribute 25, 1
   8              		.eabi_attribute 26, 1
   9              		.eabi_attribute 30, 6
  10              		.eabi_attribute 18, 4
  11              		.code	16
  12              		.file	"main.c"
  13              		.section	.debug_abbrev,"",%progbits
  14              	.Ldebug_abbrev0:
  15              		.section	.debug_info,"",%progbits
  16              	.Ldebug_info0:
  17              		.section	.debug_line,"",%progbits
  18              	.Ldebug_line0:
  19 0000 5F000000 		.text
  19      02004500 
  19      00000201 
  19      FB0E0D00 
  19      01010101 
  20              	.Ltext0:
  21              		.cfi_sections	.debug_frame
  22              		.section	.text.main,"ax",%progbits
  23              		.align	2
  24              		.global	main
  25              		.code	16
  26              		.thumb_func
  27              		.type	main, %function
  28              	main:
  29              	.LFB20:
  30              		.file 1 ".\\main.c"
   1:.\main.c      **** /* ========================================
   2:.\main.c      ****  *
   3:.\main.c      ****  * Copyright YOUR COMPANY, THE YEAR
   4:.\main.c      ****  * All Rights Reserved
   5:.\main.c      ****  * UNPUBLISHED, LICENSED SOFTWARE.
   6:.\main.c      ****  *
   7:.\main.c      ****  * CONFIDENTIAL AND PROPRIETARY INFORMATION
   8:.\main.c      ****  * WHICH IS THE PROPERTY OF your company.
   9:.\main.c      ****  *
  10:.\main.c      ****  * ========================================
  11:.\main.c      **** */
  12:.\main.c      **** #include <device.h>
  13:.\main.c      **** #include <LED_RGB.h>
  14:.\main.c      **** 
  15:.\main.c      **** void main()
  16:.\main.c      **** {
  31              		.loc 1 16 0
  32              		.cfi_startproc
  33 0000 80B5     		push	{r7, lr}
  34              	.LCFI0:
  35              		.cfi_def_cfa_offset 8
  36              		.cfi_offset 7, -8
  37              		.cfi_offset 14, -4
ARM GAS  C:\Users\maxk\AppData\Local\Temp\cc3CwEXA.s 			page 2


  38 0002 82B0     		sub	sp, sp, #8
  39              	.LCFI1:
  40              		.cfi_def_cfa_offset 16
  41 0004 00AF     		add	r7, sp, #0
  42              	.LCFI2:
  43              		.cfi_def_cfa_register 7
  17:.\main.c      ****     /* Place your initialization/startup code here (e.g. MyInst_Start()) */
  18:.\main.c      ****     uint16 redIntensity;
  19:.\main.c      ****     LED_RGB_Start();
  44              		.loc 1 19 0
  45 0006 FFF7FEFF 		bl	LED_RGB_Start
  46              	.L2:
  20:.\main.c      ****      
  21:.\main.c      ****     /* CyGlobalIntEnable; */ /* Uncomment this line to enable global interrupts. */
  22:.\main.c      ****     for(;;)
  23:.\main.c      ****     {
  24:.\main.c      ****         /* Place your application code here. */
  25:.\main.c      ****         redIntensity += 655;
  47              		.loc 1 25 0
  48 000a BB1D     		add	r3, r7, #6
  49 000c BA1D     		add	r2, r7, #6
  50 000e 1288     		ldrh	r2, [r2]
  51 0010 0649     		ldr	r1, .L4
  52 0012 5218     		add	r2, r2, r1
  53 0014 1A80     		strh	r2, [r3]
  26:.\main.c      ****         LED_RGB_SetColorRGB(redIntensity, 0, 0);
  54              		.loc 1 26 0
  55 0016 BB1D     		add	r3, r7, #6
  56 0018 1B88     		ldrh	r3, [r3]
  57 001a 181C     		mov	r0, r3
  58 001c 0021     		mov	r1, #0
  59 001e 0022     		mov	r2, #0
  60 0020 FFF7FEFF 		bl	LED_RGB_SetColorRGB
  27:.\main.c      ****         CyDelay(10);
  61              		.loc 1 27 0
  62 0024 0A20     		mov	r0, #10
  63 0026 FFF7FEFF 		bl	CyDelay
  28:.\main.c      ****     }
  64              		.loc 1 28 0
  65 002a EEE7     		b	.L2
  66              	.L5:
  67              		.align	2
  68              	.L4:
  69 002c 8F020000 		.word	655
  70              		.cfi_endproc
  71              	.LFE20:
  72              		.size	main, .-main
  73              		.text
  74              	.Letext0:
  75              		.section	.debug_loc,"",%progbits
  76              	.Ldebug_loc0:
  77              	.LLST0:
  78 0000 00000000 		.4byte	.LFB20
  79 0004 02000000 		.4byte	.LCFI0
  80 0008 0100     		.2byte	0x1
  81 000a 5D       		.byte	0x5d
  82 000b 02000000 		.4byte	.LCFI0
ARM GAS  C:\Users\maxk\AppData\Local\Temp\cc3CwEXA.s 			page 3


  83 000f 04000000 		.4byte	.LCFI1
  84 0013 0200     		.2byte	0x2
  85 0015 7D       		.byte	0x7d
  86 0016 08       		.sleb128 8
  87 0017 04000000 		.4byte	.LCFI1
  88 001b 06000000 		.4byte	.LCFI2
  89 001f 0200     		.2byte	0x2
  90 0021 7D       		.byte	0x7d
  91 0022 10       		.sleb128 16
  92 0023 06000000 		.4byte	.LCFI2
  93 0027 30000000 		.4byte	.LFE20
  94 002b 0200     		.2byte	0x2
  95 002d 77       		.byte	0x77
  96 002e 10       		.sleb128 16
  97 002f 00000000 		.4byte	0x0
  98 0033 00000000 		.4byte	0x0
  99              		.file 2 "./Generated_Source/PSoC4/cytypes.h"
 100              		.section	.debug_info
 101 0000 B2000000 		.4byte	0xb2
 102 0004 0200     		.2byte	0x2
 103 0006 00000000 		.4byte	.Ldebug_abbrev0
 104 000a 04       		.byte	0x4
 105 000b 01       		.uleb128 0x1
 106 000c 49000000 		.4byte	.LASF12
 107 0010 01       		.byte	0x1
 108 0011 FD000000 		.4byte	.LASF13
 109 0015 82000000 		.4byte	.LASF14
 110 0019 00000000 		.4byte	0x0
 111 001d 00000000 		.4byte	0x0
 112 0021 00000000 		.4byte	.Ldebug_ranges0+0x0
 113 0025 00000000 		.4byte	.Ldebug_line0
 114 0029 02       		.uleb128 0x2
 115 002a 01       		.byte	0x1
 116 002b 06       		.byte	0x6
 117 002c EB000000 		.4byte	.LASF0
 118 0030 02       		.uleb128 0x2
 119 0031 01       		.byte	0x1
 120 0032 08       		.byte	0x8
 121 0033 55000000 		.4byte	.LASF1
 122 0037 02       		.uleb128 0x2
 123 0038 02       		.byte	0x2
 124 0039 05       		.byte	0x5
 125 003a 71000000 		.4byte	.LASF2
 126 003e 02       		.uleb128 0x2
 127 003f 02       		.byte	0x2
 128 0040 07       		.byte	0x7
 129 0041 D8000000 		.4byte	.LASF3
 130 0045 02       		.uleb128 0x2
 131 0046 04       		.byte	0x4
 132 0047 05       		.byte	0x5
 133 0048 68000000 		.4byte	.LASF4
 134 004c 02       		.uleb128 0x2
 135 004d 04       		.byte	0x4
 136 004e 07       		.byte	0x7
 137 004f 20000000 		.4byte	.LASF5
 138 0053 02       		.uleb128 0x2
 139 0054 08       		.byte	0x8
ARM GAS  C:\Users\maxk\AppData\Local\Temp\cc3CwEXA.s 			page 4


 140 0055 05       		.byte	0x5
 141 0056 00000000 		.4byte	.LASF6
 142 005a 02       		.uleb128 0x2
 143 005b 08       		.byte	0x8
 144 005c 07       		.byte	0x7
 145 005d 32000000 		.4byte	.LASF7
 146 0061 03       		.uleb128 0x3
 147 0062 04       		.byte	0x4
 148 0063 05       		.byte	0x5
 149 0064 696E7400 		.ascii	"int\000"
 150 0068 02       		.uleb128 0x2
 151 0069 04       		.byte	0x4
 152 006a 07       		.byte	0x7
 153 006b 0E000000 		.4byte	.LASF8
 154 006f 04       		.uleb128 0x4
 155 0070 06010000 		.4byte	.LASF15
 156 0074 02       		.byte	0x2
 157 0075 4D       		.byte	0x4d
 158 0076 3E000000 		.4byte	0x3e
 159 007a 02       		.uleb128 0x2
 160 007b 04       		.byte	0x4
 161 007c 04       		.byte	0x4
 162 007d F7000000 		.4byte	.LASF9
 163 0081 02       		.uleb128 0x2
 164 0082 08       		.byte	0x8
 165 0083 04       		.byte	0x4
 166 0084 7B000000 		.4byte	.LASF10
 167 0088 02       		.uleb128 0x2
 168 0089 01       		.byte	0x1
 169 008a 08       		.byte	0x8
 170 008b 63000000 		.4byte	.LASF11
 171 008f 05       		.uleb128 0x5
 172 0090 04       		.byte	0x4
 173 0091 07       		.byte	0x7
 174 0092 06       		.uleb128 0x6
 175 0093 01       		.byte	0x1
 176 0094 1B000000 		.4byte	.LASF16
 177 0098 01       		.byte	0x1
 178 0099 0F       		.byte	0xf
 179 009a 00000000 		.4byte	.LFB20
 180 009e 30000000 		.4byte	.LFE20
 181 00a2 00000000 		.4byte	.LLST0
 182 00a6 07       		.uleb128 0x7
 183 00a7 0D010000 		.4byte	.LASF17
 184 00ab 01       		.byte	0x1
 185 00ac 12       		.byte	0x12
 186 00ad 6F000000 		.4byte	0x6f
 187 00b1 02       		.byte	0x2
 188 00b2 91       		.byte	0x91
 189 00b3 76       		.sleb128 -10
 190 00b4 00       		.byte	0x0
 191 00b5 00       		.byte	0x0
 192              		.section	.debug_abbrev
 193 0000 01       		.uleb128 0x1
 194 0001 11       		.uleb128 0x11
 195 0002 01       		.byte	0x1
 196 0003 25       		.uleb128 0x25
ARM GAS  C:\Users\maxk\AppData\Local\Temp\cc3CwEXA.s 			page 5


 197 0004 0E       		.uleb128 0xe
 198 0005 13       		.uleb128 0x13
 199 0006 0B       		.uleb128 0xb
 200 0007 03       		.uleb128 0x3
 201 0008 0E       		.uleb128 0xe
 202 0009 1B       		.uleb128 0x1b
 203 000a 0E       		.uleb128 0xe
 204 000b 11       		.uleb128 0x11
 205 000c 01       		.uleb128 0x1
 206 000d 52       		.uleb128 0x52
 207 000e 01       		.uleb128 0x1
 208 000f 55       		.uleb128 0x55
 209 0010 06       		.uleb128 0x6
 210 0011 10       		.uleb128 0x10
 211 0012 06       		.uleb128 0x6
 212 0013 00       		.byte	0x0
 213 0014 00       		.byte	0x0
 214 0015 02       		.uleb128 0x2
 215 0016 24       		.uleb128 0x24
 216 0017 00       		.byte	0x0
 217 0018 0B       		.uleb128 0xb
 218 0019 0B       		.uleb128 0xb
 219 001a 3E       		.uleb128 0x3e
 220 001b 0B       		.uleb128 0xb
 221 001c 03       		.uleb128 0x3
 222 001d 0E       		.uleb128 0xe
 223 001e 00       		.byte	0x0
 224 001f 00       		.byte	0x0
 225 0020 03       		.uleb128 0x3
 226 0021 24       		.uleb128 0x24
 227 0022 00       		.byte	0x0
 228 0023 0B       		.uleb128 0xb
 229 0024 0B       		.uleb128 0xb
 230 0025 3E       		.uleb128 0x3e
 231 0026 0B       		.uleb128 0xb
 232 0027 03       		.uleb128 0x3
 233 0028 08       		.uleb128 0x8
 234 0029 00       		.byte	0x0
 235 002a 00       		.byte	0x0
 236 002b 04       		.uleb128 0x4
 237 002c 16       		.uleb128 0x16
 238 002d 00       		.byte	0x0
 239 002e 03       		.uleb128 0x3
 240 002f 0E       		.uleb128 0xe
 241 0030 3A       		.uleb128 0x3a
 242 0031 0B       		.uleb128 0xb
 243 0032 3B       		.uleb128 0x3b
 244 0033 0B       		.uleb128 0xb
 245 0034 49       		.uleb128 0x49
 246 0035 13       		.uleb128 0x13
 247 0036 00       		.byte	0x0
 248 0037 00       		.byte	0x0
 249 0038 05       		.uleb128 0x5
 250 0039 24       		.uleb128 0x24
 251 003a 00       		.byte	0x0
 252 003b 0B       		.uleb128 0xb
 253 003c 0B       		.uleb128 0xb
ARM GAS  C:\Users\maxk\AppData\Local\Temp\cc3CwEXA.s 			page 6


 254 003d 3E       		.uleb128 0x3e
 255 003e 0B       		.uleb128 0xb
 256 003f 00       		.byte	0x0
 257 0040 00       		.byte	0x0
 258 0041 06       		.uleb128 0x6
 259 0042 2E       		.uleb128 0x2e
 260 0043 01       		.byte	0x1
 261 0044 3F       		.uleb128 0x3f
 262 0045 0C       		.uleb128 0xc
 263 0046 03       		.uleb128 0x3
 264 0047 0E       		.uleb128 0xe
 265 0048 3A       		.uleb128 0x3a
 266 0049 0B       		.uleb128 0xb
 267 004a 3B       		.uleb128 0x3b
 268 004b 0B       		.uleb128 0xb
 269 004c 11       		.uleb128 0x11
 270 004d 01       		.uleb128 0x1
 271 004e 12       		.uleb128 0x12
 272 004f 01       		.uleb128 0x1
 273 0050 40       		.uleb128 0x40
 274 0051 06       		.uleb128 0x6
 275 0052 00       		.byte	0x0
 276 0053 00       		.byte	0x0
 277 0054 07       		.uleb128 0x7
 278 0055 34       		.uleb128 0x34
 279 0056 00       		.byte	0x0
 280 0057 03       		.uleb128 0x3
 281 0058 0E       		.uleb128 0xe
 282 0059 3A       		.uleb128 0x3a
 283 005a 0B       		.uleb128 0xb
 284 005b 3B       		.uleb128 0x3b
 285 005c 0B       		.uleb128 0xb
 286 005d 49       		.uleb128 0x49
 287 005e 13       		.uleb128 0x13
 288 005f 02       		.uleb128 0x2
 289 0060 0A       		.uleb128 0xa
 290 0061 00       		.byte	0x0
 291 0062 00       		.byte	0x0
 292 0063 00       		.byte	0x0
 293              		.section	.debug_pubnames,"",%progbits
 294 0000 17000000 		.4byte	0x17
 295 0004 0200     		.2byte	0x2
 296 0006 00000000 		.4byte	.Ldebug_info0
 297 000a B6000000 		.4byte	0xb6
 298 000e 92000000 		.4byte	0x92
 299 0012 6D61696E 		.ascii	"main\000"
 299      00
 300 0017 00000000 		.4byte	0x0
 301              		.section	.debug_aranges,"",%progbits
 302 0000 1C000000 		.4byte	0x1c
 303 0004 0200     		.2byte	0x2
 304 0006 00000000 		.4byte	.Ldebug_info0
 305 000a 04       		.byte	0x4
 306 000b 00       		.byte	0x0
 307 000c 0000     		.2byte	0x0
 308 000e 0000     		.2byte	0x0
 309 0010 00000000 		.4byte	.LFB20
ARM GAS  C:\Users\maxk\AppData\Local\Temp\cc3CwEXA.s 			page 7


 310 0014 30000000 		.4byte	.LFE20-.LFB20
 311 0018 00000000 		.4byte	0x0
 312 001c 00000000 		.4byte	0x0
 313              		.section	.debug_ranges,"",%progbits
 314              	.Ldebug_ranges0:
 315 0000 00000000 		.4byte	.Ltext0
 316 0004 00000000 		.4byte	.Letext0
 317 0008 00000000 		.4byte	.LFB20
 318 000c 30000000 		.4byte	.LFE20
 319 0010 00000000 		.4byte	0x0
 320 0014 00000000 		.4byte	0x0
 321              		.section	.debug_str,"MS",%progbits,1
 322              	.LASF6:
 323 0000 6C6F6E67 		.ascii	"long long int\000"
 323      206C6F6E 
 323      6720696E 
 323      7400
 324              	.LASF8:
 325 000e 756E7369 		.ascii	"unsigned int\000"
 325      676E6564 
 325      20696E74 
 325      00
 326              	.LASF16:
 327 001b 6D61696E 		.ascii	"main\000"
 327      00
 328              	.LASF5:
 329 0020 6C6F6E67 		.ascii	"long unsigned int\000"
 329      20756E73 
 329      69676E65 
 329      6420696E 
 329      7400
 330              	.LASF7:
 331 0032 6C6F6E67 		.ascii	"long long unsigned int\000"
 331      206C6F6E 
 331      6720756E 
 331      7369676E 
 331      65642069 
 332              	.LASF12:
 333 0049 474E5520 		.ascii	"GNU C 4.4.1\000"
 333      4320342E 
 333      342E3100 
 334              	.LASF1:
 335 0055 756E7369 		.ascii	"unsigned char\000"
 335      676E6564 
 335      20636861 
 335      7200
 336              	.LASF11:
 337 0063 63686172 		.ascii	"char\000"
 337      00
 338              	.LASF4:
 339 0068 6C6F6E67 		.ascii	"long int\000"
 339      20696E74 
 339      00
 340              	.LASF2:
 341 0071 73686F72 		.ascii	"short int\000"
 341      7420696E 
 341      7400
ARM GAS  C:\Users\maxk\AppData\Local\Temp\cc3CwEXA.s 			page 8


 342              	.LASF10:
 343 007b 646F7562 		.ascii	"double\000"
 343      6C6500
 344              	.LASF14:
 345 0082 433A5C55 		.ascii	"C:\\Users\\maxk\\Desktop\\PSoC 4A\\FAE Workshop\\La"
 345      73657273 
 345      5C6D6178 
 345      6B5C4465 
 345      736B746F 
 346 00af 62205072 		.ascii	"b Projects\\Lab Templates\\Lab 4 ADC.cydsn\000"
 346      6F6A6563 
 346      74735C4C 
 346      61622054 
 346      656D706C 
 347              	.LASF3:
 348 00d8 73686F72 		.ascii	"short unsigned int\000"
 348      7420756E 
 348      7369676E 
 348      65642069 
 348      6E7400
 349              	.LASF0:
 350 00eb 7369676E 		.ascii	"signed char\000"
 350      65642063 
 350      68617200 
 351              	.LASF9:
 352 00f7 666C6F61 		.ascii	"float\000"
 352      7400
 353              	.LASF13:
 354 00fd 2E5C6D61 		.ascii	".\\main.c\000"
 354      696E2E63 
 354      00
 355              	.LASF15:
 356 0106 75696E74 		.ascii	"uint16\000"
 356      313600
 357              	.LASF17:
 358 010d 72656449 		.ascii	"redIntensity\000"
 358      6E74656E 
 358      73697479 
 358      00
 359              		.ident	"GCC: (Sourcery G++ Lite 2010q1-188) 4.4.1"
