ARM GAS  C:\Users\maxk\AppData\Local\Temp\cc4ACgdP.s 			page 1


   1              		.cpu cortex-m0
   2              		.fpu softvfp
   3              		.eabi_attribute 20, 1
   4              		.eabi_attribute 21, 1
   5              		.eabi_attribute 23, 3
   6              		.eabi_attribute 24, 1
   7              		.eabi_attribute 25, 1
   8              		.eabi_attribute 26, 1
   9              		.eabi_attribute 30, 6
  10              		.eabi_attribute 18, 4
  11              		.code	16
  12              		.file	"cyfitter_cfg.c"
  13              		.section	.debug_abbrev,"",%progbits
  14              	.Ldebug_abbrev0:
  15              		.section	.debug_info,"",%progbits
  16              	.Ldebug_info0:
  17              		.section	.debug_line,"",%progbits
  18              	.Ldebug_line0:
  19 0000 7C010000 		.text
  19      0200F000 
  19      00000201 
  19      FB0E0D00 
  19      01010101 
  20              	.Ltext0:
  21              		.cfi_sections	.debug_frame
  22              		.section	.text.CYMEMZERO,"ax",%progbits
  23              		.align	2
  24              		.code	16
  25              		.thumb_func
  26              		.type	CYMEMZERO, %function
  27              	CYMEMZERO:
  28              	.LFB0:
  29              		.file 1 ".\\Generated_Source\\PSoC4\\cyfitter_cfg.c"
   1:.\Generated_Source\PSoC4/cyfitter_cfg.c **** /*******************************************************************************
   2:.\Generated_Source\PSoC4/cyfitter_cfg.c **** * FILENAME: cyfitter_cfg.c
   3:.\Generated_Source\PSoC4/cyfitter_cfg.c **** * PSoC Creator 2.2 Service Pack 1
   4:.\Generated_Source\PSoC4/cyfitter_cfg.c **** *
   5:.\Generated_Source\PSoC4/cyfitter_cfg.c **** * Description:
   6:.\Generated_Source\PSoC4/cyfitter_cfg.c **** * This file is automatically generated by PSoC Creator with device 
   7:.\Generated_Source\PSoC4/cyfitter_cfg.c **** * initialization code.  Except for the user defined sections in
   8:.\Generated_Source\PSoC4/cyfitter_cfg.c **** * CyClockStartupError(), this file should not be modified.
   9:.\Generated_Source\PSoC4/cyfitter_cfg.c **** *
  10:.\Generated_Source\PSoC4/cyfitter_cfg.c **** ********************************************************************************
  11:.\Generated_Source\PSoC4/cyfitter_cfg.c **** * Copyright 2013, Cypress Semiconductor Corporation.  All rights reserved.
  12:.\Generated_Source\PSoC4/cyfitter_cfg.c **** * You may use this file only in accordance with the license, terms, conditions, 
  13:.\Generated_Source\PSoC4/cyfitter_cfg.c **** * disclaimers, and limitations in the end user license agreement accompanying 
  14:.\Generated_Source\PSoC4/cyfitter_cfg.c **** * the software package with which this file was provided.
  15:.\Generated_Source\PSoC4/cyfitter_cfg.c **** ********************************************************************************/
  16:.\Generated_Source\PSoC4/cyfitter_cfg.c **** 
  17:.\Generated_Source\PSoC4/cyfitter_cfg.c **** #include <string.h>
  18:.\Generated_Source\PSoC4/cyfitter_cfg.c **** #include <cytypes.h>
  19:.\Generated_Source\PSoC4/cyfitter_cfg.c **** #include <cydevice_trm.h>
  20:.\Generated_Source\PSoC4/cyfitter_cfg.c **** #include <cyfitter.h>
  21:.\Generated_Source\PSoC4/cyfitter_cfg.c **** #include <CyLib.h>
  22:.\Generated_Source\PSoC4/cyfitter_cfg.c **** #include <cyfitter_cfg.h>
  23:.\Generated_Source\PSoC4/cyfitter_cfg.c **** 
  24:.\Generated_Source\PSoC4/cyfitter_cfg.c **** /* Clock startup error codes                                                   */
ARM GAS  C:\Users\maxk\AppData\Local\Temp\cc4ACgdP.s 			page 2


  25:.\Generated_Source\PSoC4/cyfitter_cfg.c **** #define CYCLOCKSTART_NO_ERROR    0u
  26:.\Generated_Source\PSoC4/cyfitter_cfg.c **** #define CYCLOCKSTART_XTAL_ERROR  1u
  27:.\Generated_Source\PSoC4/cyfitter_cfg.c **** #define CYCLOCKSTART_32KHZ_ERROR 2u
  28:.\Generated_Source\PSoC4/cyfitter_cfg.c **** #define CYCLOCKSTART_PLL_ERROR   3u
  29:.\Generated_Source\PSoC4/cyfitter_cfg.c **** 
  30:.\Generated_Source\PSoC4/cyfitter_cfg.c **** #ifdef CY_NEED_CYCLOCKSTARTUPERROR
  31:.\Generated_Source\PSoC4/cyfitter_cfg.c **** /*******************************************************************************
  32:.\Generated_Source\PSoC4/cyfitter_cfg.c **** * Function Name: CyClockStartupError
  33:.\Generated_Source\PSoC4/cyfitter_cfg.c **** ********************************************************************************
  34:.\Generated_Source\PSoC4/cyfitter_cfg.c **** * Summary:
  35:.\Generated_Source\PSoC4/cyfitter_cfg.c **** *  If an error is encountered during clock configuration (crystal startup error,
  36:.\Generated_Source\PSoC4/cyfitter_cfg.c **** *  PLL lock error, etc.), the system will end up here.  Unless reimplemented by
  37:.\Generated_Source\PSoC4/cyfitter_cfg.c **** *  the customer, this function will stop in an infinite loop.
  38:.\Generated_Source\PSoC4/cyfitter_cfg.c **** *
  39:.\Generated_Source\PSoC4/cyfitter_cfg.c **** * Parameters:
  40:.\Generated_Source\PSoC4/cyfitter_cfg.c **** *   void
  41:.\Generated_Source\PSoC4/cyfitter_cfg.c **** *
  42:.\Generated_Source\PSoC4/cyfitter_cfg.c **** * Return:
  43:.\Generated_Source\PSoC4/cyfitter_cfg.c **** *   void
  44:.\Generated_Source\PSoC4/cyfitter_cfg.c **** *
  45:.\Generated_Source\PSoC4/cyfitter_cfg.c **** *******************************************************************************/
  46:.\Generated_Source\PSoC4/cyfitter_cfg.c **** #if defined(__GNUC__) || defined(__ARMCC_VERSION)
  47:.\Generated_Source\PSoC4/cyfitter_cfg.c **** __attribute__ ((unused))
  48:.\Generated_Source\PSoC4/cyfitter_cfg.c **** #endif
  49:.\Generated_Source\PSoC4/cyfitter_cfg.c **** static void CyClockStartupError(uint8 errorCode);
  50:.\Generated_Source\PSoC4/cyfitter_cfg.c **** #if defined(__GNUC__) || defined(__ARMCC_VERSION)
  51:.\Generated_Source\PSoC4/cyfitter_cfg.c **** __attribute__ ((unused))
  52:.\Generated_Source\PSoC4/cyfitter_cfg.c **** #endif
  53:.\Generated_Source\PSoC4/cyfitter_cfg.c **** static void CyClockStartupError(uint8 errorCode)
  54:.\Generated_Source\PSoC4/cyfitter_cfg.c **** {
  55:.\Generated_Source\PSoC4/cyfitter_cfg.c ****     /* To remove the compiler warning if errorCode not used.                */
  56:.\Generated_Source\PSoC4/cyfitter_cfg.c ****     errorCode = errorCode;
  57:.\Generated_Source\PSoC4/cyfitter_cfg.c **** 
  58:.\Generated_Source\PSoC4/cyfitter_cfg.c ****     /* `#START CyClockStartupError` */
  59:.\Generated_Source\PSoC4/cyfitter_cfg.c **** 
  60:.\Generated_Source\PSoC4/cyfitter_cfg.c ****     /* If we have a clock startup error (bad MHz crystal, PLL lock, etc.),  */
  61:.\Generated_Source\PSoC4/cyfitter_cfg.c ****     /* we will end up here to allow the customer to implement something to  */
  62:.\Generated_Source\PSoC4/cyfitter_cfg.c ****     /* deal with the clock condition.                                       */
  63:.\Generated_Source\PSoC4/cyfitter_cfg.c **** 
  64:.\Generated_Source\PSoC4/cyfitter_cfg.c ****     /* `#END` */
  65:.\Generated_Source\PSoC4/cyfitter_cfg.c **** 
  66:.\Generated_Source\PSoC4/cyfitter_cfg.c ****     /* If nothing else, stop here since the clocks have not started         */
  67:.\Generated_Source\PSoC4/cyfitter_cfg.c ****     /* correctly.                                                           */
  68:.\Generated_Source\PSoC4/cyfitter_cfg.c ****     while(1) {}
  69:.\Generated_Source\PSoC4/cyfitter_cfg.c **** }
  70:.\Generated_Source\PSoC4/cyfitter_cfg.c **** #endif
  71:.\Generated_Source\PSoC4/cyfitter_cfg.c **** 
  72:.\Generated_Source\PSoC4/cyfitter_cfg.c **** 
  73:.\Generated_Source\PSoC4/cyfitter_cfg.c **** #if defined(__GNUC__) || defined(__ARMCC_VERSION)
  74:.\Generated_Source\PSoC4/cyfitter_cfg.c **** 	#define CYPACKED __attribute__ ((packed))
  75:.\Generated_Source\PSoC4/cyfitter_cfg.c **** 	#define CYALIGNED __attribute__ ((aligned))
  76:.\Generated_Source\PSoC4/cyfitter_cfg.c **** 	
  77:.\Generated_Source\PSoC4/cyfitter_cfg.c **** 	#if defined(__ARMCC_VERSION)
  78:.\Generated_Source\PSoC4/cyfitter_cfg.c **** 		#define CY_CFG_MEMORY_BARRIER() __memory_changed()
  79:.\Generated_Source\PSoC4/cyfitter_cfg.c **** 	#else
  80:.\Generated_Source\PSoC4/cyfitter_cfg.c **** 		#define CY_CFG_MEMORY_BARRIER() __sync_synchronize()
  81:.\Generated_Source\PSoC4/cyfitter_cfg.c **** 	#endif
ARM GAS  C:\Users\maxk\AppData\Local\Temp\cc4ACgdP.s 			page 3


  82:.\Generated_Source\PSoC4/cyfitter_cfg.c **** 	
  83:.\Generated_Source\PSoC4/cyfitter_cfg.c **** 
  84:.\Generated_Source\PSoC4/cyfitter_cfg.c **** 	__attribute__ ((unused))
  85:.\Generated_Source\PSoC4/cyfitter_cfg.c **** 	static void CYMEMZERO(void *s, size_t n);
  86:.\Generated_Source\PSoC4/cyfitter_cfg.c **** 	__attribute__ ((unused))
  87:.\Generated_Source\PSoC4/cyfitter_cfg.c **** 	static void CYMEMZERO(void *s, size_t n)
  88:.\Generated_Source\PSoC4/cyfitter_cfg.c **** 	{
  30              		.loc 1 88 0
  31              		.cfi_startproc
  32 0000 80B5     		push	{r7, lr}
  33              	.LCFI0:
  34              		.cfi_def_cfa_offset 8
  35              		.cfi_offset 7, -8
  36              		.cfi_offset 14, -4
  37 0002 82B0     		sub	sp, sp, #8
  38              	.LCFI1:
  39              		.cfi_def_cfa_offset 16
  40 0004 00AF     		add	r7, sp, #0
  41              	.LCFI2:
  42              		.cfi_def_cfa_register 7
  43 0006 7860     		str	r0, [r7, #4]
  44 0008 3960     		str	r1, [r7]
  89:.\Generated_Source\PSoC4/cyfitter_cfg.c **** 		(void)memset(s, 0, n);
  45              		.loc 1 89 0
  46 000a 7A68     		ldr	r2, [r7, #4]
  47 000c 3B68     		ldr	r3, [r7]
  48 000e 101C     		mov	r0, r2
  49 0010 0021     		mov	r1, #0
  50 0012 1A1C     		mov	r2, r3
  51 0014 FFF7FEFF 		bl	memset
  90:.\Generated_Source\PSoC4/cyfitter_cfg.c **** 	}
  52              		.loc 1 90 0
  53 0018 BD46     		mov	sp, r7
  54 001a 02B0     		add	sp, sp, #8
  55              		@ sp needed for prologue
  56 001c 80BD     		pop	{r7, pc}
  57              		.cfi_endproc
  58              	.LFE0:
  59              		.size	CYMEMZERO, .-CYMEMZERO
  60 001e C046     		.section	.text.CYCONFIGCPY,"ax",%progbits
  61              		.align	2
  62              		.code	16
  63              		.thumb_func
  64              		.type	CYCONFIGCPY, %function
  65              	CYCONFIGCPY:
  66              	.LFB1:
  91:.\Generated_Source\PSoC4/cyfitter_cfg.c **** 	__attribute__ ((unused))
  92:.\Generated_Source\PSoC4/cyfitter_cfg.c **** 	static void CYCONFIGCPY(void *dest, const void *src, size_t n);
  93:.\Generated_Source\PSoC4/cyfitter_cfg.c **** 	__attribute__ ((unused))
  94:.\Generated_Source\PSoC4/cyfitter_cfg.c **** 	static void CYCONFIGCPY(void *dest, const void *src, size_t n)
  95:.\Generated_Source\PSoC4/cyfitter_cfg.c **** 	{
  67              		.loc 1 95 0
  68              		.cfi_startproc
  69 0000 80B5     		push	{r7, lr}
  70              	.LCFI3:
  71              		.cfi_def_cfa_offset 8
  72              		.cfi_offset 7, -8
ARM GAS  C:\Users\maxk\AppData\Local\Temp\cc4ACgdP.s 			page 4


  73              		.cfi_offset 14, -4
  74 0002 84B0     		sub	sp, sp, #16
  75              	.LCFI4:
  76              		.cfi_def_cfa_offset 24
  77 0004 00AF     		add	r7, sp, #0
  78              	.LCFI5:
  79              		.cfi_def_cfa_register 7
  80 0006 F860     		str	r0, [r7, #12]
  81 0008 B960     		str	r1, [r7, #8]
  82 000a 7A60     		str	r2, [r7, #4]
  96:.\Generated_Source\PSoC4/cyfitter_cfg.c **** 		(void)memcpy(dest, src, n);
  83              		.loc 1 96 0
  84 000c F968     		ldr	r1, [r7, #12]
  85 000e BA68     		ldr	r2, [r7, #8]
  86 0010 7B68     		ldr	r3, [r7, #4]
  87 0012 081C     		mov	r0, r1
  88 0014 111C     		mov	r1, r2
  89 0016 1A1C     		mov	r2, r3
  90 0018 FFF7FEFF 		bl	memcpy
  97:.\Generated_Source\PSoC4/cyfitter_cfg.c **** 	}
  91              		.loc 1 97 0
  92 001c BD46     		mov	sp, r7
  93 001e 04B0     		add	sp, sp, #16
  94              		@ sp needed for prologue
  95 0020 80BD     		pop	{r7, pc}
  96              		.cfi_endproc
  97              	.LFE1:
  98              		.size	CYCONFIGCPY, .-CYCONFIGCPY
  99 0022 C046     		.section	.text.CYCONFIGCPYCODE,"ax",%progbits
 100              		.align	2
 101              		.code	16
 102              		.thumb_func
 103              		.type	CYCONFIGCPYCODE, %function
 104              	CYCONFIGCPYCODE:
 105              	.LFB2:
  98:.\Generated_Source\PSoC4/cyfitter_cfg.c **** 	__attribute__ ((unused))
  99:.\Generated_Source\PSoC4/cyfitter_cfg.c **** 	static void CYCONFIGCPYCODE(void *dest, const void *src, size_t n);
 100:.\Generated_Source\PSoC4/cyfitter_cfg.c **** 	__attribute__ ((unused))
 101:.\Generated_Source\PSoC4/cyfitter_cfg.c **** 	static void CYCONFIGCPYCODE(void *dest, const void *src, size_t n)
 102:.\Generated_Source\PSoC4/cyfitter_cfg.c **** 	{
 106              		.loc 1 102 0
 107              		.cfi_startproc
 108 0000 80B5     		push	{r7, lr}
 109              	.LCFI6:
 110              		.cfi_def_cfa_offset 8
 111              		.cfi_offset 7, -8
 112              		.cfi_offset 14, -4
 113 0002 84B0     		sub	sp, sp, #16
 114              	.LCFI7:
 115              		.cfi_def_cfa_offset 24
 116 0004 00AF     		add	r7, sp, #0
 117              	.LCFI8:
 118              		.cfi_def_cfa_register 7
 119 0006 F860     		str	r0, [r7, #12]
 120 0008 B960     		str	r1, [r7, #8]
 121 000a 7A60     		str	r2, [r7, #4]
 103:.\Generated_Source\PSoC4/cyfitter_cfg.c **** 		(void)memcpy(dest, src, n);
ARM GAS  C:\Users\maxk\AppData\Local\Temp\cc4ACgdP.s 			page 5


 122              		.loc 1 103 0
 123 000c F968     		ldr	r1, [r7, #12]
 124 000e BA68     		ldr	r2, [r7, #8]
 125 0010 7B68     		ldr	r3, [r7, #4]
 126 0012 081C     		mov	r0, r1
 127 0014 111C     		mov	r1, r2
 128 0016 1A1C     		mov	r2, r3
 129 0018 FFF7FEFF 		bl	memcpy
 104:.\Generated_Source\PSoC4/cyfitter_cfg.c **** 	}
 130              		.loc 1 104 0
 131 001c BD46     		mov	sp, r7
 132 001e 04B0     		add	sp, sp, #16
 133              		@ sp needed for prologue
 134 0020 80BD     		pop	{r7, pc}
 135              		.cfi_endproc
 136              	.LFE2:
 137              		.size	CYCONFIGCPYCODE, .-CYCONFIGCPYCODE
 138 0022 C046     		.section	.psocinit,"ax",%progbits
 139              		.align	2
 140              		.code	16
 141              		.thumb_func
 142              		.type	SetIMOBGTrims, %function
 143              	SetIMOBGTrims:
 144              	.LFB3:
 105:.\Generated_Source\PSoC4/cyfitter_cfg.c **** #else
 106:.\Generated_Source\PSoC4/cyfitter_cfg.c **** 	#error Unsupported toolchain
 107:.\Generated_Source\PSoC4/cyfitter_cfg.c **** #endif
 108:.\Generated_Source\PSoC4/cyfitter_cfg.c **** 
 109:.\Generated_Source\PSoC4/cyfitter_cfg.c **** 
 110:.\Generated_Source\PSoC4/cyfitter_cfg.c **** /*******************************************************************************
 111:.\Generated_Source\PSoC4/cyfitter_cfg.c **** * Function Name: SetIMOBGTrims
 112:.\Generated_Source\PSoC4/cyfitter_cfg.c **** ********************************************************************************
 113:.\Generated_Source\PSoC4/cyfitter_cfg.c **** *
 114:.\Generated_Source\PSoC4/cyfitter_cfg.c **** * Summary:
 115:.\Generated_Source\PSoC4/cyfitter_cfg.c **** *   Performs the configuration of the bandgap trim for the IMO based on the given
 116:.\Generated_Source\PSoC4/cyfitter_cfg.c **** *   expected frequency of the IMO. 
 117:.\Generated_Source\PSoC4/cyfitter_cfg.c **** *
 118:.\Generated_Source\PSoC4/cyfitter_cfg.c **** * Parameters:
 119:.\Generated_Source\PSoC4/cyfitter_cfg.c **** *   imoFreq: Frequency for operation of the IMO.
 120:.\Generated_Source\PSoC4/cyfitter_cfg.c **** *
 121:.\Generated_Source\PSoC4/cyfitter_cfg.c **** * Return:
 122:.\Generated_Source\PSoC4/cyfitter_cfg.c **** *   void
 123:.\Generated_Source\PSoC4/cyfitter_cfg.c **** *
 124:.\Generated_Source\PSoC4/cyfitter_cfg.c **** *******************************************************************************/
 125:.\Generated_Source\PSoC4/cyfitter_cfg.c **** static void SetIMOBGTrims(uint8 imoFreq);
 126:.\Generated_Source\PSoC4/cyfitter_cfg.c **** __attribute__ ((section(".psocinit")))
 127:.\Generated_Source\PSoC4/cyfitter_cfg.c **** static void SetIMOBGTrims(uint8 imoFreq)
 128:.\Generated_Source\PSoC4/cyfitter_cfg.c **** {
 145              		.loc 1 128 0
 146              		.cfi_startproc
 147 0000 80B5     		push	{r7, lr}
 148              	.LCFI9:
 149              		.cfi_def_cfa_offset 8
 150              		.cfi_offset 7, -8
 151              		.cfi_offset 14, -4
 152 0002 84B0     		sub	sp, sp, #16
 153              	.LCFI10:
ARM GAS  C:\Users\maxk\AppData\Local\Temp\cc4ACgdP.s 			page 6


 154              		.cfi_def_cfa_offset 24
 155 0004 00AF     		add	r7, sp, #0
 156              	.LCFI11:
 157              		.cfi_def_cfa_register 7
 158 0006 021C     		mov	r2, r0
 159 0008 FB1D     		add	r3, r7, #7
 160 000a 1A70     		strb	r2, [r3]
 129:.\Generated_Source\PSoC4/cyfitter_cfg.c **** 	typedef struct {
 130:.\Generated_Source\PSoC4/cyfitter_cfg.c **** 		uint8 freq;
 131:.\Generated_Source\PSoC4/cyfitter_cfg.c **** 		uint8 absolute;
 132:.\Generated_Source\PSoC4/cyfitter_cfg.c **** 		uint8 tmpco;
 133:.\Generated_Source\PSoC4/cyfitter_cfg.c **** 	} CYPACKED imo_trim_entry_t;
 134:.\Generated_Source\PSoC4/cyfitter_cfg.c **** 
 135:.\Generated_Source\PSoC4/cyfitter_cfg.c **** 	typedef struct {
 136:.\Generated_Source\PSoC4/cyfitter_cfg.c **** 		imo_trim_entry_t entries[4];
 137:.\Generated_Source\PSoC4/cyfitter_cfg.c **** 	} CYPACKED imo_trim_table_t;
 138:.\Generated_Source\PSoC4/cyfitter_cfg.c **** 
 139:.\Generated_Source\PSoC4/cyfitter_cfg.c **** 	static const imo_trim_table_t *imo_trim_table = (const imo_trim_table_t *)CYREG_SFLASH_IMO_MAXF0;
 140:.\Generated_Source\PSoC4/cyfitter_cfg.c **** 	static const uint32 IMO_TRIM_FREQ_TABLE_ENTRIES = sizeof(imo_trim_table->entries)/sizeof(imo_trim_
 141:.\Generated_Source\PSoC4/cyfitter_cfg.c **** 
 142:.\Generated_Source\PSoC4/cyfitter_cfg.c **** 	int32 imoTrimIndex;
 143:.\Generated_Source\PSoC4/cyfitter_cfg.c **** 	uint8 setAbs;
 144:.\Generated_Source\PSoC4/cyfitter_cfg.c **** 	uint8 setTmpCo;
 145:.\Generated_Source\PSoC4/cyfitter_cfg.c **** 
 146:.\Generated_Source\PSoC4/cyfitter_cfg.c **** 	/* Traverse the SFLASH IMO frequency-dependent bandgap trim table to
 147:.\Generated_Source\PSoC4/cyfitter_cfg.c **** 	 * locate the appropriate value to trim the IMO bandgap based on freq. */
 148:.\Generated_Source\PSoC4/cyfitter_cfg.c **** 	setAbs = CY_GET_REG8((const void *)CYREG_SFLASH_IMO_ABS4);
 161              		.loc 1 148 0
 162 000c 224A     		ldr	r2, .L12
 163 000e 3B1C     		mov	r3, r7
 164 0010 0E33     		add	r3, r3, #14
 165 0012 1278     		ldrb	r2, [r2]
 166 0014 1A70     		strb	r2, [r3]
 149:.\Generated_Source\PSoC4/cyfitter_cfg.c **** 	setTmpCo = CY_GET_REG8((const void *)CYREG_SFLASH_IMO_TMPCO4);
 167              		.loc 1 149 0
 168 0016 214A     		ldr	r2, .L12+4
 169 0018 3B1C     		mov	r3, r7
 170 001a 0F33     		add	r3, r3, #15
 171 001c 1278     		ldrb	r2, [r2]
 172 001e 1A70     		strb	r2, [r3]
 150:.\Generated_Source\PSoC4/cyfitter_cfg.c **** 	for (imoTrimIndex = ((int32)IMO_TRIM_FREQ_TABLE_ENTRIES)-1;
 173              		.loc 1 150 0
 174 0020 1F4B     		ldr	r3, .L12+8
 175 0022 1B68     		ldr	r3, [r3]
 176 0024 013B     		sub	r3, r3, #1
 177 0026 BB60     		str	r3, [r7, #8]
 178 0028 1AE0     		b	.L8
 179              	.L10:
 151:.\Generated_Source\PSoC4/cyfitter_cfg.c **** 	     (imoTrimIndex >= 0) && (imoFreq <= imo_trim_table->entries[imoTrimIndex].freq);
 152:.\Generated_Source\PSoC4/cyfitter_cfg.c **** 	     imoTrimIndex--)
 153:.\Generated_Source\PSoC4/cyfitter_cfg.c **** 	{
 154:.\Generated_Source\PSoC4/cyfitter_cfg.c **** 		setAbs = imo_trim_table->entries[imoTrimIndex].absolute;
 180              		.loc 1 154 0
 181 002a 1E4B     		ldr	r3, .L12+12
 182 002c 1868     		ldr	r0, [r3]
 183 002e BA68     		ldr	r2, [r7, #8]
 184 0030 391C     		mov	r1, r7
ARM GAS  C:\Users\maxk\AppData\Local\Temp\cc4ACgdP.s 			page 7


 185 0032 0E31     		add	r1, r1, #14
 186 0034 131C     		mov	r3, r2
 187 0036 5B00     		lsl	r3, r3, #1
 188 0038 9B18     		add	r3, r3, r2
 189 003a 1B18     		add	r3, r3, r0
 190 003c 0133     		add	r3, r3, #1
 191 003e 1B78     		ldrb	r3, [r3]
 192 0040 0B70     		strb	r3, [r1]
 155:.\Generated_Source\PSoC4/cyfitter_cfg.c **** 		setTmpCo = imo_trim_table->entries[imoTrimIndex].tmpco;
 193              		.loc 1 155 0
 194 0042 184B     		ldr	r3, .L12+12
 195 0044 1868     		ldr	r0, [r3]
 196 0046 BA68     		ldr	r2, [r7, #8]
 197 0048 391C     		mov	r1, r7
 198 004a 0F31     		add	r1, r1, #15
 199 004c 131C     		mov	r3, r2
 200 004e 5B00     		lsl	r3, r3, #1
 201 0050 9B18     		add	r3, r3, r2
 202 0052 1B18     		add	r3, r3, r0
 203 0054 0233     		add	r3, r3, #2
 204 0056 1B78     		ldrb	r3, [r3]
 205 0058 0B70     		strb	r3, [r1]
 206              		.loc 1 152 0
 207 005a BB68     		ldr	r3, [r7, #8]
 208 005c 013B     		sub	r3, r3, #1
 209 005e BB60     		str	r3, [r7, #8]
 210              	.L8:
 211              		.loc 1 150 0
 212 0060 BB68     		ldr	r3, [r7, #8]
 213 0062 002B     		cmp	r3, #0
 214 0064 0ADB     		blt	.L9
 215              		.loc 1 151 0
 216 0066 0F4B     		ldr	r3, .L12+12
 217 0068 1968     		ldr	r1, [r3]
 218 006a BA68     		ldr	r2, [r7, #8]
 219 006c 131C     		mov	r3, r2
 220 006e 5B00     		lsl	r3, r3, #1
 221 0070 9B18     		add	r3, r3, r2
 222 0072 5B5C     		ldrb	r3, [r3, r1]
 223              		.loc 1 150 0
 224 0074 FA1D     		add	r2, r7, #7
 225 0076 1278     		ldrb	r2, [r2]
 226 0078 9A42     		cmp	r2, r3
 227 007a D6D9     		bls	.L10
 228              	.L9:
 156:.\Generated_Source\PSoC4/cyfitter_cfg.c **** 	}
 157:.\Generated_Source\PSoC4/cyfitter_cfg.c **** 
 158:.\Generated_Source\PSoC4/cyfitter_cfg.c **** 	CY_SET_REG32((void *)CYREG_PWR_BG_TRIM4, setAbs);
 229              		.loc 1 158 0
 230 007c 0A4B     		ldr	r3, .L12+16
 231 007e 3A1C     		mov	r2, r7
 232 0080 0E32     		add	r2, r2, #14
 233 0082 1278     		ldrb	r2, [r2]
 234 0084 1A60     		str	r2, [r3]
 159:.\Generated_Source\PSoC4/cyfitter_cfg.c **** 	CY_SET_REG32((void *)CYREG_PWR_BG_TRIM5, setTmpCo);
 235              		.loc 1 159 0
 236 0086 094B     		ldr	r3, .L12+20
ARM GAS  C:\Users\maxk\AppData\Local\Temp\cc4ACgdP.s 			page 8


 237 0088 3A1C     		mov	r2, r7
 238 008a 0F32     		add	r2, r2, #15
 239 008c 1278     		ldrb	r2, [r2]
 240 008e 1A60     		str	r2, [r3]
 160:.\Generated_Source\PSoC4/cyfitter_cfg.c **** }
 241              		.loc 1 160 0
 242 0090 BD46     		mov	sp, r7
 243 0092 04B0     		add	sp, sp, #16
 244              		@ sp needed for prologue
 245 0094 80BD     		pop	{r7, pc}
 246              	.L13:
 247 0096 C046     		.align	2
 248              	.L12:
 249 0098 CCF1FF0F 		.word	268431820
 250 009c CDF1FF0F 		.word	268431821
 251 00a0 0C000000 		.word	IMO_TRIM_FREQ_TABLE_ENTRIES.1827
 252 00a4 00000000 		.word	imo_trim_table.1826
 253 00a8 1CFF0B40 		.word	1074528028
 254 00ac 20FF0B40 		.word	1074528032
 255              		.cfi_endproc
 256              	.LFE3:
 257              		.size	SetIMOBGTrims, .-SetIMOBGTrims
 258              		.align	2
 259              		.code	16
 260              		.thumb_func
 261              		.type	ClockSetup, %function
 262              	ClockSetup:
 263              	.LFB4:
 161:.\Generated_Source\PSoC4/cyfitter_cfg.c **** 
 162:.\Generated_Source\PSoC4/cyfitter_cfg.c **** 
 163:.\Generated_Source\PSoC4/cyfitter_cfg.c **** 
 164:.\Generated_Source\PSoC4/cyfitter_cfg.c **** /*******************************************************************************
 165:.\Generated_Source\PSoC4/cyfitter_cfg.c **** * Function Name: ClockSetup
 166:.\Generated_Source\PSoC4/cyfitter_cfg.c **** ********************************************************************************
 167:.\Generated_Source\PSoC4/cyfitter_cfg.c **** *
 168:.\Generated_Source\PSoC4/cyfitter_cfg.c **** * Summary:
 169:.\Generated_Source\PSoC4/cyfitter_cfg.c **** *   Performs the initialization of all of the clocks in the device based on the
 170:.\Generated_Source\PSoC4/cyfitter_cfg.c **** *   settings in the Clock tab of the DWR.  This includes enabling the requested
 171:.\Generated_Source\PSoC4/cyfitter_cfg.c **** *   clocks and setting the necessary dividers to produce the desired frequency. 
 172:.\Generated_Source\PSoC4/cyfitter_cfg.c **** *
 173:.\Generated_Source\PSoC4/cyfitter_cfg.c **** * Parameters:
 174:.\Generated_Source\PSoC4/cyfitter_cfg.c **** *   void
 175:.\Generated_Source\PSoC4/cyfitter_cfg.c **** *
 176:.\Generated_Source\PSoC4/cyfitter_cfg.c **** * Return:
 177:.\Generated_Source\PSoC4/cyfitter_cfg.c **** *   void
 178:.\Generated_Source\PSoC4/cyfitter_cfg.c **** *
 179:.\Generated_Source\PSoC4/cyfitter_cfg.c **** *******************************************************************************/
 180:.\Generated_Source\PSoC4/cyfitter_cfg.c **** static void ClockSetup(void);
 181:.\Generated_Source\PSoC4/cyfitter_cfg.c **** __attribute__ ((section(".psocinit")))
 182:.\Generated_Source\PSoC4/cyfitter_cfg.c **** static void ClockSetup(void)
 183:.\Generated_Source\PSoC4/cyfitter_cfg.c **** {
 264              		.loc 1 183 0
 265              		.cfi_startproc
 266 00b0 80B5     		push	{r7, lr}
 267              	.LCFI12:
 268              		.cfi_def_cfa_offset 8
 269              		.cfi_offset 7, -8
ARM GAS  C:\Users\maxk\AppData\Local\Temp\cc4ACgdP.s 			page 9


 270              		.cfi_offset 14, -4
 271 00b2 00AF     		add	r7, sp, #0
 272              	.LCFI13:
 273              		.cfi_def_cfa_register 7
 184:.\Generated_Source\PSoC4/cyfitter_cfg.c **** 	/* Enable HALF_EN before trimming for the flash accelerator. */
 185:.\Generated_Source\PSoC4/cyfitter_cfg.c **** 	CY_SET_REG32((void CYXDATA *)(CYREG_CLK_SELECT), (CY_GET_REG32((void *)CYREG_CLK_SELECT) | 0x00040
 274              		.loc 1 185 0
 275 00b4 134A     		ldr	r2, .L16
 276 00b6 134B     		ldr	r3, .L16
 277 00b8 1968     		ldr	r1, [r3]
 278 00ba 8023     		mov	r3, #128
 279 00bc DB02     		lsl	r3, r3, #11
 280 00be 0B43     		orr	r3, r3, r1
 281 00c0 1360     		str	r3, [r2]
 186:.\Generated_Source\PSoC4/cyfitter_cfg.c **** 
 187:.\Generated_Source\PSoC4/cyfitter_cfg.c **** 	/* Trim IMO BG based on desired frequency. */
 188:.\Generated_Source\PSoC4/cyfitter_cfg.c **** 	SetIMOBGTrims(24u);
 282              		.loc 1 188 0
 283 00c2 1820     		mov	r0, #24
 284 00c4 FFF79CFF 		bl	SetIMOBGTrims
 189:.\Generated_Source\PSoC4/cyfitter_cfg.c **** 
 190:.\Generated_Source\PSoC4/cyfitter_cfg.c **** 	/* Going less than or equal to 24MHz, so update the clock speed then adjust trim value. */
 191:.\Generated_Source\PSoC4/cyfitter_cfg.c **** 	CY_SET_REG32((void CYXDATA *)(CYREG_CLK_IMO_TRIM2), (25u));
 285              		.loc 1 191 0
 286 00c8 0F4B     		ldr	r3, .L16+4
 287 00ca 1922     		mov	r2, #25
 288 00cc 1A60     		str	r2, [r3]
 192:.\Generated_Source\PSoC4/cyfitter_cfg.c **** 	CyDelayCycles(5u);
 289              		.loc 1 192 0
 290 00ce 0520     		mov	r0, #5
 291 00d0 FFF7FEFF 		bl	CyDelayCycles
 193:.\Generated_Source\PSoC4/cyfitter_cfg.c **** 	CY_SET_REG32((void CYXDATA *)(CYREG_CLK_IMO_TRIM1), (CY_GET_REG8((void *)CYREG_SFLASH_IMO_TRIM21))
 292              		.loc 1 193 0
 293 00d4 0D4B     		ldr	r3, .L16+8
 294 00d6 0E4A     		ldr	r2, .L16+12
 295 00d8 1278     		ldrb	r2, [r2]
 296 00da D2B2     		uxtb	r2, r2
 297 00dc 1A60     		str	r2, [r3]
 194:.\Generated_Source\PSoC4/cyfitter_cfg.c **** 	CyDelayUs(5u);
 298              		.loc 1 194 0
 299 00de 0520     		mov	r0, #5
 300 00e0 FFF7FEFF 		bl	CyDelayUs
 195:.\Generated_Source\PSoC4/cyfitter_cfg.c **** 
 196:.\Generated_Source\PSoC4/cyfitter_cfg.c **** 	/* Disable HALF_EN since it is not required at this IMO frequency. */
 197:.\Generated_Source\PSoC4/cyfitter_cfg.c **** 	CY_SET_REG32((void CYXDATA *)(CYREG_CLK_SELECT), (CY_GET_REG32((void *)CYREG_CLK_SELECT) & 0xFFFBF
 301              		.loc 1 197 0
 302 00e4 074B     		ldr	r3, .L16
 303 00e6 074A     		ldr	r2, .L16
 304 00e8 1168     		ldr	r1, [r2]
 305 00ea 0A4A     		ldr	r2, .L16+16
 306 00ec 0A40     		and	r2, r2, r1
 307 00ee 1A60     		str	r2, [r3]
 198:.\Generated_Source\PSoC4/cyfitter_cfg.c **** 
 199:.\Generated_Source\PSoC4/cyfitter_cfg.c **** 	/* CYDEV_CLK_IMO_CONFIG Starting address: CYDEV_CLK_IMO_CONFIG */
 200:.\Generated_Source\PSoC4/cyfitter_cfg.c **** 	CY_SET_XTND_REG32((void CYFAR *)(CYREG_CLK_IMO_CONFIG), 0x80000000u);
 308              		.loc 1 200 0
 309 00f0 094A     		ldr	r2, .L16+20
ARM GAS  C:\Users\maxk\AppData\Local\Temp\cc4ACgdP.s 			page 10


 310 00f2 8023     		mov	r3, #128
 311 00f4 1B06     		lsl	r3, r3, #24
 312 00f6 1360     		str	r3, [r2]
 201:.\Generated_Source\PSoC4/cyfitter_cfg.c **** 
 202:.\Generated_Source\PSoC4/cyfitter_cfg.c **** 	/* CYDEV_CLK_ILO_CONFIG Starting address: CYDEV_CLK_ILO_CONFIG */
 203:.\Generated_Source\PSoC4/cyfitter_cfg.c **** 	CY_SET_XTND_REG32((void CYFAR *)(CYREG_CLK_ILO_CONFIG), 0x80000000u);
 313              		.loc 1 203 0
 314 00f8 084A     		ldr	r2, .L16+24
 315 00fa 8023     		mov	r3, #128
 316 00fc 1B06     		lsl	r3, r3, #24
 317 00fe 1360     		str	r3, [r2]
 204:.\Generated_Source\PSoC4/cyfitter_cfg.c **** 
 205:.\Generated_Source\PSoC4/cyfitter_cfg.c **** }
 318              		.loc 1 205 0
 319 0100 BD46     		mov	sp, r7
 320              		@ sp needed for prologue
 321 0102 80BD     		pop	{r7, pc}
 322              	.L17:
 323              		.align	2
 324              	.L16:
 325 0104 00010B40 		.word	1074462976
 326 0108 2CFF0B40 		.word	1074528044
 327 010c 28FF0B40 		.word	1074528040
 328 0110 E5F1FF0F 		.word	268431845
 329 0114 FFFFFBFF 		.word	-262145
 330 0118 08010B40 		.word	1074462984
 331 011c 04010B40 		.word	1074462980
 332              		.cfi_endproc
 333              	.LFE4:
 334              		.size	ClockSetup, .-ClockSetup
 335              		.section	.text.AnalogSetDefault,"ax",%progbits
 336              		.align	2
 337              		.code	16
 338              		.thumb_func
 339              		.type	AnalogSetDefault, %function
 340              	AnalogSetDefault:
 341              	.LFB5:
 206:.\Generated_Source\PSoC4/cyfitter_cfg.c **** 
 207:.\Generated_Source\PSoC4/cyfitter_cfg.c **** 
 208:.\Generated_Source\PSoC4/cyfitter_cfg.c **** /* Analog API Functions */
 209:.\Generated_Source\PSoC4/cyfitter_cfg.c **** 
 210:.\Generated_Source\PSoC4/cyfitter_cfg.c **** 
 211:.\Generated_Source\PSoC4/cyfitter_cfg.c **** /*******************************************************************************
 212:.\Generated_Source\PSoC4/cyfitter_cfg.c **** * Function Name: AnalogSetDefault
 213:.\Generated_Source\PSoC4/cyfitter_cfg.c **** ********************************************************************************
 214:.\Generated_Source\PSoC4/cyfitter_cfg.c **** *
 215:.\Generated_Source\PSoC4/cyfitter_cfg.c **** * Summary:
 216:.\Generated_Source\PSoC4/cyfitter_cfg.c **** *  Sets up the analog portions of the chip to default values based on chip
 217:.\Generated_Source\PSoC4/cyfitter_cfg.c **** *  configuration options from the project.
 218:.\Generated_Source\PSoC4/cyfitter_cfg.c **** *
 219:.\Generated_Source\PSoC4/cyfitter_cfg.c **** * Parameters:
 220:.\Generated_Source\PSoC4/cyfitter_cfg.c **** *  void
 221:.\Generated_Source\PSoC4/cyfitter_cfg.c **** *
 222:.\Generated_Source\PSoC4/cyfitter_cfg.c **** * Return:
 223:.\Generated_Source\PSoC4/cyfitter_cfg.c **** *  void
 224:.\Generated_Source\PSoC4/cyfitter_cfg.c **** *
 225:.\Generated_Source\PSoC4/cyfitter_cfg.c **** *******************************************************************************/
ARM GAS  C:\Users\maxk\AppData\Local\Temp\cc4ACgdP.s 			page 11


 226:.\Generated_Source\PSoC4/cyfitter_cfg.c **** static void AnalogSetDefault(void);
 227:.\Generated_Source\PSoC4/cyfitter_cfg.c **** static void AnalogSetDefault(void)
 228:.\Generated_Source\PSoC4/cyfitter_cfg.c **** {
 342              		.loc 1 228 0
 343              		.cfi_startproc
 344 0000 80B5     		push	{r7, lr}
 345              	.LCFI14:
 346              		.cfi_def_cfa_offset 8
 347              		.cfi_offset 7, -8
 348              		.cfi_offset 14, -4
 349 0002 00AF     		add	r7, sp, #0
 350              	.LCFI15:
 351              		.cfi_def_cfa_register 7
 229:.\Generated_Source\PSoC4/cyfitter_cfg.c **** }
 352              		.loc 1 229 0
 353 0004 BD46     		mov	sp, r7
 354              		@ sp needed for prologue
 355 0006 80BD     		pop	{r7, pc}
 356              		.cfi_endproc
 357              	.LFE5:
 358              		.size	AnalogSetDefault, .-AnalogSetDefault
 359              		.section	.psocinit
 360              		.align	2
 361              		.global	cyfitter_cfg
 362              		.code	16
 363              		.thumb_func
 364              		.type	cyfitter_cfg, %function
 365              	cyfitter_cfg:
 366              	.LFB6:
 230:.\Generated_Source\PSoC4/cyfitter_cfg.c **** 
 231:.\Generated_Source\PSoC4/cyfitter_cfg.c **** #define CY_AMUX_UNUSED CYREG_SAR_MUX_SWITCH_STATUS
 232:.\Generated_Source\PSoC4/cyfitter_cfg.c **** 
 233:.\Generated_Source\PSoC4/cyfitter_cfg.c **** 
 234:.\Generated_Source\PSoC4/cyfitter_cfg.c **** /*******************************************************************************
 235:.\Generated_Source\PSoC4/cyfitter_cfg.c **** * Function Name: cyfitter_cfg
 236:.\Generated_Source\PSoC4/cyfitter_cfg.c **** ********************************************************************************
 237:.\Generated_Source\PSoC4/cyfitter_cfg.c **** * Summary:
 238:.\Generated_Source\PSoC4/cyfitter_cfg.c **** *  This function is called by the start-up code for the selected device. It
 239:.\Generated_Source\PSoC4/cyfitter_cfg.c **** *  performs all of the necessary device configuration based on the design
 240:.\Generated_Source\PSoC4/cyfitter_cfg.c **** *  settings.  This includes settings from the Design Wide Resources (DWR) such
 241:.\Generated_Source\PSoC4/cyfitter_cfg.c **** *  as Clocks and Pins as well as any component configuration that is necessary.
 242:.\Generated_Source\PSoC4/cyfitter_cfg.c **** *
 243:.\Generated_Source\PSoC4/cyfitter_cfg.c **** * Parameters:  
 244:.\Generated_Source\PSoC4/cyfitter_cfg.c **** *   void
 245:.\Generated_Source\PSoC4/cyfitter_cfg.c **** *
 246:.\Generated_Source\PSoC4/cyfitter_cfg.c **** * Return:
 247:.\Generated_Source\PSoC4/cyfitter_cfg.c **** *   void
 248:.\Generated_Source\PSoC4/cyfitter_cfg.c **** *
 249:.\Generated_Source\PSoC4/cyfitter_cfg.c **** *******************************************************************************/
 250:.\Generated_Source\PSoC4/cyfitter_cfg.c **** __attribute__ ((section(".psocinit")))
 251:.\Generated_Source\PSoC4/cyfitter_cfg.c **** void cyfitter_cfg(void)
 252:.\Generated_Source\PSoC4/cyfitter_cfg.c **** {
 367              		.loc 1 252 0
 368              		.cfi_startproc
 369 0120 80B5     		push	{r7, lr}
 370              	.LCFI16:
 371              		.cfi_def_cfa_offset 8
ARM GAS  C:\Users\maxk\AppData\Local\Temp\cc4ACgdP.s 			page 12


 372              		.cfi_offset 7, -8
 373              		.cfi_offset 14, -4
 374 0122 82B0     		sub	sp, sp, #8
 375              	.LCFI17:
 376              		.cfi_def_cfa_offset 16
 377 0124 00AF     		add	r7, sp, #0
 378              	.LCFI18:
 379              		.cfi_def_cfa_register 7
 253:.\Generated_Source\PSoC4/cyfitter_cfg.c **** 	/* Disable interrupts by default. Let user enable if/when they want. */
 254:.\Generated_Source\PSoC4/cyfitter_cfg.c **** 	CyGlobalIntDisable;
 380              		.loc 1 254 0
 381              	@ 254 ".\Generated_Source\PSoC4\cyfitter_cfg.c" 1
 382 0126 72B6     		CPSID   i
 383              	@ 0 "" 2
 384              		.code	16
 385              	.LBB2:
 255:.\Generated_Source\PSoC4/cyfitter_cfg.c **** 
 256:.\Generated_Source\PSoC4/cyfitter_cfg.c **** 	{
 257:.\Generated_Source\PSoC4/cyfitter_cfg.c **** 
 258:.\Generated_Source\PSoC4/cyfitter_cfg.c **** 		typedef struct {
 259:.\Generated_Source\PSoC4/cyfitter_cfg.c **** 			void CYFAR *address;
 260:.\Generated_Source\PSoC4/cyfitter_cfg.c **** 			uint16 size;
 261:.\Generated_Source\PSoC4/cyfitter_cfg.c **** 		} CYPACKED cfg_memset_t;
 262:.\Generated_Source\PSoC4/cyfitter_cfg.c **** 
 263:.\Generated_Source\PSoC4/cyfitter_cfg.c **** 		static const cfg_memset_t CYCODE cfg_memset_list [] = {
 264:.\Generated_Source\PSoC4/cyfitter_cfg.c **** 			/* address, size */
 265:.\Generated_Source\PSoC4/cyfitter_cfg.c **** 			{(void CYFAR *)(CYDEV_UDB_P0_U0_BASE), 1024u},
 266:.\Generated_Source\PSoC4/cyfitter_cfg.c **** 			{(void CYFAR *)(CYDEV_UDB_DSI0_BASE), 1024u},
 267:.\Generated_Source\PSoC4/cyfitter_cfg.c **** 		};
 268:.\Generated_Source\PSoC4/cyfitter_cfg.c **** 
 269:.\Generated_Source\PSoC4/cyfitter_cfg.c **** 		uint8 CYDATA i;
 270:.\Generated_Source\PSoC4/cyfitter_cfg.c **** 
 271:.\Generated_Source\PSoC4/cyfitter_cfg.c **** 		/* Zero out critical memory blocks before beginning configuration */
 272:.\Generated_Source\PSoC4/cyfitter_cfg.c **** 		for (i = 0u; i < (sizeof(cfg_memset_list)/sizeof(cfg_memset_list[0])); i++)
 386              		.loc 1 272 0
 387 0128 FB1C     		add	r3, r7, #3
 388 012a 0022     		mov	r2, #0
 389 012c 1A70     		strb	r2, [r3]
 390 012e 24E0     		b	.L21
 391              	.L22:
 392              	.LBB3:
 273:.\Generated_Source\PSoC4/cyfitter_cfg.c **** 		{
 274:.\Generated_Source\PSoC4/cyfitter_cfg.c **** 			const cfg_memset_t CYCODE * CYDATA ms = &cfg_memset_list[i];
 393              		.loc 1 274 0
 394 0130 FB1C     		add	r3, r7, #3
 395 0132 1A78     		ldrb	r2, [r3]
 396 0134 131C     		mov	r3, r2
 397 0136 5B00     		lsl	r3, r3, #1
 398 0138 9B18     		add	r3, r3, r2
 399 013a 5B00     		lsl	r3, r3, #1
 400 013c 1A1C     		mov	r2, r3
 401 013e 264B     		ldr	r3, .L24
 402 0140 D318     		add	r3, r2, r3
 403 0142 7B60     		str	r3, [r7, #4]
 275:.\Generated_Source\PSoC4/cyfitter_cfg.c **** 			CYMEMZERO(ms->address, (uint32)(ms->size));
 404              		.loc 1 275 0
 405 0144 7B68     		ldr	r3, [r7, #4]
ARM GAS  C:\Users\maxk\AppData\Local\Temp\cc4ACgdP.s 			page 13


 406 0146 1A78     		ldrb	r2, [r3]
 407 0148 5978     		ldrb	r1, [r3, #1]
 408 014a 0902     		lsl	r1, r1, #8
 409 014c 0A43     		orr	r2, r2, r1
 410 014e 9978     		ldrb	r1, [r3, #2]
 411 0150 0904     		lsl	r1, r1, #16
 412 0152 0A43     		orr	r2, r2, r1
 413 0154 DB78     		ldrb	r3, [r3, #3]
 414 0156 1B06     		lsl	r3, r3, #24
 415 0158 1343     		orr	r3, r3, r2
 416 015a 1A1C     		mov	r2, r3
 417 015c 7B68     		ldr	r3, [r7, #4]
 418 015e 1979     		ldrb	r1, [r3, #4]
 419 0160 5B79     		ldrb	r3, [r3, #5]
 420 0162 1B02     		lsl	r3, r3, #8
 421 0164 0B43     		orr	r3, r3, r1
 422 0166 9BB2     		uxth	r3, r3
 423 0168 101C     		mov	r0, r2
 424 016a 191C     		mov	r1, r3
 425 016c FFF7FEFF 		bl	CYMEMZERO
 426              	.LBE3:
 427              		.loc 1 272 0
 428 0170 FB1C     		add	r3, r7, #3
 429 0172 FA1C     		add	r2, r7, #3
 430 0174 1278     		ldrb	r2, [r2]
 431 0176 0132     		add	r2, r2, #1
 432 0178 1A70     		strb	r2, [r3]
 433              	.L21:
 434 017a FB1C     		add	r3, r7, #3
 435 017c 1B78     		ldrb	r3, [r3]
 436 017e 012B     		cmp	r3, #1
 437 0180 D6D9     		bls	.L22
 276:.\Generated_Source\PSoC4/cyfitter_cfg.c **** 		}
 277:.\Generated_Source\PSoC4/cyfitter_cfg.c **** 
 278:.\Generated_Source\PSoC4/cyfitter_cfg.c **** 		/* HSIOM Starting address: CYDEV_HSIOM_BASE */
 279:.\Generated_Source\PSoC4/cyfitter_cfg.c **** 		CY_SET_XTND_REG32((void CYFAR *)(CYREG_HSIOM_PORT_SEL3), 0x0000EE00u);
 438              		.loc 1 279 0
 439 0182 164A     		ldr	r2, .L24+4
 440 0184 EE23     		mov	r3, #238
 441 0186 1B02     		lsl	r3, r3, #8
 442 0188 1360     		str	r3, [r2]
 280:.\Generated_Source\PSoC4/cyfitter_cfg.c **** 
 281:.\Generated_Source\PSoC4/cyfitter_cfg.c **** 		/* IOPINS0_1 Starting address: CYDEV_PRT1_DR */
 282:.\Generated_Source\PSoC4/cyfitter_cfg.c **** 		CY_SET_XTND_REG32((void CYFAR *)(CYREG_PRT1_PC), 0x00180000u);
 443              		.loc 1 282 0
 444 018a 154A     		ldr	r2, .L24+8
 445 018c C023     		mov	r3, #192
 446 018e 5B03     		lsl	r3, r3, #13
 447 0190 1360     		str	r3, [r2]
 283:.\Generated_Source\PSoC4/cyfitter_cfg.c **** 
 284:.\Generated_Source\PSoC4/cyfitter_cfg.c **** 		/* IOPINS0_3 Starting address: CYDEV_PRT3_DR */
 285:.\Generated_Source\PSoC4/cyfitter_cfg.c **** 		CY_SET_XTND_REG32((void CYFAR *)(CYREG_PRT3_PC), 0x00000D80u);
 448              		.loc 1 285 0
 449 0192 144A     		ldr	r2, .L24+12
 450 0194 D823     		mov	r3, #216
 451 0196 1B01     		lsl	r3, r3, #4
 452 0198 1360     		str	r3, [r2]
ARM GAS  C:\Users\maxk\AppData\Local\Temp\cc4ACgdP.s 			page 14


 286:.\Generated_Source\PSoC4/cyfitter_cfg.c **** 
 287:.\Generated_Source\PSoC4/cyfitter_cfg.c **** 		/* UDB_PA_1 Starting address: CYDEV_UDB_PA1_BASE */
 288:.\Generated_Source\PSoC4/cyfitter_cfg.c **** 		CY_SET_XTND_REG32((void CYFAR *)(CYDEV_UDB_PA1_BASE), 0x00990000u);
 453              		.loc 1 288 0
 454 019a 134A     		ldr	r2, .L24+16
 455 019c 9923     		mov	r3, #153
 456 019e 1B04     		lsl	r3, r3, #16
 457 01a0 1360     		str	r3, [r2]
 289:.\Generated_Source\PSoC4/cyfitter_cfg.c **** 
 290:.\Generated_Source\PSoC4/cyfitter_cfg.c **** 		/* UDB_PA_3 Starting address: CYDEV_UDB_PA3_BASE */
 291:.\Generated_Source\PSoC4/cyfitter_cfg.c **** 		CY_SET_XTND_REG32((void CYFAR *)(CYDEV_UDB_PA3_BASE), 0x00990000u);
 458              		.loc 1 291 0
 459 01a2 124A     		ldr	r2, .L24+20
 460 01a4 9923     		mov	r3, #153
 461 01a6 1B04     		lsl	r3, r3, #16
 462 01a8 1360     		str	r3, [r2]
 292:.\Generated_Source\PSoC4/cyfitter_cfg.c **** 
 293:.\Generated_Source\PSoC4/cyfitter_cfg.c **** 		/* Enable digital routing */
 294:.\Generated_Source\PSoC4/cyfitter_cfg.c **** 		CY_SET_XTND_REG8((void *)CYREG_UDB_UDBIF_BANK_CTL, CY_GET_XTND_REG8((void *)CYREG_UDB_UDBIF_BANK_
 463              		.loc 1 294 0
 464 01aa 114B     		ldr	r3, .L24+24
 465 01ac 104A     		ldr	r2, .L24+24
 466 01ae 1278     		ldrb	r2, [r2]
 467 01b0 D1B2     		uxtb	r1, r2
 468 01b2 0222     		mov	r2, #2
 469 01b4 0A43     		orr	r2, r2, r1
 470 01b6 D2B2     		uxtb	r2, r2
 471 01b8 1A70     		strb	r2, [r3]
 295:.\Generated_Source\PSoC4/cyfitter_cfg.c **** 
 296:.\Generated_Source\PSoC4/cyfitter_cfg.c **** 		/* Enable UDB array */
 297:.\Generated_Source\PSoC4/cyfitter_cfg.c **** 		CY_SET_XTND_REG8((void *)CYREG_UDB_UDBIF_BANK_CTL, CY_GET_XTND_REG8((void *)CYREG_UDB_UDBIF_BANK_
 472              		.loc 1 297 0
 473 01ba 0D4B     		ldr	r3, .L24+24
 474 01bc 0C4A     		ldr	r2, .L24+24
 475 01be 1278     		ldrb	r2, [r2]
 476 01c0 D1B2     		uxtb	r1, r2
 477 01c2 0622     		mov	r2, #6
 478 01c4 0A43     		orr	r2, r2, r1
 479 01c6 D2B2     		uxtb	r2, r2
 480 01c8 1A70     		strb	r2, [r3]
 481              	.LBE2:
 298:.\Generated_Source\PSoC4/cyfitter_cfg.c **** 	}
 299:.\Generated_Source\PSoC4/cyfitter_cfg.c **** 
 300:.\Generated_Source\PSoC4/cyfitter_cfg.c **** 	/* Setup clocks based on selections from Clock DWR */
 301:.\Generated_Source\PSoC4/cyfitter_cfg.c **** 	ClockSetup();
 482              		.loc 1 301 0
 483 01ca FFF771FF 		bl	ClockSetup
 302:.\Generated_Source\PSoC4/cyfitter_cfg.c **** 
 303:.\Generated_Source\PSoC4/cyfitter_cfg.c **** 	/* Perform basic analog initialization to defaults */
 304:.\Generated_Source\PSoC4/cyfitter_cfg.c **** 	AnalogSetDefault();
 484              		.loc 1 304 0
 485 01ce FFF7FEFF 		bl	AnalogSetDefault
 305:.\Generated_Source\PSoC4/cyfitter_cfg.c **** 
 306:.\Generated_Source\PSoC4/cyfitter_cfg.c **** }
 486              		.loc 1 306 0
 487 01d2 BD46     		mov	sp, r7
 488 01d4 02B0     		add	sp, sp, #8
ARM GAS  C:\Users\maxk\AppData\Local\Temp\cc4ACgdP.s 			page 15


 489              		@ sp needed for prologue
 490 01d6 80BD     		pop	{r7, pc}
 491              	.L25:
 492              		.align	2
 493              	.L24:
 494 01d8 00000000 		.word	cfg_memset_list.1882
 495 01dc 0C000140 		.word	1073807372
 496 01e0 08010440 		.word	1074004232
 497 01e4 08030440 		.word	1074004744
 498 01e8 10500F40 		.word	1074745360
 499 01ec 30500F40 		.word	1074745392
 500 01f0 00700F40 		.word	1074753536
 501              		.cfi_endproc
 502              	.LFE6:
 503              		.size	cyfitter_cfg, .-cyfitter_cfg
 504              		.section	.rodata
 505              		.align	2
 506              		.type	cfg_memset_list.1882, %object
 507              		.size	cfg_memset_list.1882, 12
 508              	cfg_memset_list.1882:
 509 0000 00300F40 		.word	1074737152
 510 0004 0004     		.short	1024
 511 0006 00400F40 		.4byte	1074741248
 512 000a 0004     		.short	1024
 513              		.align	2
 514              		.type	IMO_TRIM_FREQ_TABLE_ENTRIES.1827, %object
 515              		.size	IMO_TRIM_FREQ_TABLE_ENTRIES.1827, 4
 516              	IMO_TRIM_FREQ_TABLE_ENTRIES.1827:
 517 000c 04000000 		.word	4
 518              		.data
 519              		.align	2
 520              		.type	imo_trim_table.1826, %object
 521              		.size	imo_trim_table.1826, 4
 522              	imo_trim_table.1826:
 523 0000 C0F1FF0F 		.word	268431808
 524              		.text
 525              	.Letext0:
 526              		.section	.debug_loc,"",%progbits
 527              	.Ldebug_loc0:
 528              	.LLST0:
 529 0000 00000000 		.4byte	.LFB0
 530 0004 02000000 		.4byte	.LCFI0
 531 0008 0100     		.2byte	0x1
 532 000a 5D       		.byte	0x5d
 533 000b 02000000 		.4byte	.LCFI0
 534 000f 04000000 		.4byte	.LCFI1
 535 0013 0200     		.2byte	0x2
 536 0015 7D       		.byte	0x7d
 537 0016 08       		.sleb128 8
 538 0017 04000000 		.4byte	.LCFI1
 539 001b 06000000 		.4byte	.LCFI2
 540 001f 0200     		.2byte	0x2
 541 0021 7D       		.byte	0x7d
 542 0022 10       		.sleb128 16
 543 0023 06000000 		.4byte	.LCFI2
 544 0027 1E000000 		.4byte	.LFE0
 545 002b 0200     		.2byte	0x2
ARM GAS  C:\Users\maxk\AppData\Local\Temp\cc4ACgdP.s 			page 16


 546 002d 77       		.byte	0x77
 547 002e 10       		.sleb128 16
 548 002f 00000000 		.4byte	0x0
 549 0033 00000000 		.4byte	0x0
 550              	.LLST1:
 551 0037 00000000 		.4byte	.LFB1
 552 003b 02000000 		.4byte	.LCFI3
 553 003f 0100     		.2byte	0x1
 554 0041 5D       		.byte	0x5d
 555 0042 02000000 		.4byte	.LCFI3
 556 0046 04000000 		.4byte	.LCFI4
 557 004a 0200     		.2byte	0x2
 558 004c 7D       		.byte	0x7d
 559 004d 08       		.sleb128 8
 560 004e 04000000 		.4byte	.LCFI4
 561 0052 06000000 		.4byte	.LCFI5
 562 0056 0200     		.2byte	0x2
 563 0058 7D       		.byte	0x7d
 564 0059 18       		.sleb128 24
 565 005a 06000000 		.4byte	.LCFI5
 566 005e 22000000 		.4byte	.LFE1
 567 0062 0200     		.2byte	0x2
 568 0064 77       		.byte	0x77
 569 0065 18       		.sleb128 24
 570 0066 00000000 		.4byte	0x0
 571 006a 00000000 		.4byte	0x0
 572              	.LLST2:
 573 006e 00000000 		.4byte	.LFB2
 574 0072 02000000 		.4byte	.LCFI6
 575 0076 0100     		.2byte	0x1
 576 0078 5D       		.byte	0x5d
 577 0079 02000000 		.4byte	.LCFI6
 578 007d 04000000 		.4byte	.LCFI7
 579 0081 0200     		.2byte	0x2
 580 0083 7D       		.byte	0x7d
 581 0084 08       		.sleb128 8
 582 0085 04000000 		.4byte	.LCFI7
 583 0089 06000000 		.4byte	.LCFI8
 584 008d 0200     		.2byte	0x2
 585 008f 7D       		.byte	0x7d
 586 0090 18       		.sleb128 24
 587 0091 06000000 		.4byte	.LCFI8
 588 0095 22000000 		.4byte	.LFE2
 589 0099 0200     		.2byte	0x2
 590 009b 77       		.byte	0x77
 591 009c 18       		.sleb128 24
 592 009d 00000000 		.4byte	0x0
 593 00a1 00000000 		.4byte	0x0
 594              	.LLST3:
 595 00a5 00000000 		.4byte	.LFB3
 596 00a9 02000000 		.4byte	.LCFI9
 597 00ad 0100     		.2byte	0x1
 598 00af 5D       		.byte	0x5d
 599 00b0 02000000 		.4byte	.LCFI9
 600 00b4 04000000 		.4byte	.LCFI10
 601 00b8 0200     		.2byte	0x2
 602 00ba 7D       		.byte	0x7d
ARM GAS  C:\Users\maxk\AppData\Local\Temp\cc4ACgdP.s 			page 17


 603 00bb 08       		.sleb128 8
 604 00bc 04000000 		.4byte	.LCFI10
 605 00c0 06000000 		.4byte	.LCFI11
 606 00c4 0200     		.2byte	0x2
 607 00c6 7D       		.byte	0x7d
 608 00c7 18       		.sleb128 24
 609 00c8 06000000 		.4byte	.LCFI11
 610 00cc B0000000 		.4byte	.LFE3
 611 00d0 0200     		.2byte	0x2
 612 00d2 77       		.byte	0x77
 613 00d3 18       		.sleb128 24
 614 00d4 00000000 		.4byte	0x0
 615 00d8 00000000 		.4byte	0x0
 616              	.LLST4:
 617 00dc B0000000 		.4byte	.LFB4
 618 00e0 B2000000 		.4byte	.LCFI12
 619 00e4 0100     		.2byte	0x1
 620 00e6 5D       		.byte	0x5d
 621 00e7 B2000000 		.4byte	.LCFI12
 622 00eb B4000000 		.4byte	.LCFI13
 623 00ef 0200     		.2byte	0x2
 624 00f1 7D       		.byte	0x7d
 625 00f2 08       		.sleb128 8
 626 00f3 B4000000 		.4byte	.LCFI13
 627 00f7 20010000 		.4byte	.LFE4
 628 00fb 0200     		.2byte	0x2
 629 00fd 77       		.byte	0x77
 630 00fe 08       		.sleb128 8
 631 00ff 00000000 		.4byte	0x0
 632 0103 00000000 		.4byte	0x0
 633              	.LLST5:
 634 0107 00000000 		.4byte	.LFB5
 635 010b 02000000 		.4byte	.LCFI14
 636 010f 0100     		.2byte	0x1
 637 0111 5D       		.byte	0x5d
 638 0112 02000000 		.4byte	.LCFI14
 639 0116 04000000 		.4byte	.LCFI15
 640 011a 0200     		.2byte	0x2
 641 011c 7D       		.byte	0x7d
 642 011d 08       		.sleb128 8
 643 011e 04000000 		.4byte	.LCFI15
 644 0122 08000000 		.4byte	.LFE5
 645 0126 0200     		.2byte	0x2
 646 0128 77       		.byte	0x77
 647 0129 08       		.sleb128 8
 648 012a 00000000 		.4byte	0x0
 649 012e 00000000 		.4byte	0x0
 650              	.LLST6:
 651 0132 20010000 		.4byte	.LFB6
 652 0136 22010000 		.4byte	.LCFI16
 653 013a 0100     		.2byte	0x1
 654 013c 5D       		.byte	0x5d
 655 013d 22010000 		.4byte	.LCFI16
 656 0141 24010000 		.4byte	.LCFI17
 657 0145 0200     		.2byte	0x2
 658 0147 7D       		.byte	0x7d
 659 0148 08       		.sleb128 8
ARM GAS  C:\Users\maxk\AppData\Local\Temp\cc4ACgdP.s 			page 18


 660 0149 24010000 		.4byte	.LCFI17
 661 014d 26010000 		.4byte	.LCFI18
 662 0151 0200     		.2byte	0x2
 663 0153 7D       		.byte	0x7d
 664 0154 10       		.sleb128 16
 665 0155 26010000 		.4byte	.LCFI18
 666 0159 F4010000 		.4byte	.LFE6
 667 015d 0200     		.2byte	0x2
 668 015f 77       		.byte	0x77
 669 0160 10       		.sleb128 16
 670 0161 00000000 		.4byte	0x0
 671 0165 00000000 		.4byte	0x0
 672              		.file 2 "c:\\program files (x86)\\cypress\\psoc creator\\2.2\\psoc creator\\import\\gnu_cs\\arm\\4
 673              		.file 3 "./Generated_Source/PSoC4/cytypes.h"
 674              		.section	.debug_info
 675 0000 41030000 		.4byte	0x341
 676 0004 0200     		.2byte	0x2
 677 0006 00000000 		.4byte	.Ldebug_abbrev0
 678 000a 04       		.byte	0x4
 679 000b 01       		.uleb128 0x1
 680 000c E7010000 		.4byte	.LASF40
 681 0010 01       		.byte	0x1
 682 0011 BF010000 		.4byte	.LASF41
 683 0015 04010000 		.4byte	.LASF42
 684 0019 00000000 		.4byte	0x0
 685 001d 00000000 		.4byte	0x0
 686 0021 00000000 		.4byte	.Ldebug_ranges0+0x0
 687 0025 00000000 		.4byte	.Ldebug_line0
 688 0029 02       		.uleb128 0x2
 689 002a 01       		.byte	0x1
 690 002b 06       		.byte	0x6
 691 002c 33020000 		.4byte	.LASF0
 692 0030 02       		.uleb128 0x2
 693 0031 01       		.byte	0x1
 694 0032 08       		.byte	0x8
 695 0033 CB000000 		.4byte	.LASF1
 696 0037 02       		.uleb128 0x2
 697 0038 02       		.byte	0x2
 698 0039 05       		.byte	0x5
 699 003a 74000000 		.4byte	.LASF2
 700 003e 02       		.uleb128 0x2
 701 003f 02       		.byte	0x2
 702 0040 07       		.byte	0x7
 703 0041 61000000 		.4byte	.LASF3
 704 0045 03       		.uleb128 0x3
 705 0046 04       		.byte	0x4
 706 0047 05       		.byte	0x5
 707 0048 696E7400 		.ascii	"int\000"
 708 004c 02       		.uleb128 0x2
 709 004d 04       		.byte	0x4
 710 004e 07       		.byte	0x7
 711 004f 68010000 		.4byte	.LASF4
 712 0053 02       		.uleb128 0x2
 713 0054 08       		.byte	0x8
 714 0055 05       		.byte	0x5
 715 0056 00000000 		.4byte	.LASF5
 716 005a 02       		.uleb128 0x2
ARM GAS  C:\Users\maxk\AppData\Local\Temp\cc4ACgdP.s 			page 19


 717 005b 08       		.byte	0x8
 718 005c 07       		.byte	0x7
 719 005d 8A010000 		.4byte	.LASF6
 720 0061 02       		.uleb128 0x2
 721 0062 04       		.byte	0x4
 722 0063 05       		.byte	0x5
 723 0064 1B020000 		.4byte	.LASF7
 724 0068 04       		.uleb128 0x4
 725 0069 04       		.byte	0x4
 726 006a 07       		.byte	0x7
 727 006b 05       		.uleb128 0x5
 728 006c 04       		.byte	0x4
 729 006d 02       		.uleb128 0x2
 730 006e 04       		.byte	0x4
 731 006f 07       		.byte	0x7
 732 0070 A9000000 		.4byte	.LASF8
 733 0074 02       		.uleb128 0x2
 734 0075 01       		.byte	0x1
 735 0076 08       		.byte	0x8
 736 0077 F3010000 		.4byte	.LASF9
 737 007b 06       		.uleb128 0x6
 738 007c 17000000 		.4byte	.LASF10
 739 0080 02       		.byte	0x2
 740 0081 D3       		.byte	0xd3
 741 0082 4C000000 		.4byte	0x4c
 742 0086 06       		.uleb128 0x6
 743 0087 06020000 		.4byte	.LASF11
 744 008b 03       		.byte	0x3
 745 008c 4C       		.byte	0x4c
 746 008d 30000000 		.4byte	0x30
 747 0091 06       		.uleb128 0x6
 748 0092 5A010000 		.4byte	.LASF12
 749 0096 03       		.byte	0x3
 750 0097 4D       		.byte	0x4d
 751 0098 3E000000 		.4byte	0x3e
 752 009c 06       		.uleb128 0x6
 753 009d 61010000 		.4byte	.LASF13
 754 00a1 03       		.byte	0x3
 755 00a2 4E       		.byte	0x4e
 756 00a3 6D000000 		.4byte	0x6d
 757 00a7 06       		.uleb128 0x6
 758 00a8 BB000000 		.4byte	.LASF14
 759 00ac 03       		.byte	0x3
 760 00ad 51       		.byte	0x51
 761 00ae 61000000 		.4byte	0x61
 762 00b2 02       		.uleb128 0x2
 763 00b3 04       		.byte	0x4
 764 00b4 04       		.byte	0x4
 765 00b5 8C000000 		.4byte	.LASF15
 766 00b9 02       		.uleb128 0x2
 767 00ba 08       		.byte	0x8
 768 00bb 04       		.byte	0x4
 769 00bc D9000000 		.4byte	.LASF16
 770 00c0 07       		.uleb128 0x7
 771 00c1 C1000000 		.4byte	.LASF17
 772 00c5 01       		.byte	0x1
 773 00c6 57       		.byte	0x57
ARM GAS  C:\Users\maxk\AppData\Local\Temp\cc4ACgdP.s 			page 20


 774 00c7 01       		.byte	0x1
 775 00c8 00000000 		.4byte	.LFB0
 776 00cc 1E000000 		.4byte	.LFE0
 777 00d0 00000000 		.4byte	.LLST0
 778 00d4 F1000000 		.4byte	0xf1
 779 00d8 08       		.uleb128 0x8
 780 00d9 7300     		.ascii	"s\000"
 781 00db 01       		.byte	0x1
 782 00dc 57       		.byte	0x57
 783 00dd 6B000000 		.4byte	0x6b
 784 00e1 02       		.byte	0x2
 785 00e2 91       		.byte	0x91
 786 00e3 74       		.sleb128 -12
 787 00e4 08       		.uleb128 0x8
 788 00e5 6E00     		.ascii	"n\000"
 789 00e7 01       		.byte	0x1
 790 00e8 57       		.byte	0x57
 791 00e9 7B000000 		.4byte	0x7b
 792 00ed 02       		.byte	0x2
 793 00ee 91       		.byte	0x91
 794 00ef 70       		.sleb128 -16
 795 00f0 00       		.byte	0x0
 796 00f1 07       		.uleb128 0x7
 797 00f2 4F020000 		.4byte	.LASF18
 798 00f6 01       		.byte	0x1
 799 00f7 5E       		.byte	0x5e
 800 00f8 01       		.byte	0x1
 801 00f9 00000000 		.4byte	.LFB1
 802 00fd 22000000 		.4byte	.LFE1
 803 0101 37000000 		.4byte	.LLST1
 804 0105 32010000 		.4byte	0x132
 805 0109 09       		.uleb128 0x9
 806 010a 9F000000 		.4byte	.LASF19
 807 010e 01       		.byte	0x1
 808 010f 5E       		.byte	0x5e
 809 0110 6B000000 		.4byte	0x6b
 810 0114 02       		.byte	0x2
 811 0115 91       		.byte	0x91
 812 0116 74       		.sleb128 -12
 813 0117 08       		.uleb128 0x8
 814 0118 73726300 		.ascii	"src\000"
 815 011c 01       		.byte	0x1
 816 011d 5E       		.byte	0x5e
 817 011e 32010000 		.4byte	0x132
 818 0122 02       		.byte	0x2
 819 0123 91       		.byte	0x91
 820 0124 70       		.sleb128 -16
 821 0125 08       		.uleb128 0x8
 822 0126 6E00     		.ascii	"n\000"
 823 0128 01       		.byte	0x1
 824 0129 5E       		.byte	0x5e
 825 012a 7B000000 		.4byte	0x7b
 826 012e 02       		.byte	0x2
 827 012f 91       		.byte	0x91
 828 0130 6C       		.sleb128 -20
 829 0131 00       		.byte	0x0
 830 0132 0A       		.uleb128 0xa
ARM GAS  C:\Users\maxk\AppData\Local\Temp\cc4ACgdP.s 			page 21


 831 0133 04       		.byte	0x4
 832 0134 38010000 		.4byte	0x138
 833 0138 0B       		.uleb128 0xb
 834 0139 07       		.uleb128 0x7
 835 013a 3F020000 		.4byte	.LASF20
 836 013e 01       		.byte	0x1
 837 013f 65       		.byte	0x65
 838 0140 01       		.byte	0x1
 839 0141 00000000 		.4byte	.LFB2
 840 0145 22000000 		.4byte	.LFE2
 841 0149 6E000000 		.4byte	.LLST2
 842 014d 7A010000 		.4byte	0x17a
 843 0151 09       		.uleb128 0x9
 844 0152 9F000000 		.4byte	.LASF19
 845 0156 01       		.byte	0x1
 846 0157 65       		.byte	0x65
 847 0158 6B000000 		.4byte	0x6b
 848 015c 02       		.byte	0x2
 849 015d 91       		.byte	0x91
 850 015e 74       		.sleb128 -12
 851 015f 08       		.uleb128 0x8
 852 0160 73726300 		.ascii	"src\000"
 853 0164 01       		.byte	0x1
 854 0165 65       		.byte	0x65
 855 0166 32010000 		.4byte	0x132
 856 016a 02       		.byte	0x2
 857 016b 91       		.byte	0x91
 858 016c 70       		.sleb128 -16
 859 016d 08       		.uleb128 0x8
 860 016e 6E00     		.ascii	"n\000"
 861 0170 01       		.byte	0x1
 862 0171 65       		.byte	0x65
 863 0172 7B000000 		.4byte	0x7b
 864 0176 02       		.byte	0x2
 865 0177 91       		.byte	0x91
 866 0178 6C       		.sleb128 -20
 867 0179 00       		.byte	0x0
 868 017a 07       		.uleb128 0x7
 869 017b 7E000000 		.4byte	.LASF21
 870 017f 01       		.byte	0x1
 871 0180 7F       		.byte	0x7f
 872 0181 01       		.byte	0x1
 873 0182 00000000 		.4byte	.LFB3
 874 0186 B0000000 		.4byte	.LFE3
 875 018a A5000000 		.4byte	.LLST3
 876 018e 4D020000 		.4byte	0x24d
 877 0192 09       		.uleb128 0x9
 878 0193 E0000000 		.4byte	.LASF22
 879 0197 01       		.byte	0x1
 880 0198 7F       		.byte	0x7f
 881 0199 86000000 		.4byte	0x86
 882 019d 02       		.byte	0x2
 883 019e 91       		.byte	0x91
 884 019f 6F       		.sleb128 -17
 885 01a0 0C       		.uleb128 0xc
 886 01a1 03       		.byte	0x3
 887 01a2 01       		.byte	0x1
ARM GAS  C:\Users\maxk\AppData\Local\Temp\cc4ACgdP.s 			page 22


 888 01a3 81       		.byte	0x81
 889 01a4 D3010000 		.4byte	0x1d3
 890 01a8 0D       		.uleb128 0xd
 891 01a9 01020000 		.4byte	.LASF23
 892 01ad 01       		.byte	0x1
 893 01ae 82       		.byte	0x82
 894 01af 86000000 		.4byte	0x86
 895 01b3 02       		.byte	0x2
 896 01b4 23       		.byte	0x23
 897 01b5 00       		.uleb128 0x0
 898 01b6 0D       		.uleb128 0xd
 899 01b7 F8010000 		.4byte	.LASF24
 900 01bb 01       		.byte	0x1
 901 01bc 83       		.byte	0x83
 902 01bd 86000000 		.4byte	0x86
 903 01c1 02       		.byte	0x2
 904 01c2 23       		.byte	0x23
 905 01c3 01       		.uleb128 0x1
 906 01c4 0D       		.uleb128 0xd
 907 01c5 5B000000 		.4byte	.LASF25
 908 01c9 01       		.byte	0x1
 909 01ca 84       		.byte	0x84
 910 01cb 86000000 		.4byte	0x86
 911 01cf 02       		.byte	0x2
 912 01d0 23       		.byte	0x23
 913 01d1 02       		.uleb128 0x2
 914 01d2 00       		.byte	0x0
 915 01d3 06       		.uleb128 0x6
 916 01d4 2F000000 		.4byte	.LASF26
 917 01d8 01       		.byte	0x1
 918 01d9 85       		.byte	0x85
 919 01da A0010000 		.4byte	0x1a0
 920 01de 0C       		.uleb128 0xc
 921 01df 0C       		.byte	0xc
 922 01e0 01       		.byte	0x1
 923 01e1 87       		.byte	0x87
 924 01e2 F5010000 		.4byte	0x1f5
 925 01e6 0D       		.uleb128 0xd
 926 01e7 24020000 		.4byte	.LASF27
 927 01eb 01       		.byte	0x1
 928 01ec 88       		.byte	0x88
 929 01ed 4D020000 		.4byte	0x24d
 930 01f1 02       		.byte	0x2
 931 01f2 23       		.byte	0x23
 932 01f3 00       		.uleb128 0x0
 933 01f4 00       		.byte	0x0
 934 01f5 06       		.uleb128 0x6
 935 01f6 A1010000 		.4byte	.LASF28
 936 01fa 01       		.byte	0x1
 937 01fb 89       		.byte	0x89
 938 01fc DE010000 		.4byte	0x1de
 939 0200 0E       		.uleb128 0xe
 940 0201 0C020000 		.4byte	.LASF29
 941 0205 01       		.byte	0x1
 942 0206 8B       		.byte	0x8b
 943 0207 5D020000 		.4byte	0x25d
 944 020b 05       		.byte	0x5
ARM GAS  C:\Users\maxk\AppData\Local\Temp\cc4ACgdP.s 			page 23


 945 020c 03       		.byte	0x3
 946 020d 00000000 		.4byte	imo_trim_table.1826
 947 0211 0E       		.uleb128 0xe
 948 0212 E8000000 		.4byte	.LASF30
 949 0216 01       		.byte	0x1
 950 0217 8C       		.byte	0x8c
 951 0218 68020000 		.4byte	0x268
 952 021c 05       		.byte	0x5
 953 021d 03       		.byte	0x3
 954 021e 0C000000 		.4byte	IMO_TRIM_FREQ_TABLE_ENTRIES.1827
 955 0222 0E       		.uleb128 0xe
 956 0223 92000000 		.4byte	.LASF31
 957 0227 01       		.byte	0x1
 958 0228 8E       		.byte	0x8e
 959 0229 A7000000 		.4byte	0xa7
 960 022d 02       		.byte	0x2
 961 022e 91       		.byte	0x91
 962 022f 70       		.sleb128 -16
 963 0230 0E       		.uleb128 0xe
 964 0231 2C020000 		.4byte	.LASF32
 965 0235 01       		.byte	0x1
 966 0236 8F       		.byte	0x8f
 967 0237 86000000 		.4byte	0x86
 968 023b 02       		.byte	0x2
 969 023c 91       		.byte	0x91
 970 023d 76       		.sleb128 -10
 971 023e 0E       		.uleb128 0xe
 972 023f 0E000000 		.4byte	.LASF33
 973 0243 01       		.byte	0x1
 974 0244 90       		.byte	0x90
 975 0245 86000000 		.4byte	0x86
 976 0249 02       		.byte	0x2
 977 024a 91       		.byte	0x91
 978 024b 77       		.sleb128 -9
 979 024c 00       		.byte	0x0
 980 024d 0F       		.uleb128 0xf
 981 024e D3010000 		.4byte	0x1d3
 982 0252 5D020000 		.4byte	0x25d
 983 0256 10       		.uleb128 0x10
 984 0257 68000000 		.4byte	0x68
 985 025b 03       		.byte	0x3
 986 025c 00       		.byte	0x0
 987 025d 0A       		.uleb128 0xa
 988 025e 04       		.byte	0x4
 989 025f 63020000 		.4byte	0x263
 990 0263 11       		.uleb128 0x11
 991 0264 F5010000 		.4byte	0x1f5
 992 0268 11       		.uleb128 0x11
 993 0269 9C000000 		.4byte	0x9c
 994 026d 12       		.uleb128 0x12
 995 026e 50000000 		.4byte	.LASF34
 996 0272 01       		.byte	0x1
 997 0273 B6       		.byte	0xb6
 998 0274 01       		.byte	0x1
 999 0275 B0000000 		.4byte	.LFB4
 1000 0279 20010000 		.4byte	.LFE4
 1001 027d DC000000 		.4byte	.LLST4
ARM GAS  C:\Users\maxk\AppData\Local\Temp\cc4ACgdP.s 			page 24


 1002 0281 12       		.uleb128 0x12
 1003 0282 1E000000 		.4byte	.LASF35
 1004 0286 01       		.byte	0x1
 1005 0287 E3       		.byte	0xe3
 1006 0288 01       		.byte	0x1
 1007 0289 00000000 		.4byte	.LFB5
 1008 028d 08000000 		.4byte	.LFE5
 1009 0291 07010000 		.4byte	.LLST5
 1010 0295 13       		.uleb128 0x13
 1011 0296 01       		.byte	0x1
 1012 0297 75010000 		.4byte	.LASF43
 1013 029b 01       		.byte	0x1
 1014 029c FB       		.byte	0xfb
 1015 029d 01       		.byte	0x1
 1016 029e 20010000 		.4byte	.LFB6
 1017 02a2 F4010000 		.4byte	.LFE6
 1018 02a6 32010000 		.4byte	.LLST6
 1019 02aa 24030000 		.4byte	0x324
 1020 02ae 14       		.uleb128 0x14
 1021 02af 28010000 		.4byte	.LBB2
 1022 02b3 CA010000 		.4byte	.LBE2
 1023 02b7 15       		.uleb128 0x15
 1024 02b8 06       		.byte	0x6
 1025 02b9 01       		.byte	0x1
 1026 02ba 0201     		.2byte	0x102
 1027 02bc DF020000 		.4byte	0x2df
 1028 02c0 16       		.uleb128 0x16
 1029 02c1 82010000 		.4byte	.LASF36
 1030 02c5 01       		.byte	0x1
 1031 02c6 0301     		.2byte	0x103
 1032 02c8 6B000000 		.4byte	0x6b
 1033 02cc 02       		.byte	0x2
 1034 02cd 23       		.byte	0x23
 1035 02ce 00       		.uleb128 0x0
 1036 02cf 16       		.uleb128 0x16
 1037 02d0 A4000000 		.4byte	.LASF37
 1038 02d4 01       		.byte	0x1
 1039 02d5 0401     		.2byte	0x104
 1040 02d7 91000000 		.4byte	0x91
 1041 02db 02       		.byte	0x2
 1042 02dc 23       		.byte	0x23
 1043 02dd 04       		.uleb128 0x4
 1044 02de 00       		.byte	0x0
 1045 02df 17       		.uleb128 0x17
 1046 02e0 B2010000 		.4byte	.LASF38
 1047 02e4 01       		.byte	0x1
 1048 02e5 0501     		.2byte	0x105
 1049 02e7 B7020000 		.4byte	0x2b7
 1050 02eb 18       		.uleb128 0x18
 1051 02ec 40000000 		.4byte	.LASF39
 1052 02f0 01       		.byte	0x1
 1053 02f1 0701     		.2byte	0x107
 1054 02f3 34030000 		.4byte	0x334
 1055 02f7 05       		.byte	0x5
 1056 02f8 03       		.byte	0x3
 1057 02f9 00000000 		.4byte	cfg_memset_list.1882
 1058 02fd 19       		.uleb128 0x19
ARM GAS  C:\Users\maxk\AppData\Local\Temp\cc4ACgdP.s 			page 25


 1059 02fe 6900     		.ascii	"i\000"
 1060 0300 01       		.byte	0x1
 1061 0301 0D01     		.2byte	0x10d
 1062 0303 86000000 		.4byte	0x86
 1063 0307 02       		.byte	0x2
 1064 0308 91       		.byte	0x91
 1065 0309 73       		.sleb128 -13
 1066 030a 14       		.uleb128 0x14
 1067 030b 30010000 		.4byte	.LBB3
 1068 030f 70010000 		.4byte	.LBE3
 1069 0313 19       		.uleb128 0x19
 1070 0314 6D7300   		.ascii	"ms\000"
 1071 0317 01       		.byte	0x1
 1072 0318 1201     		.2byte	0x112
 1073 031a 39030000 		.4byte	0x339
 1074 031e 02       		.byte	0x2
 1075 031f 91       		.byte	0x91
 1076 0320 74       		.sleb128 -12
 1077 0321 00       		.byte	0x0
 1078 0322 00       		.byte	0x0
 1079 0323 00       		.byte	0x0
 1080 0324 0F       		.uleb128 0xf
 1081 0325 DF020000 		.4byte	0x2df
 1082 0329 34030000 		.4byte	0x334
 1083 032d 10       		.uleb128 0x10
 1084 032e 68000000 		.4byte	0x68
 1085 0332 01       		.byte	0x1
 1086 0333 00       		.byte	0x0
 1087 0334 11       		.uleb128 0x11
 1088 0335 24030000 		.4byte	0x324
 1089 0339 0A       		.uleb128 0xa
 1090 033a 04       		.byte	0x4
 1091 033b 3F030000 		.4byte	0x33f
 1092 033f 11       		.uleb128 0x11
 1093 0340 DF020000 		.4byte	0x2df
 1094 0344 00       		.byte	0x0
 1095              		.section	.debug_abbrev
 1096 0000 01       		.uleb128 0x1
 1097 0001 11       		.uleb128 0x11
 1098 0002 01       		.byte	0x1
 1099 0003 25       		.uleb128 0x25
 1100 0004 0E       		.uleb128 0xe
 1101 0005 13       		.uleb128 0x13
 1102 0006 0B       		.uleb128 0xb
 1103 0007 03       		.uleb128 0x3
 1104 0008 0E       		.uleb128 0xe
 1105 0009 1B       		.uleb128 0x1b
 1106 000a 0E       		.uleb128 0xe
 1107 000b 11       		.uleb128 0x11
 1108 000c 01       		.uleb128 0x1
 1109 000d 52       		.uleb128 0x52
 1110 000e 01       		.uleb128 0x1
 1111 000f 55       		.uleb128 0x55
 1112 0010 06       		.uleb128 0x6
 1113 0011 10       		.uleb128 0x10
 1114 0012 06       		.uleb128 0x6
 1115 0013 00       		.byte	0x0
ARM GAS  C:\Users\maxk\AppData\Local\Temp\cc4ACgdP.s 			page 26


 1116 0014 00       		.byte	0x0
 1117 0015 02       		.uleb128 0x2
 1118 0016 24       		.uleb128 0x24
 1119 0017 00       		.byte	0x0
 1120 0018 0B       		.uleb128 0xb
 1121 0019 0B       		.uleb128 0xb
 1122 001a 3E       		.uleb128 0x3e
 1123 001b 0B       		.uleb128 0xb
 1124 001c 03       		.uleb128 0x3
 1125 001d 0E       		.uleb128 0xe
 1126 001e 00       		.byte	0x0
 1127 001f 00       		.byte	0x0
 1128 0020 03       		.uleb128 0x3
 1129 0021 24       		.uleb128 0x24
 1130 0022 00       		.byte	0x0
 1131 0023 0B       		.uleb128 0xb
 1132 0024 0B       		.uleb128 0xb
 1133 0025 3E       		.uleb128 0x3e
 1134 0026 0B       		.uleb128 0xb
 1135 0027 03       		.uleb128 0x3
 1136 0028 08       		.uleb128 0x8
 1137 0029 00       		.byte	0x0
 1138 002a 00       		.byte	0x0
 1139 002b 04       		.uleb128 0x4
 1140 002c 24       		.uleb128 0x24
 1141 002d 00       		.byte	0x0
 1142 002e 0B       		.uleb128 0xb
 1143 002f 0B       		.uleb128 0xb
 1144 0030 3E       		.uleb128 0x3e
 1145 0031 0B       		.uleb128 0xb
 1146 0032 00       		.byte	0x0
 1147 0033 00       		.byte	0x0
 1148 0034 05       		.uleb128 0x5
 1149 0035 0F       		.uleb128 0xf
 1150 0036 00       		.byte	0x0
 1151 0037 0B       		.uleb128 0xb
 1152 0038 0B       		.uleb128 0xb
 1153 0039 00       		.byte	0x0
 1154 003a 00       		.byte	0x0
 1155 003b 06       		.uleb128 0x6
 1156 003c 16       		.uleb128 0x16
 1157 003d 00       		.byte	0x0
 1158 003e 03       		.uleb128 0x3
 1159 003f 0E       		.uleb128 0xe
 1160 0040 3A       		.uleb128 0x3a
 1161 0041 0B       		.uleb128 0xb
 1162 0042 3B       		.uleb128 0x3b
 1163 0043 0B       		.uleb128 0xb
 1164 0044 49       		.uleb128 0x49
 1165 0045 13       		.uleb128 0x13
 1166 0046 00       		.byte	0x0
 1167 0047 00       		.byte	0x0
 1168 0048 07       		.uleb128 0x7
 1169 0049 2E       		.uleb128 0x2e
 1170 004a 01       		.byte	0x1
 1171 004b 03       		.uleb128 0x3
 1172 004c 0E       		.uleb128 0xe
ARM GAS  C:\Users\maxk\AppData\Local\Temp\cc4ACgdP.s 			page 27


 1173 004d 3A       		.uleb128 0x3a
 1174 004e 0B       		.uleb128 0xb
 1175 004f 3B       		.uleb128 0x3b
 1176 0050 0B       		.uleb128 0xb
 1177 0051 27       		.uleb128 0x27
 1178 0052 0C       		.uleb128 0xc
 1179 0053 11       		.uleb128 0x11
 1180 0054 01       		.uleb128 0x1
 1181 0055 12       		.uleb128 0x12
 1182 0056 01       		.uleb128 0x1
 1183 0057 40       		.uleb128 0x40
 1184 0058 06       		.uleb128 0x6
 1185 0059 01       		.uleb128 0x1
 1186 005a 13       		.uleb128 0x13
 1187 005b 00       		.byte	0x0
 1188 005c 00       		.byte	0x0
 1189 005d 08       		.uleb128 0x8
 1190 005e 05       		.uleb128 0x5
 1191 005f 00       		.byte	0x0
 1192 0060 03       		.uleb128 0x3
 1193 0061 08       		.uleb128 0x8
 1194 0062 3A       		.uleb128 0x3a
 1195 0063 0B       		.uleb128 0xb
 1196 0064 3B       		.uleb128 0x3b
 1197 0065 0B       		.uleb128 0xb
 1198 0066 49       		.uleb128 0x49
 1199 0067 13       		.uleb128 0x13
 1200 0068 02       		.uleb128 0x2
 1201 0069 0A       		.uleb128 0xa
 1202 006a 00       		.byte	0x0
 1203 006b 00       		.byte	0x0
 1204 006c 09       		.uleb128 0x9
 1205 006d 05       		.uleb128 0x5
 1206 006e 00       		.byte	0x0
 1207 006f 03       		.uleb128 0x3
 1208 0070 0E       		.uleb128 0xe
 1209 0071 3A       		.uleb128 0x3a
 1210 0072 0B       		.uleb128 0xb
 1211 0073 3B       		.uleb128 0x3b
 1212 0074 0B       		.uleb128 0xb
 1213 0075 49       		.uleb128 0x49
 1214 0076 13       		.uleb128 0x13
 1215 0077 02       		.uleb128 0x2
 1216 0078 0A       		.uleb128 0xa
 1217 0079 00       		.byte	0x0
 1218 007a 00       		.byte	0x0
 1219 007b 0A       		.uleb128 0xa
 1220 007c 0F       		.uleb128 0xf
 1221 007d 00       		.byte	0x0
 1222 007e 0B       		.uleb128 0xb
 1223 007f 0B       		.uleb128 0xb
 1224 0080 49       		.uleb128 0x49
 1225 0081 13       		.uleb128 0x13
 1226 0082 00       		.byte	0x0
 1227 0083 00       		.byte	0x0
 1228 0084 0B       		.uleb128 0xb
 1229 0085 26       		.uleb128 0x26
ARM GAS  C:\Users\maxk\AppData\Local\Temp\cc4ACgdP.s 			page 28


 1230 0086 00       		.byte	0x0
 1231 0087 00       		.byte	0x0
 1232 0088 00       		.byte	0x0
 1233 0089 0C       		.uleb128 0xc
 1234 008a 13       		.uleb128 0x13
 1235 008b 01       		.byte	0x1
 1236 008c 0B       		.uleb128 0xb
 1237 008d 0B       		.uleb128 0xb
 1238 008e 3A       		.uleb128 0x3a
 1239 008f 0B       		.uleb128 0xb
 1240 0090 3B       		.uleb128 0x3b
 1241 0091 0B       		.uleb128 0xb
 1242 0092 01       		.uleb128 0x1
 1243 0093 13       		.uleb128 0x13
 1244 0094 00       		.byte	0x0
 1245 0095 00       		.byte	0x0
 1246 0096 0D       		.uleb128 0xd
 1247 0097 0D       		.uleb128 0xd
 1248 0098 00       		.byte	0x0
 1249 0099 03       		.uleb128 0x3
 1250 009a 0E       		.uleb128 0xe
 1251 009b 3A       		.uleb128 0x3a
 1252 009c 0B       		.uleb128 0xb
 1253 009d 3B       		.uleb128 0x3b
 1254 009e 0B       		.uleb128 0xb
 1255 009f 49       		.uleb128 0x49
 1256 00a0 13       		.uleb128 0x13
 1257 00a1 38       		.uleb128 0x38
 1258 00a2 0A       		.uleb128 0xa
 1259 00a3 00       		.byte	0x0
 1260 00a4 00       		.byte	0x0
 1261 00a5 0E       		.uleb128 0xe
 1262 00a6 34       		.uleb128 0x34
 1263 00a7 00       		.byte	0x0
 1264 00a8 03       		.uleb128 0x3
 1265 00a9 0E       		.uleb128 0xe
 1266 00aa 3A       		.uleb128 0x3a
 1267 00ab 0B       		.uleb128 0xb
 1268 00ac 3B       		.uleb128 0x3b
 1269 00ad 0B       		.uleb128 0xb
 1270 00ae 49       		.uleb128 0x49
 1271 00af 13       		.uleb128 0x13
 1272 00b0 02       		.uleb128 0x2
 1273 00b1 0A       		.uleb128 0xa
 1274 00b2 00       		.byte	0x0
 1275 00b3 00       		.byte	0x0
 1276 00b4 0F       		.uleb128 0xf
 1277 00b5 01       		.uleb128 0x1
 1278 00b6 01       		.byte	0x1
 1279 00b7 49       		.uleb128 0x49
 1280 00b8 13       		.uleb128 0x13
 1281 00b9 01       		.uleb128 0x1
 1282 00ba 13       		.uleb128 0x13
 1283 00bb 00       		.byte	0x0
 1284 00bc 00       		.byte	0x0
 1285 00bd 10       		.uleb128 0x10
 1286 00be 21       		.uleb128 0x21
ARM GAS  C:\Users\maxk\AppData\Local\Temp\cc4ACgdP.s 			page 29


 1287 00bf 00       		.byte	0x0
 1288 00c0 49       		.uleb128 0x49
 1289 00c1 13       		.uleb128 0x13
 1290 00c2 2F       		.uleb128 0x2f
 1291 00c3 0B       		.uleb128 0xb
 1292 00c4 00       		.byte	0x0
 1293 00c5 00       		.byte	0x0
 1294 00c6 11       		.uleb128 0x11
 1295 00c7 26       		.uleb128 0x26
 1296 00c8 00       		.byte	0x0
 1297 00c9 49       		.uleb128 0x49
 1298 00ca 13       		.uleb128 0x13
 1299 00cb 00       		.byte	0x0
 1300 00cc 00       		.byte	0x0
 1301 00cd 12       		.uleb128 0x12
 1302 00ce 2E       		.uleb128 0x2e
 1303 00cf 00       		.byte	0x0
 1304 00d0 03       		.uleb128 0x3
 1305 00d1 0E       		.uleb128 0xe
 1306 00d2 3A       		.uleb128 0x3a
 1307 00d3 0B       		.uleb128 0xb
 1308 00d4 3B       		.uleb128 0x3b
 1309 00d5 0B       		.uleb128 0xb
 1310 00d6 27       		.uleb128 0x27
 1311 00d7 0C       		.uleb128 0xc
 1312 00d8 11       		.uleb128 0x11
 1313 00d9 01       		.uleb128 0x1
 1314 00da 12       		.uleb128 0x12
 1315 00db 01       		.uleb128 0x1
 1316 00dc 40       		.uleb128 0x40
 1317 00dd 06       		.uleb128 0x6
 1318 00de 00       		.byte	0x0
 1319 00df 00       		.byte	0x0
 1320 00e0 13       		.uleb128 0x13
 1321 00e1 2E       		.uleb128 0x2e
 1322 00e2 01       		.byte	0x1
 1323 00e3 3F       		.uleb128 0x3f
 1324 00e4 0C       		.uleb128 0xc
 1325 00e5 03       		.uleb128 0x3
 1326 00e6 0E       		.uleb128 0xe
 1327 00e7 3A       		.uleb128 0x3a
 1328 00e8 0B       		.uleb128 0xb
 1329 00e9 3B       		.uleb128 0x3b
 1330 00ea 0B       		.uleb128 0xb
 1331 00eb 27       		.uleb128 0x27
 1332 00ec 0C       		.uleb128 0xc
 1333 00ed 11       		.uleb128 0x11
 1334 00ee 01       		.uleb128 0x1
 1335 00ef 12       		.uleb128 0x12
 1336 00f0 01       		.uleb128 0x1
 1337 00f1 40       		.uleb128 0x40
 1338 00f2 06       		.uleb128 0x6
 1339 00f3 01       		.uleb128 0x1
 1340 00f4 13       		.uleb128 0x13
 1341 00f5 00       		.byte	0x0
 1342 00f6 00       		.byte	0x0
 1343 00f7 14       		.uleb128 0x14
ARM GAS  C:\Users\maxk\AppData\Local\Temp\cc4ACgdP.s 			page 30


 1344 00f8 0B       		.uleb128 0xb
 1345 00f9 01       		.byte	0x1
 1346 00fa 11       		.uleb128 0x11
 1347 00fb 01       		.uleb128 0x1
 1348 00fc 12       		.uleb128 0x12
 1349 00fd 01       		.uleb128 0x1
 1350 00fe 00       		.byte	0x0
 1351 00ff 00       		.byte	0x0
 1352 0100 15       		.uleb128 0x15
 1353 0101 13       		.uleb128 0x13
 1354 0102 01       		.byte	0x1
 1355 0103 0B       		.uleb128 0xb
 1356 0104 0B       		.uleb128 0xb
 1357 0105 3A       		.uleb128 0x3a
 1358 0106 0B       		.uleb128 0xb
 1359 0107 3B       		.uleb128 0x3b
 1360 0108 05       		.uleb128 0x5
 1361 0109 01       		.uleb128 0x1
 1362 010a 13       		.uleb128 0x13
 1363 010b 00       		.byte	0x0
 1364 010c 00       		.byte	0x0
 1365 010d 16       		.uleb128 0x16
 1366 010e 0D       		.uleb128 0xd
 1367 010f 00       		.byte	0x0
 1368 0110 03       		.uleb128 0x3
 1369 0111 0E       		.uleb128 0xe
 1370 0112 3A       		.uleb128 0x3a
 1371 0113 0B       		.uleb128 0xb
 1372 0114 3B       		.uleb128 0x3b
 1373 0115 05       		.uleb128 0x5
 1374 0116 49       		.uleb128 0x49
 1375 0117 13       		.uleb128 0x13
 1376 0118 38       		.uleb128 0x38
 1377 0119 0A       		.uleb128 0xa
 1378 011a 00       		.byte	0x0
 1379 011b 00       		.byte	0x0
 1380 011c 17       		.uleb128 0x17
 1381 011d 16       		.uleb128 0x16
 1382 011e 00       		.byte	0x0
 1383 011f 03       		.uleb128 0x3
 1384 0120 0E       		.uleb128 0xe
 1385 0121 3A       		.uleb128 0x3a
 1386 0122 0B       		.uleb128 0xb
 1387 0123 3B       		.uleb128 0x3b
 1388 0124 05       		.uleb128 0x5
 1389 0125 49       		.uleb128 0x49
 1390 0126 13       		.uleb128 0x13
 1391 0127 00       		.byte	0x0
 1392 0128 00       		.byte	0x0
 1393 0129 18       		.uleb128 0x18
 1394 012a 34       		.uleb128 0x34
 1395 012b 00       		.byte	0x0
 1396 012c 03       		.uleb128 0x3
 1397 012d 0E       		.uleb128 0xe
 1398 012e 3A       		.uleb128 0x3a
 1399 012f 0B       		.uleb128 0xb
 1400 0130 3B       		.uleb128 0x3b
ARM GAS  C:\Users\maxk\AppData\Local\Temp\cc4ACgdP.s 			page 31


 1401 0131 05       		.uleb128 0x5
 1402 0132 49       		.uleb128 0x49
 1403 0133 13       		.uleb128 0x13
 1404 0134 02       		.uleb128 0x2
 1405 0135 0A       		.uleb128 0xa
 1406 0136 00       		.byte	0x0
 1407 0137 00       		.byte	0x0
 1408 0138 19       		.uleb128 0x19
 1409 0139 34       		.uleb128 0x34
 1410 013a 00       		.byte	0x0
 1411 013b 03       		.uleb128 0x3
 1412 013c 08       		.uleb128 0x8
 1413 013d 3A       		.uleb128 0x3a
 1414 013e 0B       		.uleb128 0xb
 1415 013f 3B       		.uleb128 0x3b
 1416 0140 05       		.uleb128 0x5
 1417 0141 49       		.uleb128 0x49
 1418 0142 13       		.uleb128 0x13
 1419 0143 02       		.uleb128 0x2
 1420 0144 0A       		.uleb128 0xa
 1421 0145 00       		.byte	0x0
 1422 0146 00       		.byte	0x0
 1423 0147 00       		.byte	0x0
 1424              		.section	.debug_pubnames,"",%progbits
 1425 0000 1F000000 		.4byte	0x1f
 1426 0004 0200     		.2byte	0x2
 1427 0006 00000000 		.4byte	.Ldebug_info0
 1428 000a 45030000 		.4byte	0x345
 1429 000e 95020000 		.4byte	0x295
 1430 0012 63796669 		.ascii	"cyfitter_cfg\000"
 1430      74746572 
 1430      5F636667 
 1430      00
 1431 001f 00000000 		.4byte	0x0
 1432              		.section	.debug_aranges,"",%progbits
 1433 0000 4C000000 		.4byte	0x4c
 1434 0004 0200     		.2byte	0x2
 1435 0006 00000000 		.4byte	.Ldebug_info0
 1436 000a 04       		.byte	0x4
 1437 000b 00       		.byte	0x0
 1438 000c 0000     		.2byte	0x0
 1439 000e 0000     		.2byte	0x0
 1440 0010 00000000 		.4byte	.LFB0
 1441 0014 1E000000 		.4byte	.LFE0-.LFB0
 1442 0018 00000000 		.4byte	.LFB1
 1443 001c 22000000 		.4byte	.LFE1-.LFB1
 1444 0020 00000000 		.4byte	.LFB2
 1445 0024 22000000 		.4byte	.LFE2-.LFB2
 1446 0028 00000000 		.4byte	.LFB3
 1447 002c B0000000 		.4byte	.LFE3-.LFB3
 1448 0030 B0000000 		.4byte	.LFB4
 1449 0034 70000000 		.4byte	.LFE4-.LFB4
 1450 0038 00000000 		.4byte	.LFB5
 1451 003c 08000000 		.4byte	.LFE5-.LFB5
 1452 0040 20010000 		.4byte	.LFB6
 1453 0044 D4000000 		.4byte	.LFE6-.LFB6
 1454 0048 00000000 		.4byte	0x0
ARM GAS  C:\Users\maxk\AppData\Local\Temp\cc4ACgdP.s 			page 32


 1455 004c 00000000 		.4byte	0x0
 1456              		.section	.debug_ranges,"",%progbits
 1457              	.Ldebug_ranges0:
 1458 0000 00000000 		.4byte	.Ltext0
 1459 0004 00000000 		.4byte	.Letext0
 1460 0008 00000000 		.4byte	.LFB0
 1461 000c 1E000000 		.4byte	.LFE0
 1462 0010 00000000 		.4byte	.LFB1
 1463 0014 22000000 		.4byte	.LFE1
 1464 0018 00000000 		.4byte	.LFB2
 1465 001c 22000000 		.4byte	.LFE2
 1466 0020 00000000 		.4byte	.LFB3
 1467 0024 B0000000 		.4byte	.LFE3
 1468 0028 B0000000 		.4byte	.LFB4
 1469 002c 20010000 		.4byte	.LFE4
 1470 0030 00000000 		.4byte	.LFB5
 1471 0034 08000000 		.4byte	.LFE5
 1472 0038 20010000 		.4byte	.LFB6
 1473 003c F4010000 		.4byte	.LFE6
 1474 0040 00000000 		.4byte	0x0
 1475 0044 00000000 		.4byte	0x0
 1476              		.section	.debug_str,"MS",%progbits,1
 1477              	.LASF5:
 1478 0000 6C6F6E67 		.ascii	"long long int\000"
 1478      206C6F6E 
 1478      6720696E 
 1478      7400
 1479              	.LASF33:
 1480 000e 73657454 		.ascii	"setTmpCo\000"
 1480      6D70436F 
 1480      00
 1481              	.LASF10:
 1482 0017 73697A65 		.ascii	"size_t\000"
 1482      5F7400
 1483              	.LASF35:
 1484 001e 416E616C 		.ascii	"AnalogSetDefault\000"
 1484      6F675365 
 1484      74446566 
 1484      61756C74 
 1484      00
 1485              	.LASF26:
 1486 002f 696D6F5F 		.ascii	"imo_trim_entry_t\000"
 1486      7472696D 
 1486      5F656E74 
 1486      72795F74 
 1486      00
 1487              	.LASF39:
 1488 0040 6366675F 		.ascii	"cfg_memset_list\000"
 1488      6D656D73 
 1488      65745F6C 
 1488      69737400 
 1489              	.LASF34:
 1490 0050 436C6F63 		.ascii	"ClockSetup\000"
 1490      6B536574 
 1490      757000
 1491              	.LASF25:
 1492 005b 746D7063 		.ascii	"tmpco\000"
ARM GAS  C:\Users\maxk\AppData\Local\Temp\cc4ACgdP.s 			page 33


 1492      6F00
 1493              	.LASF3:
 1494 0061 73686F72 		.ascii	"short unsigned int\000"
 1494      7420756E 
 1494      7369676E 
 1494      65642069 
 1494      6E7400
 1495              	.LASF2:
 1496 0074 73686F72 		.ascii	"short int\000"
 1496      7420696E 
 1496      7400
 1497              	.LASF21:
 1498 007e 53657449 		.ascii	"SetIMOBGTrims\000"
 1498      4D4F4247 
 1498      5472696D 
 1498      7300
 1499              	.LASF15:
 1500 008c 666C6F61 		.ascii	"float\000"
 1500      7400
 1501              	.LASF31:
 1502 0092 696D6F54 		.ascii	"imoTrimIndex\000"
 1502      72696D49 
 1502      6E646578 
 1502      00
 1503              	.LASF19:
 1504 009f 64657374 		.ascii	"dest\000"
 1504      00
 1505              	.LASF37:
 1506 00a4 73697A65 		.ascii	"size\000"
 1506      00
 1507              	.LASF8:
 1508 00a9 6C6F6E67 		.ascii	"long unsigned int\000"
 1508      20756E73 
 1508      69676E65 
 1508      6420696E 
 1508      7400
 1509              	.LASF14:
 1510 00bb 696E7433 		.ascii	"int32\000"
 1510      3200
 1511              	.LASF17:
 1512 00c1 43594D45 		.ascii	"CYMEMZERO\000"
 1512      4D5A4552 
 1512      4F00
 1513              	.LASF1:
 1514 00cb 756E7369 		.ascii	"unsigned char\000"
 1514      676E6564 
 1514      20636861 
 1514      7200
 1515              	.LASF16:
 1516 00d9 646F7562 		.ascii	"double\000"
 1516      6C6500
 1517              	.LASF22:
 1518 00e0 696D6F46 		.ascii	"imoFreq\000"
 1518      72657100 
 1519              	.LASF30:
 1520 00e8 494D4F5F 		.ascii	"IMO_TRIM_FREQ_TABLE_ENTRIES\000"
 1520      5452494D 
ARM GAS  C:\Users\maxk\AppData\Local\Temp\cc4ACgdP.s 			page 34


 1520      5F465245 
 1520      515F5441 
 1520      424C455F 
 1521              	.LASF42:
 1522 0104 433A5C55 		.ascii	"C:\\Users\\maxk\\Desktop\\PSoC 4A\\FAE Workshop\\La"
 1522      73657273 
 1522      5C6D6178 
 1522      6B5C4465 
 1522      736B746F 
 1523 0131 62205072 		.ascii	"b Projects\\Lab 1 Blink\\Lab 1 Blink.cydsn\000"
 1523      6F6A6563 
 1523      74735C4C 
 1523      61622031 
 1523      20426C69 
 1524              	.LASF12:
 1525 015a 75696E74 		.ascii	"uint16\000"
 1525      313600
 1526              	.LASF13:
 1527 0161 75696E74 		.ascii	"uint32\000"
 1527      333200
 1528              	.LASF4:
 1529 0168 756E7369 		.ascii	"unsigned int\000"
 1529      676E6564 
 1529      20696E74 
 1529      00
 1530              	.LASF43:
 1531 0175 63796669 		.ascii	"cyfitter_cfg\000"
 1531      74746572 
 1531      5F636667 
 1531      00
 1532              	.LASF36:
 1533 0182 61646472 		.ascii	"address\000"
 1533      65737300 
 1534              	.LASF6:
 1535 018a 6C6F6E67 		.ascii	"long long unsigned int\000"
 1535      206C6F6E 
 1535      6720756E 
 1535      7369676E 
 1535      65642069 
 1536              	.LASF28:
 1537 01a1 696D6F5F 		.ascii	"imo_trim_table_t\000"
 1537      7472696D 
 1537      5F746162 
 1537      6C655F74 
 1537      00
 1538              	.LASF38:
 1539 01b2 6366675F 		.ascii	"cfg_memset_t\000"
 1539      6D656D73 
 1539      65745F74 
 1539      00
 1540              	.LASF41:
 1541 01bf 2E5C4765 		.ascii	".\\Generated_Source\\PSoC4\\cyfitter_cfg.c\000"
 1541      6E657261 
 1541      7465645F 
 1541      536F7572 
 1541      63655C50 
 1542              	.LASF40:
ARM GAS  C:\Users\maxk\AppData\Local\Temp\cc4ACgdP.s 			page 35


 1543 01e7 474E5520 		.ascii	"GNU C 4.4.1\000"
 1543      4320342E 
 1543      342E3100 
 1544              	.LASF9:
 1545 01f3 63686172 		.ascii	"char\000"
 1545      00
 1546              	.LASF24:
 1547 01f8 6162736F 		.ascii	"absolute\000"
 1547      6C757465 
 1547      00
 1548              	.LASF23:
 1549 0201 66726571 		.ascii	"freq\000"
 1549      00
 1550              	.LASF11:
 1551 0206 75696E74 		.ascii	"uint8\000"
 1551      3800
 1552              	.LASF29:
 1553 020c 696D6F5F 		.ascii	"imo_trim_table\000"
 1553      7472696D 
 1553      5F746162 
 1553      6C6500
 1554              	.LASF7:
 1555 021b 6C6F6E67 		.ascii	"long int\000"
 1555      20696E74 
 1555      00
 1556              	.LASF27:
 1557 0224 656E7472 		.ascii	"entries\000"
 1557      69657300 
 1558              	.LASF32:
 1559 022c 73657441 		.ascii	"setAbs\000"
 1559      627300
 1560              	.LASF0:
 1561 0233 7369676E 		.ascii	"signed char\000"
 1561      65642063 
 1561      68617200 
 1562              	.LASF20:
 1563 023f 4359434F 		.ascii	"CYCONFIGCPYCODE\000"
 1563      4E464947 
 1563      43505943 
 1563      4F444500 
 1564              	.LASF18:
 1565 024f 4359434F 		.ascii	"CYCONFIGCPY\000"
 1565      4E464947 
 1565      43505900 
 1566              		.ident	"GCC: (Sourcery G++ Lite 2010q1-188) 4.4.1"
