--------------- Build Started: 05/01/2013 11:13:55 Project: Lab 1 Blink, Configuration: ARM GCC 4.4.1 Debug ---------------
cydsfit.exe "-.appdatapath" "C:\Users\maxk\AppData\Local\Cypress Semiconductor\PSoC Creator\2.2" "-.fdsnotice" "-.fdswarpdepfile=warp_dependencies.txt" "-.fdselabdepfile=elab_dependencies.txt" "-.fdsbldfile=generated_files.txt" "-p" "C:\Users\maxk\Desktop\PSoC 4A\FAE Workshop\Lab Projects\Lab 1 Blink\Lab 1 Blink.cydsn\Lab 1 Blink.cyprj" "-d" "CY8C4245AXI-483" "-s" "C:\Users\maxk\Desktop\PSoC 4A\FAE Workshop\Lab Projects\Lab 1 Blink\Lab 1 Blink.cydsn\Generated_Source\PSoC4" "--" "-yv2" "-v3" "-ygs" "-q10" "-o2" "-.fftcfgtype=LE"
Elaborating Design...
HDL Generation ...
Synthesis ...
Place and Route ...
Tech mapping ...
Analog Placement ...
Analog Routing ...
Analog Code Generation ...
Digital Placement ...
Digital Routing ...
Bitstream Generation ...
Static timing analysis ...
API Generation ...
Dependency Generation ...
Clean Temporary Files ...
arm-none-eabi-gcc.exe -I. -Wno-main -I./Generated_Source/PSoC4 -mcpu=cortex-m0 -mthumb -Wall -g -D DEBUG -Wa,-alh=.\CortexM0\ARM_GCC_441\Debug\main.lst -ffunction-sections -c .\main.c -o .\CortexM0\ARM_GCC_441\Debug\main.o
arm-none-eabi-gcc.exe -I. -Wno-main -I./Generated_Source/PSoC4 -mcpu=cortex-m0 -mthumb -Wall -g -D DEBUG -Wa,-alh=.\CortexM0\ARM_GCC_441\Debug\Pin_Red.lst -ffunction-sections -c .\Generated_Source\PSoC4\Pin_Red.c -o .\CortexM0\ARM_GCC_441\Debug\Pin_Red.o
arm-none-eabi-gcc.exe -I. -Wno-main -I./Generated_Source/PSoC4 -mcpu=cortex-m0 -mthumb -Wall -g -D DEBUG -Wa,-alh=.\CortexM0\ARM_GCC_441\Debug\Cm0Start.lst -ffunction-sections -c .\Generated_Source\PSoC4\Cm0Start.c -o .\CortexM0\ARM_GCC_441\Debug\Cm0Start.o
arm-none-eabi-gcc.exe -I. -Wno-main -I./Generated_Source/PSoC4 -mcpu=cortex-m0 -mthumb -Wall -g -D DEBUG -Wa,-alh=.\CortexM0\ARM_GCC_441\Debug\core_cm0.lst -ffunction-sections -c .\Generated_Source\PSoC4\core_cm0.c -o .\CortexM0\ARM_GCC_441\Debug\core_cm0.o
arm-none-eabi-as.exe -I. -I./Generated_Source/PSoC4 -mcpu=cortex-m0 -mthumb -g -alh=.\CortexM0\ARM_GCC_441\Debug/CyBootAsmGnu.lst -o .\CortexM0\ARM_GCC_441\Debug\CyBootAsmGnu.o .\Generated_Source\PSoC4\CyBootAsmGnu.s
arm-none-eabi-gcc.exe -I. -Wno-main -I./Generated_Source/PSoC4 -mcpu=cortex-m0 -mthumb -Wall -g -D DEBUG -Wa,-alh=.\CortexM0\ARM_GCC_441\Debug\CyFlash.lst -ffunction-sections -c .\Generated_Source\PSoC4\CyFlash.c -o .\CortexM0\ARM_GCC_441\Debug\CyFlash.o
arm-none-eabi-gcc.exe -I. -Wno-main -I./Generated_Source/PSoC4 -mcpu=cortex-m0 -mthumb -Wall -g -D DEBUG -Wa,-alh=.\CortexM0\ARM_GCC_441\Debug\CyLib.lst -ffunction-sections -c .\Generated_Source\PSoC4\CyLib.c -o .\CortexM0\ARM_GCC_441\Debug\CyLib.o
arm-none-eabi-gcc.exe -I. -Wno-main -I./Generated_Source/PSoC4 -mcpu=cortex-m0 -mthumb -Wall -g -D DEBUG -Wa,-alh=.\CortexM0\ARM_GCC_441\Debug\cyPm.lst -ffunction-sections -c .\Generated_Source\PSoC4\cyPm.c -o .\CortexM0\ARM_GCC_441\Debug\cyPm.o
arm-none-eabi-gcc.exe -I. -Wno-main -I./Generated_Source/PSoC4 -mcpu=cortex-m0 -mthumb -Wall -g -D DEBUG -Wa,-alh=.\CortexM0\ARM_GCC_441\Debug\cyutils.lst -ffunction-sections -c .\Generated_Source\PSoC4\cyutils.c -o .\CortexM0\ARM_GCC_441\Debug\cyutils.o
arm-none-eabi-gcc.exe -I. -Wno-main -I./Generated_Source/PSoC4 -mcpu=cortex-m0 -mthumb -Wall -g -D DEBUG -Wa,-alh=.\CortexM0\ARM_GCC_441\Debug\cyfitter_cfg.lst -ffunction-sections -c .\Generated_Source\PSoC4\cyfitter_cfg.c -o .\CortexM0\ARM_GCC_441\Debug\cyfitter_cfg.o
arm-none-eabi-ar.exe -rs ".\CortexM0\ARM_GCC_441\Debug\Lab 1 Blink.a" .\CortexM0\ARM_GCC_441\Debug\Pin_Red.o .\CortexM0\ARM_GCC_441\Debug\core_cm0.o .\CortexM0\ARM_GCC_441\Debug\CyBootAsmGnu.o .\CortexM0\ARM_GCC_441\Debug\CyFlash.o .\CortexM0\ARM_GCC_441\Debug\CyLib.o .\CortexM0\ARM_GCC_441\Debug\cyPm.o .\CortexM0\ARM_GCC_441\Debug\cyutils.o .\CortexM0\ARM_GCC_441\Debug\cyfitter_cfg.o
arm-none-eabi-ar.exe: creating .\CortexM0\ARM_GCC_441\Debug\Lab 1 Blink.a
arm-none-eabi-gcc.exe -mthumb -march=armv6-m -T .\Generated_Source\PSoC4\cm0gcc.ld -g "-Wl,-Map,.\CortexM0\ARM_GCC_441\Debug\Lab 1 Blink.map" -Wl,--gc-sections -Wl,--start-group -o ".\CortexM0\ARM_GCC_441\Debug\Lab 1 Blink.elf" .\CortexM0\ARM_GCC_441\Debug\main.o .\CortexM0\ARM_GCC_441\Debug\Cm0Start.o ".\CortexM0\ARM_GCC_441\Debug\Lab 1 Blink.a" "C:\Program Files (x86)\Cypress\PSoC Creator\2.2\PSoC Creator\psoc\content\cycomponentlibrary\CyComponentLibrary.cylib\CortexM0\ARM_GCC_441\Debug\CyComponentLibrary.a" -Wl,--end-group
arm-none-eabi-objcopy.exe -O ihex ".\CortexM0\ARM_GCC_441\Debug\Lab 1 Blink.elf" ".\CortexM0\ARM_GCC_441\Debug\Lab 1 Blink.ihx"
cyhextool -o ".\CortexM0\ARM_GCC_441\Debug\Lab 1 Blink.hex" -f ".\CortexM0\ARM_GCC_441\Debug\Lab 1 Blink.ihx" -prot .\Generated_Source\PSoC4\protect.hex -id 4C81193 -a EEPROM=90200000:0,PROGRAM=00000000:8000,CONFIG=80000000:1000,PROTECT=90400000:40 -meta 1101 -chipProt 01
Flash used: 1440 of 32768 bytes (4.4 %).
SRAM used: 228 of 4096 bytes (5.6 %).
--------------- Build Succeeded: 05/01/2013 11:14:09 ---------------
