


ARM Macro Assembler    Page 1 


    1 00000000         ;*******************************************************
                       ***********************
    2 00000000         ;
    3 00000000         ; startup.s - Startup code for use with Keil's uVision.
    4 00000000         ;
    5 00000000         ; <<< Use Configuration Wizard in Context Menu >>>
    6 00000000         ;*******************************************************
                       ***********************
    7 00000000         ;
    8 00000000         ; startup_rvmdk.S - Startup code for use with Keil's uVi
                       sion.
    9 00000000         ;
   10 00000000         ; Copyright (c) 2012 Texas Instruments Incorporated.  Al
                       l rights reserved.
   11 00000000         ; Software License Agreement
   12 00000000         ; 
   13 00000000         ; Texas Instruments (TI) is supplying this software for 
                       use solely and
   14 00000000         ; exclusively on TI's microcontroller products. The soft
                       ware is owned by
   15 00000000         ; TI and/or its suppliers, and is protected under applic
                       able copyright
   16 00000000         ; laws. You may not combine this software with "viral" o
                       pen-source
   17 00000000         ; software in order to form a larger program.
   18 00000000         ; 
   19 00000000         ; THIS SOFTWARE IS PROVIDED "AS IS" AND WITH ALL FAULTS.
                       
   20 00000000         ; NO WARRANTIES, WHETHER EXPRESS, IMPLIED OR STATUTORY, 
                       INCLUDING, BUT
   21 00000000         ; NOT LIMITED TO, IMPLIED WARRANTIES OF MERCHANTABILITY 
                       AND FITNESS FOR
   22 00000000         ; A PARTICULAR PURPOSE APPLY TO THIS SOFTWARE. TI SHALL 
                       NOT, UNDER ANY
   23 00000000         ; CIRCUMSTANCES, BE LIABLE FOR SPECIAL, INCIDENTAL, OR C
                       ONSEQUENTIAL
   24 00000000         ; DAMAGES, FOR ANY REASON WHATSOEVER.
   25 00000000         ; 
   26 00000000         ; This is part of revision 9453 of the EK-LM4F120XL Firm
                       ware Package.
   27 00000000         ;
   28 00000000         ;*******************************************************
                       ***********************
   29 00000000         ; Edited to conform with ISR names as described in 
   30 00000000         ;   "Embedded Systems: Introduction to ARM Cortex M Micr
                       ocontrollers",
   31 00000000         ;   ISBN: 978-1469998749, Jonathan Valvano, copyright (c
                       ) 2014
   32 00000000         ;   "Embedded Systems: Real Time Interfacing to ARM Cort
                       ex M Microcontrollers",
   33 00000000         ;   ISBN: 978-1463590154, Jonathan Valvano, copyright (c
                       ) 2014
   34 00000000         ;   "Embedded Systems: Real-Time Operating Systems for A
                       RM Cortex M Microcontrollers",
   35 00000000         ;   ISBN: 978-1466468863, Jonathan Valvano, copyright (c
                       ) 2014
   36 00000000         ;
   37 00000000         ;*******************************************************
                       ***********************



ARM Macro Assembler    Page 2 


   38 00000000         ; Edited to provide automatic lab grading for edX MOOC -
                       ----Lab 5-----
   39 00000000         ; Embedded Systems - Shape The World
   40 00000000         ; Jonathan Valvano, November 21, 2013
   41 00000000         ; Copyright 2013-2014 by Jonathan W. Valvano, valvano@ma
                       il.utexas.edu
   42 00000000         ;    You may use, edit, run or distribute this file
   43 00000000         ;    as long as the above copyright notice remains
   44 00000000         ; THIS SOFTWARE IS PROVIDED "AS IS".  NO WARRANTIES, WHE
                       THER EXPRESS, IMPLIED
   45 00000000         ; OR STATUTORY, INCLUDING, BUT NOT LIMITED TO, IMPLIED W
                       ARRANTIES OF
   46 00000000         ; MERCHANTABILITY AND FITNESS FOR A PARTICULAR PURPOSE A
                       PPLY TO THIS SOFTWARE.
   47 00000000         ; VALVANO SHALL NOT, IN ANY CIRCUMSTANCES, BE LIABLE FOR
                        SPECIAL, INCIDENTAL,
   48 00000000         ; OR CONSEQUENTIAL DAMAGES, FOR ANY REASON WHATSOEVER.
   49 00000000         ; For more information about my classes, my research, an
                       d my books, see
   50 00000000         ; http://users.ece.utexas.edu/~valvano/
   51 00000000         ;
   52 00000000         ; <o> Stack Size (in Bytes) <0x0-0xFFFFFFFF:8>
   53 00000000         ;
   54 00000000         ;*******************************************************
                       ***********************
   55 00000000 00000400 
                       Stack   EQU              0x00000400
   56 00000000         
   57 00000000         ;*******************************************************
                       ***********************
   58 00000000         ;
   59 00000000         ; <o> Heap Size (in Bytes) <0x0-0xFFFFFFFF:8>
   60 00000000         ;
   61 00000000         ;*******************************************************
                       ***********************
   62 00000000 00000000 
                       Heap    EQU              0x00000000
   63 00000000         
   64 00000000         ;*******************************************************
                       ***********************
   65 00000000         ;
   66 00000000         ; Allocate space for the stack.
   67 00000000         ;
   68 00000000         ;*******************************************************
                       ***********************
   69 00000000                 AREA             STACK, NOINIT, READWRITE, ALIGN
=3
   70 00000000         StackMem
   71 00000000                 SPACE            Stack
   72 00000400         __initial_sp
   73 00000400         
   74 00000400         ;*******************************************************
                       ***********************
   75 00000400         ;
   76 00000400         ; Allocate space for the heap.
   77 00000400         ;
   78 00000400         ;*******************************************************
                       ***********************
   79 00000400                 AREA             HEAP, NOINIT, READWRITE, ALIGN=



ARM Macro Assembler    Page 3 


3
   80 00000000         __heap_base
   81 00000000         HeapMem
   82 00000000                 SPACE            Heap
   83 00000000         __heap_limit
   84 00000000         
   85 00000000         ;*******************************************************
                       ***********************
   86 00000000         ;
   87 00000000         ; Indicate that the code in this file preserves 8-byte a
                       lignment of the stack.
   88 00000000         ;
   89 00000000         ;*******************************************************
                       ***********************
   90 00000000                 PRESERVE8
   91 00000000         
   92 00000000         ;*******************************************************
                       ***********************
   93 00000000         ;
   94 00000000         ; Place code into the reset code section.
   95 00000000         ;
   96 00000000         ;*******************************************************
                       ***********************
   97 00000000                 AREA             RESET, CODE, READONLY
   98 00000000                 THUMB
   99 00000000         
  100 00000000         ;*******************************************************
                       ***********************
  101 00000000         ;
  102 00000000         ; The vector table.
  103 00000000         ;
  104 00000000         ;*******************************************************
                       ***********************
  105 00000000                 EXPORT           __Vectors
  106 00000000         __Vectors
  107 00000000 00000400        DCD              StackMem + Stack ; Top of Stack
                                                            
  108 00000004 00000000        DCD              Reset_Handler ; Reset Handler
  109 00000008 00000000        DCD              NMI_Handler ; NMI Handler
  110 0000000C 00000000        DCD              HardFault_Handler ; Hard Fault 
                                                            Handler
  111 00000010 00000000        DCD              MemManage_Handler 
                                                            ; MPU Fault Handler
                                                            
  112 00000014 00000000        DCD              BusFault_Handler 
                                                            ; Bus Fault Handler
                                                            
  113 00000018 00000000        DCD              UsageFault_Handler ; Usage Faul
                                                            t Handler
  114 0000001C 00000000        DCD              0           ; Reserved
  115 00000020 00000000        DCD              0           ; Reserved
  116 00000024 00000000        DCD              0           ; Reserved
  117 00000028 00000000        DCD              0           ; Reserved
  118 0000002C 00000000        DCD              SVC_Handler ; SVCall Handler
  119 00000030 00000000        DCD              DebugMon_Handler ; Debug Monito
                                                            r Handler
  120 00000034 00000000        DCD              0           ; Reserved
  121 00000038 00000000        DCD              PendSV_Handler ; PendSV Handler
                                                            



ARM Macro Assembler    Page 4 


  122 0000003C 00000000        DCD              SysTick_Handler 
                                                            ; SysTick Handler
  123 00000040 00000000        DCD              GPIOPortA_Handler ; GPIO Port A
                                                            
  124 00000044 00000000        DCD              GPIOPortB_Handler ; GPIO Port B
                                                            
  125 00000048 00000000        DCD              GPIOPortC_Handler ; GPIO Port C
                                                            
  126 0000004C 00000000        DCD              GPIOPortD_Handler ; GPIO Port D
                                                            
  127 00000050 00000000        DCD              GPIOPortE_Handler ; GPIO Port E
                                                            
  128 00000054 00000000        DCD              UART0_Handler ; UART0 Rx and Tx
                                                            
  129 00000058 00000000        DCD              UART1_Handler ; UART1 Rx and Tx
                                                            
  130 0000005C 00000000        DCD              SSI0_Handler ; SSI0 Rx and Tx
  131 00000060 00000000        DCD              I2C0_Handler ; I2C0 Master and 
                                                            Slave
  132 00000064 00000000        DCD              PWM0Fault_Handler ; PWM 0 Fault
                                                            
  133 00000068 00000000        DCD              PWM0Generator0_Handler 
                                                            ; PWM 0 Generator 0
                                                            
  134 0000006C 00000000        DCD              PWM0Generator1_Handler 
                                                            ; PWM 0 Generator 1
                                                            
  135 00000070 00000000        DCD              PWM0Generator2_Handler 
                                                            ; PWM 0 Generator 2
                                                            
  136 00000074 00000000        DCD              Quadrature0_Handler ; Quadratur
                                                            e Encoder 0
  137 00000078 00000000        DCD              ADC0Seq0_Handler 
                                                            ; ADC0 Sequence 0
  138 0000007C 00000000        DCD              ADC0Seq1_Handler 
                                                            ; ADC0 Sequence 1
  139 00000080 00000000        DCD              ADC0Seq2_Handler 
                                                            ; ADC0 Sequence 2
  140 00000084 00000000        DCD              ADC0Seq3_Handler 
                                                            ; ADC0 Sequence 3
  141 00000088 00000000        DCD              WDT_Handler ; Watchdog
  142 0000008C 00000000        DCD              Timer0A_Handler ; Timer 0 subti
                                                            mer A
  143 00000090 00000000        DCD              Timer0B_Handler ; Timer 0 subti
                                                            mer B
  144 00000094 00000000        DCD              Timer1A_Handler ; Timer 1 subti
                                                            mer A
  145 00000098 00000000        DCD              Timer1B_Handler ; Timer 1 subti
                                                            mer B
  146 0000009C 00000000        DCD              Timer2A_Handler ; Timer 2 subti
                                                            mer A
  147 000000A0 00000000        DCD              Timer2B_Handler ; Timer 2 subti
                                                            mer B
  148 000000A4 00000000        DCD              Comp0_Handler ; Analog Comp 0
  149 000000A8 00000000        DCD              Comp1_Handler ; Analog Comp 1
  150 000000AC 00000000        DCD              Comp2_Handler ; Analog Comp 2
  151 000000B0 00000000        DCD              SysCtl_Handler ; System Control
                                                            
  152 000000B4 00000000        DCD              FlashCtl_Handler 



ARM Macro Assembler    Page 5 


                                                            ; Flash Control
  153 000000B8 00000000        DCD              GPIOPortF_Handler ; GPIO Port F
                                                            
  154 000000BC 00000000        DCD              GPIOPortG_Handler ; GPIO Port G
                                                            
  155 000000C0 00000000        DCD              GPIOPortH_Handler ; GPIO Port H
                                                            
  156 000000C4 00000000        DCD              UART2_Handler ; UART2 Rx and Tx
                                                            
  157 000000C8 00000000        DCD              SSI1_Handler ; SSI1 Rx and Tx
  158 000000CC 00000000        DCD              Timer3A_Handler ; Timer 3 subti
                                                            mer A
  159 000000D0 00000000        DCD              Timer3B_Handler ; Timer 3 subti
                                                            mer B
  160 000000D4 00000000        DCD              I2C1_Handler ; I2C1 Master and 
                                                            Slave
  161 000000D8 00000000        DCD              Quadrature1_Handler ; Quadratur
                                                            e Encoder 1
  162 000000DC 00000000        DCD              CAN0_Handler ; CAN0
  163 000000E0 00000000        DCD              CAN1_Handler ; CAN1
  164 000000E4 00000000        DCD              CAN2_Handler ; CAN2
  165 000000E8 00000000        DCD              Ethernet_Handler ; Ethernet
  166 000000EC 00000000        DCD              Hibernate_Handler ; Hibernate
  167 000000F0 00000000        DCD              USB0_Handler ; USB0
  168 000000F4 00000000        DCD              PWM0Generator3_Handler 
                                                            ; PWM 0 Generator 3
                                                            
  169 000000F8 00000000        DCD              uDMA_Handler ; uDMA Software Tr
                                                            ansfer
  170 000000FC 00000000        DCD              uDMA_Error  ; uDMA Error
  171 00000100 00000000        DCD              ADC1Seq0_Handler 
                                                            ; ADC1 Sequence 0
  172 00000104 00000000        DCD              ADC1Seq1_Handler 
                                                            ; ADC1 Sequence 1
  173 00000108 00000000        DCD              ADC1Seq2_Handler 
                                                            ; ADC1 Sequence 2
  174 0000010C 00000000        DCD              ADC1Seq3_Handler 
                                                            ; ADC1 Sequence 3
  175 00000110 00000000        DCD              I2S0_Handler ; I2S0
  176 00000114 00000000        DCD              ExtBus_Handler ; External Bus I
                                                            nterface 0
  177 00000118 00000000        DCD              GPIOPortJ_Handler ; GPIO Port J
                                                            
  178 0000011C 00000000        DCD              GPIOPortK_Handler ; GPIO Port K
                                                            
  179 00000120 00000000        DCD              GPIOPortL_Handler ; GPIO Port L
                                                            
  180 00000124 00000000        DCD              SSI2_Handler ; SSI2 Rx and Tx
  181 00000128 00000000        DCD              SSI3_Handler ; SSI3 Rx and Tx
  182 0000012C 00000000        DCD              UART3_Handler ; UART3 Rx and Tx
                                                            
  183 00000130 00000000        DCD              UART4_Handler ; UART4 Rx and Tx
                                                            
  184 00000134 00000000        DCD              UART5_Handler ; UART5 Rx and Tx
                                                            
  185 00000138 00000000        DCD              UART6_Handler ; UART6 Rx and Tx
                                                            
  186 0000013C 00000000        DCD              UART7_Handler ; UART7 Rx and Tx
                                                            



ARM Macro Assembler    Page 6 


  187 00000140 00000000        DCD              0           ; Reserved
  188 00000144 00000000        DCD              0           ; Reserved
  189 00000148 00000000        DCD              0           ; Reserved
  190 0000014C 00000000        DCD              0           ; Reserved
  191 00000150 00000000        DCD              I2C2_Handler ; I2C2 Master and 
                                                            Slave
  192 00000154 00000000        DCD              I2C3_Handler ; I2C3 Master and 
                                                            Slave
  193 00000158 00000000        DCD              Timer4A_Handler ; Timer 4 subti
                                                            mer A
  194 0000015C 00000000        DCD              Timer4B_Handler ; Timer 4 subti
                                                            mer B
  195 00000160 00000000        DCD              0           ; Reserved
  196 00000164 00000000        DCD              0           ; Reserved
  197 00000168 00000000        DCD              0           ; Reserved
  198 0000016C 00000000        DCD              0           ; Reserved
  199 00000170 00000000        DCD              0           ; Reserved
  200 00000174 00000000        DCD              0           ; Reserved
  201 00000178 00000000        DCD              0           ; Reserved
  202 0000017C 00000000        DCD              0           ; Reserved
  203 00000180 00000000        DCD              0           ; Reserved
  204 00000184 00000000        DCD              0           ; Reserved
  205 00000188 00000000        DCD              0           ; Reserved
  206 0000018C 00000000        DCD              0           ; Reserved
  207 00000190 00000000        DCD              0           ; Reserved
  208 00000194 00000000        DCD              0           ; Reserved
  209 00000198 00000000        DCD              0           ; Reserved
  210 0000019C 00000000        DCD              0           ; Reserved
  211 000001A0 00000000        DCD              0           ; Reserved
  212 000001A4 00000000        DCD              0           ; Reserved
  213 000001A8 00000000        DCD              0           ; Reserved
  214 000001AC 00000000        DCD              0           ; Reserved
  215 000001B0 00000000        DCD              Timer5A_Handler ; Timer 5 subti
                                                            mer A
  216 000001B4 00000000        DCD              Timer5B_Handler ; Timer 5 subti
                                                            mer B
  217 000001B8 00000000        DCD              WideTimer0A_Handler ; Wide Time
                                                            r 0 subtimer A
  218 000001BC 00000000        DCD              WideTimer0B_Handler ; Wide Time
                                                            r 0 subtimer B
  219 000001C0 00000000        DCD              WideTimer1A_Handler ; Wide Time
                                                            r 1 subtimer A
  220 000001C4 00000000        DCD              WideTimer1B_Handler ; Wide Time
                                                            r 1 subtimer B
  221 000001C8 00000000        DCD              WideTimer2A_Handler ; Wide Time
                                                            r 2 subtimer A
  222 000001CC 00000000        DCD              WideTimer2B_Handler ; Wide Time
                                                            r 2 subtimer B
  223 000001D0 00000000        DCD              WideTimer3A_Handler ; Wide Time
                                                            r 3 subtimer A
  224 000001D4 00000000        DCD              WideTimer3B_Handler ; Wide Time
                                                            r 3 subtimer B
  225 000001D8 00000000        DCD              WideTimer4A_Handler ; Wide Time
                                                            r 4 subtimer A
  226 000001DC 00000000        DCD              WideTimer4B_Handler ; Wide Time
                                                            r 4 subtimer B
  227 000001E0 00000000        DCD              WideTimer5A_Handler ; Wide Time
                                                            r 5 subtimer A
  228 000001E4 00000000        DCD              WideTimer5B_Handler ; Wide Time



ARM Macro Assembler    Page 7 


                                                            r 5 subtimer B
  229 000001E8 00000000        DCD              FPU_Handler ; FPU
  230 000001EC 00000000        DCD              PECI0_Handler ; PECI 0
  231 000001F0 00000000        DCD              LPC0_Handler ; LPC 0
  232 000001F4 00000000        DCD              I2C4_Handler ; I2C4 Master and 
                                                            Slave
  233 000001F8 00000000        DCD              I2C5_Handler ; I2C5 Master and 
                                                            Slave
  234 000001FC 00000000        DCD              GPIOPortM_Handler ; GPIO Port M
                                                            
  235 00000200 00000000        DCD              GPIOPortN_Handler ; GPIO Port N
                                                            
  236 00000204 00000000        DCD              Quadrature2_Handler ; Quadratur
                                                            e Encoder 2
  237 00000208 00000000        DCD              Fan0_Handler ; Fan 0
  238 0000020C 00000000        DCD              0           ; Reserved
  239 00000210 00000000        DCD              GPIOPortP_Handler ; GPIO Port P
                                                             (Summary or P0)
  240 00000214 00000000        DCD              GPIOPortP1_Handler 
                                                            ; GPIO Port P1
  241 00000218 00000000        DCD              GPIOPortP2_Handler 
                                                            ; GPIO Port P2
  242 0000021C 00000000        DCD              GPIOPortP3_Handler 
                                                            ; GPIO Port P3
  243 00000220 00000000        DCD              GPIOPortP4_Handler 
                                                            ; GPIO Port P4
  244 00000224 00000000        DCD              GPIOPortP5_Handler 
                                                            ; GPIO Port P5
  245 00000228 00000000        DCD              GPIOPortP6_Handler 
                                                            ; GPIO Port P6
  246 0000022C 00000000        DCD              GPIOPortP7_Handler 
                                                            ; GPIO Port P7
  247 00000230 00000000        DCD              GPIOPortQ_Handler ; GPIO Port Q
                                                             (Summary or Q0)
  248 00000234 00000000        DCD              GPIOPortQ1_Handler 
                                                            ; GPIO Port Q1
  249 00000238 00000000        DCD              GPIOPortQ2_Handler 
                                                            ; GPIO Port Q2
  250 0000023C 00000000        DCD              GPIOPortQ3_Handler 
                                                            ; GPIO Port Q3
  251 00000240 00000000        DCD              GPIOPortQ4_Handler 
                                                            ; GPIO Port Q4
  252 00000244 00000000        DCD              GPIOPortQ5_Handler 
                                                            ; GPIO Port Q5
  253 00000248 00000000        DCD              GPIOPortQ6_Handler 
                                                            ; GPIO Port Q6
  254 0000024C 00000000        DCD              GPIOPortQ7_Handler 
                                                            ; GPIO Port Q7
  255 00000250 00000000        DCD              GPIOPortR_Handler ; GPIO Port R
                                                            
  256 00000254 00000000        DCD              GPIOPortS_Handler ; GPIO Port S
                                                            
  257 00000258 00000000        DCD              PWM1Generator0_Handler 
                                                            ; PWM 1 Generator 0
                                                            
  258 0000025C 00000000        DCD              PWM1Generator1_Handler 
                                                            ; PWM 1 Generator 1
                                                            
  259 00000260 00000000        DCD              PWM1Generator2_Handler 



ARM Macro Assembler    Page 8 


                                                            ; PWM 1 Generator 2
                                                            
  260 00000264 00000000        DCD              PWM1Generator3_Handler 
                                                            ; PWM 1 Generator 3
                                                            
  261 00000268 00000000        DCD              PWM1Fault_Handler ; PWM 1 Fault
                                                            
  262 0000026C         
  263 0000026C         ;*******************************************************
                       ***********************
  264 0000026C         ;
  265 0000026C         ; This is the code that gets called when the processor f
                       irst starts execution
  266 0000026C         ; following a reset event.
  267 0000026C         ;
  268 0000026C         ;*******************************************************
                       ***********************
  269 0000026C                 EXPORT           Reset_Handler
  270 0000026C         Reset_Handler
  271 0000026C         ;
  272 0000026C         ; DO NOT enable the floating-point unit.  This must be d
                       one here to handle the
  273 0000026C         ; case where main() uses floating-point and the function
                        prologue saves
  274 0000026C         ; floating-point registers (which will fault if floating
                       -point is not
  275 0000026C         ; enabled).  Any configuration of the floating-point uni
                       t using
  276 0000026C         ; DriverLib APIs must be done here prior to the floating
                       -point unit
  277 0000026C         ; being enabled.
  278 0000026C         ;
  279 0000026C         ; Note that this does not use DriverLib since it might n
                       ot be included
  280 0000026C         ; in this project.
  281 0000026C         ;
  282 0000026C         ;        MOVW    R0, #0xED88
  283 0000026C         ;        MOVT    R0, #0xE000
  284 0000026C         ;        LDR     R1, [R0]
  285 0000026C         ;        ORR     R1, #0x00F00000
  286 0000026C         ;        STR     R1, [R0]
  287 0000026C         
  288 0000026C         ;
  289 0000026C         ; Call the C library enty point that handles startup.  T
                       his will copy
  290 0000026C         ; the .data section initializers from flash to SRAM and 
                       zero fill the
  291 0000026C         ; .bss section.
  292 0000026C         ;
  293 0000026C                 IMPORT           __main
  294 0000026C F7FF BFFE       B                __main
  295 00000270         
  296 00000270         ;*******************************************************
                       ***********************
  297 00000270         ;
  298 00000270         ; This is the code that gets called when the processor r
                       eceives a NMI.  This
  299 00000270         ; simply enters an infinite loop, preserving the system 
                       state for examination



ARM Macro Assembler    Page 9 


  300 00000270         ; by a debugger.
  301 00000270         ;
  302 00000270         ;*******************************************************
                       ***********************
  303 00000270         NMI_Handler
                               PROC
  304 00000270                 EXPORT           NMI_Handler               [WEAK
]
  305 00000270 E7FE            B                .
  306 00000272                 ENDP
  307 00000272         
  308 00000272         ;*******************************************************
                       ***********************
  309 00000272         ;
  310 00000272         ; This is the code that gets called when the processor r
                       eceives a fault
  311 00000272         ; interrupt.  This simply enters an infinite loop, prese
                       rving the system state
  312 00000272         ; for examination by a debugger.
  313 00000272         ;
  314 00000272         ;*******************************************************
                       ***********************
  316 00000272         HardFault_Handler
                               PROC
  317 00000272                 EXPORT           HardFault_Handler         [WEAK
]
  318 00000272 E7FE            B                .
  319 00000274                 ENDP
  320 00000274         
  322 00000274         MemManage_Handler
                               PROC
  323 00000274                 EXPORT           MemManage_Handler         [WEAK
]
  324 00000274 E7FE            B                .
  325 00000276                 ENDP
  327 00000276         BusFault_Handler
                               PROC
  328 00000276                 EXPORT           BusFault_Handler          [WEAK
]
  329 00000276 E7FE            B                .
  330 00000278                 ENDP
  332 00000278         UsageFault_Handler
                               PROC
  333 00000278                 EXPORT           UsageFault_Handler        [WEAK
]
  334 00000278 E7FE            B                .
  335 0000027A                 ENDP
  336 0000027A         SVC_Handler
                               PROC
  337 0000027A                 EXPORT           SVC_Handler               [WEAK
]
  338 0000027A E7FE            B                .
  339 0000027C                 ENDP
  341 0000027C         DebugMon_Handler
                               PROC
  342 0000027C                 EXPORT           DebugMon_Handler          [WEAK
]
  343 0000027C E7FE            B                .
  344 0000027E                 ENDP



ARM Macro Assembler    Page 10 


  345 0000027E         PendSV_Handler
                               PROC
  346 0000027E                 EXPORT           PendSV_Handler            [WEAK
]
  347 0000027E E7FE            B                .
  348 00000280                 ENDP
  349 00000280         SysTick_Handler
                               PROC
  350 00000280                 EXPORT           SysTick_Handler           [WEAK
]
  351 00000280 E7FE            B                .
  352 00000282                 ENDP
  354 00000282         IntDefaultHandler
                               PROC
  355 00000282         
  356 00000282                 EXPORT           GPIOPortA_Handler         [WEAK
]
  357 00000282                 EXPORT           GPIOPortB_Handler         [WEAK
]
  358 00000282                 EXPORT           GPIOPortC_Handler         [WEAK
]
  359 00000282                 EXPORT           GPIOPortD_Handler         [WEAK
]
  360 00000282                 EXPORT           GPIOPortE_Handler         [WEAK
]
  361 00000282                 EXPORT           UART0_Handler             [WEAK
]
  362 00000282                 EXPORT           UART1_Handler             [WEAK
]
  363 00000282                 EXPORT           SSI0_Handler              [WEAK
]
  364 00000282                 EXPORT           I2C0_Handler              [WEAK
]
  365 00000282                 EXPORT           PWM0Fault_Handler         [WEAK
]
  366 00000282                 EXPORT           PWM0Generator0_Handler    [WEAK
]
  367 00000282                 EXPORT           PWM0Generator1_Handler    [WEAK
]
  368 00000282                 EXPORT           PWM0Generator2_Handler    [WEAK
]
  369 00000282                 EXPORT           Quadrature0_Handler       [WEAK
]
  370 00000282                 EXPORT           ADC0Seq0_Handler          [WEAK
]
  371 00000282                 EXPORT           ADC0Seq1_Handler          [WEAK
]
  372 00000282                 EXPORT           ADC0Seq2_Handler          [WEAK
]
  373 00000282                 EXPORT           ADC0Seq3_Handler          [WEAK
]
  374 00000282                 EXPORT           WDT_Handler               [WEAK
]
  375 00000282                 EXPORT           Timer0A_Handler           [WEAK
]
  376 00000282                 EXPORT           Timer0B_Handler           [WEAK
]
  377 00000282                 EXPORT           Timer1A_Handler           [WEAK
]



ARM Macro Assembler    Page 11 


  378 00000282                 EXPORT           Timer1B_Handler           [WEAK
]
  379 00000282                 EXPORT           Timer2A_Handler           [WEAK
]
  380 00000282                 EXPORT           Timer2B_Handler           [WEAK
]
  381 00000282                 EXPORT           Comp0_Handler             [WEAK
]
  382 00000282                 EXPORT           Comp1_Handler             [WEAK
]
  383 00000282                 EXPORT           Comp2_Handler             [WEAK
]
  384 00000282                 EXPORT           SysCtl_Handler            [WEAK
]
  385 00000282                 EXPORT           FlashCtl_Handler          [WEAK
]
  386 00000282                 EXPORT           GPIOPortF_Handler         [WEAK
]
  387 00000282                 EXPORT           GPIOPortG_Handler         [WEAK
]
  388 00000282                 EXPORT           GPIOPortH_Handler         [WEAK
]
  389 00000282                 EXPORT           UART2_Handler             [WEAK
]
  390 00000282                 EXPORT           SSI1_Handler              [WEAK
]
  391 00000282                 EXPORT           Timer3A_Handler           [WEAK
]
  392 00000282                 EXPORT           Timer3B_Handler           [WEAK
]
  393 00000282                 EXPORT           I2C1_Handler              [WEAK
]
  394 00000282                 EXPORT           Quadrature1_Handler       [WEAK
]
  395 00000282                 EXPORT           CAN0_Handler              [WEAK
]
  396 00000282                 EXPORT           CAN1_Handler              [WEAK
]
  397 00000282                 EXPORT           CAN2_Handler              [WEAK
]
  398 00000282                 EXPORT           Ethernet_Handler          [WEAK
]
  399 00000282                 EXPORT           Hibernate_Handler         [WEAK
]
  400 00000282                 EXPORT           USB0_Handler              [WEAK
]
  401 00000282                 EXPORT           PWM0Generator3_Handler    [WEAK
]
  402 00000282                 EXPORT           uDMA_Handler              [WEAK
]
  403 00000282                 EXPORT           uDMA_Error                [WEAK
]
  404 00000282                 EXPORT           ADC1Seq0_Handler          [WEAK
]
  405 00000282                 EXPORT           ADC1Seq1_Handler          [WEAK
]
  406 00000282                 EXPORT           ADC1Seq2_Handler          [WEAK
]
  407 00000282                 EXPORT           ADC1Seq3_Handler          [WEAK



ARM Macro Assembler    Page 12 


]
  408 00000282                 EXPORT           I2S0_Handler              [WEAK
]
  409 00000282                 EXPORT           ExtBus_Handler            [WEAK
]
  410 00000282                 EXPORT           GPIOPortJ_Handler         [WEAK
]
  411 00000282                 EXPORT           GPIOPortK_Handler         [WEAK
]
  412 00000282                 EXPORT           GPIOPortL_Handler         [WEAK
]
  413 00000282                 EXPORT           SSI2_Handler              [WEAK
]
  414 00000282                 EXPORT           SSI3_Handler              [WEAK
]
  415 00000282                 EXPORT           UART3_Handler             [WEAK
]
  416 00000282                 EXPORT           UART4_Handler             [WEAK
]
  417 00000282                 EXPORT           UART5_Handler             [WEAK
]
  418 00000282                 EXPORT           UART6_Handler             [WEAK
]
  419 00000282                 EXPORT           UART7_Handler             [WEAK
]
  420 00000282                 EXPORT           I2C2_Handler              [WEAK
]
  421 00000282                 EXPORT           I2C3_Handler              [WEAK
]
  422 00000282                 EXPORT           Timer4A_Handler           [WEAK
]
  423 00000282                 EXPORT           Timer4B_Handler           [WEAK
]
  424 00000282                 EXPORT           Timer5A_Handler           [WEAK
]
  425 00000282                 EXPORT           Timer5B_Handler           [WEAK
]
  426 00000282                 EXPORT           WideTimer0A_Handler       [WEAK
]
  427 00000282                 EXPORT           WideTimer0B_Handler       [WEAK
]
  428 00000282                 EXPORT           WideTimer1A_Handler       [WEAK
]
  429 00000282                 EXPORT           WideTimer1B_Handler       [WEAK
]
  430 00000282                 EXPORT           WideTimer2A_Handler       [WEAK
]
  431 00000282                 EXPORT           WideTimer2B_Handler       [WEAK
]
  432 00000282                 EXPORT           WideTimer3A_Handler       [WEAK
]
  433 00000282                 EXPORT           WideTimer3B_Handler       [WEAK
]
  434 00000282                 EXPORT           WideTimer4A_Handler       [WEAK
]
  435 00000282                 EXPORT           WideTimer4B_Handler       [WEAK
]
  436 00000282                 EXPORT           WideTimer5A_Handler       [WEAK
]



ARM Macro Assembler    Page 13 


  437 00000282                 EXPORT           WideTimer5B_Handler       [WEAK
]
  438 00000282                 EXPORT           FPU_Handler               [WEAK
]
  439 00000282                 EXPORT           PECI0_Handler             [WEAK
]
  440 00000282                 EXPORT           LPC0_Handler              [WEAK
]
  441 00000282                 EXPORT           I2C4_Handler              [WEAK
]
  442 00000282                 EXPORT           I2C5_Handler              [WEAK
]
  443 00000282                 EXPORT           GPIOPortM_Handler         [WEAK
]
  444 00000282                 EXPORT           GPIOPortN_Handler         [WEAK
]
  445 00000282                 EXPORT           Quadrature2_Handler       [WEAK
]
  446 00000282                 EXPORT           Fan0_Handler              [WEAK
]
  447 00000282                 EXPORT           GPIOPortP_Handler         [WEAK
]
  448 00000282                 EXPORT           GPIOPortP1_Handler        [WEAK
]
  449 00000282                 EXPORT           GPIOPortP2_Handler        [WEAK
]
  450 00000282                 EXPORT           GPIOPortP3_Handler        [WEAK
]
  451 00000282                 EXPORT           GPIOPortP4_Handler        [WEAK
]
  452 00000282                 EXPORT           GPIOPortP5_Handler        [WEAK
]
  453 00000282                 EXPORT           GPIOPortP6_Handler        [WEAK
]
  454 00000282                 EXPORT           GPIOPortP7_Handler        [WEAK
]
  455 00000282                 EXPORT           GPIOPortQ_Handler         [WEAK
]
  456 00000282                 EXPORT           GPIOPortQ1_Handler        [WEAK
]
  457 00000282                 EXPORT           GPIOPortQ2_Handler        [WEAK
]
  458 00000282                 EXPORT           GPIOPortQ3_Handler        [WEAK
]
  459 00000282                 EXPORT           GPIOPortQ4_Handler        [WEAK
]
  460 00000282                 EXPORT           GPIOPortQ5_Handler        [WEAK
]
  461 00000282                 EXPORT           GPIOPortQ6_Handler        [WEAK
]
  462 00000282                 EXPORT           GPIOPortQ7_Handler        [WEAK
]
  463 00000282                 EXPORT           GPIOPortR_Handler         [WEAK
]
  464 00000282                 EXPORT           GPIOPortS_Handler         [WEAK
]
  465 00000282                 EXPORT           PWM1Generator0_Handler    [WEAK
]
  466 00000282                 EXPORT           PWM1Generator1_Handler    [WEAK



ARM Macro Assembler    Page 14 


]
  467 00000282                 EXPORT           PWM1Generator2_Handler    [WEAK
]
  468 00000282                 EXPORT           PWM1Generator3_Handler    [WEAK
]
  469 00000282                 EXPORT           PWM1Fault_Handler         [WEAK
]
  470 00000282         
  471 00000282         GPIOPortA_Handler
  472 00000282         GPIOPortB_Handler
  473 00000282         GPIOPortC_Handler
  474 00000282         GPIOPortD_Handler
  475 00000282         GPIOPortE_Handler
  476 00000282         UART0_Handler
  477 00000282         UART1_Handler
  478 00000282         SSI0_Handler
  479 00000282         I2C0_Handler
  480 00000282         PWM0Fault_Handler
  481 00000282         PWM0Generator0_Handler
  482 00000282         PWM0Generator1_Handler
  483 00000282         PWM0Generator2_Handler
  484 00000282         Quadrature0_Handler
  485 00000282         ADC0Seq0_Handler
  486 00000282         ADC0Seq1_Handler
  487 00000282         ADC0Seq2_Handler
  488 00000282         ADC0Seq3_Handler
  489 00000282         WDT_Handler
  490 00000282         Timer0A_Handler
  491 00000282         Timer0B_Handler
  492 00000282         Timer1A_Handler
  493 00000282         Timer1B_Handler
  494 00000282         Timer2A_Handler
  495 00000282         Timer2B_Handler
  496 00000282         Comp0_Handler
  497 00000282         Comp1_Handler
  498 00000282         Comp2_Handler
  499 00000282         SysCtl_Handler
  500 00000282         FlashCtl_Handler
  501 00000282         GPIOPortF_Handler
  502 00000282         GPIOPortG_Handler
  503 00000282         GPIOPortH_Handler
  504 00000282         UART2_Handler
  505 00000282         SSI1_Handler
  506 00000282         Timer3A_Handler
  507 00000282         Timer3B_Handler
  508 00000282         I2C1_Handler
  509 00000282         Quadrature1_Handler
  510 00000282         CAN0_Handler
  511 00000282         CAN1_Handler
  512 00000282         CAN2_Handler
  513 00000282         Ethernet_Handler
  514 00000282         Hibernate_Handler
  515 00000282         USB0_Handler
  516 00000282         PWM0Generator3_Handler
  517 00000282         uDMA_Handler
  518 00000282         uDMA_Error
  519 00000282         ADC1Seq0_Handler
  520 00000282         ADC1Seq1_Handler
  521 00000282         ADC1Seq2_Handler



ARM Macro Assembler    Page 15 


  522 00000282         ADC1Seq3_Handler
  523 00000282         I2S0_Handler
  524 00000282         ExtBus_Handler
  525 00000282         GPIOPortJ_Handler
  526 00000282         GPIOPortK_Handler
  527 00000282         GPIOPortL_Handler
  528 00000282         SSI2_Handler
  529 00000282         SSI3_Handler
  530 00000282         UART3_Handler
  531 00000282         UART4_Handler
  532 00000282         UART5_Handler
  533 00000282         UART6_Handler
  534 00000282         UART7_Handler
  535 00000282         I2C2_Handler
  536 00000282         I2C3_Handler
  537 00000282         Timer4A_Handler
  538 00000282         Timer4B_Handler
  539 00000282         Timer5A_Handler
  540 00000282         Timer5B_Handler
  541 00000282         WideTimer0A_Handler
  542 00000282         WideTimer0B_Handler
  543 00000282         WideTimer1A_Handler
  544 00000282         WideTimer1B_Handler
  545 00000282         WideTimer2A_Handler
  546 00000282         WideTimer2B_Handler
  547 00000282         WideTimer3A_Handler
  548 00000282         WideTimer3B_Handler
  549 00000282         WideTimer4A_Handler
  550 00000282         WideTimer4B_Handler
  551 00000282         WideTimer5A_Handler
  552 00000282         WideTimer5B_Handler
  553 00000282         FPU_Handler
  554 00000282         PECI0_Handler
  555 00000282         LPC0_Handler
  556 00000282         I2C4_Handler
  557 00000282         I2C5_Handler
  558 00000282         GPIOPortM_Handler
  559 00000282         GPIOPortN_Handler
  560 00000282         Quadrature2_Handler
  561 00000282         Fan0_Handler
  562 00000282         GPIOPortP_Handler
  563 00000282         GPIOPortP1_Handler
  564 00000282         GPIOPortP2_Handler
  565 00000282         GPIOPortP3_Handler
  566 00000282         GPIOPortP4_Handler
  567 00000282         GPIOPortP5_Handler
  568 00000282         GPIOPortP6_Handler
  569 00000282         GPIOPortP7_Handler
  570 00000282         GPIOPortQ_Handler
  571 00000282         GPIOPortQ1_Handler
  572 00000282         GPIOPortQ2_Handler
  573 00000282         GPIOPortQ3_Handler
  574 00000282         GPIOPortQ4_Handler
  575 00000282         GPIOPortQ5_Handler
  576 00000282         GPIOPortQ6_Handler
  577 00000282         GPIOPortQ7_Handler
  578 00000282         GPIOPortR_Handler
  579 00000282         GPIOPortS_Handler
  580 00000282         PWM1Generator0_Handler



ARM Macro Assembler    Page 16 


  581 00000282         PWM1Generator1_Handler
  582 00000282         PWM1Generator2_Handler
  583 00000282         PWM1Generator3_Handler
  584 00000282         PWM1Fault_Handler
  585 00000282         
  586 00000282 E7FE            B                .
  587 00000284         
  588 00000284                 ENDP
  589 00000284         
  590 00000284         ;*******************************************************
                       ***********************
  591 00000284         ;
  592 00000284         ; Make sure the end of this section is aligned.
  593 00000284         ;
  594 00000284         ;*******************************************************
                       ***********************
  595 00000284                 ALIGN
  596 00000284         
  597 00000284         ;*******************************************************
                       ***********************
  598 00000284         ;
  599 00000284         ; Some code in the normal code section for initializing 
                       the heap and stack.
  600 00000284         ;
  601 00000284         ;*******************************************************
                       ***********************
  602 00000284                 AREA             |.text|, CODE, READONLY
  603 00000000         
  604 00000000         ;*******************************************************
                       ***********************
  605 00000000         ;
  606 00000000         ; Useful functions.
  607 00000000         ;
  608 00000000         ;*******************************************************
                       ***********************
  609 00000000                 EXPORT           DisableInterrupts
  610 00000000                 EXPORT           EnableInterrupts
  611 00000000                 EXPORT           StartCritical
  612 00000000                 EXPORT           EndCritical
  613 00000000                 EXPORT           WaitForInterrupt
  614 00000000         
  615 00000000         ;*********** DisableInterrupts ***************
  616 00000000         ; disable interrupts
  617 00000000         ; inputs:  none
  618 00000000         ; outputs: none
  619 00000000         DisableInterrupts
  620 00000000 B672            CPSID            I
  621 00000002 4770            BX               LR
  622 00000004         
  623 00000004         ;*********** EnableInterrupts ***************
  624 00000004         ; disable interrupts
  625 00000004         ; inputs:  none
  626 00000004         ; outputs: none
  627 00000004         EnableInterrupts
  628 00000004 B662            CPSIE            I
  629 00000006 4770            BX               LR
  630 00000008         
  631 00000008         ;*********** StartCritical ************************
  632 00000008         ; make a copy of previous I bit, disable interrupts



ARM Macro Assembler    Page 17 


  633 00000008         ; inputs:  none
  634 00000008         ; outputs: previous I bit
  635 00000008         StartCritical
  636 00000008 F3EF 8010       MRS              R0, PRIMASK ; save old status
  637 0000000C B672            CPSID            I           ; mask all (except 
                                                            faults)
  638 0000000E 4770            BX               LR
  639 00000010         
  640 00000010         ;*********** EndCritical ************************
  641 00000010         ; using the copy of previous I bit, restore I bit to pre
                       vious value
  642 00000010         ; inputs:  previous I bit
  643 00000010         ; outputs: none
  644 00000010         EndCritical
  645 00000010 F380 8810       MSR              PRIMASK, R0
  646 00000014 4770            BX               LR
  647 00000016         
  648 00000016         ;*********** WaitForInterrupt ************************
  649 00000016         ; go to low power mode while waiting for the next interr
                       upt
  650 00000016         ; inputs:  none
  651 00000016         ; outputs: none
  652 00000016         WaitForInterrupt
  653 00000016 BF30            WFI
  654 00000018 4770            BX               LR
  655 0000001A         
  656 0000001A         ;*******************************************************
                       ***********************
  657 0000001A         ;
  658 0000001A         ; The function expected of the C library startup code fo
                       r defining the stack
  659 0000001A         ; and heap memory locations.  For the C library version 
                       of the startup code,
  660 0000001A         ; provide this function so that the C library initializa
                       tion code can find out
  661 0000001A         ; the location of the stack and heap.
  662 0000001A         ;
  663 0000001A         ;*******************************************************
                       ***********************
  664 0000001A                 IF               :DEF: __MICROLIB
  665 0000001A                 EXPORT           __initial_sp
  666 0000001A                 EXPORT           __heap_base
  667 0000001A                 EXPORT           __heap_limit
  668 0000001A                 ELSE
  677                          ENDIF
  678 0000001A         
  679 0000001A         ;*******************************************************
                       ***********************
  680 0000001A         ;
  681 0000001A         ; Make sure the end of this section is aligned.
  682 0000001A         ;
  683 0000001A         ;*******************************************************
                       ***********************
  684 0000001A 00 00           ALIGN
  685 0000001C         
  686 0000001C         ;*******************************************************
                       ***********************
  687 0000001C         ;
  688 0000001C         ; Tell the assembler that we're done.



ARM Macro Assembler    Page 18 


  689 0000001C         ;
  690 0000001C         ;*******************************************************
                       ***********************
  691 0000001C                 END
Command Line: --debug --xref --cpu=Cortex-M4 --apcs=interwork --depend=.\startu
p.d -o.\startup.o -IC:\Keil\ARM\RV31\INC -IC:\Keil\ARM\CMSIS\Include -IC:\Keil\
ARM\Inc\Luminary --predefine="__EVAL SETA 1" --predefine="__MICROLIB SETA 1" --
list=.\startup.lst startup.s



ARM Macro Assembler    Page 1 Alphabetic symbol ordering
Relocatable symbols

STACK 00000000

Symbol: STACK
   Definitions
      At line 69 in file startup.s
   Uses
      None
Comment: STACK unused
StackMem 00000000

Symbol: StackMem
   Definitions
      At line 70 in file startup.s
   Uses
      At line 107 in file startup.s
Comment: StackMem used once
__initial_sp 00000400

Symbol: __initial_sp
   Definitions
      At line 72 in file startup.s
   Uses
      At line 665 in file startup.s
Comment: __initial_sp used once
3 symbols



ARM Macro Assembler    Page 1 Alphabetic symbol ordering
Relocatable symbols

HEAP 00000000

Symbol: HEAP
   Definitions
      At line 79 in file startup.s
   Uses
      None
Comment: HEAP unused
HeapMem 00000000

Symbol: HeapMem
   Definitions
      At line 81 in file startup.s
   Uses
      None
Comment: HeapMem unused
__heap_base 00000000

Symbol: __heap_base
   Definitions
      At line 80 in file startup.s
   Uses
      At line 666 in file startup.s
Comment: __heap_base used once
__heap_limit 00000000

Symbol: __heap_limit
   Definitions
      At line 83 in file startup.s
   Uses
      At line 667 in file startup.s
Comment: __heap_limit used once
4 symbols



ARM Macro Assembler    Page 1 Alphabetic symbol ordering
Relocatable symbols

ADC0Seq0_Handler 00000282

Symbol: ADC0Seq0_Handler
   Definitions
      At line 485 in file startup.s
   Uses
      At line 137 in file startup.s
      At line 370 in file startup.s

ADC0Seq1_Handler 00000282

Symbol: ADC0Seq1_Handler
   Definitions
      At line 486 in file startup.s
   Uses
      At line 138 in file startup.s
      At line 371 in file startup.s

ADC0Seq2_Handler 00000282

Symbol: ADC0Seq2_Handler
   Definitions
      At line 487 in file startup.s
   Uses
      At line 139 in file startup.s
      At line 372 in file startup.s

ADC0Seq3_Handler 00000282

Symbol: ADC0Seq3_Handler
   Definitions
      At line 488 in file startup.s
   Uses
      At line 140 in file startup.s
      At line 373 in file startup.s

ADC1Seq0_Handler 00000282

Symbol: ADC1Seq0_Handler
   Definitions
      At line 519 in file startup.s
   Uses
      At line 171 in file startup.s
      At line 404 in file startup.s

ADC1Seq1_Handler 00000282

Symbol: ADC1Seq1_Handler
   Definitions
      At line 520 in file startup.s
   Uses
      At line 172 in file startup.s
      At line 405 in file startup.s

ADC1Seq2_Handler 00000282

Symbol: ADC1Seq2_Handler
   Definitions
      At line 521 in file startup.s



ARM Macro Assembler    Page 2 Alphabetic symbol ordering
Relocatable symbols

   Uses
      At line 173 in file startup.s
      At line 406 in file startup.s

ADC1Seq3_Handler 00000282

Symbol: ADC1Seq3_Handler
   Definitions
      At line 522 in file startup.s
   Uses
      At line 174 in file startup.s
      At line 407 in file startup.s

BusFault_Handler 00000276

Symbol: BusFault_Handler
   Definitions
      At line 327 in file startup.s
   Uses
      At line 112 in file startup.s
      At line 328 in file startup.s

CAN0_Handler 00000282

Symbol: CAN0_Handler
   Definitions
      At line 510 in file startup.s
   Uses
      At line 162 in file startup.s
      At line 395 in file startup.s

CAN1_Handler 00000282

Symbol: CAN1_Handler
   Definitions
      At line 511 in file startup.s
   Uses
      At line 163 in file startup.s
      At line 396 in file startup.s

CAN2_Handler 00000282

Symbol: CAN2_Handler
   Definitions
      At line 512 in file startup.s
   Uses
      At line 164 in file startup.s
      At line 397 in file startup.s

Comp0_Handler 00000282

Symbol: Comp0_Handler
   Definitions
      At line 496 in file startup.s
   Uses
      At line 148 in file startup.s
      At line 381 in file startup.s

Comp1_Handler 00000282



ARM Macro Assembler    Page 3 Alphabetic symbol ordering
Relocatable symbols


Symbol: Comp1_Handler
   Definitions
      At line 497 in file startup.s
   Uses
      At line 149 in file startup.s
      At line 382 in file startup.s

Comp2_Handler 00000282

Symbol: Comp2_Handler
   Definitions
      At line 498 in file startup.s
   Uses
      At line 150 in file startup.s
      At line 383 in file startup.s

DebugMon_Handler 0000027C

Symbol: DebugMon_Handler
   Definitions
      At line 341 in file startup.s
   Uses
      At line 119 in file startup.s
      At line 342 in file startup.s

Ethernet_Handler 00000282

Symbol: Ethernet_Handler
   Definitions
      At line 513 in file startup.s
   Uses
      At line 165 in file startup.s
      At line 398 in file startup.s

ExtBus_Handler 00000282

Symbol: ExtBus_Handler
   Definitions
      At line 524 in file startup.s
   Uses
      At line 176 in file startup.s
      At line 409 in file startup.s

FPU_Handler 00000282

Symbol: FPU_Handler
   Definitions
      At line 553 in file startup.s
   Uses
      At line 229 in file startup.s
      At line 438 in file startup.s

Fan0_Handler 00000282

Symbol: Fan0_Handler
   Definitions
      At line 561 in file startup.s
   Uses



ARM Macro Assembler    Page 4 Alphabetic symbol ordering
Relocatable symbols

      At line 237 in file startup.s
      At line 446 in file startup.s

FlashCtl_Handler 00000282

Symbol: FlashCtl_Handler
   Definitions
      At line 500 in file startup.s
   Uses
      At line 152 in file startup.s
      At line 385 in file startup.s

GPIOPortA_Handler 00000282

Symbol: GPIOPortA_Handler
   Definitions
      At line 471 in file startup.s
   Uses
      At line 123 in file startup.s
      At line 356 in file startup.s

GPIOPortB_Handler 00000282

Symbol: GPIOPortB_Handler
   Definitions
      At line 472 in file startup.s
   Uses
      At line 124 in file startup.s
      At line 357 in file startup.s

GPIOPortC_Handler 00000282

Symbol: GPIOPortC_Handler
   Definitions
      At line 473 in file startup.s
   Uses
      At line 125 in file startup.s
      At line 358 in file startup.s

GPIOPortD_Handler 00000282

Symbol: GPIOPortD_Handler
   Definitions
      At line 474 in file startup.s
   Uses
      At line 126 in file startup.s
      At line 359 in file startup.s

GPIOPortE_Handler 00000282

Symbol: GPIOPortE_Handler
   Definitions
      At line 475 in file startup.s
   Uses
      At line 127 in file startup.s
      At line 360 in file startup.s

GPIOPortF_Handler 00000282




ARM Macro Assembler    Page 5 Alphabetic symbol ordering
Relocatable symbols

Symbol: GPIOPortF_Handler
   Definitions
      At line 501 in file startup.s
   Uses
      At line 153 in file startup.s
      At line 386 in file startup.s

GPIOPortG_Handler 00000282

Symbol: GPIOPortG_Handler
   Definitions
      At line 502 in file startup.s
   Uses
      At line 154 in file startup.s
      At line 387 in file startup.s

GPIOPortH_Handler 00000282

Symbol: GPIOPortH_Handler
   Definitions
      At line 503 in file startup.s
   Uses
      At line 155 in file startup.s
      At line 388 in file startup.s

GPIOPortJ_Handler 00000282

Symbol: GPIOPortJ_Handler
   Definitions
      At line 525 in file startup.s
   Uses
      At line 177 in file startup.s
      At line 410 in file startup.s

GPIOPortK_Handler 00000282

Symbol: GPIOPortK_Handler
   Definitions
      At line 526 in file startup.s
   Uses
      At line 178 in file startup.s
      At line 411 in file startup.s

GPIOPortL_Handler 00000282

Symbol: GPIOPortL_Handler
   Definitions
      At line 527 in file startup.s
   Uses
      At line 179 in file startup.s
      At line 412 in file startup.s

GPIOPortM_Handler 00000282

Symbol: GPIOPortM_Handler
   Definitions
      At line 558 in file startup.s
   Uses
      At line 234 in file startup.s



ARM Macro Assembler    Page 6 Alphabetic symbol ordering
Relocatable symbols

      At line 443 in file startup.s

GPIOPortN_Handler 00000282

Symbol: GPIOPortN_Handler
   Definitions
      At line 559 in file startup.s
   Uses
      At line 235 in file startup.s
      At line 444 in file startup.s

GPIOPortP1_Handler 00000282

Symbol: GPIOPortP1_Handler
   Definitions
      At line 563 in file startup.s
   Uses
      At line 240 in file startup.s
      At line 448 in file startup.s

GPIOPortP2_Handler 00000282

Symbol: GPIOPortP2_Handler
   Definitions
      At line 564 in file startup.s
   Uses
      At line 241 in file startup.s
      At line 449 in file startup.s

GPIOPortP3_Handler 00000282

Symbol: GPIOPortP3_Handler
   Definitions
      At line 565 in file startup.s
   Uses
      At line 242 in file startup.s
      At line 450 in file startup.s

GPIOPortP4_Handler 00000282

Symbol: GPIOPortP4_Handler
   Definitions
      At line 566 in file startup.s
   Uses
      At line 243 in file startup.s
      At line 451 in file startup.s

GPIOPortP5_Handler 00000282

Symbol: GPIOPortP5_Handler
   Definitions
      At line 567 in file startup.s
   Uses
      At line 244 in file startup.s
      At line 452 in file startup.s

GPIOPortP6_Handler 00000282

Symbol: GPIOPortP6_Handler



ARM Macro Assembler    Page 7 Alphabetic symbol ordering
Relocatable symbols

   Definitions
      At line 568 in file startup.s
   Uses
      At line 245 in file startup.s
      At line 453 in file startup.s

GPIOPortP7_Handler 00000282

Symbol: GPIOPortP7_Handler
   Definitions
      At line 569 in file startup.s
   Uses
      At line 246 in file startup.s
      At line 454 in file startup.s

GPIOPortP_Handler 00000282

Symbol: GPIOPortP_Handler
   Definitions
      At line 562 in file startup.s
   Uses
      At line 239 in file startup.s
      At line 447 in file startup.s

GPIOPortQ1_Handler 00000282

Symbol: GPIOPortQ1_Handler
   Definitions
      At line 571 in file startup.s
   Uses
      At line 248 in file startup.s
      At line 456 in file startup.s

GPIOPortQ2_Handler 00000282

Symbol: GPIOPortQ2_Handler
   Definitions
      At line 572 in file startup.s
   Uses
      At line 249 in file startup.s
      At line 457 in file startup.s

GPIOPortQ3_Handler 00000282

Symbol: GPIOPortQ3_Handler
   Definitions
      At line 573 in file startup.s
   Uses
      At line 250 in file startup.s
      At line 458 in file startup.s

GPIOPortQ4_Handler 00000282

Symbol: GPIOPortQ4_Handler
   Definitions
      At line 574 in file startup.s
   Uses
      At line 251 in file startup.s
      At line 459 in file startup.s



ARM Macro Assembler    Page 8 Alphabetic symbol ordering
Relocatable symbols


GPIOPortQ5_Handler 00000282

Symbol: GPIOPortQ5_Handler
   Definitions
      At line 575 in file startup.s
   Uses
      At line 252 in file startup.s
      At line 460 in file startup.s

GPIOPortQ6_Handler 00000282

Symbol: GPIOPortQ6_Handler
   Definitions
      At line 576 in file startup.s
   Uses
      At line 253 in file startup.s
      At line 461 in file startup.s

GPIOPortQ7_Handler 00000282

Symbol: GPIOPortQ7_Handler
   Definitions
      At line 577 in file startup.s
   Uses
      At line 254 in file startup.s
      At line 462 in file startup.s

GPIOPortQ_Handler 00000282

Symbol: GPIOPortQ_Handler
   Definitions
      At line 570 in file startup.s
   Uses
      At line 247 in file startup.s
      At line 455 in file startup.s

GPIOPortR_Handler 00000282

Symbol: GPIOPortR_Handler
   Definitions
      At line 578 in file startup.s
   Uses
      At line 255 in file startup.s
      At line 463 in file startup.s

GPIOPortS_Handler 00000282

Symbol: GPIOPortS_Handler
   Definitions
      At line 579 in file startup.s
   Uses
      At line 256 in file startup.s
      At line 464 in file startup.s

HardFault_Handler 00000272

Symbol: HardFault_Handler
   Definitions



ARM Macro Assembler    Page 9 Alphabetic symbol ordering
Relocatable symbols

      At line 316 in file startup.s
   Uses
      At line 110 in file startup.s
      At line 317 in file startup.s

Hibernate_Handler 00000282

Symbol: Hibernate_Handler
   Definitions
      At line 514 in file startup.s
   Uses
      At line 166 in file startup.s
      At line 399 in file startup.s

I2C0_Handler 00000282

Symbol: I2C0_Handler
   Definitions
      At line 479 in file startup.s
   Uses
      At line 131 in file startup.s
      At line 364 in file startup.s

I2C1_Handler 00000282

Symbol: I2C1_Handler
   Definitions
      At line 508 in file startup.s
   Uses
      At line 160 in file startup.s
      At line 393 in file startup.s

I2C2_Handler 00000282

Symbol: I2C2_Handler
   Definitions
      At line 535 in file startup.s
   Uses
      At line 191 in file startup.s
      At line 420 in file startup.s

I2C3_Handler 00000282

Symbol: I2C3_Handler
   Definitions
      At line 536 in file startup.s
   Uses
      At line 192 in file startup.s
      At line 421 in file startup.s

I2C4_Handler 00000282

Symbol: I2C4_Handler
   Definitions
      At line 556 in file startup.s
   Uses
      At line 232 in file startup.s
      At line 441 in file startup.s




ARM Macro Assembler    Page 10 Alphabetic symbol ordering
Relocatable symbols

I2C5_Handler 00000282

Symbol: I2C5_Handler
   Definitions
      At line 557 in file startup.s
   Uses
      At line 233 in file startup.s
      At line 442 in file startup.s

I2S0_Handler 00000282

Symbol: I2S0_Handler
   Definitions
      At line 523 in file startup.s
   Uses
      At line 175 in file startup.s
      At line 408 in file startup.s

IntDefaultHandler 00000282

Symbol: IntDefaultHandler
   Definitions
      At line 354 in file startup.s
   Uses
      None
Comment: IntDefaultHandler unused
LPC0_Handler 00000282

Symbol: LPC0_Handler
   Definitions
      At line 555 in file startup.s
   Uses
      At line 231 in file startup.s
      At line 440 in file startup.s

MemManage_Handler 00000274

Symbol: MemManage_Handler
   Definitions
      At line 322 in file startup.s
   Uses
      At line 111 in file startup.s
      At line 323 in file startup.s

NMI_Handler 00000270

Symbol: NMI_Handler
   Definitions
      At line 303 in file startup.s
   Uses
      At line 109 in file startup.s
      At line 304 in file startup.s

PECI0_Handler 00000282

Symbol: PECI0_Handler
   Definitions
      At line 554 in file startup.s
   Uses



ARM Macro Assembler    Page 11 Alphabetic symbol ordering
Relocatable symbols

      At line 230 in file startup.s
      At line 439 in file startup.s

PWM0Fault_Handler 00000282

Symbol: PWM0Fault_Handler
   Definitions
      At line 480 in file startup.s
   Uses
      At line 132 in file startup.s
      At line 365 in file startup.s

PWM0Generator0_Handler 00000282

Symbol: PWM0Generator0_Handler
   Definitions
      At line 481 in file startup.s
   Uses
      At line 133 in file startup.s
      At line 366 in file startup.s

PWM0Generator1_Handler 00000282

Symbol: PWM0Generator1_Handler
   Definitions
      At line 482 in file startup.s
   Uses
      At line 134 in file startup.s
      At line 367 in file startup.s

PWM0Generator2_Handler 00000282

Symbol: PWM0Generator2_Handler
   Definitions
      At line 483 in file startup.s
   Uses
      At line 135 in file startup.s
      At line 368 in file startup.s

PWM0Generator3_Handler 00000282

Symbol: PWM0Generator3_Handler
   Definitions
      At line 516 in file startup.s
   Uses
      At line 168 in file startup.s
      At line 401 in file startup.s

PWM1Fault_Handler 00000282

Symbol: PWM1Fault_Handler
   Definitions
      At line 584 in file startup.s
   Uses
      At line 261 in file startup.s
      At line 469 in file startup.s

PWM1Generator0_Handler 00000282




ARM Macro Assembler    Page 12 Alphabetic symbol ordering
Relocatable symbols

Symbol: PWM1Generator0_Handler
   Definitions
      At line 580 in file startup.s
   Uses
      At line 257 in file startup.s
      At line 465 in file startup.s

PWM1Generator1_Handler 00000282

Symbol: PWM1Generator1_Handler
   Definitions
      At line 581 in file startup.s
   Uses
      At line 258 in file startup.s
      At line 466 in file startup.s

PWM1Generator2_Handler 00000282

Symbol: PWM1Generator2_Handler
   Definitions
      At line 582 in file startup.s
   Uses
      At line 259 in file startup.s
      At line 467 in file startup.s

PWM1Generator3_Handler 00000282

Symbol: PWM1Generator3_Handler
   Definitions
      At line 583 in file startup.s
   Uses
      At line 260 in file startup.s
      At line 468 in file startup.s

PendSV_Handler 0000027E

Symbol: PendSV_Handler
   Definitions
      At line 345 in file startup.s
   Uses
      At line 121 in file startup.s
      At line 346 in file startup.s

Quadrature0_Handler 00000282

Symbol: Quadrature0_Handler
   Definitions
      At line 484 in file startup.s
   Uses
      At line 136 in file startup.s
      At line 369 in file startup.s

Quadrature1_Handler 00000282

Symbol: Quadrature1_Handler
   Definitions
      At line 509 in file startup.s
   Uses
      At line 161 in file startup.s



ARM Macro Assembler    Page 13 Alphabetic symbol ordering
Relocatable symbols

      At line 394 in file startup.s

Quadrature2_Handler 00000282

Symbol: Quadrature2_Handler
   Definitions
      At line 560 in file startup.s
   Uses
      At line 236 in file startup.s
      At line 445 in file startup.s

RESET 00000000

Symbol: RESET
   Definitions
      At line 97 in file startup.s
   Uses
      None
Comment: RESET unused
Reset_Handler 0000026C

Symbol: Reset_Handler
   Definitions
      At line 270 in file startup.s
   Uses
      At line 108 in file startup.s
      At line 269 in file startup.s

SSI0_Handler 00000282

Symbol: SSI0_Handler
   Definitions
      At line 478 in file startup.s
   Uses
      At line 130 in file startup.s
      At line 363 in file startup.s

SSI1_Handler 00000282

Symbol: SSI1_Handler
   Definitions
      At line 505 in file startup.s
   Uses
      At line 157 in file startup.s
      At line 390 in file startup.s

SSI2_Handler 00000282

Symbol: SSI2_Handler
   Definitions
      At line 528 in file startup.s
   Uses
      At line 180 in file startup.s
      At line 413 in file startup.s

SSI3_Handler 00000282

Symbol: SSI3_Handler
   Definitions



ARM Macro Assembler    Page 14 Alphabetic symbol ordering
Relocatable symbols

      At line 529 in file startup.s
   Uses
      At line 181 in file startup.s
      At line 414 in file startup.s

SVC_Handler 0000027A

Symbol: SVC_Handler
   Definitions
      At line 336 in file startup.s
   Uses
      At line 118 in file startup.s
      At line 337 in file startup.s

SysCtl_Handler 00000282

Symbol: SysCtl_Handler
   Definitions
      At line 499 in file startup.s
   Uses
      At line 151 in file startup.s
      At line 384 in file startup.s

SysTick_Handler 00000280

Symbol: SysTick_Handler
   Definitions
      At line 349 in file startup.s
   Uses
      At line 122 in file startup.s
      At line 350 in file startup.s

Timer0A_Handler 00000282

Symbol: Timer0A_Handler
   Definitions
      At line 490 in file startup.s
   Uses
      At line 142 in file startup.s
      At line 375 in file startup.s

Timer0B_Handler 00000282

Symbol: Timer0B_Handler
   Definitions
      At line 491 in file startup.s
   Uses
      At line 143 in file startup.s
      At line 376 in file startup.s

Timer1A_Handler 00000282

Symbol: Timer1A_Handler
   Definitions
      At line 492 in file startup.s
   Uses
      At line 144 in file startup.s
      At line 377 in file startup.s




ARM Macro Assembler    Page 15 Alphabetic symbol ordering
Relocatable symbols

Timer1B_Handler 00000282

Symbol: Timer1B_Handler
   Definitions
      At line 493 in file startup.s
   Uses
      At line 145 in file startup.s
      At line 378 in file startup.s

Timer2A_Handler 00000282

Symbol: Timer2A_Handler
   Definitions
      At line 494 in file startup.s
   Uses
      At line 146 in file startup.s
      At line 379 in file startup.s

Timer2B_Handler 00000282

Symbol: Timer2B_Handler
   Definitions
      At line 495 in file startup.s
   Uses
      At line 147 in file startup.s
      At line 380 in file startup.s

Timer3A_Handler 00000282

Symbol: Timer3A_Handler
   Definitions
      At line 506 in file startup.s
   Uses
      At line 158 in file startup.s
      At line 391 in file startup.s

Timer3B_Handler 00000282

Symbol: Timer3B_Handler
   Definitions
      At line 507 in file startup.s
   Uses
      At line 159 in file startup.s
      At line 392 in file startup.s

Timer4A_Handler 00000282

Symbol: Timer4A_Handler
   Definitions
      At line 537 in file startup.s
   Uses
      At line 193 in file startup.s
      At line 422 in file startup.s

Timer4B_Handler 00000282

Symbol: Timer4B_Handler
   Definitions
      At line 538 in file startup.s



ARM Macro Assembler    Page 16 Alphabetic symbol ordering
Relocatable symbols

   Uses
      At line 194 in file startup.s
      At line 423 in file startup.s

Timer5A_Handler 00000282

Symbol: Timer5A_Handler
   Definitions
      At line 539 in file startup.s
   Uses
      At line 215 in file startup.s
      At line 424 in file startup.s

Timer5B_Handler 00000282

Symbol: Timer5B_Handler
   Definitions
      At line 540 in file startup.s
   Uses
      At line 216 in file startup.s
      At line 425 in file startup.s

UART0_Handler 00000282

Symbol: UART0_Handler
   Definitions
      At line 476 in file startup.s
   Uses
      At line 128 in file startup.s
      At line 361 in file startup.s

UART1_Handler 00000282

Symbol: UART1_Handler
   Definitions
      At line 477 in file startup.s
   Uses
      At line 129 in file startup.s
      At line 362 in file startup.s

UART2_Handler 00000282

Symbol: UART2_Handler
   Definitions
      At line 504 in file startup.s
   Uses
      At line 156 in file startup.s
      At line 389 in file startup.s

UART3_Handler 00000282

Symbol: UART3_Handler
   Definitions
      At line 530 in file startup.s
   Uses
      At line 182 in file startup.s
      At line 415 in file startup.s

UART4_Handler 00000282



ARM Macro Assembler    Page 17 Alphabetic symbol ordering
Relocatable symbols


Symbol: UART4_Handler
   Definitions
      At line 531 in file startup.s
   Uses
      At line 183 in file startup.s
      At line 416 in file startup.s

UART5_Handler 00000282

Symbol: UART5_Handler
   Definitions
      At line 532 in file startup.s
   Uses
      At line 184 in file startup.s
      At line 417 in file startup.s

UART6_Handler 00000282

Symbol: UART6_Handler
   Definitions
      At line 533 in file startup.s
   Uses
      At line 185 in file startup.s
      At line 418 in file startup.s

UART7_Handler 00000282

Symbol: UART7_Handler
   Definitions
      At line 534 in file startup.s
   Uses
      At line 186 in file startup.s
      At line 419 in file startup.s

USB0_Handler 00000282

Symbol: USB0_Handler
   Definitions
      At line 515 in file startup.s
   Uses
      At line 167 in file startup.s
      At line 400 in file startup.s

UsageFault_Handler 00000278

Symbol: UsageFault_Handler
   Definitions
      At line 332 in file startup.s
   Uses
      At line 113 in file startup.s
      At line 333 in file startup.s

WDT_Handler 00000282

Symbol: WDT_Handler
   Definitions
      At line 489 in file startup.s
   Uses



ARM Macro Assembler    Page 18 Alphabetic symbol ordering
Relocatable symbols

      At line 141 in file startup.s
      At line 374 in file startup.s

WideTimer0A_Handler 00000282

Symbol: WideTimer0A_Handler
   Definitions
      At line 541 in file startup.s
   Uses
      At line 217 in file startup.s
      At line 426 in file startup.s

WideTimer0B_Handler 00000282

Symbol: WideTimer0B_Handler
   Definitions
      At line 542 in file startup.s
   Uses
      At line 218 in file startup.s
      At line 427 in file startup.s

WideTimer1A_Handler 00000282

Symbol: WideTimer1A_Handler
   Definitions
      At line 543 in file startup.s
   Uses
      At line 219 in file startup.s
      At line 428 in file startup.s

WideTimer1B_Handler 00000282

Symbol: WideTimer1B_Handler
   Definitions
      At line 544 in file startup.s
   Uses
      At line 220 in file startup.s
      At line 429 in file startup.s

WideTimer2A_Handler 00000282

Symbol: WideTimer2A_Handler
   Definitions
      At line 545 in file startup.s
   Uses
      At line 221 in file startup.s
      At line 430 in file startup.s

WideTimer2B_Handler 00000282

Symbol: WideTimer2B_Handler
   Definitions
      At line 546 in file startup.s
   Uses
      At line 222 in file startup.s
      At line 431 in file startup.s

WideTimer3A_Handler 00000282




ARM Macro Assembler    Page 19 Alphabetic symbol ordering
Relocatable symbols

Symbol: WideTimer3A_Handler
   Definitions
      At line 547 in file startup.s
   Uses
      At line 223 in file startup.s
      At line 432 in file startup.s

WideTimer3B_Handler 00000282

Symbol: WideTimer3B_Handler
   Definitions
      At line 548 in file startup.s
   Uses
      At line 224 in file startup.s
      At line 433 in file startup.s

WideTimer4A_Handler 00000282

Symbol: WideTimer4A_Handler
   Definitions
      At line 549 in file startup.s
   Uses
      At line 225 in file startup.s
      At line 434 in file startup.s

WideTimer4B_Handler 00000282

Symbol: WideTimer4B_Handler
   Definitions
      At line 550 in file startup.s
   Uses
      At line 226 in file startup.s
      At line 435 in file startup.s

WideTimer5A_Handler 00000282

Symbol: WideTimer5A_Handler
   Definitions
      At line 551 in file startup.s
   Uses
      At line 227 in file startup.s
      At line 436 in file startup.s

WideTimer5B_Handler 00000282

Symbol: WideTimer5B_Handler
   Definitions
      At line 552 in file startup.s
   Uses
      At line 228 in file startup.s
      At line 437 in file startup.s

__Vectors 00000000

Symbol: __Vectors
   Definitions
      At line 106 in file startup.s
   Uses
      At line 105 in file startup.s



ARM Macro Assembler    Page 20 Alphabetic symbol ordering
Relocatable symbols

Comment: __Vectors used once
uDMA_Error 00000282

Symbol: uDMA_Error
   Definitions
      At line 518 in file startup.s
   Uses
      At line 170 in file startup.s
      At line 403 in file startup.s

uDMA_Handler 00000282

Symbol: uDMA_Handler
   Definitions
      At line 517 in file startup.s
   Uses
      At line 169 in file startup.s
      At line 402 in file startup.s

127 symbols



ARM Macro Assembler    Page 1 Alphabetic symbol ordering
Relocatable symbols

.text 00000000

Symbol: .text
   Definitions
      At line 602 in file startup.s
   Uses
      None
Comment: .text unused
DisableInterrupts 00000000

Symbol: DisableInterrupts
   Definitions
      At line 619 in file startup.s
   Uses
      At line 609 in file startup.s
Comment: DisableInterrupts used once
EnableInterrupts 00000004

Symbol: EnableInterrupts
   Definitions
      At line 627 in file startup.s
   Uses
      At line 610 in file startup.s
Comment: EnableInterrupts used once
EndCritical 00000010

Symbol: EndCritical
   Definitions
      At line 644 in file startup.s
   Uses
      At line 612 in file startup.s
Comment: EndCritical used once
StartCritical 00000008

Symbol: StartCritical
   Definitions
      At line 635 in file startup.s
   Uses
      At line 611 in file startup.s
Comment: StartCritical used once
WaitForInterrupt 00000016

Symbol: WaitForInterrupt
   Definitions
      At line 652 in file startup.s
   Uses
      At line 613 in file startup.s
Comment: WaitForInterrupt used once
6 symbols



ARM Macro Assembler    Page 1 Alphabetic symbol ordering
Absolute symbols

Heap 00000000

Symbol: Heap
   Definitions
      At line 62 in file startup.s
   Uses
      At line 82 in file startup.s
Comment: Heap used once
Stack 00000400

Symbol: Stack
   Definitions
      At line 55 in file startup.s
   Uses
      At line 71 in file startup.s
      At line 107 in file startup.s

2 symbols



ARM Macro Assembler    Page 1 Alphabetic symbol ordering
External symbols

__main 00000000

Symbol: __main
   Definitions
      At line 293 in file startup.s
   Uses
      At line 294 in file startup.s
Comment: __main used once
1 symbol
475 symbols in table
