(---------------------------------------------------------------------)
(                                                                     )
(    NC DRILL Log                                                     )
(                                                                     )
(    Drawing          : #Taaaabm51408.tmp                             )
(    Software Version : 16.6S019                                      )
(    Date/Time        : Wed Sep 02 14:18:42 2015                      )
(                                                                     )
(---------------------------------------------------------------------)



 Processing NC Parameters file 'nc_param.txt' ...

 NC PARAMETERS
 -------------

 FORMAT   		4.3
 MACHINE-OFFSET		x:0.000000	y:0.000000
 FEEDRATE		1
 COORDINATES		ABSOLUTE
 OUTPUT-UNITS		METRIC
 TOOL-ORDER		INCREASING
 REPEAT-CODES		NO
 SUPPRESS-LEAD-ZEROES	NO
 SUPPRESS-TRAIL-ZEROES	NO
 SUPPRESS-EQUAL		NO
 TOOL-SELECT		YES
 HEADER			none
 LEADER			12
 CODE			ASCII
 SEPARATE		YES
 SEPARATE-ROUTING	NO
 OPTIMIZE_DRILLING	NO
 ENHANCED_EXCELLON	NO
 SCALE			1.000000

 WARNING(SPMHMF-358): Design precision is the same as that of the drill output file data.
 WARNING(SPMHMF-359): Data rounding errors may still be possible.
 WARNING(SPMHMF-368): Cannot find NC Drill tool file 'nc_tools.txt'
 WARNING(SPMHMF-369): ... will auto-generate tool file 'nc_tools_auto.txt'.


     Auto-generating tool file 'nc_tools_auto.txt' ...

           Size  Plating  Tool        + Tolerance  - Tolerance

          0.200  P        T01            0.000000     0.000000
          1.050  P        T02            0.000000     0.000000
          1.100  P        T03            0.000000     0.000000


 Drill files being output to directory 'C:/kht/work/BOOSTXL-CC2650M5A_0_1_0/Cadence/Allegro' ...



     'BOOSTXL-CC2650M5A-1-2.drl' created for holes connecting TOP and BOTTOM ; Plating = PLATED
     ------------------------------------------------------------------------------------------

     Tool  Num     Size      +/- Tolerance     Plating   Quantity

     T01    1.   0.2000    0.0000/  0.0000      PLATED        120
     T02    2.   1.0500    0.0000/  0.0000      PLATED         42
     T03    3.   1.1000    0.0000/  0.0000      PLATED          3

     ---- Total holes:                                        165

     ---- Total head travel:              3.53 feet (1.08 meters)

