{ Using PSTWRITER 16.6.0 d001Apr-21-2016 at 16:08:26 }

#1 WARNING(ORCAP-36006): Part Name "LED_LEDC1707X65N_DISCRETE_LPL296-J2L2-25_LEDC1707X65L,LEDC1707X65M" is renamed to "LED_LEDC1707X65N_DISCRETE_LPL29".
#2 WARNING(ORCAP-36006): Part Name "LED_LEDC1708X67N_DISCRETE_LS L296-P2Q2-1_LEDC1708X67L,LEDC1708X67M" is renamed to "LED_LEDC1708X67N_DISCRETE_LS L2".
#3 WARNING(ORCAP-36006): Part Name "CONN_HEADER_2X10_J_S_V1_SAMTEC_SSQ11023LD_A2B_IO_SSQ-110-23-L-D_SAMTEC_SSQ11023LD_A2C,SAMTEC_SSQ11023LD_A2A" is renamed to "CONN_HEADER_2X10_J_S_V1_SAMTEC_".
#4 WARNING(ORCAP-36006): Part Name "LABEL_PB-FREE_V1_LABEL_PB-FREE_8MM_A2N_MECHANICAL_NON_COMPONENT_LABEL_8MM" is renamed to "LABEL_PB-FREE_V1_LABEL_PB-FREE_".
#5 WARNING(ORCAP-36006): Part Name "MECH_SHUNT_JUMPER_V1_SAMTEC_SNT100BKG_MECHANICAL_SNT-100-BK-G" is renamed to "MECH_SHUNT_JUMPER_V1_SAMTEC_SNT".
#6 WARNING(ORCAP-36006): Part Name "HOLE_PTH_MTG110_170_HOLE_1.1MM_PTH" is renamed to "HOLE_PTH_MTG110_170_HOLE_1.1MM_".
#7 WARNING(ORCAP-36006): Part Name "CONN_HEADER_2_P_GRADCONN_BB02HC021KB1603000_A2B_IO_BB02-HC021-KB1-603000_GRADCONN_BB02HC021KB1603000_A2C,GRADCONN_BB02HC021KB1603000_A2A" is renamed to "CONN_HEADER_2_P_GRADCONN_BB02HC".
#8 WARNING(ORCAP-36006): Part Name "CONN_HEADER_2X5_SAMTEC_FTSH-105-01-F-DV-K-10N_FTSH-105-01-F-DV-K_SAMTEC_FTSH-105-01-F-DV-K-10L,SAMTEC_FTSH-105-01-F-DV-K-10M" is renamed to "CONN_HEADER_2X5_SAMTEC_FTSH-105".
#9 WARNING(ORCAP-36006): Part Name "RESISTOR_RESC1608X55N_0_RESC1608X55L,RESC1608X55M" is renamed to "RESISTOR_RESC1608X55N_0_RESC160".
#10 WARNING(ORCAP-36006): Part Name "RESISTOR_RESC1608X55N_0.1_RESC1608X55L,RESC1608X55M" is renamed to "RESISTOR_RESC1608X55N_0.1_RESC1".
#11 WARNING(ORCAP-36006): Part Name "RESISTOR_RESC1608X55N_DNM_RESC1608X55L,RESC1608X55M" is renamed to "RESISTOR_RESC1608X55N_DNM_RESC1".
#12 WARNING(ORCAP-36006): Part Name "IC_RF_CC2650MODA_MODULE29_MODULE_CC2650MODAMOH_A2N_IC_CC2650MODAMOH" is renamed to "IC_RF_CC2650MODA_MODULE29_MODUL".
#13 WARNING(ORCAP-36042): Pin "VDDS" is renamed to "VDDS#22" as visible power pin of same name already exists in Package IC_RF_CC2650MODA_MODULE29 , U2: BOOSTXL-CC2650MA, BoosterPack (198.12, 71.12).
#14 WARNING(ORCAP-36042): Pin "VDDS" is renamed to "VDDS#23" as visible power pin of same name already exists in Package IC_RF_CC2650MODA_MODULE29 , U2: BOOSTXL-CC2650MA, BoosterPack (198.12, 71.12).
#15 WARNING(ORCAP-36042): Pin "GND" is renamed to "GND#1" as visible power pin of same name already exists in Package IC_RF_CC2650MODA_MODULE29 , U2: BOOSTXL-CC2650MA, BoosterPack (198.12, 71.12).
#16 WARNING(ORCAP-36042): Pin "GND" is renamed to "GND#3" as visible power pin of same name already exists in Package IC_RF_CC2650MODA_MODULE29 , U2: BOOSTXL-CC2650MA, BoosterPack (198.12, 71.12).
#17 WARNING(ORCAP-36042): Pin "GND" is renamed to "GND#25" as visible power pin of same name already exists in Package IC_RF_CC2650MODA_MODULE29 , U2: BOOSTXL-CC2650MA, BoosterPack (198.12, 71.12).
#18 WARNING(ORCAP-36042): Pin "EGP" is renamed to "EGP#26" as visible power pin of same name already exists in Package IC_RF_CC2650MODA_MODULE29 , U2: BOOSTXL-CC2650MA, BoosterPack (198.12, 71.12).
#19 WARNING(ORCAP-36042): Pin "EGP" is renamed to "EGP#27" as visible power pin of same name already exists in Package IC_RF_CC2650MODA_MODULE29 , U2: BOOSTXL-CC2650MA, BoosterPack (198.12, 71.12).
#20 WARNING(ORCAP-36042): Pin "EGP" is renamed to "EGP#28" as visible power pin of same name already exists in Package IC_RF_CC2650MODA_MODULE29 , U2: BOOSTXL-CC2650MA, BoosterPack (198.12, 71.12).
#21 WARNING(ORCAP-36042): Pin "EGP" is renamed to "EGP#29" as visible power pin of same name already exists in Package IC_RF_CC2650MODA_MODULE29 , U2: BOOSTXL-CC2650MA, BoosterPack (198.12, 71.12).
#22 WARNING(ORCAP-36006): Part Name "IC_FLASH_MX25R8035F_USON8_SON50P300X200X60-9B2N_IC_MX25R8035FZUIL0_SON50P300X200X60-9B2L,SON50P300X200X60-9B2M" is renamed to "IC_FLASH_MX25R8035F_USON8_SON50".
INFO(ORCAP-36080): Scanning netlist files ...

Loading... C:\KHT\WORK\BOOSTXL-CC2650MA\CADENCE\ALLEGRO/pstchip.dat

Loading... C:\KHT\WORK\BOOSTXL-CC2650MA\CADENCE\ALLEGRO/pstchip.dat

Loading... C:\KHT\WORK\BOOSTXL-CC2650MA\CADENCE\ALLEGRO/pstxprt.dat

Loading... C:\KHT\WORK\BOOSTXL-CC2650MA\CADENCE\ALLEGRO/pstxnet.dat
packaging the design view...