ARM GAS  C:\Users\GLENNL~1\AppData\Local\Temp\ccAHEYwR.s 			page 1


   1              		.cpu cortex-m0
   2              		.fpu softvfp
   3              		.eabi_attribute 20, 1
   4              		.eabi_attribute 21, 1
   5              		.eabi_attribute 23, 3
   6              		.eabi_attribute 24, 1
   7              		.eabi_attribute 25, 1
   8              		.eabi_attribute 26, 1
   9              		.eabi_attribute 30, 6
  10              		.eabi_attribute 34, 0
  11              		.eabi_attribute 18, 4
  12              		.code	16
  13              		.file	"LEDR.c"
  14              		.text
  15              	.Ltext0:
  16              		.cfi_sections	.debug_frame
  17              		.section	.text.LEDR_Write,"ax",%progbits
  18              		.align	2
  19              		.global	LEDR_Write
  20              		.code	16
  21              		.thumb_func
  22              		.type	LEDR_Write, %function
  23              	LEDR_Write:
  24              	.LFB0:
  25              		.file 1 ".\\Generated_Source\\PSoC4\\LEDR.c"
   1:.\Generated_Source\PSoC4/LEDR.c **** /*******************************************************************************
   2:.\Generated_Source\PSoC4/LEDR.c **** * File Name: LEDR.c  
   3:.\Generated_Source\PSoC4/LEDR.c **** * Version 2.5
   4:.\Generated_Source\PSoC4/LEDR.c **** *
   5:.\Generated_Source\PSoC4/LEDR.c **** * Description:
   6:.\Generated_Source\PSoC4/LEDR.c **** *  This file contains API to enable firmware control of a Pins component.
   7:.\Generated_Source\PSoC4/LEDR.c **** *
   8:.\Generated_Source\PSoC4/LEDR.c **** * Note:
   9:.\Generated_Source\PSoC4/LEDR.c **** *
  10:.\Generated_Source\PSoC4/LEDR.c **** ********************************************************************************
  11:.\Generated_Source\PSoC4/LEDR.c **** * Copyright 2008-2014, Cypress Semiconductor Corporation.  All rights reserved.
  12:.\Generated_Source\PSoC4/LEDR.c **** * You may use this file only in accordance with the license, terms, conditions, 
  13:.\Generated_Source\PSoC4/LEDR.c **** * disclaimers, and limitations in the end user license agreement accompanying 
  14:.\Generated_Source\PSoC4/LEDR.c **** * the software package with which this file was provided.
  15:.\Generated_Source\PSoC4/LEDR.c **** *******************************************************************************/
  16:.\Generated_Source\PSoC4/LEDR.c **** 
  17:.\Generated_Source\PSoC4/LEDR.c **** #include "cytypes.h"
  18:.\Generated_Source\PSoC4/LEDR.c **** #include "LEDR.h"
  19:.\Generated_Source\PSoC4/LEDR.c **** 
  20:.\Generated_Source\PSoC4/LEDR.c **** #define SetP4PinDriveMode(shift, mode)  \
  21:.\Generated_Source\PSoC4/LEDR.c ****     do { \
  22:.\Generated_Source\PSoC4/LEDR.c ****         LEDR_PC =   (LEDR_PC & \
  23:.\Generated_Source\PSoC4/LEDR.c ****                                 (uint32)(~(uint32)(LEDR_DRIVE_MODE_IND_MASK << (LEDR_DRIVE_MODE_BIT
  24:.\Generated_Source\PSoC4/LEDR.c ****                                 (uint32)((uint32)(mode) << (LEDR_DRIVE_MODE_BITS * (shift))); \
  25:.\Generated_Source\PSoC4/LEDR.c ****     } while (0)
  26:.\Generated_Source\PSoC4/LEDR.c **** 
  27:.\Generated_Source\PSoC4/LEDR.c **** 
  28:.\Generated_Source\PSoC4/LEDR.c **** /*******************************************************************************
  29:.\Generated_Source\PSoC4/LEDR.c **** * Function Name: LEDR_Write
  30:.\Generated_Source\PSoC4/LEDR.c **** ********************************************************************************
  31:.\Generated_Source\PSoC4/LEDR.c **** *
  32:.\Generated_Source\PSoC4/LEDR.c **** * Summary:
ARM GAS  C:\Users\GLENNL~1\AppData\Local\Temp\ccAHEYwR.s 			page 2


  33:.\Generated_Source\PSoC4/LEDR.c **** *  Assign a new value to the digital port's data output register.  
  34:.\Generated_Source\PSoC4/LEDR.c **** *
  35:.\Generated_Source\PSoC4/LEDR.c **** * Parameters:  
  36:.\Generated_Source\PSoC4/LEDR.c **** *  prtValue:  The value to be assigned to the Digital Port. 
  37:.\Generated_Source\PSoC4/LEDR.c **** *
  38:.\Generated_Source\PSoC4/LEDR.c **** * Return: 
  39:.\Generated_Source\PSoC4/LEDR.c **** *  None 
  40:.\Generated_Source\PSoC4/LEDR.c **** *  
  41:.\Generated_Source\PSoC4/LEDR.c **** *******************************************************************************/
  42:.\Generated_Source\PSoC4/LEDR.c **** void LEDR_Write(uint8 value) 
  43:.\Generated_Source\PSoC4/LEDR.c **** {
  26              		.loc 1 43 0
  27              		.cfi_startproc
  28 0000 80B5     		push	{r7, lr}
  29              	.LCFI0:
  30              		.cfi_def_cfa_offset 8
  31              		.cfi_offset 7, -8
  32              		.cfi_offset 14, -4
  33 0002 84B0     		sub	sp, sp, #16
  34              	.LCFI1:
  35              		.cfi_def_cfa_offset 24
  36 0004 00AF     		add	r7, sp, #0
  37              	.LCFI2:
  38              		.cfi_def_cfa_register 7
  39 0006 021C     		mov	r2, r0
  40 0008 FB1D     		add	r3, r7, #7
  41 000a 1A70     		strb	r2, [r3]
  44:.\Generated_Source\PSoC4/LEDR.c ****     uint8 drVal = (uint8)(LEDR_DR & (uint8)(~LEDR_MASK));
  42              		.loc 1 44 0
  43 000c 0E4B     		ldr	r3, .L2
  44 000e 1B68     		ldr	r3, [r3]
  45 0010 DAB2     		uxtb	r2, r3
  46 0012 3B1C     		mov	r3, r7
  47 0014 0F33     		add	r3, r3, #15
  48 0016 0821     		mov	r1, #8
  49 0018 8A43     		bic	r2, r1
  50 001a 1A70     		strb	r2, [r3]
  45:.\Generated_Source\PSoC4/LEDR.c ****     drVal = (drVal | ((uint8)(value << LEDR_SHIFT) & LEDR_MASK));
  51              		.loc 1 45 0
  52 001c FB1D     		add	r3, r7, #7
  53 001e 1B78     		ldrb	r3, [r3]
  54 0020 DB00     		lsl	r3, r3, #3
  55 0022 DAB2     		uxtb	r2, r3
  56 0024 0823     		mov	r3, #8
  57 0026 1340     		and	r3, r2
  58 0028 D9B2     		uxtb	r1, r3
  59 002a 3B1C     		mov	r3, r7
  60 002c 0F33     		add	r3, r3, #15
  61 002e 3A1C     		mov	r2, r7
  62 0030 0F32     		add	r2, r2, #15
  63 0032 1278     		ldrb	r2, [r2]
  64 0034 0A43     		orr	r2, r1
  65 0036 1A70     		strb	r2, [r3]
  46:.\Generated_Source\PSoC4/LEDR.c ****     LEDR_DR = (uint32)drVal;
  66              		.loc 1 46 0
  67 0038 034B     		ldr	r3, .L2
  68 003a 3A1C     		mov	r2, r7
ARM GAS  C:\Users\GLENNL~1\AppData\Local\Temp\ccAHEYwR.s 			page 3


  69 003c 0F32     		add	r2, r2, #15
  70 003e 1278     		ldrb	r2, [r2]
  71 0040 1A60     		str	r2, [r3]
  47:.\Generated_Source\PSoC4/LEDR.c **** }
  72              		.loc 1 47 0
  73 0042 BD46     		mov	sp, r7
  74 0044 04B0     		add	sp, sp, #16
  75              		@ sp needed for prologue
  76 0046 80BD     		pop	{r7, pc}
  77              	.L3:
  78              		.align	2
  79              	.L2:
  80 0048 00000440 		.word	1074003968
  81              		.cfi_endproc
  82              	.LFE0:
  83              		.size	LEDR_Write, .-LEDR_Write
  84              		.section	.text.LEDR_SetDriveMode,"ax",%progbits
  85              		.align	2
  86              		.global	LEDR_SetDriveMode
  87              		.code	16
  88              		.thumb_func
  89              		.type	LEDR_SetDriveMode, %function
  90              	LEDR_SetDriveMode:
  91              	.LFB1:
  48:.\Generated_Source\PSoC4/LEDR.c **** 
  49:.\Generated_Source\PSoC4/LEDR.c **** 
  50:.\Generated_Source\PSoC4/LEDR.c **** /*******************************************************************************
  51:.\Generated_Source\PSoC4/LEDR.c **** * Function Name: LEDR_SetDriveMode
  52:.\Generated_Source\PSoC4/LEDR.c **** ********************************************************************************
  53:.\Generated_Source\PSoC4/LEDR.c **** *
  54:.\Generated_Source\PSoC4/LEDR.c **** * Summary:
  55:.\Generated_Source\PSoC4/LEDR.c **** *  Change the drive mode on the pins of the port.
  56:.\Generated_Source\PSoC4/LEDR.c **** * 
  57:.\Generated_Source\PSoC4/LEDR.c **** * Parameters:  
  58:.\Generated_Source\PSoC4/LEDR.c **** *  mode:  Change the pins to one of the following drive modes.
  59:.\Generated_Source\PSoC4/LEDR.c **** *
  60:.\Generated_Source\PSoC4/LEDR.c **** *  LEDR_DM_STRONG     Strong Drive 
  61:.\Generated_Source\PSoC4/LEDR.c **** *  LEDR_DM_OD_HI      Open Drain, Drives High 
  62:.\Generated_Source\PSoC4/LEDR.c **** *  LEDR_DM_OD_LO      Open Drain, Drives Low 
  63:.\Generated_Source\PSoC4/LEDR.c **** *  LEDR_DM_RES_UP     Resistive Pull Up 
  64:.\Generated_Source\PSoC4/LEDR.c **** *  LEDR_DM_RES_DWN    Resistive Pull Down 
  65:.\Generated_Source\PSoC4/LEDR.c **** *  LEDR_DM_RES_UPDWN  Resistive Pull Up/Down 
  66:.\Generated_Source\PSoC4/LEDR.c **** *  LEDR_DM_DIG_HIZ    High Impedance Digital 
  67:.\Generated_Source\PSoC4/LEDR.c **** *  LEDR_DM_ALG_HIZ    High Impedance Analog 
  68:.\Generated_Source\PSoC4/LEDR.c **** *
  69:.\Generated_Source\PSoC4/LEDR.c **** * Return: 
  70:.\Generated_Source\PSoC4/LEDR.c **** *  None
  71:.\Generated_Source\PSoC4/LEDR.c **** *
  72:.\Generated_Source\PSoC4/LEDR.c **** *******************************************************************************/
  73:.\Generated_Source\PSoC4/LEDR.c **** void LEDR_SetDriveMode(uint8 mode) 
  74:.\Generated_Source\PSoC4/LEDR.c **** {
  92              		.loc 1 74 0
  93              		.cfi_startproc
  94 0000 80B5     		push	{r7, lr}
  95              	.LCFI3:
  96              		.cfi_def_cfa_offset 8
  97              		.cfi_offset 7, -8
ARM GAS  C:\Users\GLENNL~1\AppData\Local\Temp\ccAHEYwR.s 			page 4


  98              		.cfi_offset 14, -4
  99 0002 82B0     		sub	sp, sp, #8
 100              	.LCFI4:
 101              		.cfi_def_cfa_offset 16
 102 0004 00AF     		add	r7, sp, #0
 103              	.LCFI5:
 104              		.cfi_def_cfa_register 7
 105 0006 021C     		mov	r2, r0
 106 0008 FB1D     		add	r3, r7, #7
 107 000a 1A70     		strb	r2, [r3]
  75:.\Generated_Source\PSoC4/LEDR.c **** 	SetP4PinDriveMode(LEDR__0__SHIFT, mode);
 108              		.loc 1 75 0
 109 000c 064B     		ldr	r3, .L5
 110 000e 064A     		ldr	r2, .L5
 111 0010 1168     		ldr	r1, [r2]
 112 0012 064A     		ldr	r2, .L5+4
 113 0014 1140     		and	r1, r2
 114 0016 FA1D     		add	r2, r7, #7
 115 0018 1278     		ldrb	r2, [r2]
 116 001a 5202     		lsl	r2, r2, #9
 117 001c 0A43     		orr	r2, r1
 118 001e 1A60     		str	r2, [r3]
  76:.\Generated_Source\PSoC4/LEDR.c **** }
 119              		.loc 1 76 0
 120 0020 BD46     		mov	sp, r7
 121 0022 02B0     		add	sp, sp, #8
 122              		@ sp needed for prologue
 123 0024 80BD     		pop	{r7, pc}
 124              	.L6:
 125 0026 C046     		.align	2
 126              	.L5:
 127 0028 08000440 		.word	1074003976
 128 002c FFF1FFFF 		.word	-3585
 129              		.cfi_endproc
 130              	.LFE1:
 131              		.size	LEDR_SetDriveMode, .-LEDR_SetDriveMode
 132              		.section	.text.LEDR_Read,"ax",%progbits
 133              		.align	2
 134              		.global	LEDR_Read
 135              		.code	16
 136              		.thumb_func
 137              		.type	LEDR_Read, %function
 138              	LEDR_Read:
 139              	.LFB2:
  77:.\Generated_Source\PSoC4/LEDR.c **** 
  78:.\Generated_Source\PSoC4/LEDR.c **** 
  79:.\Generated_Source\PSoC4/LEDR.c **** /*******************************************************************************
  80:.\Generated_Source\PSoC4/LEDR.c **** * Function Name: LEDR_Read
  81:.\Generated_Source\PSoC4/LEDR.c **** ********************************************************************************
  82:.\Generated_Source\PSoC4/LEDR.c **** *
  83:.\Generated_Source\PSoC4/LEDR.c **** * Summary:
  84:.\Generated_Source\PSoC4/LEDR.c **** *  Read the current value on the pins of the Digital Port in right justified 
  85:.\Generated_Source\PSoC4/LEDR.c **** *  form.
  86:.\Generated_Source\PSoC4/LEDR.c **** *
  87:.\Generated_Source\PSoC4/LEDR.c **** * Parameters:  
  88:.\Generated_Source\PSoC4/LEDR.c **** *  None 
  89:.\Generated_Source\PSoC4/LEDR.c **** *
ARM GAS  C:\Users\GLENNL~1\AppData\Local\Temp\ccAHEYwR.s 			page 5


  90:.\Generated_Source\PSoC4/LEDR.c **** * Return: 
  91:.\Generated_Source\PSoC4/LEDR.c **** *  Returns the current value of the Digital Port as a right justified number
  92:.\Generated_Source\PSoC4/LEDR.c **** *  
  93:.\Generated_Source\PSoC4/LEDR.c **** * Note:
  94:.\Generated_Source\PSoC4/LEDR.c **** *  Macro LEDR_ReadPS calls this function. 
  95:.\Generated_Source\PSoC4/LEDR.c **** *  
  96:.\Generated_Source\PSoC4/LEDR.c **** *******************************************************************************/
  97:.\Generated_Source\PSoC4/LEDR.c **** uint8 LEDR_Read(void) 
  98:.\Generated_Source\PSoC4/LEDR.c **** {
 140              		.loc 1 98 0
 141              		.cfi_startproc
 142 0000 80B5     		push	{r7, lr}
 143              	.LCFI6:
 144              		.cfi_def_cfa_offset 8
 145              		.cfi_offset 7, -8
 146              		.cfi_offset 14, -4
 147 0002 00AF     		add	r7, sp, #0
 148              	.LCFI7:
 149              		.cfi_def_cfa_register 7
  99:.\Generated_Source\PSoC4/LEDR.c ****     return (uint8)((LEDR_PS & LEDR_MASK) >> LEDR_SHIFT);
 150              		.loc 1 99 0
 151 0004 044B     		ldr	r3, .L9
 152 0006 1A68     		ldr	r2, [r3]
 153 0008 0823     		mov	r3, #8
 154 000a 1340     		and	r3, r2
 155 000c DB08     		lsr	r3, r3, #3
 156 000e DBB2     		uxtb	r3, r3
 100:.\Generated_Source\PSoC4/LEDR.c **** }
 157              		.loc 1 100 0
 158 0010 181C     		mov	r0, r3
 159 0012 BD46     		mov	sp, r7
 160              		@ sp needed for prologue
 161 0014 80BD     		pop	{r7, pc}
 162              	.L10:
 163 0016 C046     		.align	2
 164              	.L9:
 165 0018 04000440 		.word	1074003972
 166              		.cfi_endproc
 167              	.LFE2:
 168              		.size	LEDR_Read, .-LEDR_Read
 169              		.section	.text.LEDR_ReadDataReg,"ax",%progbits
 170              		.align	2
 171              		.global	LEDR_ReadDataReg
 172              		.code	16
 173              		.thumb_func
 174              		.type	LEDR_ReadDataReg, %function
 175              	LEDR_ReadDataReg:
 176              	.LFB3:
 101:.\Generated_Source\PSoC4/LEDR.c **** 
 102:.\Generated_Source\PSoC4/LEDR.c **** 
 103:.\Generated_Source\PSoC4/LEDR.c **** /*******************************************************************************
 104:.\Generated_Source\PSoC4/LEDR.c **** * Function Name: LEDR_ReadDataReg
 105:.\Generated_Source\PSoC4/LEDR.c **** ********************************************************************************
 106:.\Generated_Source\PSoC4/LEDR.c **** *
 107:.\Generated_Source\PSoC4/LEDR.c **** * Summary:
 108:.\Generated_Source\PSoC4/LEDR.c **** *  Read the current value assigned to a Digital Port's data output register
 109:.\Generated_Source\PSoC4/LEDR.c **** *
ARM GAS  C:\Users\GLENNL~1\AppData\Local\Temp\ccAHEYwR.s 			page 6


 110:.\Generated_Source\PSoC4/LEDR.c **** * Parameters:  
 111:.\Generated_Source\PSoC4/LEDR.c **** *  None 
 112:.\Generated_Source\PSoC4/LEDR.c **** *
 113:.\Generated_Source\PSoC4/LEDR.c **** * Return: 
 114:.\Generated_Source\PSoC4/LEDR.c **** *  Returns the current value assigned to the Digital Port's data output register
 115:.\Generated_Source\PSoC4/LEDR.c **** *  
 116:.\Generated_Source\PSoC4/LEDR.c **** *******************************************************************************/
 117:.\Generated_Source\PSoC4/LEDR.c **** uint8 LEDR_ReadDataReg(void) 
 118:.\Generated_Source\PSoC4/LEDR.c **** {
 177              		.loc 1 118 0
 178              		.cfi_startproc
 179 0000 80B5     		push	{r7, lr}
 180              	.LCFI8:
 181              		.cfi_def_cfa_offset 8
 182              		.cfi_offset 7, -8
 183              		.cfi_offset 14, -4
 184 0002 00AF     		add	r7, sp, #0
 185              	.LCFI9:
 186              		.cfi_def_cfa_register 7
 119:.\Generated_Source\PSoC4/LEDR.c ****     return (uint8)((LEDR_DR & LEDR_MASK) >> LEDR_SHIFT);
 187              		.loc 1 119 0
 188 0004 044B     		ldr	r3, .L13
 189 0006 1A68     		ldr	r2, [r3]
 190 0008 0823     		mov	r3, #8
 191 000a 1340     		and	r3, r2
 192 000c DB08     		lsr	r3, r3, #3
 193 000e DBB2     		uxtb	r3, r3
 120:.\Generated_Source\PSoC4/LEDR.c **** }
 194              		.loc 1 120 0
 195 0010 181C     		mov	r0, r3
 196 0012 BD46     		mov	sp, r7
 197              		@ sp needed for prologue
 198 0014 80BD     		pop	{r7, pc}
 199              	.L14:
 200 0016 C046     		.align	2
 201              	.L13:
 202 0018 00000440 		.word	1074003968
 203              		.cfi_endproc
 204              	.LFE3:
 205              		.size	LEDR_ReadDataReg, .-LEDR_ReadDataReg
 206              		.section	.text.LEDR_ClearInterrupt,"ax",%progbits
 207              		.align	2
 208              		.global	LEDR_ClearInterrupt
 209              		.code	16
 210              		.thumb_func
 211              		.type	LEDR_ClearInterrupt, %function
 212              	LEDR_ClearInterrupt:
 213              	.LFB4:
 121:.\Generated_Source\PSoC4/LEDR.c **** 
 122:.\Generated_Source\PSoC4/LEDR.c **** 
 123:.\Generated_Source\PSoC4/LEDR.c **** /* If Interrupts Are Enabled for this Pins component */ 
 124:.\Generated_Source\PSoC4/LEDR.c **** #if defined(LEDR_INTSTAT) 
 125:.\Generated_Source\PSoC4/LEDR.c **** 
 126:.\Generated_Source\PSoC4/LEDR.c ****     /*******************************************************************************
 127:.\Generated_Source\PSoC4/LEDR.c ****     * Function Name: LEDR_ClearInterrupt
 128:.\Generated_Source\PSoC4/LEDR.c ****     ********************************************************************************
 129:.\Generated_Source\PSoC4/LEDR.c ****     *
ARM GAS  C:\Users\GLENNL~1\AppData\Local\Temp\ccAHEYwR.s 			page 7


 130:.\Generated_Source\PSoC4/LEDR.c ****     * Summary:
 131:.\Generated_Source\PSoC4/LEDR.c ****     *  Clears any active interrupts attached to port and returns the value of the 
 132:.\Generated_Source\PSoC4/LEDR.c ****     *  interrupt status register.
 133:.\Generated_Source\PSoC4/LEDR.c ****     *
 134:.\Generated_Source\PSoC4/LEDR.c ****     * Parameters:  
 135:.\Generated_Source\PSoC4/LEDR.c ****     *  None 
 136:.\Generated_Source\PSoC4/LEDR.c ****     *
 137:.\Generated_Source\PSoC4/LEDR.c ****     * Return: 
 138:.\Generated_Source\PSoC4/LEDR.c ****     *  Returns the value of the interrupt status register
 139:.\Generated_Source\PSoC4/LEDR.c ****     *  
 140:.\Generated_Source\PSoC4/LEDR.c ****     *******************************************************************************/
 141:.\Generated_Source\PSoC4/LEDR.c ****     uint8 LEDR_ClearInterrupt(void) 
 142:.\Generated_Source\PSoC4/LEDR.c ****     {
 214              		.loc 1 142 0
 215              		.cfi_startproc
 216 0000 80B5     		push	{r7, lr}
 217              	.LCFI10:
 218              		.cfi_def_cfa_offset 8
 219              		.cfi_offset 7, -8
 220              		.cfi_offset 14, -4
 221 0002 82B0     		sub	sp, sp, #8
 222              	.LCFI11:
 223              		.cfi_def_cfa_offset 16
 224 0004 00AF     		add	r7, sp, #0
 225              	.LCFI12:
 226              		.cfi_def_cfa_register 7
 143:.\Generated_Source\PSoC4/LEDR.c **** 		uint8 maskedStatus = (uint8)(LEDR_INTSTAT & LEDR_MASK);
 227              		.loc 1 143 0
 228 0006 094B     		ldr	r3, .L17
 229 0008 1B68     		ldr	r3, [r3]
 230 000a D9B2     		uxtb	r1, r3
 231 000c FB1D     		add	r3, r7, #7
 232 000e 0822     		mov	r2, #8
 233 0010 0A40     		and	r2, r1
 234 0012 1A70     		strb	r2, [r3]
 144:.\Generated_Source\PSoC4/LEDR.c **** 		LEDR_INTSTAT = maskedStatus;
 235              		.loc 1 144 0
 236 0014 054B     		ldr	r3, .L17
 237 0016 FA1D     		add	r2, r7, #7
 238 0018 1278     		ldrb	r2, [r2]
 239 001a 1A60     		str	r2, [r3]
 145:.\Generated_Source\PSoC4/LEDR.c ****         return maskedStatus >> LEDR_SHIFT;
 240              		.loc 1 145 0
 241 001c FB1D     		add	r3, r7, #7
 242 001e 1B78     		ldrb	r3, [r3]
 243 0020 DB08     		lsr	r3, r3, #3
 244 0022 DBB2     		uxtb	r3, r3
 146:.\Generated_Source\PSoC4/LEDR.c ****     }
 245              		.loc 1 146 0
 246 0024 181C     		mov	r0, r3
 247 0026 BD46     		mov	sp, r7
 248 0028 02B0     		add	sp, sp, #8
 249              		@ sp needed for prologue
 250 002a 80BD     		pop	{r7, pc}
 251              	.L18:
 252              		.align	2
 253              	.L17:
ARM GAS  C:\Users\GLENNL~1\AppData\Local\Temp\ccAHEYwR.s 			page 8


 254 002c 10000440 		.word	1074003984
 255              		.cfi_endproc
 256              	.LFE4:
 257              		.size	LEDR_ClearInterrupt, .-LEDR_ClearInterrupt
 258              		.text
 259              	.Letext0:
 260              		.file 2 ".\\Generated_Source\\PSoC4\\cytypes.h"
 261              		.section	.debug_info,"",%progbits
 262              	.Ldebug_info0:
 263 0000 64010000 		.4byte	0x164
 264 0004 0200     		.2byte	0x2
 265 0006 00000000 		.4byte	.Ldebug_abbrev0
 266 000a 04       		.byte	0x4
 267 000b 01       		.uleb128 0x1
 268 000c 13010000 		.4byte	.LASF24
 269 0010 01       		.byte	0x1
 270 0011 06000000 		.4byte	.LASF25
 271 0015 7C010000 		.4byte	.LASF26
 272 0019 00000000 		.4byte	.Ldebug_ranges0+0
 273 001d 00000000 		.4byte	0
 274 0021 00000000 		.4byte	0
 275 0025 00000000 		.4byte	.Ldebug_line0
 276 0029 02       		.uleb128 0x2
 277 002a 01       		.byte	0x1
 278 002b 06       		.byte	0x6
 279 002c 70010000 		.4byte	.LASF0
 280 0030 02       		.uleb128 0x2
 281 0031 01       		.byte	0x1
 282 0032 08       		.byte	0x8
 283 0033 46000000 		.4byte	.LASF1
 284 0037 02       		.uleb128 0x2
 285 0038 02       		.byte	0x2
 286 0039 05       		.byte	0x5
 287 003a 03010000 		.4byte	.LASF2
 288 003e 02       		.uleb128 0x2
 289 003f 02       		.byte	0x2
 290 0040 07       		.byte	0x7
 291 0041 7E000000 		.4byte	.LASF3
 292 0045 02       		.uleb128 0x2
 293 0046 04       		.byte	0x4
 294 0047 05       		.byte	0x5
 295 0048 5C010000 		.4byte	.LASF4
 296 004c 02       		.uleb128 0x2
 297 004d 04       		.byte	0x4
 298 004e 07       		.byte	0x7
 299 004f 6C000000 		.4byte	.LASF5
 300 0053 02       		.uleb128 0x2
 301 0054 08       		.byte	0x8
 302 0055 05       		.byte	0x5
 303 0056 D2000000 		.4byte	.LASF6
 304 005a 02       		.uleb128 0x2
 305 005b 08       		.byte	0x8
 306 005c 07       		.byte	0x7
 307 005d AC000000 		.4byte	.LASF7
 308 0061 03       		.uleb128 0x3
 309 0062 04       		.byte	0x4
 310 0063 05       		.byte	0x5
ARM GAS  C:\Users\GLENNL~1\AppData\Local\Temp\ccAHEYwR.s 			page 9


 311 0064 696E7400 		.ascii	"int\000"
 312 0068 02       		.uleb128 0x2
 313 0069 04       		.byte	0x4
 314 006a 07       		.byte	0x7
 315 006b 9F000000 		.4byte	.LASF8
 316 006f 04       		.uleb128 0x4
 317 0070 0D010000 		.4byte	.LASF9
 318 0074 02       		.byte	0x2
 319 0075 5B       		.byte	0x5b
 320 0076 30000000 		.4byte	0x30
 321 007a 04       		.uleb128 0x4
 322 007b 98000000 		.4byte	.LASF10
 323 007f 02       		.byte	0x2
 324 0080 5D       		.byte	0x5d
 325 0081 4C000000 		.4byte	0x4c
 326 0085 02       		.uleb128 0x2
 327 0086 04       		.byte	0x4
 328 0087 04       		.byte	0x4
 329 0088 40000000 		.4byte	.LASF11
 330 008c 02       		.uleb128 0x2
 331 008d 08       		.byte	0x8
 332 008e 04       		.byte	0x4
 333 008f 91000000 		.4byte	.LASF12
 334 0093 02       		.uleb128 0x2
 335 0094 01       		.byte	0x1
 336 0095 08       		.byte	0x8
 337 0096 ED000000 		.4byte	.LASF13
 338 009a 04       		.uleb128 0x4
 339 009b 00000000 		.4byte	.LASF14
 340 009f 02       		.byte	0x2
 341 00a0 F2       		.byte	0xf2
 342 00a1 A5000000 		.4byte	0xa5
 343 00a5 05       		.uleb128 0x5
 344 00a6 7A000000 		.4byte	0x7a
 345 00aa 06       		.uleb128 0x6
 346 00ab 01       		.byte	0x1
 347 00ac 65010000 		.4byte	.LASF15
 348 00b0 01       		.byte	0x1
 349 00b1 2A       		.byte	0x2a
 350 00b2 01       		.byte	0x1
 351 00b3 00000000 		.4byte	.LFB0
 352 00b7 4C000000 		.4byte	.LFE0
 353 00bb 00000000 		.4byte	.LLST0
 354 00bf 01       		.byte	0x1
 355 00c0 E1000000 		.4byte	0xe1
 356 00c4 07       		.uleb128 0x7
 357 00c5 26000000 		.4byte	.LASF17
 358 00c9 01       		.byte	0x1
 359 00ca 2A       		.byte	0x2a
 360 00cb 6F000000 		.4byte	0x6f
 361 00cf 02       		.byte	0x2
 362 00d0 91       		.byte	0x91
 363 00d1 6F       		.sleb128 -17
 364 00d2 08       		.uleb128 0x8
 365 00d3 54000000 		.4byte	.LASF22
 366 00d7 01       		.byte	0x1
 367 00d8 2C       		.byte	0x2c
ARM GAS  C:\Users\GLENNL~1\AppData\Local\Temp\ccAHEYwR.s 			page 10


 368 00d9 6F000000 		.4byte	0x6f
 369 00dd 02       		.byte	0x2
 370 00de 91       		.byte	0x91
 371 00df 77       		.sleb128 -9
 372 00e0 00       		.byte	0
 373 00e1 06       		.uleb128 0x6
 374 00e2 01       		.byte	0x1
 375 00e3 5A000000 		.4byte	.LASF16
 376 00e7 01       		.byte	0x1
 377 00e8 49       		.byte	0x49
 378 00e9 01       		.byte	0x1
 379 00ea 00000000 		.4byte	.LFB1
 380 00ee 30000000 		.4byte	.LFE1
 381 00f2 38000000 		.4byte	.LLST1
 382 00f6 01       		.byte	0x1
 383 00f7 0A010000 		.4byte	0x10a
 384 00fb 07       		.uleb128 0x7
 385 00fc C3000000 		.4byte	.LASF18
 386 0100 01       		.byte	0x1
 387 0101 49       		.byte	0x49
 388 0102 6F000000 		.4byte	0x6f
 389 0106 02       		.byte	0x2
 390 0107 91       		.byte	0x91
 391 0108 77       		.sleb128 -9
 392 0109 00       		.byte	0
 393 010a 09       		.uleb128 0x9
 394 010b 01       		.byte	0x1
 395 010c C8000000 		.4byte	.LASF19
 396 0110 01       		.byte	0x1
 397 0111 61       		.byte	0x61
 398 0112 01       		.byte	0x1
 399 0113 6F000000 		.4byte	0x6f
 400 0117 00000000 		.4byte	.LFB2
 401 011b 1C000000 		.4byte	.LFE2
 402 011f 70000000 		.4byte	.LLST2
 403 0123 01       		.byte	0x1
 404 0124 09       		.uleb128 0x9
 405 0125 01       		.byte	0x1
 406 0126 F2000000 		.4byte	.LASF20
 407 012a 01       		.byte	0x1
 408 012b 75       		.byte	0x75
 409 012c 01       		.byte	0x1
 410 012d 6F000000 		.4byte	0x6f
 411 0131 00000000 		.4byte	.LFB3
 412 0135 1C000000 		.4byte	.LFE3
 413 0139 9C000000 		.4byte	.LLST3
 414 013d 01       		.byte	0x1
 415 013e 0A       		.uleb128 0xa
 416 013f 01       		.byte	0x1
 417 0140 2C000000 		.4byte	.LASF21
 418 0144 01       		.byte	0x1
 419 0145 8D       		.byte	0x8d
 420 0146 01       		.byte	0x1
 421 0147 6F000000 		.4byte	0x6f
 422 014b 00000000 		.4byte	.LFB4
 423 014f 30000000 		.4byte	.LFE4
 424 0153 C8000000 		.4byte	.LLST4
ARM GAS  C:\Users\GLENNL~1\AppData\Local\Temp\ccAHEYwR.s 			page 11


 425 0157 01       		.byte	0x1
 426 0158 08       		.uleb128 0x8
 427 0159 E0000000 		.4byte	.LASF23
 428 015d 01       		.byte	0x1
 429 015e 8F       		.byte	0x8f
 430 015f 6F000000 		.4byte	0x6f
 431 0163 02       		.byte	0x2
 432 0164 91       		.byte	0x91
 433 0165 77       		.sleb128 -9
 434 0166 00       		.byte	0
 435 0167 00       		.byte	0
 436              		.section	.debug_abbrev,"",%progbits
 437              	.Ldebug_abbrev0:
 438 0000 01       		.uleb128 0x1
 439 0001 11       		.uleb128 0x11
 440 0002 01       		.byte	0x1
 441 0003 25       		.uleb128 0x25
 442 0004 0E       		.uleb128 0xe
 443 0005 13       		.uleb128 0x13
 444 0006 0B       		.uleb128 0xb
 445 0007 03       		.uleb128 0x3
 446 0008 0E       		.uleb128 0xe
 447 0009 1B       		.uleb128 0x1b
 448 000a 0E       		.uleb128 0xe
 449 000b 55       		.uleb128 0x55
 450 000c 06       		.uleb128 0x6
 451 000d 11       		.uleb128 0x11
 452 000e 01       		.uleb128 0x1
 453 000f 52       		.uleb128 0x52
 454 0010 01       		.uleb128 0x1
 455 0011 10       		.uleb128 0x10
 456 0012 06       		.uleb128 0x6
 457 0013 00       		.byte	0
 458 0014 00       		.byte	0
 459 0015 02       		.uleb128 0x2
 460 0016 24       		.uleb128 0x24
 461 0017 00       		.byte	0
 462 0018 0B       		.uleb128 0xb
 463 0019 0B       		.uleb128 0xb
 464 001a 3E       		.uleb128 0x3e
 465 001b 0B       		.uleb128 0xb
 466 001c 03       		.uleb128 0x3
 467 001d 0E       		.uleb128 0xe
 468 001e 00       		.byte	0
 469 001f 00       		.byte	0
 470 0020 03       		.uleb128 0x3
 471 0021 24       		.uleb128 0x24
 472 0022 00       		.byte	0
 473 0023 0B       		.uleb128 0xb
 474 0024 0B       		.uleb128 0xb
 475 0025 3E       		.uleb128 0x3e
 476 0026 0B       		.uleb128 0xb
 477 0027 03       		.uleb128 0x3
 478 0028 08       		.uleb128 0x8
 479 0029 00       		.byte	0
 480 002a 00       		.byte	0
 481 002b 04       		.uleb128 0x4
ARM GAS  C:\Users\GLENNL~1\AppData\Local\Temp\ccAHEYwR.s 			page 12


 482 002c 16       		.uleb128 0x16
 483 002d 00       		.byte	0
 484 002e 03       		.uleb128 0x3
 485 002f 0E       		.uleb128 0xe
 486 0030 3A       		.uleb128 0x3a
 487 0031 0B       		.uleb128 0xb
 488 0032 3B       		.uleb128 0x3b
 489 0033 0B       		.uleb128 0xb
 490 0034 49       		.uleb128 0x49
 491 0035 13       		.uleb128 0x13
 492 0036 00       		.byte	0
 493 0037 00       		.byte	0
 494 0038 05       		.uleb128 0x5
 495 0039 35       		.uleb128 0x35
 496 003a 00       		.byte	0
 497 003b 49       		.uleb128 0x49
 498 003c 13       		.uleb128 0x13
 499 003d 00       		.byte	0
 500 003e 00       		.byte	0
 501 003f 06       		.uleb128 0x6
 502 0040 2E       		.uleb128 0x2e
 503 0041 01       		.byte	0x1
 504 0042 3F       		.uleb128 0x3f
 505 0043 0C       		.uleb128 0xc
 506 0044 03       		.uleb128 0x3
 507 0045 0E       		.uleb128 0xe
 508 0046 3A       		.uleb128 0x3a
 509 0047 0B       		.uleb128 0xb
 510 0048 3B       		.uleb128 0x3b
 511 0049 0B       		.uleb128 0xb
 512 004a 27       		.uleb128 0x27
 513 004b 0C       		.uleb128 0xc
 514 004c 11       		.uleb128 0x11
 515 004d 01       		.uleb128 0x1
 516 004e 12       		.uleb128 0x12
 517 004f 01       		.uleb128 0x1
 518 0050 40       		.uleb128 0x40
 519 0051 06       		.uleb128 0x6
 520 0052 9742     		.uleb128 0x2117
 521 0054 0C       		.uleb128 0xc
 522 0055 01       		.uleb128 0x1
 523 0056 13       		.uleb128 0x13
 524 0057 00       		.byte	0
 525 0058 00       		.byte	0
 526 0059 07       		.uleb128 0x7
 527 005a 05       		.uleb128 0x5
 528 005b 00       		.byte	0
 529 005c 03       		.uleb128 0x3
 530 005d 0E       		.uleb128 0xe
 531 005e 3A       		.uleb128 0x3a
 532 005f 0B       		.uleb128 0xb
 533 0060 3B       		.uleb128 0x3b
 534 0061 0B       		.uleb128 0xb
 535 0062 49       		.uleb128 0x49
 536 0063 13       		.uleb128 0x13
 537 0064 02       		.uleb128 0x2
 538 0065 0A       		.uleb128 0xa
ARM GAS  C:\Users\GLENNL~1\AppData\Local\Temp\ccAHEYwR.s 			page 13


 539 0066 00       		.byte	0
 540 0067 00       		.byte	0
 541 0068 08       		.uleb128 0x8
 542 0069 34       		.uleb128 0x34
 543 006a 00       		.byte	0
 544 006b 03       		.uleb128 0x3
 545 006c 0E       		.uleb128 0xe
 546 006d 3A       		.uleb128 0x3a
 547 006e 0B       		.uleb128 0xb
 548 006f 3B       		.uleb128 0x3b
 549 0070 0B       		.uleb128 0xb
 550 0071 49       		.uleb128 0x49
 551 0072 13       		.uleb128 0x13
 552 0073 02       		.uleb128 0x2
 553 0074 0A       		.uleb128 0xa
 554 0075 00       		.byte	0
 555 0076 00       		.byte	0
 556 0077 09       		.uleb128 0x9
 557 0078 2E       		.uleb128 0x2e
 558 0079 00       		.byte	0
 559 007a 3F       		.uleb128 0x3f
 560 007b 0C       		.uleb128 0xc
 561 007c 03       		.uleb128 0x3
 562 007d 0E       		.uleb128 0xe
 563 007e 3A       		.uleb128 0x3a
 564 007f 0B       		.uleb128 0xb
 565 0080 3B       		.uleb128 0x3b
 566 0081 0B       		.uleb128 0xb
 567 0082 27       		.uleb128 0x27
 568 0083 0C       		.uleb128 0xc
 569 0084 49       		.uleb128 0x49
 570 0085 13       		.uleb128 0x13
 571 0086 11       		.uleb128 0x11
 572 0087 01       		.uleb128 0x1
 573 0088 12       		.uleb128 0x12
 574 0089 01       		.uleb128 0x1
 575 008a 40       		.uleb128 0x40
 576 008b 06       		.uleb128 0x6
 577 008c 9742     		.uleb128 0x2117
 578 008e 0C       		.uleb128 0xc
 579 008f 00       		.byte	0
 580 0090 00       		.byte	0
 581 0091 0A       		.uleb128 0xa
 582 0092 2E       		.uleb128 0x2e
 583 0093 01       		.byte	0x1
 584 0094 3F       		.uleb128 0x3f
 585 0095 0C       		.uleb128 0xc
 586 0096 03       		.uleb128 0x3
 587 0097 0E       		.uleb128 0xe
 588 0098 3A       		.uleb128 0x3a
 589 0099 0B       		.uleb128 0xb
 590 009a 3B       		.uleb128 0x3b
 591 009b 0B       		.uleb128 0xb
 592 009c 27       		.uleb128 0x27
 593 009d 0C       		.uleb128 0xc
 594 009e 49       		.uleb128 0x49
 595 009f 13       		.uleb128 0x13
ARM GAS  C:\Users\GLENNL~1\AppData\Local\Temp\ccAHEYwR.s 			page 14


 596 00a0 11       		.uleb128 0x11
 597 00a1 01       		.uleb128 0x1
 598 00a2 12       		.uleb128 0x12
 599 00a3 01       		.uleb128 0x1
 600 00a4 40       		.uleb128 0x40
 601 00a5 06       		.uleb128 0x6
 602 00a6 9742     		.uleb128 0x2117
 603 00a8 0C       		.uleb128 0xc
 604 00a9 00       		.byte	0
 605 00aa 00       		.byte	0
 606 00ab 00       		.byte	0
 607              		.section	.debug_loc,"",%progbits
 608              	.Ldebug_loc0:
 609              	.LLST0:
 610 0000 00000000 		.4byte	.LFB0
 611 0004 02000000 		.4byte	.LCFI0
 612 0008 0200     		.2byte	0x2
 613 000a 7D       		.byte	0x7d
 614 000b 00       		.sleb128 0
 615 000c 02000000 		.4byte	.LCFI0
 616 0010 04000000 		.4byte	.LCFI1
 617 0014 0200     		.2byte	0x2
 618 0016 7D       		.byte	0x7d
 619 0017 08       		.sleb128 8
 620 0018 04000000 		.4byte	.LCFI1
 621 001c 06000000 		.4byte	.LCFI2
 622 0020 0200     		.2byte	0x2
 623 0022 7D       		.byte	0x7d
 624 0023 18       		.sleb128 24
 625 0024 06000000 		.4byte	.LCFI2
 626 0028 4C000000 		.4byte	.LFE0
 627 002c 0200     		.2byte	0x2
 628 002e 77       		.byte	0x77
 629 002f 18       		.sleb128 24
 630 0030 00000000 		.4byte	0
 631 0034 00000000 		.4byte	0
 632              	.LLST1:
 633 0038 00000000 		.4byte	.LFB1
 634 003c 02000000 		.4byte	.LCFI3
 635 0040 0200     		.2byte	0x2
 636 0042 7D       		.byte	0x7d
 637 0043 00       		.sleb128 0
 638 0044 02000000 		.4byte	.LCFI3
 639 0048 04000000 		.4byte	.LCFI4
 640 004c 0200     		.2byte	0x2
 641 004e 7D       		.byte	0x7d
 642 004f 08       		.sleb128 8
 643 0050 04000000 		.4byte	.LCFI4
 644 0054 06000000 		.4byte	.LCFI5
 645 0058 0200     		.2byte	0x2
 646 005a 7D       		.byte	0x7d
 647 005b 10       		.sleb128 16
 648 005c 06000000 		.4byte	.LCFI5
 649 0060 30000000 		.4byte	.LFE1
 650 0064 0200     		.2byte	0x2
 651 0066 77       		.byte	0x77
 652 0067 10       		.sleb128 16
ARM GAS  C:\Users\GLENNL~1\AppData\Local\Temp\ccAHEYwR.s 			page 15


 653 0068 00000000 		.4byte	0
 654 006c 00000000 		.4byte	0
 655              	.LLST2:
 656 0070 00000000 		.4byte	.LFB2
 657 0074 02000000 		.4byte	.LCFI6
 658 0078 0200     		.2byte	0x2
 659 007a 7D       		.byte	0x7d
 660 007b 00       		.sleb128 0
 661 007c 02000000 		.4byte	.LCFI6
 662 0080 04000000 		.4byte	.LCFI7
 663 0084 0200     		.2byte	0x2
 664 0086 7D       		.byte	0x7d
 665 0087 08       		.sleb128 8
 666 0088 04000000 		.4byte	.LCFI7
 667 008c 1C000000 		.4byte	.LFE2
 668 0090 0200     		.2byte	0x2
 669 0092 77       		.byte	0x77
 670 0093 08       		.sleb128 8
 671 0094 00000000 		.4byte	0
 672 0098 00000000 		.4byte	0
 673              	.LLST3:
 674 009c 00000000 		.4byte	.LFB3
 675 00a0 02000000 		.4byte	.LCFI8
 676 00a4 0200     		.2byte	0x2
 677 00a6 7D       		.byte	0x7d
 678 00a7 00       		.sleb128 0
 679 00a8 02000000 		.4byte	.LCFI8
 680 00ac 04000000 		.4byte	.LCFI9
 681 00b0 0200     		.2byte	0x2
 682 00b2 7D       		.byte	0x7d
 683 00b3 08       		.sleb128 8
 684 00b4 04000000 		.4byte	.LCFI9
 685 00b8 1C000000 		.4byte	.LFE3
 686 00bc 0200     		.2byte	0x2
 687 00be 77       		.byte	0x77
 688 00bf 08       		.sleb128 8
 689 00c0 00000000 		.4byte	0
 690 00c4 00000000 		.4byte	0
 691              	.LLST4:
 692 00c8 00000000 		.4byte	.LFB4
 693 00cc 02000000 		.4byte	.LCFI10
 694 00d0 0200     		.2byte	0x2
 695 00d2 7D       		.byte	0x7d
 696 00d3 00       		.sleb128 0
 697 00d4 02000000 		.4byte	.LCFI10
 698 00d8 04000000 		.4byte	.LCFI11
 699 00dc 0200     		.2byte	0x2
 700 00de 7D       		.byte	0x7d
 701 00df 08       		.sleb128 8
 702 00e0 04000000 		.4byte	.LCFI11
 703 00e4 06000000 		.4byte	.LCFI12
 704 00e8 0200     		.2byte	0x2
 705 00ea 7D       		.byte	0x7d
 706 00eb 10       		.sleb128 16
 707 00ec 06000000 		.4byte	.LCFI12
 708 00f0 30000000 		.4byte	.LFE4
 709 00f4 0200     		.2byte	0x2
ARM GAS  C:\Users\GLENNL~1\AppData\Local\Temp\ccAHEYwR.s 			page 16


 710 00f6 77       		.byte	0x77
 711 00f7 10       		.sleb128 16
 712 00f8 00000000 		.4byte	0
 713 00fc 00000000 		.4byte	0
 714              		.section	.debug_aranges,"",%progbits
 715 0000 3C000000 		.4byte	0x3c
 716 0004 0200     		.2byte	0x2
 717 0006 00000000 		.4byte	.Ldebug_info0
 718 000a 04       		.byte	0x4
 719 000b 00       		.byte	0
 720 000c 0000     		.2byte	0
 721 000e 0000     		.2byte	0
 722 0010 00000000 		.4byte	.LFB0
 723 0014 4C000000 		.4byte	.LFE0-.LFB0
 724 0018 00000000 		.4byte	.LFB1
 725 001c 30000000 		.4byte	.LFE1-.LFB1
 726 0020 00000000 		.4byte	.LFB2
 727 0024 1C000000 		.4byte	.LFE2-.LFB2
 728 0028 00000000 		.4byte	.LFB3
 729 002c 1C000000 		.4byte	.LFE3-.LFB3
 730 0030 00000000 		.4byte	.LFB4
 731 0034 30000000 		.4byte	.LFE4-.LFB4
 732 0038 00000000 		.4byte	0
 733 003c 00000000 		.4byte	0
 734              		.section	.debug_ranges,"",%progbits
 735              	.Ldebug_ranges0:
 736 0000 00000000 		.4byte	.LFB0
 737 0004 4C000000 		.4byte	.LFE0
 738 0008 00000000 		.4byte	.LFB1
 739 000c 30000000 		.4byte	.LFE1
 740 0010 00000000 		.4byte	.LFB2
 741 0014 1C000000 		.4byte	.LFE2
 742 0018 00000000 		.4byte	.LFB3
 743 001c 1C000000 		.4byte	.LFE3
 744 0020 00000000 		.4byte	.LFB4
 745 0024 30000000 		.4byte	.LFE4
 746 0028 00000000 		.4byte	0
 747 002c 00000000 		.4byte	0
 748              		.section	.debug_line,"",%progbits
 749              	.Ldebug_line0:
 750 0000 A6000000 		.section	.debug_str,"MS",%progbits,1
 750      02004300 
 750      00000201 
 750      FB0E0D00 
 750      01010101 
 751              	.LASF14:
 752 0000 72656733 		.ascii	"reg32\000"
 752      3200
 753              	.LASF25:
 754 0006 2E5C4765 		.ascii	".\\Generated_Source\\PSoC4\\LEDR.c\000"
 754      6E657261 
 754      7465645F 
 754      536F7572 
 754      63655C50 
 755              	.LASF17:
 756 0026 76616C75 		.ascii	"value\000"
 756      6500
ARM GAS  C:\Users\GLENNL~1\AppData\Local\Temp\ccAHEYwR.s 			page 17


 757              	.LASF21:
 758 002c 4C454452 		.ascii	"LEDR_ClearInterrupt\000"
 758      5F436C65 
 758      6172496E 
 758      74657272 
 758      75707400 
 759              	.LASF11:
 760 0040 666C6F61 		.ascii	"float\000"
 760      7400
 761              	.LASF1:
 762 0046 756E7369 		.ascii	"unsigned char\000"
 762      676E6564 
 762      20636861 
 762      7200
 763              	.LASF22:
 764 0054 64725661 		.ascii	"drVal\000"
 764      6C00
 765              	.LASF16:
 766 005a 4C454452 		.ascii	"LEDR_SetDriveMode\000"
 766      5F536574 
 766      44726976 
 766      654D6F64 
 766      6500
 767              	.LASF5:
 768 006c 6C6F6E67 		.ascii	"long unsigned int\000"
 768      20756E73 
 768      69676E65 
 768      6420696E 
 768      7400
 769              	.LASF3:
 770 007e 73686F72 		.ascii	"short unsigned int\000"
 770      7420756E 
 770      7369676E 
 770      65642069 
 770      6E7400
 771              	.LASF12:
 772 0091 646F7562 		.ascii	"double\000"
 772      6C6500
 773              	.LASF10:
 774 0098 75696E74 		.ascii	"uint32\000"
 774      333200
 775              	.LASF8:
 776 009f 756E7369 		.ascii	"unsigned int\000"
 776      676E6564 
 776      20696E74 
 776      00
 777              	.LASF7:
 778 00ac 6C6F6E67 		.ascii	"long long unsigned int\000"
 778      206C6F6E 
 778      6720756E 
 778      7369676E 
 778      65642069 
 779              	.LASF18:
 780 00c3 6D6F6465 		.ascii	"mode\000"
 780      00
 781              	.LASF19:
 782 00c8 4C454452 		.ascii	"LEDR_Read\000"
ARM GAS  C:\Users\GLENNL~1\AppData\Local\Temp\ccAHEYwR.s 			page 18


 782      5F526561 
 782      6400
 783              	.LASF6:
 784 00d2 6C6F6E67 		.ascii	"long long int\000"
 784      206C6F6E 
 784      6720696E 
 784      7400
 785              	.LASF23:
 786 00e0 6D61736B 		.ascii	"maskedStatus\000"
 786      65645374 
 786      61747573 
 786      00
 787              	.LASF13:
 788 00ed 63686172 		.ascii	"char\000"
 788      00
 789              	.LASF20:
 790 00f2 4C454452 		.ascii	"LEDR_ReadDataReg\000"
 790      5F526561 
 790      64446174 
 790      61526567 
 790      00
 791              	.LASF2:
 792 0103 73686F72 		.ascii	"short int\000"
 792      7420696E 
 792      7400
 793              	.LASF9:
 794 010d 75696E74 		.ascii	"uint8\000"
 794      3800
 795              	.LASF24:
 796 0113 474E5520 		.ascii	"GNU C 4.7.3 20130312 (release) [ARM/embedded-4_7-br"
 796      4320342E 
 796      372E3320 
 796      32303133 
 796      30333132 
 797 0146 616E6368 		.ascii	"anch revision 196615]\000"
 797      20726576 
 797      6973696F 
 797      6E203139 
 797      36363135 
 798              	.LASF4:
 799 015c 6C6F6E67 		.ascii	"long int\000"
 799      20696E74 
 799      00
 800              	.LASF15:
 801 0165 4C454452 		.ascii	"LEDR_Write\000"
 801      5F577269 
 801      746500
 802              	.LASF0:
 803 0170 7369676E 		.ascii	"signed char\000"
 803      65642063 
 803      68617200 
 804              	.LASF26:
 805 017c 5A3A5C44 		.ascii	"Z:\\Documents\\Github Clones\\PSoC.Playground\\PROJ"
 805      6F63756D 
 805      656E7473 
 805      5C476974 
 805      68756220 
ARM GAS  C:\Users\GLENNL~1\AppData\Local\Temp\ccAHEYwR.s 			page 19


 806 01ab 45435453 		.ascii	"ECTS\\Lab1_Led\\Lab1_Led.cydsn\000"
 806      5C4C6162 
 806      315F4C65 
 806      645C4C61 
 806      62315F4C 
 807              		.ident	"GCC: (GNU Tools for ARM Embedded Processors) 4.7.3 20130312 (release) [ARM/embedded-4_7-br
