ARM GAS  C:\Users\GLENNL~1\AppData\Local\Temp\ccLyd2aw.s 			page 1


   1              		.cpu cortex-m0
   2              		.fpu softvfp
   3              		.eabi_attribute 20, 1
   4              		.eabi_attribute 21, 1
   5              		.eabi_attribute 23, 3
   6              		.eabi_attribute 24, 1
   7              		.eabi_attribute 25, 1
   8              		.eabi_attribute 26, 1
   9              		.eabi_attribute 30, 6
  10              		.eabi_attribute 34, 0
  11              		.eabi_attribute 18, 4
  12              		.code	16
  13              		.file	"ADC_INT.c"
  14              		.text
  15              	.Ltext0:
  16              		.cfi_sections	.debug_frame
  17              		.section	.text.ADC_ISR,"ax",%progbits
  18              		.align	2
  19              		.global	ADC_ISR
  20              		.code	16
  21              		.thumb_func
  22              		.type	ADC_ISR, %function
  23              	ADC_ISR:
  24              	.LFB2:
  25              		.file 1 ".\\Generated_Source\\PSoC4\\ADC_INT.c"
   1:.\Generated_Source\PSoC4/ADC_INT.c **** /*******************************************************************************
   2:.\Generated_Source\PSoC4/ADC_INT.c **** * File Name: ADC_INT.c
   3:.\Generated_Source\PSoC4/ADC_INT.c **** * Version 2.0
   4:.\Generated_Source\PSoC4/ADC_INT.c **** *
   5:.\Generated_Source\PSoC4/ADC_INT.c **** *  Description:
   6:.\Generated_Source\PSoC4/ADC_INT.c **** *    This file contains the code that operates during the ADC_SAR interrupt
   7:.\Generated_Source\PSoC4/ADC_INT.c **** *    service routine.
   8:.\Generated_Source\PSoC4/ADC_INT.c **** *
   9:.\Generated_Source\PSoC4/ADC_INT.c **** *   Note:
  10:.\Generated_Source\PSoC4/ADC_INT.c **** *
  11:.\Generated_Source\PSoC4/ADC_INT.c **** ********************************************************************************
  12:.\Generated_Source\PSoC4/ADC_INT.c **** * Copyright 2008-2014, Cypress Semiconductor Corporation.  All rights reserved.
  13:.\Generated_Source\PSoC4/ADC_INT.c **** * You may use this file only in accordance with the license, terms, conditions,
  14:.\Generated_Source\PSoC4/ADC_INT.c **** * disclaimers, and limitations in the end user license agreement accompanying
  15:.\Generated_Source\PSoC4/ADC_INT.c **** * the software package with which this file was provided.
  16:.\Generated_Source\PSoC4/ADC_INT.c **** *******************************************************************************/
  17:.\Generated_Source\PSoC4/ADC_INT.c **** 
  18:.\Generated_Source\PSoC4/ADC_INT.c **** #include "ADC.h"
  19:.\Generated_Source\PSoC4/ADC_INT.c **** 
  20:.\Generated_Source\PSoC4/ADC_INT.c **** 
  21:.\Generated_Source\PSoC4/ADC_INT.c **** /******************************************************************************
  22:.\Generated_Source\PSoC4/ADC_INT.c **** * Custom Declarations and Variables
  23:.\Generated_Source\PSoC4/ADC_INT.c **** * - add user inlcude files, prototypes and variables between the following
  24:.\Generated_Source\PSoC4/ADC_INT.c **** *   #START and #END tags
  25:.\Generated_Source\PSoC4/ADC_INT.c **** ******************************************************************************/
  26:.\Generated_Source\PSoC4/ADC_INT.c **** /* `#START ADC_SYS_VAR`  */
  27:.\Generated_Source\PSoC4/ADC_INT.c **** 
  28:.\Generated_Source\PSoC4/ADC_INT.c **** /* `#END`  */
  29:.\Generated_Source\PSoC4/ADC_INT.c **** 
  30:.\Generated_Source\PSoC4/ADC_INT.c **** #if(ADC_IRQ_REMOVE == 0u)
  31:.\Generated_Source\PSoC4/ADC_INT.c **** 
  32:.\Generated_Source\PSoC4/ADC_INT.c **** 
ARM GAS  C:\Users\GLENNL~1\AppData\Local\Temp\ccLyd2aw.s 			page 2


  33:.\Generated_Source\PSoC4/ADC_INT.c ****     /******************************************************************************
  34:.\Generated_Source\PSoC4/ADC_INT.c ****     * Function Name: ADC_ISR
  35:.\Generated_Source\PSoC4/ADC_INT.c ****     *******************************************************************************
  36:.\Generated_Source\PSoC4/ADC_INT.c ****     *
  37:.\Generated_Source\PSoC4/ADC_INT.c ****     * Summary:
  38:.\Generated_Source\PSoC4/ADC_INT.c ****     *  Handle Interrupt Service Routine.
  39:.\Generated_Source\PSoC4/ADC_INT.c ****     *
  40:.\Generated_Source\PSoC4/ADC_INT.c ****     * Parameters:
  41:.\Generated_Source\PSoC4/ADC_INT.c ****     *  None.
  42:.\Generated_Source\PSoC4/ADC_INT.c ****     *
  43:.\Generated_Source\PSoC4/ADC_INT.c ****     * Return:
  44:.\Generated_Source\PSoC4/ADC_INT.c ****     *  None.
  45:.\Generated_Source\PSoC4/ADC_INT.c ****     *
  46:.\Generated_Source\PSoC4/ADC_INT.c ****     * Reentrant:
  47:.\Generated_Source\PSoC4/ADC_INT.c ****     *  No.
  48:.\Generated_Source\PSoC4/ADC_INT.c ****     *
  49:.\Generated_Source\PSoC4/ADC_INT.c ****     ******************************************************************************/
  50:.\Generated_Source\PSoC4/ADC_INT.c ****     CY_ISR( ADC_ISR )
  51:.\Generated_Source\PSoC4/ADC_INT.c ****     {
  26              		.loc 1 51 0
  27              		.cfi_startproc
  28 0000 80B5     		push	{r7, lr}
  29              		.cfi_def_cfa_offset 8
  30              		.cfi_offset 7, -8
  31              		.cfi_offset 14, -4
  32 0002 82B0     		sub	sp, sp, #8
  33              		.cfi_def_cfa_offset 16
  34 0004 00AF     		add	r7, sp, #0
  35              		.cfi_def_cfa_register 7
  52:.\Generated_Source\PSoC4/ADC_INT.c ****         uint32 intr_status;
  53:.\Generated_Source\PSoC4/ADC_INT.c **** 
  54:.\Generated_Source\PSoC4/ADC_INT.c ****         /* Read interrupt status register */
  55:.\Generated_Source\PSoC4/ADC_INT.c ****         intr_status = ADC_SAR_INTR_REG;
  36              		.loc 1 55 0
  37 0006 044B     		ldr	r3, .L2
  38 0008 1B68     		ldr	r3, [r3]
  39 000a 7B60     		str	r3, [r7, #4]
  56:.\Generated_Source\PSoC4/ADC_INT.c **** 
  57:.\Generated_Source\PSoC4/ADC_INT.c ****         /************************************************************************
  58:.\Generated_Source\PSoC4/ADC_INT.c ****         *  Custom Code
  59:.\Generated_Source\PSoC4/ADC_INT.c ****         *  - add user ISR code between the following #START and #END tags
  60:.\Generated_Source\PSoC4/ADC_INT.c ****         *************************************************************************/
  61:.\Generated_Source\PSoC4/ADC_INT.c ****         /* `#START MAIN_ADC_ISR`  */
  62:.\Generated_Source\PSoC4/ADC_INT.c **** 
  63:.\Generated_Source\PSoC4/ADC_INT.c ****         /* `#END`  */
  64:.\Generated_Source\PSoC4/ADC_INT.c **** 
  65:.\Generated_Source\PSoC4/ADC_INT.c ****         /* Clear handled interrupt */
  66:.\Generated_Source\PSoC4/ADC_INT.c ****         ADC_SAR_INTR_REG = intr_status;
  40              		.loc 1 66 0
  41 000c 024B     		ldr	r3, .L2
  42 000e 7A68     		ldr	r2, [r7, #4]
  43 0010 1A60     		str	r2, [r3]
  67:.\Generated_Source\PSoC4/ADC_INT.c ****     }
  44              		.loc 1 67 0
  45 0012 BD46     		mov	sp, r7
  46 0014 02B0     		add	sp, sp, #8
  47              		@ sp needed
ARM GAS  C:\Users\GLENNL~1\AppData\Local\Temp\ccLyd2aw.s 			page 3


  48 0016 80BD     		pop	{r7, pc}
  49              	.L3:
  50              		.align	2
  51              	.L2:
  52 0018 10023A40 		.word	1077543440
  53              		.cfi_endproc
  54              	.LFE2:
  55              		.size	ADC_ISR, .-ADC_ISR
  56              		.text
  57              	.Letext0:
  58              		.file 2 ".\\Generated_Source\\PSoC4\\cytypes.h"
  59              		.section	.debug_info,"",%progbits
  60              	.Ldebug_info0:
  61 0000 C0000000 		.4byte	0xc0
  62 0004 0400     		.2byte	0x4
  63 0006 00000000 		.4byte	.Ldebug_abbrev0
  64 000a 04       		.byte	0x4
  65 000b 01       		.uleb128 0x1
  66 000c A5000000 		.4byte	.LASF15
  67 0010 01       		.byte	0x1
  68 0011 7B000000 		.4byte	.LASF16
  69 0015 46010000 		.4byte	.LASF17
  70 0019 00000000 		.4byte	.Ldebug_ranges0+0
  71 001d 00000000 		.4byte	0
  72 0021 00000000 		.4byte	.Ldebug_line0
  73 0025 02       		.uleb128 0x2
  74 0026 01       		.byte	0x1
  75 0027 06       		.byte	0x6
  76 0028 3A010000 		.4byte	.LASF0
  77 002c 02       		.uleb128 0x2
  78 002d 01       		.byte	0x1
  79 002e 08       		.byte	0x8
  80 002f 5F000000 		.4byte	.LASF1
  81 0033 02       		.uleb128 0x2
  82 0034 02       		.byte	0x2
  83 0035 05       		.byte	0x5
  84 0036 98010000 		.4byte	.LASF2
  85 003a 02       		.uleb128 0x2
  86 003b 02       		.byte	0x2
  87 003c 07       		.byte	0x7
  88 003d 27010000 		.4byte	.LASF3
  89 0041 02       		.uleb128 0x2
  90 0042 04       		.byte	0x4
  91 0043 05       		.byte	0x5
  92 0044 72000000 		.4byte	.LASF4
  93 0048 02       		.uleb128 0x2
  94 0049 04       		.byte	0x4
  95 004a 07       		.byte	0x7
  96 004b 2A000000 		.4byte	.LASF5
  97 004f 02       		.uleb128 0x2
  98 0050 08       		.byte	0x8
  99 0051 05       		.byte	0x5
 100 0052 00000000 		.4byte	.LASF6
 101 0056 02       		.uleb128 0x2
 102 0057 08       		.byte	0x8
 103 0058 07       		.byte	0x7
 104 0059 3C000000 		.4byte	.LASF7
ARM GAS  C:\Users\GLENNL~1\AppData\Local\Temp\ccLyd2aw.s 			page 4


 105 005d 03       		.uleb128 0x3
 106 005e 04       		.byte	0x4
 107 005f 05       		.byte	0x5
 108 0060 696E7400 		.ascii	"int\000"
 109 0064 02       		.uleb128 0x2
 110 0065 04       		.byte	0x4
 111 0066 07       		.byte	0x7
 112 0067 15000000 		.4byte	.LASF8
 113 006b 04       		.uleb128 0x4
 114 006c 0E000000 		.4byte	.LASF12
 115 0070 02       		.byte	0x2
 116 0071 A3       		.byte	0xa3
 117 0072 48000000 		.4byte	0x48
 118 0076 02       		.uleb128 0x2
 119 0077 04       		.byte	0x4
 120 0078 04       		.byte	0x4
 121 0079 92010000 		.4byte	.LASF9
 122 007d 02       		.uleb128 0x2
 123 007e 08       		.byte	0x8
 124 007f 04       		.byte	0x4
 125 0080 9E000000 		.4byte	.LASF10
 126 0084 02       		.uleb128 0x2
 127 0085 01       		.byte	0x1
 128 0086 08       		.byte	0x8
 129 0087 6D000000 		.4byte	.LASF11
 130 008b 05       		.uleb128 0x5
 131 008c 21010000 		.4byte	.LASF13
 132 0090 02       		.byte	0x2
 133 0091 4D01     		.2byte	0x14d
 134 0093 97000000 		.4byte	0x97
 135 0097 06       		.uleb128 0x6
 136 0098 6B000000 		.4byte	0x6b
 137 009c 02       		.uleb128 0x2
 138 009d 04       		.byte	0x4
 139 009e 07       		.byte	0x7
 140 009f A2010000 		.4byte	.LASF14
 141 00a3 07       		.uleb128 0x7
 142 00a4 22000000 		.4byte	.LASF18
 143 00a8 01       		.byte	0x1
 144 00a9 32       		.byte	0x32
 145 00aa 00000000 		.4byte	.LFB2
 146 00ae 1C000000 		.4byte	.LFE2-.LFB2
 147 00b2 01       		.uleb128 0x1
 148 00b3 9C       		.byte	0x9c
 149 00b4 08       		.uleb128 0x8
 150 00b5 53000000 		.4byte	.LASF19
 151 00b9 01       		.byte	0x1
 152 00ba 34       		.byte	0x34
 153 00bb 6B000000 		.4byte	0x6b
 154 00bf 02       		.uleb128 0x2
 155 00c0 91       		.byte	0x91
 156 00c1 74       		.sleb128 -12
 157 00c2 00       		.byte	0
 158 00c3 00       		.byte	0
 159              		.section	.debug_abbrev,"",%progbits
 160              	.Ldebug_abbrev0:
 161 0000 01       		.uleb128 0x1
ARM GAS  C:\Users\GLENNL~1\AppData\Local\Temp\ccLyd2aw.s 			page 5


 162 0001 11       		.uleb128 0x11
 163 0002 01       		.byte	0x1
 164 0003 25       		.uleb128 0x25
 165 0004 0E       		.uleb128 0xe
 166 0005 13       		.uleb128 0x13
 167 0006 0B       		.uleb128 0xb
 168 0007 03       		.uleb128 0x3
 169 0008 0E       		.uleb128 0xe
 170 0009 1B       		.uleb128 0x1b
 171 000a 0E       		.uleb128 0xe
 172 000b 55       		.uleb128 0x55
 173 000c 17       		.uleb128 0x17
 174 000d 11       		.uleb128 0x11
 175 000e 01       		.uleb128 0x1
 176 000f 10       		.uleb128 0x10
 177 0010 17       		.uleb128 0x17
 178 0011 00       		.byte	0
 179 0012 00       		.byte	0
 180 0013 02       		.uleb128 0x2
 181 0014 24       		.uleb128 0x24
 182 0015 00       		.byte	0
 183 0016 0B       		.uleb128 0xb
 184 0017 0B       		.uleb128 0xb
 185 0018 3E       		.uleb128 0x3e
 186 0019 0B       		.uleb128 0xb
 187 001a 03       		.uleb128 0x3
 188 001b 0E       		.uleb128 0xe
 189 001c 00       		.byte	0
 190 001d 00       		.byte	0
 191 001e 03       		.uleb128 0x3
 192 001f 24       		.uleb128 0x24
 193 0020 00       		.byte	0
 194 0021 0B       		.uleb128 0xb
 195 0022 0B       		.uleb128 0xb
 196 0023 3E       		.uleb128 0x3e
 197 0024 0B       		.uleb128 0xb
 198 0025 03       		.uleb128 0x3
 199 0026 08       		.uleb128 0x8
 200 0027 00       		.byte	0
 201 0028 00       		.byte	0
 202 0029 04       		.uleb128 0x4
 203 002a 16       		.uleb128 0x16
 204 002b 00       		.byte	0
 205 002c 03       		.uleb128 0x3
 206 002d 0E       		.uleb128 0xe
 207 002e 3A       		.uleb128 0x3a
 208 002f 0B       		.uleb128 0xb
 209 0030 3B       		.uleb128 0x3b
 210 0031 0B       		.uleb128 0xb
 211 0032 49       		.uleb128 0x49
 212 0033 13       		.uleb128 0x13
 213 0034 00       		.byte	0
 214 0035 00       		.byte	0
 215 0036 05       		.uleb128 0x5
 216 0037 16       		.uleb128 0x16
 217 0038 00       		.byte	0
 218 0039 03       		.uleb128 0x3
ARM GAS  C:\Users\GLENNL~1\AppData\Local\Temp\ccLyd2aw.s 			page 6


 219 003a 0E       		.uleb128 0xe
 220 003b 3A       		.uleb128 0x3a
 221 003c 0B       		.uleb128 0xb
 222 003d 3B       		.uleb128 0x3b
 223 003e 05       		.uleb128 0x5
 224 003f 49       		.uleb128 0x49
 225 0040 13       		.uleb128 0x13
 226 0041 00       		.byte	0
 227 0042 00       		.byte	0
 228 0043 06       		.uleb128 0x6
 229 0044 35       		.uleb128 0x35
 230 0045 00       		.byte	0
 231 0046 49       		.uleb128 0x49
 232 0047 13       		.uleb128 0x13
 233 0048 00       		.byte	0
 234 0049 00       		.byte	0
 235 004a 07       		.uleb128 0x7
 236 004b 2E       		.uleb128 0x2e
 237 004c 01       		.byte	0x1
 238 004d 3F       		.uleb128 0x3f
 239 004e 19       		.uleb128 0x19
 240 004f 03       		.uleb128 0x3
 241 0050 0E       		.uleb128 0xe
 242 0051 3A       		.uleb128 0x3a
 243 0052 0B       		.uleb128 0xb
 244 0053 3B       		.uleb128 0x3b
 245 0054 0B       		.uleb128 0xb
 246 0055 27       		.uleb128 0x27
 247 0056 19       		.uleb128 0x19
 248 0057 11       		.uleb128 0x11
 249 0058 01       		.uleb128 0x1
 250 0059 12       		.uleb128 0x12
 251 005a 06       		.uleb128 0x6
 252 005b 40       		.uleb128 0x40
 253 005c 18       		.uleb128 0x18
 254 005d 9742     		.uleb128 0x2117
 255 005f 19       		.uleb128 0x19
 256 0060 00       		.byte	0
 257 0061 00       		.byte	0
 258 0062 08       		.uleb128 0x8
 259 0063 34       		.uleb128 0x34
 260 0064 00       		.byte	0
 261 0065 03       		.uleb128 0x3
 262 0066 0E       		.uleb128 0xe
 263 0067 3A       		.uleb128 0x3a
 264 0068 0B       		.uleb128 0xb
 265 0069 3B       		.uleb128 0x3b
 266 006a 0B       		.uleb128 0xb
 267 006b 49       		.uleb128 0x49
 268 006c 13       		.uleb128 0x13
 269 006d 02       		.uleb128 0x2
 270 006e 18       		.uleb128 0x18
 271 006f 00       		.byte	0
 272 0070 00       		.byte	0
 273 0071 00       		.byte	0
 274              		.section	.debug_aranges,"",%progbits
 275 0000 1C000000 		.4byte	0x1c
ARM GAS  C:\Users\GLENNL~1\AppData\Local\Temp\ccLyd2aw.s 			page 7


 276 0004 0200     		.2byte	0x2
 277 0006 00000000 		.4byte	.Ldebug_info0
 278 000a 04       		.byte	0x4
 279 000b 00       		.byte	0
 280 000c 0000     		.2byte	0
 281 000e 0000     		.2byte	0
 282 0010 00000000 		.4byte	.LFB2
 283 0014 1C000000 		.4byte	.LFE2-.LFB2
 284 0018 00000000 		.4byte	0
 285 001c 00000000 		.4byte	0
 286              		.section	.debug_ranges,"",%progbits
 287              	.Ldebug_ranges0:
 288 0000 00000000 		.4byte	.LFB2
 289 0004 1C000000 		.4byte	.LFE2
 290 0008 00000000 		.4byte	0
 291 000c 00000000 		.4byte	0
 292              		.section	.debug_line,"",%progbits
 293              	.Ldebug_line0:
 294 0000 60000000 		.section	.debug_str,"MS",%progbits,1
 294      02004600 
 294      00000201 
 294      FB0E0D00 
 294      01010101 
 295              	.LASF6:
 296 0000 6C6F6E67 		.ascii	"long long int\000"
 296      206C6F6E 
 296      6720696E 
 296      7400
 297              	.LASF12:
 298 000e 75696E74 		.ascii	"uint32\000"
 298      333200
 299              	.LASF8:
 300 0015 756E7369 		.ascii	"unsigned int\000"
 300      676E6564 
 300      20696E74 
 300      00
 301              	.LASF18:
 302 0022 4144435F 		.ascii	"ADC_ISR\000"
 302      49535200 
 303              	.LASF5:
 304 002a 6C6F6E67 		.ascii	"long unsigned int\000"
 304      20756E73 
 304      69676E65 
 304      6420696E 
 304      7400
 305              	.LASF7:
 306 003c 6C6F6E67 		.ascii	"long long unsigned int\000"
 306      206C6F6E 
 306      6720756E 
 306      7369676E 
 306      65642069 
 307              	.LASF19:
 308 0053 696E7472 		.ascii	"intr_status\000"
 308      5F737461 
 308      74757300 
 309              	.LASF1:
 310 005f 756E7369 		.ascii	"unsigned char\000"
ARM GAS  C:\Users\GLENNL~1\AppData\Local\Temp\ccLyd2aw.s 			page 8


 310      676E6564 
 310      20636861 
 310      7200
 311              	.LASF11:
 312 006d 63686172 		.ascii	"char\000"
 312      00
 313              	.LASF4:
 314 0072 6C6F6E67 		.ascii	"long int\000"
 314      20696E74 
 314      00
 315              	.LASF16:
 316 007b 2E5C4765 		.ascii	".\\Generated_Source\\PSoC4\\ADC_INT.c\000"
 316      6E657261 
 316      7465645F 
 316      536F7572 
 316      63655C50 
 317              	.LASF10:
 318 009e 646F7562 		.ascii	"double\000"
 318      6C6500
 319              	.LASF15:
 320 00a5 474E5520 		.ascii	"GNU C 4.8.4 20140526 (release) [ARM/embedded-4_8-br"
 320      4320342E 
 320      382E3420 
 320      32303134 
 320      30353236 
 321 00d8 616E6368 		.ascii	"anch revision 211358] -mcpu=cortex-m0 -mthumb -g -O"
 321      20726576 
 321      6973696F 
 321      6E203231 
 321      31333538 
 322 010b 30202D66 		.ascii	"0 -ffunction-sections\000"
 322      66756E63 
 322      74696F6E 
 322      2D736563 
 322      74696F6E 
 323              	.LASF13:
 324 0121 72656733 		.ascii	"reg32\000"
 324      3200
 325              	.LASF3:
 326 0127 73686F72 		.ascii	"short unsigned int\000"
 326      7420756E 
 326      7369676E 
 326      65642069 
 326      6E7400
 327              	.LASF0:
 328 013a 7369676E 		.ascii	"signed char\000"
 328      65642063 
 328      68617200 
 329              	.LASF17:
 330 0146 5A3A5C44 		.ascii	"Z:\\Documents\\Github Clones\\PSoC.Playground\\PROJ"
 330      6F63756D 
 330      656E7473 
 330      5C476974 
 330      68756220 
 331 0175 45435453 		.ascii	"ECTS\\7SegDisp\\7SegDisp.cydsn\000"
 331      5C375365 
 331      67446973 
ARM GAS  C:\Users\GLENNL~1\AppData\Local\Temp\ccLyd2aw.s 			page 9


 331      705C3753 
 331      65674469 
 332              	.LASF9:
 333 0192 666C6F61 		.ascii	"float\000"
 333      7400
 334              	.LASF2:
 335 0198 73686F72 		.ascii	"short int\000"
 335      7420696E 
 335      7400
 336              	.LASF14:
 337 01a2 73697A65 		.ascii	"sizetype\000"
 337      74797065 
 337      00
 338              		.ident	"GCC: (GNU Tools for ARM Embedded Processors) 4.8.4 20140526 (release) [ARM/embedded-4_8-br
