ARM GAS  C:\Users\GLENNL~1\AppData\Local\Temp\ccm0YKOI.s 			page 1


   1              		.cpu cortex-m0
   2              		.fpu softvfp
   3              		.eabi_attribute 20, 1
   4              		.eabi_attribute 21, 1
   5              		.eabi_attribute 23, 3
   6              		.eabi_attribute 24, 1
   7              		.eabi_attribute 25, 1
   8              		.eabi_attribute 26, 1
   9              		.eabi_attribute 30, 6
  10              		.eabi_attribute 34, 0
  11              		.eabi_attribute 18, 4
  12              		.code	16
  13              		.file	"LED_D.c"
  14              		.text
  15              	.Ltext0:
  16              		.cfi_sections	.debug_frame
  17              		.section	.text.LED_D_Write,"ax",%progbits
  18              		.align	2
  19              		.global	LED_D_Write
  20              		.code	16
  21              		.thumb_func
  22              		.type	LED_D_Write, %function
  23              	LED_D_Write:
  24              	.LFB0:
  25              		.file 1 ".\\Generated_Source\\PSoC4\\LED_D.c"
   1:.\Generated_Source\PSoC4/LED_D.c **** /*******************************************************************************
   2:.\Generated_Source\PSoC4/LED_D.c **** * File Name: LED_D.c  
   3:.\Generated_Source\PSoC4/LED_D.c **** * Version 2.10
   4:.\Generated_Source\PSoC4/LED_D.c **** *
   5:.\Generated_Source\PSoC4/LED_D.c **** * Description:
   6:.\Generated_Source\PSoC4/LED_D.c **** *  This file contains API to enable firmware control of a Pins component.
   7:.\Generated_Source\PSoC4/LED_D.c **** *
   8:.\Generated_Source\PSoC4/LED_D.c **** * Note:
   9:.\Generated_Source\PSoC4/LED_D.c **** *
  10:.\Generated_Source\PSoC4/LED_D.c **** ********************************************************************************
  11:.\Generated_Source\PSoC4/LED_D.c **** * Copyright 2008-2014, Cypress Semiconductor Corporation.  All rights reserved.
  12:.\Generated_Source\PSoC4/LED_D.c **** * You may use this file only in accordance with the license, terms, conditions, 
  13:.\Generated_Source\PSoC4/LED_D.c **** * disclaimers, and limitations in the end user license agreement accompanying 
  14:.\Generated_Source\PSoC4/LED_D.c **** * the software package with which this file was provided.
  15:.\Generated_Source\PSoC4/LED_D.c **** *******************************************************************************/
  16:.\Generated_Source\PSoC4/LED_D.c **** 
  17:.\Generated_Source\PSoC4/LED_D.c **** #include "cytypes.h"
  18:.\Generated_Source\PSoC4/LED_D.c **** #include "LED_D.h"
  19:.\Generated_Source\PSoC4/LED_D.c **** 
  20:.\Generated_Source\PSoC4/LED_D.c **** #define SetP4PinDriveMode(shift, mode)  \
  21:.\Generated_Source\PSoC4/LED_D.c ****     do { \
  22:.\Generated_Source\PSoC4/LED_D.c ****         LED_D_PC =   (LED_D_PC & \
  23:.\Generated_Source\PSoC4/LED_D.c ****                                 (uint32)(~(uint32)(LED_D_DRIVE_MODE_IND_MASK << (LED_D_DRIVE_MODE_B
  24:.\Generated_Source\PSoC4/LED_D.c ****                                 (uint32)((uint32)(mode) << (LED_D_DRIVE_MODE_BITS * (shift))); \
  25:.\Generated_Source\PSoC4/LED_D.c ****     } while (0)
  26:.\Generated_Source\PSoC4/LED_D.c **** 
  27:.\Generated_Source\PSoC4/LED_D.c **** 
  28:.\Generated_Source\PSoC4/LED_D.c **** /*******************************************************************************
  29:.\Generated_Source\PSoC4/LED_D.c **** * Function Name: LED_D_Write
  30:.\Generated_Source\PSoC4/LED_D.c **** ********************************************************************************
  31:.\Generated_Source\PSoC4/LED_D.c **** *
  32:.\Generated_Source\PSoC4/LED_D.c **** * Summary:
ARM GAS  C:\Users\GLENNL~1\AppData\Local\Temp\ccm0YKOI.s 			page 2


  33:.\Generated_Source\PSoC4/LED_D.c **** *  Assign a new value to the digital port's data output register.  
  34:.\Generated_Source\PSoC4/LED_D.c **** *
  35:.\Generated_Source\PSoC4/LED_D.c **** * Parameters:  
  36:.\Generated_Source\PSoC4/LED_D.c **** *  prtValue:  The value to be assigned to the Digital Port. 
  37:.\Generated_Source\PSoC4/LED_D.c **** *
  38:.\Generated_Source\PSoC4/LED_D.c **** * Return: 
  39:.\Generated_Source\PSoC4/LED_D.c **** *  None 
  40:.\Generated_Source\PSoC4/LED_D.c **** *  
  41:.\Generated_Source\PSoC4/LED_D.c **** *******************************************************************************/
  42:.\Generated_Source\PSoC4/LED_D.c **** void LED_D_Write(uint8 value) 
  43:.\Generated_Source\PSoC4/LED_D.c **** {
  26              		.loc 1 43 0
  27              		.cfi_startproc
  28 0000 80B5     		push	{r7, lr}
  29              		.cfi_def_cfa_offset 8
  30              		.cfi_offset 7, -8
  31              		.cfi_offset 14, -4
  32 0002 84B0     		sub	sp, sp, #16
  33              		.cfi_def_cfa_offset 24
  34 0004 00AF     		add	r7, sp, #0
  35              		.cfi_def_cfa_register 7
  36 0006 021C     		mov	r2, r0
  37 0008 FB1D     		add	r3, r7, #7
  38 000a 1A70     		strb	r2, [r3]
  44:.\Generated_Source\PSoC4/LED_D.c ****     uint8 drVal = (uint8)(LED_D_DR & (uint8)(~LED_D_MASK));
  39              		.loc 1 44 0
  40 000c 0D4B     		ldr	r3, .L2
  41 000e 1B68     		ldr	r3, [r3]
  42 0010 DAB2     		uxtb	r2, r3
  43 0012 3B1C     		mov	r3, r7
  44 0014 0F33     		add	r3, r3, #15
  45 0016 0121     		mov	r1, #1
  46 0018 8A43     		bic	r2, r1
  47 001a 1A70     		strb	r2, [r3]
  45:.\Generated_Source\PSoC4/LED_D.c ****     drVal = (drVal | ((uint8)(value << LED_D_SHIFT) & LED_D_MASK));
  48              		.loc 1 45 0
  49 001c FB1D     		add	r3, r7, #7
  50 001e 1A78     		ldrb	r2, [r3]
  51 0020 0123     		mov	r3, #1
  52 0022 1340     		and	r3, r2
  53 0024 D9B2     		uxtb	r1, r3
  54 0026 3B1C     		mov	r3, r7
  55 0028 0F33     		add	r3, r3, #15
  56 002a 3A1C     		mov	r2, r7
  57 002c 0F32     		add	r2, r2, #15
  58 002e 1278     		ldrb	r2, [r2]
  59 0030 0A43     		orr	r2, r1
  60 0032 1A70     		strb	r2, [r3]
  46:.\Generated_Source\PSoC4/LED_D.c ****     LED_D_DR = (uint32)drVal;
  61              		.loc 1 46 0
  62 0034 034B     		ldr	r3, .L2
  63 0036 3A1C     		mov	r2, r7
  64 0038 0F32     		add	r2, r2, #15
  65 003a 1278     		ldrb	r2, [r2]
  66 003c 1A60     		str	r2, [r3]
  47:.\Generated_Source\PSoC4/LED_D.c **** }
  67              		.loc 1 47 0
ARM GAS  C:\Users\GLENNL~1\AppData\Local\Temp\ccm0YKOI.s 			page 3


  68 003e BD46     		mov	sp, r7
  69 0040 04B0     		add	sp, sp, #16
  70              		@ sp needed
  71 0042 80BD     		pop	{r7, pc}
  72              	.L3:
  73              		.align	2
  74              	.L2:
  75 0044 00030440 		.word	1074004736
  76              		.cfi_endproc
  77              	.LFE0:
  78              		.size	LED_D_Write, .-LED_D_Write
  79              		.section	.text.LED_D_SetDriveMode,"ax",%progbits
  80              		.align	2
  81              		.global	LED_D_SetDriveMode
  82              		.code	16
  83              		.thumb_func
  84              		.type	LED_D_SetDriveMode, %function
  85              	LED_D_SetDriveMode:
  86              	.LFB1:
  48:.\Generated_Source\PSoC4/LED_D.c **** 
  49:.\Generated_Source\PSoC4/LED_D.c **** 
  50:.\Generated_Source\PSoC4/LED_D.c **** /*******************************************************************************
  51:.\Generated_Source\PSoC4/LED_D.c **** * Function Name: LED_D_SetDriveMode
  52:.\Generated_Source\PSoC4/LED_D.c **** ********************************************************************************
  53:.\Generated_Source\PSoC4/LED_D.c **** *
  54:.\Generated_Source\PSoC4/LED_D.c **** * Summary:
  55:.\Generated_Source\PSoC4/LED_D.c **** *  Change the drive mode on the pins of the port.
  56:.\Generated_Source\PSoC4/LED_D.c **** * 
  57:.\Generated_Source\PSoC4/LED_D.c **** * Parameters:  
  58:.\Generated_Source\PSoC4/LED_D.c **** *  mode:  Change the pins to one of the following drive modes.
  59:.\Generated_Source\PSoC4/LED_D.c **** *
  60:.\Generated_Source\PSoC4/LED_D.c **** *  LED_D_DM_STRONG     Strong Drive 
  61:.\Generated_Source\PSoC4/LED_D.c **** *  LED_D_DM_OD_HI      Open Drain, Drives High 
  62:.\Generated_Source\PSoC4/LED_D.c **** *  LED_D_DM_OD_LO      Open Drain, Drives Low 
  63:.\Generated_Source\PSoC4/LED_D.c **** *  LED_D_DM_RES_UP     Resistive Pull Up 
  64:.\Generated_Source\PSoC4/LED_D.c **** *  LED_D_DM_RES_DWN    Resistive Pull Down 
  65:.\Generated_Source\PSoC4/LED_D.c **** *  LED_D_DM_RES_UPDWN  Resistive Pull Up/Down 
  66:.\Generated_Source\PSoC4/LED_D.c **** *  LED_D_DM_DIG_HIZ    High Impedance Digital 
  67:.\Generated_Source\PSoC4/LED_D.c **** *  LED_D_DM_ALG_HIZ    High Impedance Analog 
  68:.\Generated_Source\PSoC4/LED_D.c **** *
  69:.\Generated_Source\PSoC4/LED_D.c **** * Return: 
  70:.\Generated_Source\PSoC4/LED_D.c **** *  None
  71:.\Generated_Source\PSoC4/LED_D.c **** *
  72:.\Generated_Source\PSoC4/LED_D.c **** *******************************************************************************/
  73:.\Generated_Source\PSoC4/LED_D.c **** void LED_D_SetDriveMode(uint8 mode) 
  74:.\Generated_Source\PSoC4/LED_D.c **** {
  87              		.loc 1 74 0
  88              		.cfi_startproc
  89 0000 80B5     		push	{r7, lr}
  90              		.cfi_def_cfa_offset 8
  91              		.cfi_offset 7, -8
  92              		.cfi_offset 14, -4
  93 0002 82B0     		sub	sp, sp, #8
  94              		.cfi_def_cfa_offset 16
  95 0004 00AF     		add	r7, sp, #0
  96              		.cfi_def_cfa_register 7
  97 0006 021C     		mov	r2, r0
ARM GAS  C:\Users\GLENNL~1\AppData\Local\Temp\ccm0YKOI.s 			page 4


  98 0008 FB1D     		add	r3, r7, #7
  99 000a 1A70     		strb	r2, [r3]
  75:.\Generated_Source\PSoC4/LED_D.c **** 	SetP4PinDriveMode(LED_D__0__SHIFT, mode);
 100              		.loc 1 75 0
 101 000c 064B     		ldr	r3, .L5
 102 000e 064A     		ldr	r2, .L5
 103 0010 1268     		ldr	r2, [r2]
 104 0012 0721     		mov	r1, #7
 105 0014 101C     		mov	r0, r2
 106 0016 8843     		bic	r0, r1
 107 0018 011C     		mov	r1, r0
 108 001a FA1D     		add	r2, r7, #7
 109 001c 1278     		ldrb	r2, [r2]
 110 001e 0A43     		orr	r2, r1
 111 0020 1A60     		str	r2, [r3]
  76:.\Generated_Source\PSoC4/LED_D.c **** }
 112              		.loc 1 76 0
 113 0022 BD46     		mov	sp, r7
 114 0024 02B0     		add	sp, sp, #8
 115              		@ sp needed
 116 0026 80BD     		pop	{r7, pc}
 117              	.L6:
 118              		.align	2
 119              	.L5:
 120 0028 08030440 		.word	1074004744
 121              		.cfi_endproc
 122              	.LFE1:
 123              		.size	LED_D_SetDriveMode, .-LED_D_SetDriveMode
 124              		.section	.text.LED_D_Read,"ax",%progbits
 125              		.align	2
 126              		.global	LED_D_Read
 127              		.code	16
 128              		.thumb_func
 129              		.type	LED_D_Read, %function
 130              	LED_D_Read:
 131              	.LFB2:
  77:.\Generated_Source\PSoC4/LED_D.c **** 
  78:.\Generated_Source\PSoC4/LED_D.c **** 
  79:.\Generated_Source\PSoC4/LED_D.c **** /*******************************************************************************
  80:.\Generated_Source\PSoC4/LED_D.c **** * Function Name: LED_D_Read
  81:.\Generated_Source\PSoC4/LED_D.c **** ********************************************************************************
  82:.\Generated_Source\PSoC4/LED_D.c **** *
  83:.\Generated_Source\PSoC4/LED_D.c **** * Summary:
  84:.\Generated_Source\PSoC4/LED_D.c **** *  Read the current value on the pins of the Digital Port in right justified 
  85:.\Generated_Source\PSoC4/LED_D.c **** *  form.
  86:.\Generated_Source\PSoC4/LED_D.c **** *
  87:.\Generated_Source\PSoC4/LED_D.c **** * Parameters:  
  88:.\Generated_Source\PSoC4/LED_D.c **** *  None 
  89:.\Generated_Source\PSoC4/LED_D.c **** *
  90:.\Generated_Source\PSoC4/LED_D.c **** * Return: 
  91:.\Generated_Source\PSoC4/LED_D.c **** *  Returns the current value of the Digital Port as a right justified number
  92:.\Generated_Source\PSoC4/LED_D.c **** *  
  93:.\Generated_Source\PSoC4/LED_D.c **** * Note:
  94:.\Generated_Source\PSoC4/LED_D.c **** *  Macro LED_D_ReadPS calls this function. 
  95:.\Generated_Source\PSoC4/LED_D.c **** *  
  96:.\Generated_Source\PSoC4/LED_D.c **** *******************************************************************************/
  97:.\Generated_Source\PSoC4/LED_D.c **** uint8 LED_D_Read(void) 
ARM GAS  C:\Users\GLENNL~1\AppData\Local\Temp\ccm0YKOI.s 			page 5


  98:.\Generated_Source\PSoC4/LED_D.c **** {
 132              		.loc 1 98 0
 133              		.cfi_startproc
 134 0000 80B5     		push	{r7, lr}
 135              		.cfi_def_cfa_offset 8
 136              		.cfi_offset 7, -8
 137              		.cfi_offset 14, -4
 138 0002 00AF     		add	r7, sp, #0
 139              		.cfi_def_cfa_register 7
  99:.\Generated_Source\PSoC4/LED_D.c ****     return (uint8)((LED_D_PS & LED_D_MASK) >> LED_D_SHIFT);
 140              		.loc 1 99 0
 141 0004 044B     		ldr	r3, .L9
 142 0006 1B68     		ldr	r3, [r3]
 143 0008 DAB2     		uxtb	r2, r3
 144 000a 0123     		mov	r3, #1
 145 000c 1340     		and	r3, r2
 146 000e DBB2     		uxtb	r3, r3
 100:.\Generated_Source\PSoC4/LED_D.c **** }
 147              		.loc 1 100 0
 148 0010 181C     		mov	r0, r3
 149 0012 BD46     		mov	sp, r7
 150              		@ sp needed
 151 0014 80BD     		pop	{r7, pc}
 152              	.L10:
 153 0016 C046     		.align	2
 154              	.L9:
 155 0018 04030440 		.word	1074004740
 156              		.cfi_endproc
 157              	.LFE2:
 158              		.size	LED_D_Read, .-LED_D_Read
 159              		.section	.text.LED_D_ReadDataReg,"ax",%progbits
 160              		.align	2
 161              		.global	LED_D_ReadDataReg
 162              		.code	16
 163              		.thumb_func
 164              		.type	LED_D_ReadDataReg, %function
 165              	LED_D_ReadDataReg:
 166              	.LFB3:
 101:.\Generated_Source\PSoC4/LED_D.c **** 
 102:.\Generated_Source\PSoC4/LED_D.c **** 
 103:.\Generated_Source\PSoC4/LED_D.c **** /*******************************************************************************
 104:.\Generated_Source\PSoC4/LED_D.c **** * Function Name: LED_D_ReadDataReg
 105:.\Generated_Source\PSoC4/LED_D.c **** ********************************************************************************
 106:.\Generated_Source\PSoC4/LED_D.c **** *
 107:.\Generated_Source\PSoC4/LED_D.c **** * Summary:
 108:.\Generated_Source\PSoC4/LED_D.c **** *  Read the current value assigned to a Digital Port's data output register
 109:.\Generated_Source\PSoC4/LED_D.c **** *
 110:.\Generated_Source\PSoC4/LED_D.c **** * Parameters:  
 111:.\Generated_Source\PSoC4/LED_D.c **** *  None 
 112:.\Generated_Source\PSoC4/LED_D.c **** *
 113:.\Generated_Source\PSoC4/LED_D.c **** * Return: 
 114:.\Generated_Source\PSoC4/LED_D.c **** *  Returns the current value assigned to the Digital Port's data output register
 115:.\Generated_Source\PSoC4/LED_D.c **** *  
 116:.\Generated_Source\PSoC4/LED_D.c **** *******************************************************************************/
 117:.\Generated_Source\PSoC4/LED_D.c **** uint8 LED_D_ReadDataReg(void) 
 118:.\Generated_Source\PSoC4/LED_D.c **** {
 167              		.loc 1 118 0
ARM GAS  C:\Users\GLENNL~1\AppData\Local\Temp\ccm0YKOI.s 			page 6


 168              		.cfi_startproc
 169 0000 80B5     		push	{r7, lr}
 170              		.cfi_def_cfa_offset 8
 171              		.cfi_offset 7, -8
 172              		.cfi_offset 14, -4
 173 0002 00AF     		add	r7, sp, #0
 174              		.cfi_def_cfa_register 7
 119:.\Generated_Source\PSoC4/LED_D.c ****     return (uint8)((LED_D_DR & LED_D_MASK) >> LED_D_SHIFT);
 175              		.loc 1 119 0
 176 0004 044B     		ldr	r3, .L13
 177 0006 1B68     		ldr	r3, [r3]
 178 0008 DAB2     		uxtb	r2, r3
 179 000a 0123     		mov	r3, #1
 180 000c 1340     		and	r3, r2
 181 000e DBB2     		uxtb	r3, r3
 120:.\Generated_Source\PSoC4/LED_D.c **** }
 182              		.loc 1 120 0
 183 0010 181C     		mov	r0, r3
 184 0012 BD46     		mov	sp, r7
 185              		@ sp needed
 186 0014 80BD     		pop	{r7, pc}
 187              	.L14:
 188 0016 C046     		.align	2
 189              	.L13:
 190 0018 00030440 		.word	1074004736
 191              		.cfi_endproc
 192              	.LFE3:
 193              		.size	LED_D_ReadDataReg, .-LED_D_ReadDataReg
 194              		.section	.text.LED_D_ClearInterrupt,"ax",%progbits
 195              		.align	2
 196              		.global	LED_D_ClearInterrupt
 197              		.code	16
 198              		.thumb_func
 199              		.type	LED_D_ClearInterrupt, %function
 200              	LED_D_ClearInterrupt:
 201              	.LFB4:
 121:.\Generated_Source\PSoC4/LED_D.c **** 
 122:.\Generated_Source\PSoC4/LED_D.c **** 
 123:.\Generated_Source\PSoC4/LED_D.c **** /* If Interrupts Are Enabled for this Pins component */ 
 124:.\Generated_Source\PSoC4/LED_D.c **** #if defined(LED_D_INTSTAT) 
 125:.\Generated_Source\PSoC4/LED_D.c **** 
 126:.\Generated_Source\PSoC4/LED_D.c ****     /*******************************************************************************
 127:.\Generated_Source\PSoC4/LED_D.c ****     * Function Name: LED_D_ClearInterrupt
 128:.\Generated_Source\PSoC4/LED_D.c ****     ********************************************************************************
 129:.\Generated_Source\PSoC4/LED_D.c ****     *
 130:.\Generated_Source\PSoC4/LED_D.c ****     * Summary:
 131:.\Generated_Source\PSoC4/LED_D.c ****     *  Clears any active interrupts attached to port and returns the value of the 
 132:.\Generated_Source\PSoC4/LED_D.c ****     *  interrupt status register.
 133:.\Generated_Source\PSoC4/LED_D.c ****     *
 134:.\Generated_Source\PSoC4/LED_D.c ****     * Parameters:  
 135:.\Generated_Source\PSoC4/LED_D.c ****     *  None 
 136:.\Generated_Source\PSoC4/LED_D.c ****     *
 137:.\Generated_Source\PSoC4/LED_D.c ****     * Return: 
 138:.\Generated_Source\PSoC4/LED_D.c ****     *  Returns the value of the interrupt status register
 139:.\Generated_Source\PSoC4/LED_D.c ****     *  
 140:.\Generated_Source\PSoC4/LED_D.c ****     *******************************************************************************/
 141:.\Generated_Source\PSoC4/LED_D.c ****     uint8 LED_D_ClearInterrupt(void) 
ARM GAS  C:\Users\GLENNL~1\AppData\Local\Temp\ccm0YKOI.s 			page 7


 142:.\Generated_Source\PSoC4/LED_D.c ****     {
 202              		.loc 1 142 0
 203              		.cfi_startproc
 204 0000 80B5     		push	{r7, lr}
 205              		.cfi_def_cfa_offset 8
 206              		.cfi_offset 7, -8
 207              		.cfi_offset 14, -4
 208 0002 82B0     		sub	sp, sp, #8
 209              		.cfi_def_cfa_offset 16
 210 0004 00AF     		add	r7, sp, #0
 211              		.cfi_def_cfa_register 7
 143:.\Generated_Source\PSoC4/LED_D.c **** 		uint8 maskedStatus = (uint8)(LED_D_INTSTAT & LED_D_MASK);
 212              		.loc 1 143 0
 213 0006 084B     		ldr	r3, .L17
 214 0008 1B68     		ldr	r3, [r3]
 215 000a D9B2     		uxtb	r1, r3
 216 000c FB1D     		add	r3, r7, #7
 217 000e 0122     		mov	r2, #1
 218 0010 0A40     		and	r2, r1
 219 0012 1A70     		strb	r2, [r3]
 144:.\Generated_Source\PSoC4/LED_D.c **** 		LED_D_INTSTAT = maskedStatus;
 220              		.loc 1 144 0
 221 0014 044B     		ldr	r3, .L17
 222 0016 FA1D     		add	r2, r7, #7
 223 0018 1278     		ldrb	r2, [r2]
 224 001a 1A60     		str	r2, [r3]
 145:.\Generated_Source\PSoC4/LED_D.c ****         return maskedStatus >> LED_D_SHIFT;
 225              		.loc 1 145 0
 226 001c FB1D     		add	r3, r7, #7
 227 001e 1B78     		ldrb	r3, [r3]
 146:.\Generated_Source\PSoC4/LED_D.c ****     }
 228              		.loc 1 146 0
 229 0020 181C     		mov	r0, r3
 230 0022 BD46     		mov	sp, r7
 231 0024 02B0     		add	sp, sp, #8
 232              		@ sp needed
 233 0026 80BD     		pop	{r7, pc}
 234              	.L18:
 235              		.align	2
 236              	.L17:
 237 0028 10030440 		.word	1074004752
 238              		.cfi_endproc
 239              	.LFE4:
 240              		.size	LED_D_ClearInterrupt, .-LED_D_ClearInterrupt
 241              		.text
 242              	.Letext0:
 243              		.file 2 ".\\Generated_Source\\PSoC4\\cytypes.h"
 244              		.section	.debug_info,"",%progbits
 245              	.Ldebug_info0:
 246 0000 48010000 		.4byte	0x148
 247 0004 0400     		.2byte	0x4
 248 0006 00000000 		.4byte	.Ldebug_abbrev0
 249 000a 04       		.byte	0x4
 250 000b 01       		.uleb128 0x1
 251 000c 29010000 		.4byte	.LASF24
 252 0010 01       		.byte	0x1
 253 0011 1F000000 		.4byte	.LASF25
ARM GAS  C:\Users\GLENNL~1\AppData\Local\Temp\ccm0YKOI.s 			page 8


 254 0015 C4000000 		.4byte	.LASF26
 255 0019 00000000 		.4byte	.Ldebug_ranges0+0
 256 001d 00000000 		.4byte	0
 257 0021 00000000 		.4byte	.Ldebug_line0
 258 0025 02       		.uleb128 0x2
 259 0026 01       		.byte	0x1
 260 0027 06       		.byte	0x6
 261 0028 F5010000 		.4byte	.LASF0
 262 002c 02       		.uleb128 0x2
 263 002d 01       		.byte	0x1
 264 002e 08       		.byte	0x8
 265 002f 68000000 		.4byte	.LASF1
 266 0033 02       		.uleb128 0x2
 267 0034 02       		.byte	0x2
 268 0035 05       		.byte	0x5
 269 0036 DC010000 		.4byte	.LASF2
 270 003a 02       		.uleb128 0x2
 271 003b 02       		.byte	0x2
 272 003c 07       		.byte	0x7
 273 003d 8E000000 		.4byte	.LASF3
 274 0041 02       		.uleb128 0x2
 275 0042 04       		.byte	0x4
 276 0043 05       		.byte	0x5
 277 0044 EC010000 		.4byte	.LASF4
 278 0048 02       		.uleb128 0x2
 279 0049 04       		.byte	0x4
 280 004a 07       		.byte	0x7
 281 004b 7C000000 		.4byte	.LASF5
 282 004f 02       		.uleb128 0x2
 283 0050 08       		.byte	0x8
 284 0051 05       		.byte	0x5
 285 0052 BC010000 		.4byte	.LASF6
 286 0056 02       		.uleb128 0x2
 287 0057 08       		.byte	0x8
 288 0058 07       		.byte	0x7
 289 0059 46000000 		.4byte	.LASF7
 290 005d 03       		.uleb128 0x3
 291 005e 04       		.byte	0x4
 292 005f 05       		.byte	0x5
 293 0060 696E7400 		.ascii	"int\000"
 294 0064 02       		.uleb128 0x2
 295 0065 04       		.byte	0x4
 296 0066 07       		.byte	0x7
 297 0067 10010000 		.4byte	.LASF8
 298 006b 04       		.uleb128 0x4
 299 006c E6010000 		.4byte	.LASF9
 300 0070 02       		.byte	0x2
 301 0071 A1       		.byte	0xa1
 302 0072 2C000000 		.4byte	0x2c
 303 0076 04       		.uleb128 0x4
 304 0077 BD000000 		.4byte	.LASF10
 305 007b 02       		.byte	0x2
 306 007c A3       		.byte	0xa3
 307 007d 48000000 		.4byte	0x48
 308 0081 02       		.uleb128 0x2
 309 0082 04       		.byte	0x4
 310 0083 04       		.byte	0x4
ARM GAS  C:\Users\GLENNL~1\AppData\Local\Temp\ccm0YKOI.s 			page 9


 311 0084 40000000 		.4byte	.LASF11
 312 0088 02       		.uleb128 0x2
 313 0089 08       		.byte	0x8
 314 008a 04       		.byte	0x4
 315 008b B6000000 		.4byte	.LASF12
 316 008f 02       		.uleb128 0x2
 317 0090 01       		.byte	0x1
 318 0091 08       		.byte	0x8
 319 0092 D7010000 		.4byte	.LASF13
 320 0096 05       		.uleb128 0x5
 321 0097 00000000 		.4byte	.LASF14
 322 009b 02       		.byte	0x2
 323 009c 4D01     		.2byte	0x14d
 324 009e A2000000 		.4byte	0xa2
 325 00a2 06       		.uleb128 0x6
 326 00a3 76000000 		.4byte	0x76
 327 00a7 07       		.uleb128 0x7
 328 00a8 1D010000 		.4byte	.LASF15
 329 00ac 01       		.byte	0x1
 330 00ad 2A       		.byte	0x2a
 331 00ae 00000000 		.4byte	.LFB0
 332 00b2 48000000 		.4byte	.LFE0-.LFB0
 333 00b6 01       		.uleb128 0x1
 334 00b7 9C       		.byte	0x9c
 335 00b8 D9000000 		.4byte	0xd9
 336 00bc 08       		.uleb128 0x8
 337 00bd 19000000 		.4byte	.LASF17
 338 00c1 01       		.byte	0x1
 339 00c2 2A       		.byte	0x2a
 340 00c3 6B000000 		.4byte	0x6b
 341 00c7 02       		.uleb128 0x2
 342 00c8 91       		.byte	0x91
 343 00c9 6F       		.sleb128 -17
 344 00ca 09       		.uleb128 0x9
 345 00cb 76000000 		.4byte	.LASF22
 346 00cf 01       		.byte	0x1
 347 00d0 2C       		.byte	0x2c
 348 00d1 6B000000 		.4byte	0x6b
 349 00d5 02       		.uleb128 0x2
 350 00d6 91       		.byte	0x91
 351 00d7 77       		.sleb128 -9
 352 00d8 00       		.byte	0
 353 00d9 07       		.uleb128 0x7
 354 00da 06000000 		.4byte	.LASF16
 355 00de 01       		.byte	0x1
 356 00df 49       		.byte	0x49
 357 00e0 00000000 		.4byte	.LFB1
 358 00e4 2C000000 		.4byte	.LFE1-.LFB1
 359 00e8 01       		.uleb128 0x1
 360 00e9 9C       		.byte	0x9c
 361 00ea FD000000 		.4byte	0xfd
 362 00ee 08       		.uleb128 0x8
 363 00ef A5010000 		.4byte	.LASF18
 364 00f3 01       		.byte	0x1
 365 00f4 49       		.byte	0x49
 366 00f5 6B000000 		.4byte	0x6b
 367 00f9 02       		.uleb128 0x2
ARM GAS  C:\Users\GLENNL~1\AppData\Local\Temp\ccm0YKOI.s 			page 10


 368 00fa 91       		.byte	0x91
 369 00fb 77       		.sleb128 -9
 370 00fc 00       		.byte	0
 371 00fd 0A       		.uleb128 0xa
 372 00fe 5D000000 		.4byte	.LASF19
 373 0102 01       		.byte	0x1
 374 0103 61       		.byte	0x61
 375 0104 6B000000 		.4byte	0x6b
 376 0108 00000000 		.4byte	.LFB2
 377 010c 1C000000 		.4byte	.LFE2-.LFB2
 378 0110 01       		.uleb128 0x1
 379 0111 9C       		.byte	0x9c
 380 0112 0A       		.uleb128 0xa
 381 0113 AA010000 		.4byte	.LASF20
 382 0117 01       		.byte	0x1
 383 0118 75       		.byte	0x75
 384 0119 6B000000 		.4byte	0x6b
 385 011d 00000000 		.4byte	.LFB3
 386 0121 1C000000 		.4byte	.LFE3-.LFB3
 387 0125 01       		.uleb128 0x1
 388 0126 9C       		.byte	0x9c
 389 0127 0B       		.uleb128 0xb
 390 0128 A1000000 		.4byte	.LASF21
 391 012c 01       		.byte	0x1
 392 012d 8D       		.byte	0x8d
 393 012e 6B000000 		.4byte	0x6b
 394 0132 00000000 		.4byte	.LFB4
 395 0136 2C000000 		.4byte	.LFE4-.LFB4
 396 013a 01       		.uleb128 0x1
 397 013b 9C       		.byte	0x9c
 398 013c 09       		.uleb128 0x9
 399 013d CA010000 		.4byte	.LASF23
 400 0141 01       		.byte	0x1
 401 0142 8F       		.byte	0x8f
 402 0143 6B000000 		.4byte	0x6b
 403 0147 02       		.uleb128 0x2
 404 0148 91       		.byte	0x91
 405 0149 77       		.sleb128 -9
 406 014a 00       		.byte	0
 407 014b 00       		.byte	0
 408              		.section	.debug_abbrev,"",%progbits
 409              	.Ldebug_abbrev0:
 410 0000 01       		.uleb128 0x1
 411 0001 11       		.uleb128 0x11
 412 0002 01       		.byte	0x1
 413 0003 25       		.uleb128 0x25
 414 0004 0E       		.uleb128 0xe
 415 0005 13       		.uleb128 0x13
 416 0006 0B       		.uleb128 0xb
 417 0007 03       		.uleb128 0x3
 418 0008 0E       		.uleb128 0xe
 419 0009 1B       		.uleb128 0x1b
 420 000a 0E       		.uleb128 0xe
 421 000b 55       		.uleb128 0x55
 422 000c 17       		.uleb128 0x17
 423 000d 11       		.uleb128 0x11
 424 000e 01       		.uleb128 0x1
ARM GAS  C:\Users\GLENNL~1\AppData\Local\Temp\ccm0YKOI.s 			page 11


 425 000f 10       		.uleb128 0x10
 426 0010 17       		.uleb128 0x17
 427 0011 00       		.byte	0
 428 0012 00       		.byte	0
 429 0013 02       		.uleb128 0x2
 430 0014 24       		.uleb128 0x24
 431 0015 00       		.byte	0
 432 0016 0B       		.uleb128 0xb
 433 0017 0B       		.uleb128 0xb
 434 0018 3E       		.uleb128 0x3e
 435 0019 0B       		.uleb128 0xb
 436 001a 03       		.uleb128 0x3
 437 001b 0E       		.uleb128 0xe
 438 001c 00       		.byte	0
 439 001d 00       		.byte	0
 440 001e 03       		.uleb128 0x3
 441 001f 24       		.uleb128 0x24
 442 0020 00       		.byte	0
 443 0021 0B       		.uleb128 0xb
 444 0022 0B       		.uleb128 0xb
 445 0023 3E       		.uleb128 0x3e
 446 0024 0B       		.uleb128 0xb
 447 0025 03       		.uleb128 0x3
 448 0026 08       		.uleb128 0x8
 449 0027 00       		.byte	0
 450 0028 00       		.byte	0
 451 0029 04       		.uleb128 0x4
 452 002a 16       		.uleb128 0x16
 453 002b 00       		.byte	0
 454 002c 03       		.uleb128 0x3
 455 002d 0E       		.uleb128 0xe
 456 002e 3A       		.uleb128 0x3a
 457 002f 0B       		.uleb128 0xb
 458 0030 3B       		.uleb128 0x3b
 459 0031 0B       		.uleb128 0xb
 460 0032 49       		.uleb128 0x49
 461 0033 13       		.uleb128 0x13
 462 0034 00       		.byte	0
 463 0035 00       		.byte	0
 464 0036 05       		.uleb128 0x5
 465 0037 16       		.uleb128 0x16
 466 0038 00       		.byte	0
 467 0039 03       		.uleb128 0x3
 468 003a 0E       		.uleb128 0xe
 469 003b 3A       		.uleb128 0x3a
 470 003c 0B       		.uleb128 0xb
 471 003d 3B       		.uleb128 0x3b
 472 003e 05       		.uleb128 0x5
 473 003f 49       		.uleb128 0x49
 474 0040 13       		.uleb128 0x13
 475 0041 00       		.byte	0
 476 0042 00       		.byte	0
 477 0043 06       		.uleb128 0x6
 478 0044 35       		.uleb128 0x35
 479 0045 00       		.byte	0
 480 0046 49       		.uleb128 0x49
 481 0047 13       		.uleb128 0x13
ARM GAS  C:\Users\GLENNL~1\AppData\Local\Temp\ccm0YKOI.s 			page 12


 482 0048 00       		.byte	0
 483 0049 00       		.byte	0
 484 004a 07       		.uleb128 0x7
 485 004b 2E       		.uleb128 0x2e
 486 004c 01       		.byte	0x1
 487 004d 3F       		.uleb128 0x3f
 488 004e 19       		.uleb128 0x19
 489 004f 03       		.uleb128 0x3
 490 0050 0E       		.uleb128 0xe
 491 0051 3A       		.uleb128 0x3a
 492 0052 0B       		.uleb128 0xb
 493 0053 3B       		.uleb128 0x3b
 494 0054 0B       		.uleb128 0xb
 495 0055 27       		.uleb128 0x27
 496 0056 19       		.uleb128 0x19
 497 0057 11       		.uleb128 0x11
 498 0058 01       		.uleb128 0x1
 499 0059 12       		.uleb128 0x12
 500 005a 06       		.uleb128 0x6
 501 005b 40       		.uleb128 0x40
 502 005c 18       		.uleb128 0x18
 503 005d 9742     		.uleb128 0x2117
 504 005f 19       		.uleb128 0x19
 505 0060 01       		.uleb128 0x1
 506 0061 13       		.uleb128 0x13
 507 0062 00       		.byte	0
 508 0063 00       		.byte	0
 509 0064 08       		.uleb128 0x8
 510 0065 05       		.uleb128 0x5
 511 0066 00       		.byte	0
 512 0067 03       		.uleb128 0x3
 513 0068 0E       		.uleb128 0xe
 514 0069 3A       		.uleb128 0x3a
 515 006a 0B       		.uleb128 0xb
 516 006b 3B       		.uleb128 0x3b
 517 006c 0B       		.uleb128 0xb
 518 006d 49       		.uleb128 0x49
 519 006e 13       		.uleb128 0x13
 520 006f 02       		.uleb128 0x2
 521 0070 18       		.uleb128 0x18
 522 0071 00       		.byte	0
 523 0072 00       		.byte	0
 524 0073 09       		.uleb128 0x9
 525 0074 34       		.uleb128 0x34
 526 0075 00       		.byte	0
 527 0076 03       		.uleb128 0x3
 528 0077 0E       		.uleb128 0xe
 529 0078 3A       		.uleb128 0x3a
 530 0079 0B       		.uleb128 0xb
 531 007a 3B       		.uleb128 0x3b
 532 007b 0B       		.uleb128 0xb
 533 007c 49       		.uleb128 0x49
 534 007d 13       		.uleb128 0x13
 535 007e 02       		.uleb128 0x2
 536 007f 18       		.uleb128 0x18
 537 0080 00       		.byte	0
 538 0081 00       		.byte	0
ARM GAS  C:\Users\GLENNL~1\AppData\Local\Temp\ccm0YKOI.s 			page 13


 539 0082 0A       		.uleb128 0xa
 540 0083 2E       		.uleb128 0x2e
 541 0084 00       		.byte	0
 542 0085 3F       		.uleb128 0x3f
 543 0086 19       		.uleb128 0x19
 544 0087 03       		.uleb128 0x3
 545 0088 0E       		.uleb128 0xe
 546 0089 3A       		.uleb128 0x3a
 547 008a 0B       		.uleb128 0xb
 548 008b 3B       		.uleb128 0x3b
 549 008c 0B       		.uleb128 0xb
 550 008d 27       		.uleb128 0x27
 551 008e 19       		.uleb128 0x19
 552 008f 49       		.uleb128 0x49
 553 0090 13       		.uleb128 0x13
 554 0091 11       		.uleb128 0x11
 555 0092 01       		.uleb128 0x1
 556 0093 12       		.uleb128 0x12
 557 0094 06       		.uleb128 0x6
 558 0095 40       		.uleb128 0x40
 559 0096 18       		.uleb128 0x18
 560 0097 9742     		.uleb128 0x2117
 561 0099 19       		.uleb128 0x19
 562 009a 00       		.byte	0
 563 009b 00       		.byte	0
 564 009c 0B       		.uleb128 0xb
 565 009d 2E       		.uleb128 0x2e
 566 009e 01       		.byte	0x1
 567 009f 3F       		.uleb128 0x3f
 568 00a0 19       		.uleb128 0x19
 569 00a1 03       		.uleb128 0x3
 570 00a2 0E       		.uleb128 0xe
 571 00a3 3A       		.uleb128 0x3a
 572 00a4 0B       		.uleb128 0xb
 573 00a5 3B       		.uleb128 0x3b
 574 00a6 0B       		.uleb128 0xb
 575 00a7 27       		.uleb128 0x27
 576 00a8 19       		.uleb128 0x19
 577 00a9 49       		.uleb128 0x49
 578 00aa 13       		.uleb128 0x13
 579 00ab 11       		.uleb128 0x11
 580 00ac 01       		.uleb128 0x1
 581 00ad 12       		.uleb128 0x12
 582 00ae 06       		.uleb128 0x6
 583 00af 40       		.uleb128 0x40
 584 00b0 18       		.uleb128 0x18
 585 00b1 9742     		.uleb128 0x2117
 586 00b3 19       		.uleb128 0x19
 587 00b4 00       		.byte	0
 588 00b5 00       		.byte	0
 589 00b6 00       		.byte	0
 590              		.section	.debug_aranges,"",%progbits
 591 0000 3C000000 		.4byte	0x3c
 592 0004 0200     		.2byte	0x2
 593 0006 00000000 		.4byte	.Ldebug_info0
 594 000a 04       		.byte	0x4
 595 000b 00       		.byte	0
ARM GAS  C:\Users\GLENNL~1\AppData\Local\Temp\ccm0YKOI.s 			page 14


 596 000c 0000     		.2byte	0
 597 000e 0000     		.2byte	0
 598 0010 00000000 		.4byte	.LFB0
 599 0014 48000000 		.4byte	.LFE0-.LFB0
 600 0018 00000000 		.4byte	.LFB1
 601 001c 2C000000 		.4byte	.LFE1-.LFB1
 602 0020 00000000 		.4byte	.LFB2
 603 0024 1C000000 		.4byte	.LFE2-.LFB2
 604 0028 00000000 		.4byte	.LFB3
 605 002c 1C000000 		.4byte	.LFE3-.LFB3
 606 0030 00000000 		.4byte	.LFB4
 607 0034 2C000000 		.4byte	.LFE4-.LFB4
 608 0038 00000000 		.4byte	0
 609 003c 00000000 		.4byte	0
 610              		.section	.debug_ranges,"",%progbits
 611              	.Ldebug_ranges0:
 612 0000 00000000 		.4byte	.LFB0
 613 0004 48000000 		.4byte	.LFE0
 614 0008 00000000 		.4byte	.LFB1
 615 000c 2C000000 		.4byte	.LFE1
 616 0010 00000000 		.4byte	.LFB2
 617 0014 1C000000 		.4byte	.LFE2
 618 0018 00000000 		.4byte	.LFB3
 619 001c 1C000000 		.4byte	.LFE3
 620 0020 00000000 		.4byte	.LFB4
 621 0024 2C000000 		.4byte	.LFE4
 622 0028 00000000 		.4byte	0
 623 002c 00000000 		.4byte	0
 624              		.section	.debug_line,"",%progbits
 625              	.Ldebug_line0:
 626 0000 A7000000 		.section	.debug_str,"MS",%progbits,1
 626      02004400 
 626      00000201 
 626      FB0E0D00 
 626      01010101 
 627              	.LASF14:
 628 0000 72656733 		.ascii	"reg32\000"
 628      3200
 629              	.LASF16:
 630 0006 4C45445F 		.ascii	"LED_D_SetDriveMode\000"
 630      445F5365 
 630      74447269 
 630      76654D6F 
 630      646500
 631              	.LASF17:
 632 0019 76616C75 		.ascii	"value\000"
 632      6500
 633              	.LASF25:
 634 001f 2E5C4765 		.ascii	".\\Generated_Source\\PSoC4\\LED_D.c\000"
 634      6E657261 
 634      7465645F 
 634      536F7572 
 634      63655C50 
 635              	.LASF11:
 636 0040 666C6F61 		.ascii	"float\000"
 636      7400
 637              	.LASF7:
ARM GAS  C:\Users\GLENNL~1\AppData\Local\Temp\ccm0YKOI.s 			page 15


 638 0046 6C6F6E67 		.ascii	"long long unsigned int\000"
 638      206C6F6E 
 638      6720756E 
 638      7369676E 
 638      65642069 
 639              	.LASF19:
 640 005d 4C45445F 		.ascii	"LED_D_Read\000"
 640      445F5265 
 640      616400
 641              	.LASF1:
 642 0068 756E7369 		.ascii	"unsigned char\000"
 642      676E6564 
 642      20636861 
 642      7200
 643              	.LASF22:
 644 0076 64725661 		.ascii	"drVal\000"
 644      6C00
 645              	.LASF5:
 646 007c 6C6F6E67 		.ascii	"long unsigned int\000"
 646      20756E73 
 646      69676E65 
 646      6420696E 
 646      7400
 647              	.LASF3:
 648 008e 73686F72 		.ascii	"short unsigned int\000"
 648      7420756E 
 648      7369676E 
 648      65642069 
 648      6E7400
 649              	.LASF21:
 650 00a1 4C45445F 		.ascii	"LED_D_ClearInterrupt\000"
 650      445F436C 
 650      65617249 
 650      6E746572 
 650      72757074 
 651              	.LASF12:
 652 00b6 646F7562 		.ascii	"double\000"
 652      6C6500
 653              	.LASF10:
 654 00bd 75696E74 		.ascii	"uint32\000"
 654      333200
 655              	.LASF26:
 656 00c4 5A3A5C44 		.ascii	"Z:\\Documents\\Github Clones\\PSoC.Playground\\PROJ"
 656      6F63756D 
 656      656E7473 
 656      5C476974 
 656      68756220 
 657 00f3 45435453 		.ascii	"ECTS\\7SegDisp\\7SegDisp.cydsn\000"
 657      5C375365 
 657      67446973 
 657      705C3753 
 657      65674469 
 658              	.LASF8:
 659 0110 756E7369 		.ascii	"unsigned int\000"
 659      676E6564 
 659      20696E74 
 659      00
ARM GAS  C:\Users\GLENNL~1\AppData\Local\Temp\ccm0YKOI.s 			page 16


 660              	.LASF15:
 661 011d 4C45445F 		.ascii	"LED_D_Write\000"
 661      445F5772 
 661      69746500 
 662              	.LASF24:
 663 0129 474E5520 		.ascii	"GNU C 4.8.4 20140526 (release) [ARM/embedded-4_8-br"
 663      4320342E 
 663      382E3420 
 663      32303134 
 663      30353236 
 664 015c 616E6368 		.ascii	"anch revision 211358] -mcpu=cortex-m0 -mthumb -g -O"
 664      20726576 
 664      6973696F 
 664      6E203231 
 664      31333538 
 665 018f 30202D66 		.ascii	"0 -ffunction-sections\000"
 665      66756E63 
 665      74696F6E 
 665      2D736563 
 665      74696F6E 
 666              	.LASF18:
 667 01a5 6D6F6465 		.ascii	"mode\000"
 667      00
 668              	.LASF20:
 669 01aa 4C45445F 		.ascii	"LED_D_ReadDataReg\000"
 669      445F5265 
 669      61644461 
 669      74615265 
 669      6700
 670              	.LASF6:
 671 01bc 6C6F6E67 		.ascii	"long long int\000"
 671      206C6F6E 
 671      6720696E 
 671      7400
 672              	.LASF23:
 673 01ca 6D61736B 		.ascii	"maskedStatus\000"
 673      65645374 
 673      61747573 
 673      00
 674              	.LASF13:
 675 01d7 63686172 		.ascii	"char\000"
 675      00
 676              	.LASF2:
 677 01dc 73686F72 		.ascii	"short int\000"
 677      7420696E 
 677      7400
 678              	.LASF9:
 679 01e6 75696E74 		.ascii	"uint8\000"
 679      3800
 680              	.LASF4:
 681 01ec 6C6F6E67 		.ascii	"long int\000"
 681      20696E74 
 681      00
 682              	.LASF0:
 683 01f5 7369676E 		.ascii	"signed char\000"
 683      65642063 
 683      68617200 
ARM GAS  C:\Users\GLENNL~1\AppData\Local\Temp\ccm0YKOI.s 			page 17


 684              		.ident	"GCC: (GNU Tools for ARM Embedded Processors) 4.8.4 20140526 (release) [ARM/embedded-4_8-br
